  1.0889539859523054E-03 obj_fn_1
  2.1350890587744538E-03 obj_fn_2
  5.5389382758972245E-03 obj_fn_3
  4.9694313877544074E-03 obj_fn_4
  4.6461392613224669E-04 obj_fn_5
  5.7207803390579978E-04 obj_fn_6
  3.4283792233564931E-03 obj_fn_7
  6.5176022076188778E-03 obj_fn_8
  1.3147942250082974E-02 obj_fn_9
  2.8067796734152764E-04 obj_fn_10
  3.1605390850657960E-04 obj_fn_11
  2.5717233600899268E-03 obj_fn_12
  2.3519157372786954E-04 obj_fn_13
  6.6019835929628814E-05 obj_fn_14
  8.5174961571050107E-03 obj_fn_15
  1.5438503868223953E-04 obj_fn_16
  1.9848307600784740E+00 obj_fn_17
  4.8999711459433486E-02 obj_fn_18
  1.3691005065106395E-02 obj_fn_19
  1.5630669260700914E-03 obj_fn_20
  1.3427272727272721E-01 obj_fn_21
