  2.1723513135980727E-03 obj_fn_1
  3.1767947563671474E-03 obj_fn_2
  5.2713450417999329E-04 obj_fn_3
  7.0370794773616224E-03 obj_fn_4
  3.9939517462419449E-05 obj_fn_5
  5.5028079956861737E-04 obj_fn_6
  1.2198437362746094E-03 obj_fn_7
  4.9093970049027972E-03 obj_fn_8
  2.1829907110373757E-04 obj_fn_9
  8.0173731898902940E-03 obj_fn_10
  3.3944933526844599E-03 obj_fn_11
  1.0481618938483301E-03 obj_fn_12
  7.1228070175438349E-02 obj_fn_13
  6.3092294982907482E-01 obj_fn_14
  2.7231605101401532E-02 obj_fn_15
  6.8973759582188505E-04 obj_fn_16
  9.6290322580644405E-02 obj_fn_17
  6.7556642113891729E-01 obj_fn_18
  1.0616507457692230E-02 obj_fn_19
  1.3274714326102976E-03 obj_fn_20
