  1.5687411993281135E-03 obj_fn_1
  2.3767058330185250E-05 obj_fn_2
  2.8712293159813018E-03 obj_fn_3
  3.1816724894836806E-03 obj_fn_4
  1.7553371671483377E-03 obj_fn_5
  8.0254125549646788E-04 obj_fn_6
  1.8456101590970967E-03 obj_fn_7
  5.1279130038389238E-06 obj_fn_8
  6.0679864870789564E-04 obj_fn_9
  3.4785086673924236E-04 obj_fn_10
  5.5639547244758268E-04 obj_fn_11
  6.6538809335785968E-04 obj_fn_12
  8.1390250756971122E-04 obj_fn_13
  1.5684431263963620E-02 obj_fn_14
  2.5482960593559926E-02 obj_fn_15
  3.6993029865828297E-01 obj_fn_16
  1.5604785545133055E-02 obj_fn_17
  4.7343640451724220E-02 obj_fn_18
  1.5503529411764727E-01 obj_fn_19
  5.7709287656426210E-02 obj_fn_20
