JEGA Genetic Algorithm Optimization Software v2.7.0
Run started Fri Jun 14 13:59:11 2019

Global Log initialized using "verbose" as default level.
Global Log logging to file JEGAGlobal.log
Global Log logging to console window
13:59:11: quiet- JEGA Front End: Random seed = 1560585151
13:59:11: verbose- Design Target: Design variable DAKOTA_RC_1 added.  1 design variables now in target.
13:59:11: verbose- Design Target: Design variable DAKOTA_RC_2 added.  2 design variables now in target.
13:59:11: verbose- Design Target: Design variable DAKOTA_RC_3 added.  3 design variables now in target.
13:59:11: verbose- Design Target: Design variable DAKOTA_RC_4 added.  4 design variables now in target.
13:59:11: verbose- Design Target: Design variable DAKOTA_RC_5 added.  5 design variables now in target.
13:59:11: verbose- Design Target: Design variable DAKOTA_RC_6 added.  6 design variables now in target.
13:59:11: verbose- Design Target: Design variable DAKOTA_RC_7 added.  7 design variables now in target.
13:59:11: verbose- Design Target: Design variable DAKOTA_RC_8 added.  8 design variables now in target.
13:59:11: verbose- Design Target: Design variable DAKOTA_RC_9 added.  9 design variables now in target.
13:59:11: verbose- Design Target: Design variable DAKOTA_EP_1 added.  10 design variables now in target.
13:59:11: verbose- Design Target: Design variable DAKOTA_EP_2 added.  11 design variables now in target.
13:59:11: verbose- Design Target: Design variable DAKOTA_EP_3 added.  12 design variables now in target.
13:59:11: verbose- Design Target: Objective Non-Linear Minimize obj_fn_1 added.  1 objectives now in target.
13:59:11: verbose- Design Target: Objective Non-Linear Minimize obj_fn_2 added.  2 objectives now in target.
13:59:11: verbose- Design Target: Objective Non-Linear Minimize obj_fn_3 added.  3 objectives now in target.
13:59:11: verbose- JEGA Front End: Creating a MOGA
13:59:11: debug-  Matching Group: Trying "Domination Count Operator Group".
13:59:11: verbose- Domination Count Operator Group: Contains Converger "metric_tracker".
13:59:11: verbose- Domination Count Operator Group: Contains Crosser "multi_point_parameterized_binary".
13:59:11: verbose- Domination Count Operator Group: Contains FitnessAssessor "domination_count".
13:59:11: verbose- Domination Count Operator Group: Contains Initializer "unique_random".
13:59:11: verbose- Domination Count Operator Group: Contains MainLoop "duplicate_free".
13:59:11: verbose- Domination Count Operator Group: Contains Mutator "offset_normal".
13:59:11: verbose- Domination Count Operator Group: Contains Selector "below_limit".
13:59:11: verbose- Domination Count Operator Group: Contains PostProcessor "null_postprocessor".
13:59:11: verbose- Domination Count Operator Group: Contains NichePressureApplicator "null_niching".
13:59:11: debug-  Matching Group: "Domination Count Operator Group" match succeeded.
13:59:11: quiet- : Matched new set to a group that is not the current group.  Adopting the new group.
13:59:11: verbose- Domination Count Operator Group: Contains Converger "metric_tracker".
13:59:11: verbose- Domination Count Operator Group: Contains Crosser "multi_point_parameterized_binary".
13:59:11: verbose- Domination Count Operator Group: Contains FitnessAssessor "domination_count".
13:59:11: verbose- Domination Count Operator Group: Contains Initializer "unique_random".
13:59:11: verbose- Domination Count Operator Group: Contains MainLoop "duplicate_free".
13:59:11: verbose- Domination Count Operator Group: Contains Mutator "offset_normal".
13:59:11: verbose- Domination Count Operator Group: Contains Selector "below_limit".
13:59:11: verbose- Domination Count Operator Group: Contains PostProcessor "null_postprocessor".
13:59:11: verbose- Domination Count Operator Group: Contains NichePressureApplicator "null_niching".
13:59:11: verbose- NO_ID: The name of this GA is now NO_ID
13:59:11: verbose- NO_ID: The print each population flag is now set to 0
13:59:11: verbose- NO_ID: The print final data flag is now set to 1
13:59:11: verbose- NO_ID: The print discards flag is now set to 1
13:59:11: verbose- NO_ID: The name of the file to which final data will be written is now finaldata1.dat
13:59:11: verbose- NO_ID: The data directory is now set to ./
13:59:11: verbose- metric_tracker: Number of generations tracked now = 10
13:59:11: verbose- metric_tracker: Max allowable % change now = 1
13:59:11: verbose- metric_tracker: Maximum allowable generations now = 100
13:59:11: verbose- metric_tracker: Maximum allowable evaluations now = 20000
13:59:11: quiet- Error encountered while retrieving parameter named "method.max_time" of type "d" from parameter database reading: Parameter not found for tag: method.max_time
13:59:11: verbose- metric_tracker: The maximum allowable amount of time was not found in the parameter database.  Using the current value of 1.79769e+308
13:59:11: verbose- metric_tracker: Maximum allowable time now = 1.79769e+308 seconds 
13:59:11: quiet- Error encountered while retrieving parameter named "method.jega.num_cross_points" of type "St6vectorIiSaIiEE" from parameter database reading: Parameter not found for tag: method.jega.num_cross_points
13:59:11: verbose- multi_point_parameterized_binary: The number of crossover points for each variable were not found in the parameter database.  Checking for a single value.
13:59:11: verbose- multi_point_parameterized_binary: Number of crossover points now = 2
13:59:11: verbose- multi_point_parameterized_binary: Crossover rate now = 0.4
13:59:11: verbose- multi_point_parameterized_binary: Number of crossover points for variable "DAKOTA_RC_1" now = 2.
13:59:11: verbose- multi_point_parameterized_binary: Number of crossover points for variable "DAKOTA_RC_2" now = 2.
13:59:11: verbose- multi_point_parameterized_binary: Number of crossover points for variable "DAKOTA_RC_3" now = 2.
13:59:11: verbose- multi_point_parameterized_binary: Number of crossover points for variable "DAKOTA_RC_4" now = 2.
13:59:11: verbose- multi_point_parameterized_binary: Number of crossover points for variable "DAKOTA_RC_5" now = 2.
13:59:11: verbose- multi_point_parameterized_binary: Number of crossover points for variable "DAKOTA_RC_6" now = 2.
13:59:11: verbose- multi_point_parameterized_binary: Number of crossover points for variable "DAKOTA_RC_7" now = 2.
13:59:11: verbose- multi_point_parameterized_binary: Number of crossover points for variable "DAKOTA_RC_8" now = 2.
13:59:11: verbose- multi_point_parameterized_binary: Number of crossover points for variable "DAKOTA_RC_9" now = 2.
13:59:11: verbose- multi_point_parameterized_binary: Number of crossover points for variable "DAKOTA_EP_1" now = 2.
13:59:11: verbose- multi_point_parameterized_binary: Number of crossover points for variable "DAKOTA_EP_2" now = 2.
13:59:11: verbose- multi_point_parameterized_binary: Number of crossover points for variable "DAKOTA_EP_3" now = 2.
13:59:11: verbose- DAKOTA JEGA Evaluator: Maximum allowable evaluations now = 20000
13:59:11: verbose- DAKOTA JEGA Evaluator: The evaluation concurrency is now 1
13:59:11: verbose- unique_random: Desired initial population size now = 250
13:59:11: verbose- null_niching: Niched design caching now set to true.
13:59:11: quiet- Error encountered while retrieving parameter named "method.jega.max_niche_cache_size" of type "m" from parameter database reading: Parameter not found for tag: method.jega.max_niche_cache_size
13:59:11: verbose- null_niching: The max niche cache size value was not found in the parameter database.  Using the current value of 1
13:59:11: verbose- null_niching: Niched design caching max size now set to 18446744073709551615.
13:59:11: verbose- offset_normal: Offset range now = 0.05
13:59:11: verbose- offset_normal: Mutation rate now = 0.2
13:59:11: verbose- below_limit: Limiting value now = 6
13:59:11: verbose- below_limit: Shrinkage percentage now = 0.3
13:59:11: verbose- below_limit: Minimum selections now = 2
13:59:11: verbose- NO_ID: About to perform algorithm execution.
13:59:11: verbose- unique_random: 250 unique random designs created.
21:04:51: verbose- below_limit: Performed 75 total selections.
21:04:51: verbose- NO_ID: 175 of 250 population members were not selected to continue.  0 of 0 offspring were immediately rejected.
21:04:51: verbose- metric_tracker: Operating on 75 total designs and 10 "best fitness" designs.
21:04:51: verbose- metric_tracker: Pushed metric value of 0 onto the convergence stack.
21:04:51: quiet- duplicate_free: 1 generation so far.
21:04:51: quiet- duplicate_free: 250 evaluations so far.
21:04:51: verbose- duplicate_free: 75 members in population so far.
21:04:51: verbose- multi_point_parameterized_binary: 30 children created.
21:04:51: verbose- offset_normal: Performed 15 total mutations.
21:04:51: quiet- NO_ID: Invalid value of 2.06739 found for variable DAKOTA_RC_5.  Corrected to 1.62991.
21:04:51: quiet- NO_ID: Invalid value of 2.24472 found for variable DAKOTA_RC_4.  Corrected to 2.13794.
21:04:51: quiet- NO_ID: Invalid value of 1.85606 found for variable DAKOTA_RC_9.  Corrected to 2.18143.
21:04:51: quiet- NO_ID: Invalid value of 1.84232 found for variable DAKOTA_RC_9.  Corrected to 2.02003.
21:04:51: quiet- NO_ID: Invalid value of 2.48616 found for variable DAKOTA_RC_7.  Corrected to 2.39696.
21:04:51: quiet- NO_ID: Invalid value of 2.68844 found for variable DAKOTA_RC_8.  Corrected to 2.01119.
21:04:51: quiet- NO_ID: Invalid value of 1.55367 found for variable DAKOTA_RC_5.  Corrected to 1.86223.
21:04:51: quiet- NO_ID: Invalid value of 2.43038 found for variable DAKOTA_RC_2.  Corrected to 2.18106.
21:04:51: quiet- NO_ID: Invalid value of 2.03116 found for variable DAKOTA_RC_5.  Corrected to 1.92743.
21:04:51: quiet- NO_ID: Invalid value of 1.9751 found for variable DAKOTA_RC_9.  Corrected to 2.46653.
21:04:51: quiet- NO_ID: Invalid value of 2.7013 found for variable DAKOTA_RC_9.  Corrected to 2.11971.
21:04:51: quiet- NO_ID: Invalid value of 2.22339 found for variable DAKOTA_RC_4.  Corrected to 1.85462.
21:04:51: quiet- NO_ID: Invalid value of 12.3861 found for variable DAKOTA_EP_2.  Corrected to 5.8002.
21:04:51: quiet- NO_ID: Invalid value of 2.03699 found for variable DAKOTA_RC_5.  Corrected to 1.91601.
21:04:51: quiet- NO_ID: Invalid value of 1.79173 found for variable DAKOTA_RC_7.  Corrected to 2.03598.
21:04:51: quiet- NO_ID: Invalid value of 2.42394 found for variable DAKOTA_RC_2.  Corrected to 2.28595.
21:04:51: quiet- NO_ID: Invalid value of 2.71048 found for variable DAKOTA_RC_1.  Corrected to 2.26246.
22:32:17: verbose- below_limit: Performed 35 total selections.
22:32:17: verbose- NO_ID: 51 of 75 population members were not selected to continue.  34 of 45 offspring were immediately rejected.
22:32:17: verbose- metric_tracker: Operating on 35 total designs and 12 "best fitness" designs.
22:32:17: verbose- metric_tracker: Max "best fitness" expanse change of 18.699% found for objective "Non-Linear Minimize obj_fn_3".
22:32:17: verbose- metric_tracker: Population density increased by 58.554%.
22:32:17: verbose- metric_tracker: 30% of the previous "best fitness" population is dominated by designs in the current "best fitness" population.
22:32:17: verbose- metric_tracker: Pushed metric value of 1.07253 onto the convergence stack.
22:32:17: quiet- duplicate_free: 2 generations so far.
22:32:17: quiet- duplicate_free: 295 evaluations so far.
22:32:17: verbose- duplicate_free: 35 members in population so far.
22:32:17: verbose- multi_point_parameterized_binary: 14 children created.
22:32:17: quiet- offset_normal: Produced invalid  variable representation 2.22452. Mutation performed without corrective action.
22:32:17: verbose- offset_normal: Performed 7 total mutations.
22:32:17: quiet- NO_ID: Invalid value of 2.22452 found for variable DAKOTA_RC_6.  Corrected to 2.15416.
22:32:17: quiet- NO_ID: Invalid value of 1.5861 found for variable DAKOTA_RC_5.  Corrected to 1.99394.
22:32:17: quiet- NO_ID: Invalid value of 1.93798 found for variable DAKOTA_RC_9.  Corrected to 2.05218.
22:32:17: quiet- NO_ID: Invalid value of 2.6793 found for variable DAKOTA_RC_9.  Corrected to 2.13404.
22:32:17: quiet- NO_ID: Invalid value of 1.73895 found for variable DAKOTA_RC_7.  Corrected to 2.04183.
22:32:17: quiet- NO_ID: Invalid value of 2.00691 found for variable DAKOTA_RC_5.  Corrected to 1.66396.
22:32:17: quiet- NO_ID: Invalid value of 2.71542 found for variable DAKOTA_RC_8.  Corrected to 2.54052.
22:32:17: quiet- NO_ID: Invalid value of 2.24858 found for variable DAKOTA_RC_6.  Corrected to 1.92824.
22:32:17: quiet- NO_ID: Invalid value of 1.94028 found for variable DAKOTA_RC_9.  Corrected to 2.18012.
23:10:48: verbose- below_limit: Performed 42 total selections.
23:10:48: verbose- NO_ID: 4 of 35 population members were not selected to continue.  10 of 21 offspring were immediately rejected.
23:10:48: verbose- metric_tracker: Operating on 42 total designs and 17 "best fitness" designs.
23:10:48: verbose- metric_tracker: Max "best fitness" expanse change of 0.035% found for objective "Non-Linear Minimize obj_fn_1".
23:10:48: verbose- metric_tracker: Population density increased by 19.958%.
23:10:48: verbose- metric_tracker: No "best fitness" designs from the previous population are dominated by "best fitness" designs in the current population.
23:10:48: verbose- metric_tracker: Pushed metric value of 0.199932 onto the convergence stack.
23:10:48: quiet- duplicate_free: 3 generations so far.
23:10:48: quiet- duplicate_free: 316 evaluations so far.
23:10:48: verbose- duplicate_free: 42 members in population so far.
23:10:48: verbose- multi_point_parameterized_binary: 16 children created.
23:10:48: verbose- offset_normal: Performed 8 total mutations.
23:10:48: quiet- NO_ID: Invalid value of 1.78575 found for variable DAKOTA_RC_6.  Corrected to 1.94867.
23:10:48: quiet- NO_ID: Invalid value of 2.42335 found for variable DAKOTA_RC_2.  Corrected to 2.28475.
23:10:48: quiet- NO_ID: Invalid value of 2.35843 found for variable DAKOTA_RC_6.  Corrected to 2.00729.
23:10:48: quiet- NO_ID: Invalid value of 14.0946 found for variable DAKOTA_EP_1.  Corrected to 4.63761.
23:10:48: quiet- NO_ID: Invalid value of 2.22923 found for variable DAKOTA_RC_6.  Corrected to 1.86662.
23:10:48: quiet- NO_ID: Invalid value of 2.31492 found for variable DAKOTA_RC_4.  Corrected to 2.19297.
00:00:28: verbose- below_limit: Performed 45 total selections.
00:00:28: verbose- NO_ID: 13 of 42 population members were not selected to continue.  8 of 24 offspring were immediately rejected.
00:00:28: verbose- metric_tracker: Operating on 45 total designs and 24 "best fitness" designs.
00:00:28: verbose- metric_tracker: Max "best fitness" expanse change of -1.611% found for objective "Non-Linear Minimize obj_fn_3".
00:00:28: verbose- metric_tracker: Population density increased by 124.234%.
00:00:28: verbose- metric_tracker: 5.882% of the previous "best fitness" population is dominated by designs in the current "best fitness" population.
00:00:28: verbose- metric_tracker: Pushed metric value of 1.31728 onto the convergence stack.
00:00:28: quiet- duplicate_free: 4 generations so far.
00:00:28: quiet- duplicate_free: 340 evaluations so far.
00:00:28: verbose- duplicate_free: 45 members in population so far.
00:00:28: verbose- multi_point_parameterized_binary: 18 children created.
00:00:28: quiet- offset_normal: Produced invalid  variable representation 2.40071. Mutation performed without corrective action.
00:00:28: verbose- offset_normal: Performed 9 total mutations.
00:00:28: quiet- NO_ID: Invalid value of 2.40071 found for variable DAKOTA_RC_2.  Corrected to 2.1749.
00:00:28: quiet- NO_ID: Invalid value of 12.4559 found for variable DAKOTA_EP_1.  Corrected to 10.3297.
00:00:28: quiet- NO_ID: Invalid value of 1.74993 found for variable DAKOTA_RC_4.  Corrected to 2.15144.
01:02:41: verbose- below_limit: Performed 59 total selections.
01:02:41: verbose- NO_ID: 7 of 45 population members were not selected to continue.  6 of 27 offspring were immediately rejected.
01:02:41: verbose- metric_tracker: Operating on 59 total designs and 35 "best fitness" designs.
01:02:41: verbose- metric_tracker: Max "best fitness" expanse change of 22.443% found for objective "Non-Linear Minimize obj_fn_1".
01:02:41: verbose- metric_tracker: Population density increased by 1488.84%.
01:02:41: verbose- metric_tracker: No "best fitness" designs from the previous population are dominated by "best fitness" designs in the current population.
01:02:41: verbose- metric_tracker: Pushed metric value of 15.1128 onto the convergence stack.
01:02:41: quiet- duplicate_free: 5 generations so far.
01:02:41: quiet- duplicate_free: 367 evaluations so far.
01:02:41: verbose- duplicate_free: 59 members in population so far.
01:02:41: verbose- multi_point_parameterized_binary: 24 children created.
01:02:41: quiet- offset_normal: Produced invalid  variable representation 2.44063. Mutation performed without corrective action.
01:02:41: quiet- offset_normal: Produced invalid  variable representation -0.00211743. Mutation performed without corrective action.
01:02:41: verbose- offset_normal: Performed 12 total mutations.
01:02:41: quiet- NO_ID: Invalid value of 2.17064 found for variable DAKOTA_RC_1.  Corrected to 2.33908.
01:02:41: quiet- NO_ID: Invalid value of 2.65833 found for variable DAKOTA_RC_9.  Corrected to 2.00267.
01:02:41: quiet- NO_ID: Invalid value of 2.44063 found for variable DAKOTA_RC_7.  Corrected to 2.33009.
01:02:41: quiet- NO_ID: Invalid value of 1.72662 found for variable DAKOTA_RC_4.  Corrected to 2.19865.
01:02:41: quiet- NO_ID: Invalid value of 1.59052 found for variable DAKOTA_RC_5.  Corrected to 1.77856.
01:02:41: quiet- NO_ID: Invalid value of 1.97165 found for variable DAKOTA_RC_9.  Corrected to 2.13384.
01:02:41: quiet- NO_ID: Invalid value of 13.9713 found for variable DAKOTA_EP_3.  Corrected to 9.09491.
01:02:41: quiet- NO_ID: Invalid value of 2.27325 found for variable DAKOTA_RC_4.  Corrected to 1.95038.
01:02:41: quiet- NO_ID: Invalid value of -0.00211743 found for variable DAKOTA_EP_3.  Corrected to 9.18577.
01:02:41: quiet- NO_ID: Invalid value of 1.76156 found for variable DAKOTA_RC_9.  Corrected to 2.31198.
01:02:41: quiet- NO_ID: Invalid value of 2.4215 found for variable DAKOTA_RC_2.  Corrected to 2.16621.
01:02:41: quiet- NO_ID: Invalid value of 2.26089 found for variable DAKOTA_RC_6.  Corrected to 2.18512.
01:02:41: quiet- NO_ID: Invalid value of 1.69862 found for variable DAKOTA_RC_9.  Corrected to 2.09576.
01:02:41: quiet- NO_ID: Invalid value of 2.6076 found for variable DAKOTA_RC_8.  Corrected to 2.52637.
02:15:31: verbose- below_limit: Performed 73 total selections.
02:15:31: verbose- NO_ID: 7 of 59 population members were not selected to continue.  15 of 36 offspring were immediately rejected.
02:15:31: verbose- metric_tracker: Operating on 73 total designs and 45 "best fitness" designs.
02:15:31: verbose- metric_tracker: Max "best fitness" expanse change of 3.17% found for objective "Non-Linear Minimize obj_fn_2".
02:15:31: verbose- metric_tracker: Population density increased by 19.954%.
02:15:31: verbose- metric_tracker: 14.286% of the previous "best fitness" population is dominated by designs in the current "best fitness" population.
02:15:31: verbose- metric_tracker: Pushed metric value of 0.374097 onto the convergence stack.
02:15:31: quiet- duplicate_free: 6 generations so far.
02:15:31: quiet- duplicate_free: 403 evaluations so far.
02:15:31: verbose- duplicate_free: 73 members in population so far.
02:15:31: verbose- multi_point_parameterized_binary: 30 children created.
02:15:31: verbose- offset_normal: Performed 15 total mutations.
02:15:31: quiet- NO_ID: Invalid value of 2.31534 found for variable DAKOTA_RC_4.  Corrected to 1.81182.
02:15:31: quiet- NO_ID: Invalid value of 1.79214 found for variable DAKOTA_RC_4.  Corrected to 2.0494.
02:15:31: quiet- NO_ID: Invalid value of 2.34098 found for variable DAKOTA_RC_6.  Corrected to 1.87884.
02:15:31: quiet- NO_ID: Invalid value of 2.32411 found for variable DAKOTA_RC_4.  Corrected to 1.93383.
02:15:31: quiet- NO_ID: Invalid value of 1.87766 found for variable DAKOTA_RC_8.  Corrected to 2.42657.
02:15:31: quiet- NO_ID: Invalid value of 2.21253 found for variable DAKOTA_RC_4.  Corrected to 2.19226.
02:15:31: quiet- NO_ID: Invalid value of 2.25522 found for variable DAKOTA_RC_6.  Corrected to 2.14799.
02:15:31: quiet- NO_ID: Invalid value of 2.62545 found for variable DAKOTA_RC_8.  Corrected to 2.12112.
02:15:31: quiet- NO_ID: Invalid value of 1.59806 found for variable DAKOTA_RC_5.  Corrected to 1.63332.
02:15:31: quiet- NO_ID: Invalid value of 2.43454 found for variable DAKOTA_RC_2.  Corrected to 2.07184.
02:15:31: quiet- NO_ID: Invalid value of 2.25871 found for variable DAKOTA_RC_6.  Corrected to 2.05018.
02:15:31: quiet- NO_ID: Invalid value of 2.2508 found for variable DAKOTA_RC_6.  Corrected to 2.07673.
02:15:31: quiet- NO_ID: Invalid value of 2.74564 found for variable DAKOTA_RC_1.  Corrected to 2.67201.
02:15:31: quiet- NO_ID: Invalid value of 2.01101 found for variable DAKOTA_RC_5.  Corrected to 1.62998.
02:15:31: quiet- NO_ID: Invalid value of 1.64282 found for variable DAKOTA_RC_6.  Corrected to 1.92473.
02:15:31: verbose- duplicate_free: flushed 1 duplicate offspring designs after application of the variational operators.
03:58:57: verbose- below_limit: Performed 94 total selections.
03:58:57: verbose- NO_ID: 4 of 73 population members were not selected to continue.  19 of 44 offspring were immediately rejected.
03:58:57: verbose- metric_tracker: Operating on 94 total designs and 47 "best fitness" designs.
03:58:57: verbose- metric_tracker: Max "best fitness" expanse change of 0.227% found for objective "Non-Linear Minimize obj_fn_1".
03:58:57: verbose- metric_tracker: Population density increased by 27.362%.
03:58:57: verbose- metric_tracker: 31.111% of the previous "best fitness" population is dominated by designs in the current "best fitness" population.
03:58:57: verbose- metric_tracker: Pushed metric value of 0.587007 onto the convergence stack.
03:58:57: quiet- duplicate_free: 7 generations so far.
03:58:57: quiet- duplicate_free: 447 evaluations so far.
03:58:57: verbose- duplicate_free: 94 members in population so far.
03:58:57: verbose- multi_point_parameterized_binary: 38 children created.
03:58:57: quiet- offset_normal: Produced invalid  variable representation 2.4072. Mutation performed without corrective action.
03:58:57: verbose- offset_normal: Performed 19 total mutations.
03:58:57: quiet- NO_ID: Invalid value of 2.19336 found for variable DAKOTA_RC_1.  Corrected to 2.46362.
03:58:57: quiet- NO_ID: Invalid value of 1.92847 found for variable DAKOTA_RC_8.  Corrected to 2.33864.
03:58:57: quiet- NO_ID: Invalid value of 2.36492 found for variable DAKOTA_RC_3.  Corrected to 2.13384.
03:58:57: quiet- NO_ID: Invalid value of 2.4656 found for variable DAKOTA_RC_3.  Corrected to 2.2289.
03:58:57: quiet- NO_ID: Invalid value of 1.70009 found for variable DAKOTA_RC_4.  Corrected to 1.98094.
03:58:57: quiet- NO_ID: Invalid value of 1.75744 found for variable DAKOTA_RC_4.  Corrected to 2.03724.
03:58:57: quiet- NO_ID: Invalid value of 1.92899 found for variable DAKOTA_RC_8.  Corrected to 2.15867.
03:58:57: quiet- NO_ID: Invalid value of 1.67478 found for variable DAKOTA_RC_8.  Corrected to 2.03231.
03:58:57: quiet- NO_ID: Invalid value of 1.87766 found for variable DAKOTA_RC_8.  Corrected to 2.25375.
03:58:57: quiet- NO_ID: Invalid value of 1.46622 found for variable DAKOTA_RC_3.  Corrected to 1.91817.
03:58:57: quiet- NO_ID: Invalid value of 1.49281 found for variable DAKOTA_RC_3.  Corrected to 1.73219.
03:58:57: quiet- NO_ID: Invalid value of 2.20731 found for variable DAKOTA_RC_4.  Corrected to 2.14492.
03:58:57: quiet- NO_ID: Invalid value of 2.60279 found for variable DAKOTA_RC_8.  Corrected to 2.06318.
03:58:57: quiet- NO_ID: Invalid value of 1.67971 found for variable DAKOTA_RC_3.  Corrected to 1.96738.
03:58:57: quiet- NO_ID: Invalid value of 2.3307 found for variable DAKOTA_RC_4.  Corrected to 1.93427.
03:58:57: quiet- NO_ID: Invalid value of 1.57835 found for variable DAKOTA_RC_5.  Corrected to 1.97218.
03:58:57: quiet- NO_ID: Invalid value of 2.6555 found for variable DAKOTA_RC_8.  Corrected to 2.58822.
03:58:57: quiet- NO_ID: Invalid value of 16.6374 found for variable DAKOTA_EP_1.  Corrected to 9.18802.
03:58:57: quiet- NO_ID: Invalid value of 2.4072 found for variable DAKOTA_RC_7.  Corrected to 2.12782.
03:58:57: quiet- NO_ID: Invalid value of 2.60233 found for variable DAKOTA_RC_8.  Corrected to 2.12143.
03:58:57: quiet- NO_ID: Invalid value of 15.1642 found for variable DAKOTA_EP_2.  Corrected to 11.2214.
03:58:57: quiet- NO_ID: Invalid value of 2.36888 found for variable DAKOTA_RC_3.  Corrected to 1.83963.
03:58:57: quiet- NO_ID: Invalid value of 1.73504 found for variable DAKOTA_RC_6.  Corrected to 2.09837.
03:58:57: quiet- NO_ID: Invalid value of 16.3768 found for variable DAKOTA_EP_2.  Corrected to 10.9425.
06:01:15: verbose- below_limit: Performed 128 total selections.
06:01:15: verbose- NO_ID: 8 of 94 population members were not selected to continue.  15 of 57 offspring were immediately rejected.
06:01:15: verbose- metric_tracker: Operating on 128 total designs and 67 "best fitness" designs.
06:01:15: verbose- metric_tracker: Max "best fitness" expanse change of -2.742% found for objective "Non-Linear Minimize obj_fn_2".
06:01:15: verbose- metric_tracker: Population density increased by 69.701%.
06:01:15: verbose- metric_tracker: 17.021% of the previous "best fitness" population is dominated by designs in the current "best fitness" population.
06:01:15: verbose- metric_tracker: Pushed metric value of 0.894641 onto the convergence stack.
06:01:15: quiet- duplicate_free: 8 generations so far.
06:01:15: quiet- duplicate_free: 504 evaluations so far.
06:01:15: verbose- duplicate_free: 128 members in population so far.
06:01:15: verbose- multi_point_parameterized_binary: 52 children created.
06:01:15: quiet- offset_normal: Produced invalid  variable representation -0.278849. Mutation performed without corrective action.
06:01:15: verbose- offset_normal: Performed 26 total mutations.
06:01:15: quiet- NO_ID: Invalid value of 2.1913 found for variable DAKOTA_RC_1.  Corrected to 2.68185.
06:01:15: quiet- NO_ID: Invalid value of 1.44742 found for variable DAKOTA_RC_3.  Corrected to 1.75164.
06:01:15: quiet- NO_ID: Invalid value of 1.67594 found for variable DAKOTA_RC_9.  Corrected to 2.0821.
06:01:15: quiet- NO_ID: Invalid value of 2.38405 found for variable DAKOTA_RC_3.  Corrected to 1.90079.
06:01:15: quiet- NO_ID: Invalid value of 2.33673 found for variable DAKOTA_RC_4.  Corrected to 2.12789.
06:01:15: quiet- NO_ID: Invalid value of 13.8214 found for variable DAKOTA_EP_1.  Corrected to 7.97979.
06:01:15: quiet- NO_ID: Invalid value of 2.42128 found for variable DAKOTA_RC_2.  Corrected to 2.16932.
06:01:15: quiet- NO_ID: Invalid value of 2.20014 found for variable DAKOTA_RC_4.  Corrected to 1.84232.
06:01:15: quiet- NO_ID: Invalid value of 2.38617 found for variable DAKOTA_RC_6.  Corrected to 2.15481.
06:01:15: quiet- NO_ID: Invalid value of -0.278849 found for variable DAKOTA_EP_3.  Corrected to 7.17433.
06:01:15: quiet- NO_ID: Invalid value of 2.43452 found for variable DAKOTA_RC_2.  Corrected to 2.11731.
06:01:15: quiet- NO_ID: Invalid value of 1.72795 found for variable DAKOTA_RC_6.  Corrected to 1.87213.
06:01:15: quiet- NO_ID: Invalid value of 2.74405 found for variable DAKOTA_RC_1.  Corrected to 2.39423.
06:01:15: quiet- NO_ID: Invalid value of 13.5143 found for variable DAKOTA_EP_1.  Corrected to 10.8466.
08:56:49: verbose- below_limit: Performed 165 total selections.
08:56:49: verbose- NO_ID: 7 of 128 population members were not selected to continue.  34 of 78 offspring were immediately rejected.
08:56:49: verbose- metric_tracker: Operating on 165 total designs and 79 "best fitness" designs.
08:56:49: verbose- metric_tracker: Max "best fitness" expanse change of -7.488% found for objective "Non-Linear Minimize obj_fn_1".
08:56:49: verbose- metric_tracker: Population density increased by 11.007%.
08:56:49: verbose- metric_tracker: 11.94% of the previous "best fitness" population is dominated by designs in the current "best fitness" population.
08:56:49: verbose- metric_tracker: Pushed metric value of 0.304353 onto the convergence stack.
08:56:49: quiet- duplicate_free: 9 generations so far.
08:56:49: quiet- duplicate_free: 582 evaluations so far.
08:56:49: verbose- duplicate_free: 165 members in population so far.
08:56:49: verbose- multi_point_parameterized_binary: 66 children created.
08:56:49: quiet- offset_normal: Produced invalid  variable representation 2.61324. Mutation performed without corrective action.
08:56:49: verbose- offset_normal: Performed 33 total mutations.
08:56:49: quiet- NO_ID: Invalid value of 2.15138 found for variable DAKOTA_RC_1.  Corrected to 2.37639.
08:56:49: quiet- NO_ID: Invalid value of 1.93175 found for variable DAKOTA_RC_8.  Corrected to 2.54501.
08:56:49: quiet- NO_ID: Invalid value of 1.9761 found for variable DAKOTA_RC_8.  Corrected to 2.01629.
08:56:49: quiet- NO_ID: Invalid value of 1.97086 found for variable DAKOTA_RC_9.  Corrected to 2.14129.
08:56:49: quiet- NO_ID: Invalid value of 2.25089 found for variable DAKOTA_RC_4.  Corrected to 2.18085.
08:56:49: quiet- NO_ID: Invalid value of 12.1584 found for variable DAKOTA_EP_1.  Corrected to 11.6531.
08:56:49: quiet- NO_ID: Invalid value of 1.74896 found for variable DAKOTA_RC_4.  Corrected to 1.92269.
08:56:49: quiet- NO_ID: Invalid value of 1.47299 found for variable DAKOTA_RC_7.  Corrected to 1.9094.
08:56:49: quiet- NO_ID: Invalid value of 2.61324 found for variable DAKOTA_RC_8.  Corrected to 2.45115.
08:56:49: quiet- NO_ID: Invalid value of 2.43562 found for variable DAKOTA_RC_2.  Corrected to 2.03388.
08:56:49: quiet- NO_ID: Invalid value of 1.46572 found for variable DAKOTA_RC_3.  Corrected to 2.15123.
08:56:49: quiet- NO_ID: Invalid value of 2.60233 found for variable DAKOTA_RC_8.  Corrected to 2.35609.
08:56:49: quiet- NO_ID: Invalid value of 12.4646 found for variable DAKOTA_EP_1.  Corrected to 10.9448.
08:56:49: quiet- NO_ID: Invalid value of 2.71819 found for variable DAKOTA_RC_8.  Corrected to 2.59134.
08:56:49: quiet- NO_ID: Invalid value of 2.46434 found for variable DAKOTA_RC_3.  Corrected to 1.74246.
08:56:49: quiet- NO_ID: Invalid value of 15.4339 found for variable DAKOTA_EP_2.  Corrected to 1.18539.
08:56:49: quiet- NO_ID: Invalid value of 1.97794 found for variable DAKOTA_RC_2.  Corrected to 2.02737.
08:56:49: quiet- NO_ID: Invalid value of 1.54849 found for variable DAKOTA_RC_3.  Corrected to 2.1185.
08:56:49: verbose- duplicate_free: flushed 1 duplicate offspring designs after application of the variational operators.
12:32:07: verbose- below_limit: Performed 197 total selections.
12:32:07: verbose- NO_ID: 16 of 165 population members were not selected to continue.  50 of 98 offspring were immediately rejected.
12:32:07: verbose- metric_tracker: Operating on 197 total designs and 94 "best fitness" designs.
12:32:07: verbose- metric_tracker: Max "best fitness" expanse change of 3.262% found for objective "Non-Linear Minimize obj_fn_3".
12:32:07: verbose- metric_tracker: Population density increased by 16.647%.
12:32:07: verbose- metric_tracker: 7.595% of the previous "best fitness" population is dominated by designs in the current "best fitness" population.
12:32:07: verbose- metric_tracker: Pushed metric value of 0.275038 onto the convergence stack.
12:32:07: verbose- metric_tracker: Current max percentage progress is 1511.28%.
12:32:07: quiet- duplicate_free: 10 generations so far.
12:32:07: quiet- duplicate_free: 680 evaluations so far.
12:32:07: verbose- duplicate_free: 197 members in population so far.
12:32:07: verbose- multi_point_parameterized_binary: 78 children created.
12:32:07: quiet- offset_normal: Produced invalid  variable representation 1.79038. Mutation performed without corrective action.
12:32:07: verbose- offset_normal: Performed 39 total mutations.
12:32:07: quiet- NO_ID: Invalid value of 1.97975 found for variable DAKOTA_RC_2.  Corrected to 2.34457.
12:32:07: quiet- NO_ID: Invalid value of 2.2324 found for variable DAKOTA_RC_4.  Corrected to 1.9889.
12:32:07: quiet- NO_ID: Invalid value of 1.55894 found for variable DAKOTA_RC_3.  Corrected to 1.90296.
12:32:07: quiet- NO_ID: Invalid value of 2.36781 found for variable DAKOTA_RC_3.  Corrected to 2.18895.
12:32:07: quiet- NO_ID: Invalid value of 2.33878 found for variable DAKOTA_RC_4.  Corrected to 2.11606.
12:32:07: quiet- NO_ID: Invalid value of 2.25916 found for variable DAKOTA_RC_6.  Corrected to 2.12967.
12:32:07: quiet- NO_ID: Invalid value of 2.2004 found for variable DAKOTA_RC_4.  Corrected to 1.85221.
12:32:07: quiet- NO_ID: Invalid value of 2.20168 found for variable DAKOTA_RC_4.  Corrected to 2.02196.
12:32:07: quiet- NO_ID: Invalid value of 2.3307 found for variable DAKOTA_RC_4.  Corrected to 1.92377.
12:32:07: quiet- NO_ID: Invalid value of 1.79038 found for variable DAKOTA_RC_6.  Corrected to 2.08987.
12:32:07: quiet- NO_ID: Invalid value of 1.77251 found for variable DAKOTA_RC_6.  Corrected to 2.14194.
12:32:07: quiet- NO_ID: Invalid value of 1.72474 found for variable DAKOTA_RC_6.  Corrected to 1.90115.
12:32:07: quiet- NO_ID: Invalid value of 1.7587 found for variable DAKOTA_RC_6.  Corrected to 1.85511.
12:32:07: quiet- NO_ID: Invalid value of 15.3884 found for variable DAKOTA_EP_2.  Corrected to 4.03227.
12:32:07: quiet- NO_ID: Invalid value of 2.38867 found for variable DAKOTA_RC_3.  Corrected to 2.25389.
12:32:07: quiet- NO_ID: Invalid value of 12.1618 found for variable DAKOTA_EP_2.  Corrected to 9.27728.
12:32:07: quiet- NO_ID: Invalid value of 2.73185 found for variable DAKOTA_RC_1.  Corrected to 2.64347.
12:32:07: verbose- duplicate_free: flushed 1 duplicate offspring designs after application of the variational operators.
16:43:57: verbose- below_limit: Performed 257 total selections.
16:43:57: verbose- NO_ID: 8 of 197 population members were not selected to continue.  48 of 116 offspring were immediately rejected.
16:43:57: verbose- metric_tracker: Operating on 257 total designs and 110 "best fitness" designs.
16:43:57: verbose- metric_tracker: Max "best fitness" expanse change of 0.105% found for objective "Non-Linear Minimize obj_fn_3".
16:43:57: verbose- metric_tracker: Population density increased by 50.833%.
16:43:57: verbose- metric_tracker: 14.894% of the previous "best fitness" population is dominated by designs in the current "best fitness" population.
16:43:57: verbose- metric_tracker: Pushed metric value of 0.658323 onto the convergence stack.
16:43:57: verbose- metric_tracker: Current max percentage progress is 1511.28%.
16:43:57: quiet- duplicate_free: 11 generations so far.
16:43:57: quiet- duplicate_free: 796 evaluations so far.
16:43:57: verbose- duplicate_free: 257 members in population so far.
16:43:57: verbose- multi_point_parameterized_binary: 102 children created.
16:43:57: quiet- offset_normal: Produced invalid  variable representation -0.401407. Mutation performed without corrective action.
16:43:57: verbose- offset_normal: Performed 51 total mutations.
16:43:57: quiet- NO_ID: Invalid value of 2.19949 found for variable DAKOTA_RC_1.  Corrected to 2.27299.
16:43:57: quiet- NO_ID: Invalid value of 12.1329 found for variable DAKOTA_EP_2.  Corrected to 4.7561.
16:43:57: quiet- NO_ID: Invalid value of 2.20771 found for variable DAKOTA_RC_4.  Corrected to 1.86369.
16:43:57: quiet- NO_ID: Invalid value of 1.93471 found for variable DAKOTA_RC_8.  Corrected to 2.22904.
16:43:57: quiet- NO_ID: Invalid value of 1.7815 found for variable DAKOTA_RC_4.  Corrected to 1.88026.
16:43:57: quiet- NO_ID: Invalid value of 2.43313 found for variable DAKOTA_RC_3.  Corrected to 1.93468.
16:43:57: quiet- NO_ID: Invalid value of 1.7675 found for variable DAKOTA_RC_4.  Corrected to 2.13251.
16:43:57: quiet- NO_ID: Invalid value of 1.58233 found for variable DAKOTA_RC_5.  Corrected to 1.80913.
16:43:57: quiet- NO_ID: Invalid value of 1.7675 found for variable DAKOTA_RC_4.  Corrected to 1.9563.
16:43:57: quiet- NO_ID: Invalid value of 1.90832 found for variable DAKOTA_RC_8.  Corrected to 2.30777.
16:43:57: quiet- NO_ID: Invalid value of 13.9026 found for variable DAKOTA_EP_1.  Corrected to 7.66449.
16:43:57: quiet- NO_ID: Invalid value of 1.98114 found for variable DAKOTA_RC_2.  Corrected to 2.1741.
16:43:57: quiet- NO_ID: Invalid value of 13.9049 found for variable DAKOTA_EP_1.  Corrected to 1.1338.
16:43:57: quiet- NO_ID: Invalid value of 2.2251 found for variable DAKOTA_RC_4.  Corrected to 2.14741.
16:43:57: quiet- NO_ID: Invalid value of 1.94742 found for variable DAKOTA_RC_8.  Corrected to 2.34452.
16:43:57: quiet- NO_ID: Invalid value of 1.46646 found for variable DAKOTA_RC_3.  Corrected to 1.73031.
16:43:57: quiet- NO_ID: Invalid value of 2.3307 found for variable DAKOTA_RC_4.  Corrected to 2.12927.
16:43:57: quiet- NO_ID: Invalid value of 2.23537 found for variable DAKOTA_RC_4.  Corrected to 2.03999.
16:43:57: quiet- NO_ID: Invalid value of 1.88189 found for variable DAKOTA_RC_8.  Corrected to 2.44242.
16:43:57: quiet- NO_ID: Invalid value of 13.9533 found for variable DAKOTA_EP_1.  Corrected to 2.92405.
16:43:57: quiet- NO_ID: Invalid value of 2.20065 found for variable DAKOTA_RC_4.  Corrected to 2.14224.
16:43:57: quiet- NO_ID: Invalid value of 2.65585 found for variable DAKOTA_RC_8.  Corrected to 2.46451.
16:43:57: quiet- NO_ID: Invalid value of 1.42098 found for variable DAKOTA_RC_7.  Corrected to 1.89142.
16:43:57: quiet- NO_ID: Invalid value of 2.45437 found for variable DAKOTA_RC_2.  Corrected to 2.38789.
16:43:57: quiet- NO_ID: Invalid value of 13.9665 found for variable DAKOTA_EP_2.  Corrected to 9.1434.
16:43:57: quiet- NO_ID: Invalid value of 2.67798 found for variable DAKOTA_RC_8.  Corrected to 2.07654.
16:43:57: quiet- NO_ID: Invalid value of 2.05715 found for variable DAKOTA_RC_5.  Corrected to 1.78666.
16:43:57: quiet- NO_ID: Invalid value of -0.401407 found for variable DAKOTA_EP_3.  Corrected to 2.44587.
16:43:57: quiet- NO_ID: Invalid value of 13.4716 found for variable DAKOTA_EP_1.  Corrected to 3.00891.
16:43:57: quiet- NO_ID: Invalid value of 2.28875 found for variable DAKOTA_RC_6.  Corrected to 2.13993.
16:43:57: quiet- NO_ID: Invalid value of 2.71748 found for variable DAKOTA_RC_8.  Corrected to 2.52356.
16:43:57: quiet- NO_ID: Invalid value of 1.67264 found for variable DAKOTA_RC_9.  Corrected to 2.23803.
16:43:57: quiet- NO_ID: Invalid value of 2.63221 found for variable DAKOTA_RC_9.  Corrected to 2.1477.
16:43:57: quiet- NO_ID: Invalid value of 1.69312 found for variable DAKOTA_RC_9.  Corrected to 2.0191.
16:43:57: quiet- NO_ID: Invalid value of 2.70849 found for variable DAKOTA_RC_1.  Corrected to 2.58923.
16:43:57: quiet- NO_ID: Invalid value of 2.63924 found for variable DAKOTA_RC_9.  Corrected to 2.26808.
16:43:57: quiet- NO_ID: Invalid value of 2.7167 found for variable DAKOTA_RC_1.  Corrected to 2.41149.
16:43:57: quiet- NO_ID: Invalid value of 1.59873 found for variable DAKOTA_RC_5.  Corrected to 1.84389.
16:43:57: quiet- NO_ID: Invalid value of 2.73351 found for variable DAKOTA_RC_1.  Corrected to 2.68482.
16:43:57: quiet- NO_ID: Invalid value of 2.73353 found for variable DAKOTA_RC_1.  Corrected to 2.60686.
16:43:57: verbose- duplicate_free: flushed 2 duplicate offspring designs after application of the variational operators.
22:40:31: verbose- below_limit: Performed 324 total selections.
22:40:31: verbose- NO_ID: 13 of 257 population members were not selected to continue.  71 of 151 offspring were immediately rejected.
22:40:31: verbose- metric_tracker: Operating on 324 total designs and 134 "best fitness" designs.
22:40:31: verbose- metric_tracker: Max "best fitness" expanse change of 0.264% found for objective "Non-Linear Minimize obj_fn_2".
22:40:31: verbose- metric_tracker: Population density increased by 17.838%.
22:40:31: verbose- metric_tracker: 10.909% of the previous "best fitness" population is dominated by designs in the current "best fitness" population.
22:40:31: verbose- metric_tracker: Pushed metric value of 0.290109 onto the convergence stack.
22:40:31: verbose- metric_tracker: Current max percentage progress is 1511.28%.
22:40:31: quiet- duplicate_free: 12 generations so far.
22:40:31: quiet- duplicate_free: 947 evaluations so far.
22:40:31: verbose- duplicate_free: 324 members in population so far.
22:40:31: verbose- multi_point_parameterized_binary: 130 children created.
22:40:31: quiet- offset_normal: Produced invalid  variable representation 1.5656. Mutation performed without corrective action.
22:40:31: quiet- offset_normal: Produced invalid  variable representation 2.21153. Mutation performed without corrective action.
22:40:31: verbose- offset_normal: Performed 65 total mutations.
22:40:31: quiet- NO_ID: Invalid value of 2.15036 found for variable DAKOTA_RC_1.  Corrected to 2.31498.
22:40:31: quiet- NO_ID: Invalid value of 1.92816 found for variable DAKOTA_RC_8.  Corrected to 2.15451.
22:40:31: quiet- NO_ID: Invalid value of 2.19949 found for variable DAKOTA_RC_1.  Corrected to 2.46892.
22:40:31: quiet- NO_ID: Invalid value of 2.21044 found for variable DAKOTA_RC_4.  Corrected to 2.17352.
22:40:31: quiet- NO_ID: Invalid value of 1.5656 found for variable DAKOTA_RC_5.  Corrected to 1.75353.
22:40:31: quiet- NO_ID: Invalid value of 1.97163 found for variable DAKOTA_RC_9.  Corrected to 2.03436.
22:40:31: quiet- NO_ID: Invalid value of 1.75933 found for variable DAKOTA_RC_4.  Corrected to 1.89125.
22:40:31: quiet- NO_ID: Invalid value of 1.55334 found for variable DAKOTA_RC_5.  Corrected to 1.65893.
22:40:31: quiet- NO_ID: Invalid value of 1.9991 found for variable DAKOTA_RC_9.  Corrected to 2.31058.
22:40:31: quiet- NO_ID: Invalid value of 1.99985 found for variable DAKOTA_RC_8.  Corrected to 2.31188.
22:40:31: quiet- NO_ID: Invalid value of 2.37153 found for variable DAKOTA_RC_4.  Corrected to 1.9125.
22:40:31: quiet- NO_ID: Invalid value of 2.22489 found for variable DAKOTA_RC_4.  Corrected to 2.1365.
22:40:31: quiet- NO_ID: Invalid value of 1.44742 found for variable DAKOTA_RC_3.  Corrected to 1.84389.
22:40:31: quiet- NO_ID: Invalid value of 2.21153 found for variable DAKOTA_RC_4.  Corrected to 2.19394.
22:40:31: quiet- NO_ID: Invalid value of 12.4453 found for variable DAKOTA_EP_1.  Corrected to 1.85928.
22:40:31: quiet- NO_ID: Invalid value of 2.21601 found for variable DAKOTA_RC_4.  Corrected to 1.97065.
22:40:31: quiet- NO_ID: Invalid value of 2.3604 found for variable DAKOTA_RC_4.  Corrected to 2.12443.
22:40:31: quiet- NO_ID: Invalid value of 2.43412 found for variable DAKOTA_RC_2.  Corrected to 2.31576.
22:40:31: quiet- NO_ID: Invalid value of 2.01511 found for variable DAKOTA_RC_5.  Corrected to 1.78182.
22:40:31: quiet- NO_ID: Invalid value of 1.54848 found for variable DAKOTA_RC_3.  Corrected to 1.99771.
22:40:31: quiet- NO_ID: Invalid value of 1.59978 found for variable DAKOTA_RC_5.  Corrected to 1.71715.
22:40:31: quiet- NO_ID: Invalid value of 2.43588 found for variable DAKOTA_RC_2.  Corrected to 2.29902.
22:40:31: quiet- NO_ID: Invalid value of 2.06144 found for variable DAKOTA_RC_5.  Corrected to 1.65965.
22:40:31: quiet- NO_ID: Invalid value of 2.4412 found for variable DAKOTA_RC_2.  Corrected to 2.11842.
22:40:31: quiet- NO_ID: Invalid value of 2.3897 found for variable DAKOTA_RC_3.  Corrected to 2.06021.
22:40:31: quiet- NO_ID: Invalid value of 12.1315 found for variable DAKOTA_EP_2.  Corrected to 11.7725.
22:40:31: quiet- NO_ID: Invalid value of 12.197 found for variable DAKOTA_EP_2.  Corrected to 4.70102.
22:40:31: quiet- NO_ID: Invalid value of 1.93888 found for variable DAKOTA_RC_9.  Corrected to 2.39046.
22:40:31: quiet- NO_ID: Invalid value of 1.35185 found for variable DAKOTA_RC_7.  Corrected to 2.34607.
22:40:31: quiet- NO_ID: Invalid value of 14.6834 found for variable DAKOTA_EP_2.  Corrected to 9.84289.
22:40:31: quiet- NO_ID: Invalid value of 2.00077 found for variable DAKOTA_RC_5.  Corrected to 1.94629.
22:40:31: quiet- NO_ID: Invalid value of 1.54779 found for variable DAKOTA_RC_3.  Corrected to 1.78404.
22:40:31: quiet- NO_ID: Invalid value of 2.60382 found for variable DAKOTA_RC_8.  Corrected to 2.04665.
22:40:31: quiet- NO_ID: Invalid value of 1.77144 found for variable DAKOTA_RC_9.  Corrected to 2.24213.
22:40:31: quiet- NO_ID: Invalid value of 12.4608 found for variable DAKOTA_EP_1.  Corrected to 0.886434.
22:40:31: quiet- NO_ID: Invalid value of 2.6111 found for variable DAKOTA_RC_8.  Corrected to 2.27695.
22:40:31: quiet- NO_ID: Invalid value of 12.0917 found for variable DAKOTA_EP_2.  Corrected to 5.52971.
22:40:31: quiet- NO_ID: Invalid value of 2.60362 found for variable DAKOTA_RC_8.  Corrected to 2.1812.
22:40:31: quiet- NO_ID: Invalid value of 2.72489 found for variable DAKOTA_RC_1.  Corrected to 2.50445.
22:40:31: quiet- NO_ID: Invalid value of 1.70835 found for variable DAKOTA_RC_6.  Corrected to 2.19138.
22:40:31: quiet- NO_ID: Invalid value of 15.671 found for variable DAKOTA_EP_2.  Corrected to 9.86155.
22:40:31: quiet- NO_ID: Invalid value of 2.73757 found for variable DAKOTA_RC_1.  Corrected to 2.64508.
22:40:31: quiet- NO_ID: Invalid value of 2.74541 found for variable DAKOTA_RC_1.  Corrected to 2.60985.
22:40:31: verbose- duplicate_free: flushed 2 duplicate offspring designs after application of the variational operators.
05:35:02: verbose- below_limit: Performed 388 total selections.
05:35:02: verbose- NO_ID: 37 of 324 population members were not selected to continue.  92 of 193 offspring were immediately rejected.
05:35:02: verbose- metric_tracker: Operating on 388 total designs and 170 "best fitness" designs.
05:35:02: verbose- metric_tracker: Max "best fitness" expanse change of 20.609% found for objective "Non-Linear Minimize obj_fn_3".
05:35:02: verbose- metric_tracker: Population density increased by 3.361%.
05:35:02: verbose- metric_tracker: 12.687% of the previous "best fitness" population is dominated by designs in the current "best fitness" population.
05:35:02: verbose- metric_tracker: Pushed metric value of 0.366571 onto the convergence stack.
05:35:02: verbose- metric_tracker: Current max percentage progress is 1511.28%.
05:35:02: quiet- duplicate_free: 13 generations so far.
05:35:02: quiet- duplicate_free: 1140 evaluations so far.
05:35:02: verbose- duplicate_free: 388 members in population so far.
05:35:02: verbose- multi_point_parameterized_binary: 156 children created.
05:35:02: quiet- offset_normal: Produced invalid  variable representation 1.69111. Mutation performed without corrective action.
05:35:02: quiet- offset_normal: Produced invalid  variable representation 12.0407. Mutation performed without corrective action.
05:35:02: verbose- offset_normal: Performed 78 total mutations.
05:35:02: quiet- NO_ID: Invalid value of 2.16674 found for variable DAKOTA_RC_1.  Corrected to 2.25442.
05:35:02: quiet- NO_ID: Invalid value of 15.846 found for variable DAKOTA_EP_2.  Corrected to 9.39536.
05:35:02: quiet- NO_ID: Invalid value of 1.98837 found for variable DAKOTA_RC_2.  Corrected to 2.38741.
05:35:02: quiet- NO_ID: Invalid value of 1.92847 found for variable DAKOTA_RC_8.  Corrected to 2.59346.
05:35:02: quiet- NO_ID: Invalid value of 2.21853 found for variable DAKOTA_RC_4.  Corrected to 2.11983.
05:35:02: quiet- NO_ID: Invalid value of 2.36866 found for variable DAKOTA_RC_3.  Corrected to 1.91381.
05:35:02: quiet- NO_ID: Invalid value of 1.99942 found for variable DAKOTA_RC_9.  Corrected to 2.00905.
05:35:02: quiet- NO_ID: Invalid value of 1.9843 found for variable DAKOTA_RC_9.  Corrected to 2.36406.
05:35:02: quiet- NO_ID: Invalid value of 2.24969 found for variable DAKOTA_RC_4.  Corrected to 1.97344.
05:35:02: quiet- NO_ID: Invalid value of 1.69111 found for variable DAKOTA_RC_3.  Corrected to 1.98222.
05:35:02: quiet- NO_ID: Invalid value of 1.45885 found for variable DAKOTA_RC_3.  Corrected to 1.80437.
05:35:02: quiet- NO_ID: Invalid value of 1.94314 found for variable DAKOTA_RC_8.  Corrected to 2.48316.
05:35:02: quiet- NO_ID: Invalid value of 13.9899 found for variable DAKOTA_EP_3.  Corrected to 6.43017.
05:35:02: quiet- NO_ID: Invalid value of 1.49863 found for variable DAKOTA_RC_3.  Corrected to 2.06209.
05:35:02: quiet- NO_ID: Invalid value of 1.975 found for variable DAKOTA_RC_2.  Corrected to 2.02768.
05:35:02: quiet- NO_ID: Invalid value of 1.94223 found for variable DAKOTA_RC_2.  Corrected to 2.12529.
05:35:02: quiet- NO_ID: Invalid value of 2.24048 found for variable DAKOTA_RC_4.  Corrected to 2.0761.
05:35:02: quiet- NO_ID: Invalid value of 1.92845 found for variable DAKOTA_RC_8.  Corrected to 2.04279.
05:35:02: quiet- NO_ID: Invalid value of 12.4431 found for variable DAKOTA_EP_1.  Corrected to 9.84115.
05:35:02: quiet- NO_ID: Invalid value of 1.94629 found for variable DAKOTA_RC_8.  Corrected to 2.01604.
05:35:02: quiet- NO_ID: Invalid value of 12.4407 found for variable DAKOTA_EP_2.  Corrected to 3.0754.
05:35:02: quiet- NO_ID: Invalid value of 1.53855 found for variable DAKOTA_RC_3.  Corrected to 1.71923.
05:35:02: quiet- NO_ID: Invalid value of 2.258 found for variable DAKOTA_RC_4.  Corrected to 1.91838.
05:35:02: quiet- NO_ID: Invalid value of 2.20177 found for variable DAKOTA_RC_4.  Corrected to 2.08414.
05:35:02: quiet- NO_ID: Invalid value of 1.63295 found for variable DAKOTA_RC_7.  Corrected to 2.22108.
05:35:02: quiet- NO_ID: Invalid value of 2.6434 found for variable DAKOTA_RC_9.  Corrected to 2.23208.
05:35:02: quiet- NO_ID: Invalid value of 2.4267 found for variable DAKOTA_RC_3.  Corrected to 2.00098.
05:35:02: quiet- NO_ID: Invalid value of 2.65603 found for variable DAKOTA_RC_8.  Corrected to 2.26867.
05:35:02: quiet- NO_ID: Invalid value of 15.1641 found for variable DAKOTA_EP_2.  Corrected to 2.4623.
05:35:02: quiet- NO_ID: Invalid value of 1.73533 found for variable DAKOTA_RC_6.  Corrected to 2.01529.
05:35:02: quiet- NO_ID: Invalid value of 2.39257 found for variable DAKOTA_RC_3.  Corrected to 1.73334.
05:35:02: quiet- NO_ID: Invalid value of 15.4279 found for variable DAKOTA_EP_2.  Corrected to 3.76833.
05:35:02: quiet- NO_ID: Invalid value of 2.42007 found for variable DAKOTA_RC_2.  Corrected to 2.12846.
05:35:02: quiet- NO_ID: Invalid value of 16.4012 found for variable DAKOTA_EP_2.  Corrected to 0.288944.
05:35:02: quiet- NO_ID: Invalid value of 1.67688 found for variable DAKOTA_RC_6.  Corrected to 1.92125.
05:35:02: quiet- NO_ID: Invalid value of 2.60339 found for variable DAKOTA_RC_8.  Corrected to 2.07245.
05:35:02: quiet- NO_ID: Invalid value of 16.3805 found for variable DAKOTA_EP_2.  Corrected to 4.56508.
05:35:02: quiet- NO_ID: Invalid value of 12.0407 found for variable DAKOTA_EP_2.  Corrected to 3.81857.
05:35:02: quiet- NO_ID: Invalid value of 2.43458 found for variable DAKOTA_RC_2.  Corrected to 2.29101.
05:35:02: quiet- NO_ID: Invalid value of 2.60144 found for variable DAKOTA_RC_8.  Corrected to 2.48841.
05:35:02: quiet- NO_ID: Invalid value of 2.38949 found for variable DAKOTA_RC_3.  Corrected to 2.17315.
05:35:02: quiet- NO_ID: Invalid value of 2.60382 found for variable DAKOTA_RC_8.  Corrected to 2.54088.
05:35:02: quiet- NO_ID: Invalid value of 2.25142 found for variable DAKOTA_RC_6.  Corrected to 2.04772.
05:35:02: quiet- NO_ID: Invalid value of 2.39359 found for variable DAKOTA_RC_3.  Corrected to 1.89466.
05:35:02: quiet- NO_ID: Invalid value of 1.72648 found for variable DAKOTA_RC_9.  Corrected to 2.30296.
05:35:02: quiet- NO_ID: Invalid value of 2.43457 found for variable DAKOTA_RC_2.  Corrected to 2.27539.
05:35:02: quiet- NO_ID: Invalid value of 2.25078 found for variable DAKOTA_RC_4.  Corrected to 2.05506.
05:35:02: quiet- NO_ID: Invalid value of 2.45013 found for variable DAKOTA_RC_2.  Corrected to 2.07808.
05:35:02: quiet- NO_ID: Invalid value of 2.60279 found for variable DAKOTA_RC_8.  Corrected to 2.45588.
05:35:02: quiet- NO_ID: Invalid value of 1.54105 found for variable DAKOTA_RC_3.  Corrected to 1.97465.
05:35:02: quiet- NO_ID: Invalid value of 2.31325 found for variable DAKOTA_RC_4.  Corrected to 1.88877.
05:35:02: quiet- NO_ID: Invalid value of 2.24779 found for variable DAKOTA_RC_6.  Corrected to 1.80644.
05:35:02: quiet- NO_ID: Invalid value of 2.36901 found for variable DAKOTA_RC_3.  Corrected to 1.99388.
05:35:02: quiet- NO_ID: Invalid value of 1.58288 found for variable DAKOTA_RC_5.  Corrected to 1.80716.
05:35:02: quiet- NO_ID: Invalid value of 2.72365 found for variable DAKOTA_RC_1.  Corrected to 2.56323.
05:35:02: quiet- NO_ID: Invalid value of 2.05854 found for variable DAKOTA_RC_5.  Corrected to 1.67664.
05:35:02: quiet- NO_ID: Invalid value of 2.72775 found for variable DAKOTA_RC_1.  Corrected to 2.65235.
05:35:02: quiet- NO_ID: Invalid value of 2.38936 found for variable DAKOTA_RC_3.  Corrected to 1.83685.
05:35:02: quiet- NO_ID: Invalid value of 2.72794 found for variable DAKOTA_RC_1.  Corrected to 2.51969.
05:35:02: quiet- NO_ID: Invalid value of 2.72899 found for variable DAKOTA_RC_1.  Corrected to 2.25494.
12:39:36: verbose- below_limit: Performed 500 total selections.
12:39:36: verbose- NO_ID: 25 of 388 population members were not selected to continue.  97 of 234 offspring were immediately rejected.
12:39:36: verbose- metric_tracker: Operating on 500 total designs and 194 "best fitness" designs.
12:39:36: verbose- metric_tracker: Max "best fitness" expanse change of 0.101% found for objective "Non-Linear Minimize obj_fn_2".
12:39:36: verbose- metric_tracker: Population density increased by 25.304%.
12:39:36: verbose- metric_tracker: 15.882% of the previous "best fitness" population is dominated by designs in the current "best fitness" population.
12:39:36: verbose- metric_tracker: Pushed metric value of 0.412878 onto the convergence stack.
12:39:36: verbose- metric_tracker: Current max percentage progress is 1511.28%.
12:39:36: quiet- duplicate_free: 14 generations so far.
12:39:36: quiet- duplicate_free: 1374 evaluations so far.
12:39:36: verbose- duplicate_free: 500 members in population so far.
12:39:36: verbose- multi_point_parameterized_binary: 200 children created.
12:39:36: quiet- offset_normal: Produced invalid  variable representation 12.9188. Mutation performed without corrective action.
12:39:36: quiet- offset_normal: Produced invalid  variable representation 1.59861. Mutation performed without corrective action.
12:39:36: quiet- offset_normal: Produced invalid  variable representation 2.41762. Mutation performed without corrective action.
12:39:36: quiet- offset_normal: Produced invalid  variable representation 12.0926. Mutation performed without corrective action.
12:39:36: quiet- offset_normal: Produced invalid  variable representation -0.125087. Mutation performed without corrective action.
12:39:36: verbose- offset_normal: Performed 100 total mutations.
12:39:36: quiet- NO_ID: Invalid value of 2.14319 found for variable DAKOTA_RC_1.  Corrected to 2.20584.
12:39:36: quiet- NO_ID: Invalid value of 2.19336 found for variable DAKOTA_RC_1.  Corrected to 2.24615.
12:39:36: quiet- NO_ID: Invalid value of 15.1652 found for variable DAKOTA_EP_2.  Corrected to 2.83907.
12:39:36: quiet- NO_ID: Invalid value of 2.1934 found for variable DAKOTA_RC_1.  Corrected to 2.53809.
12:39:36: quiet- NO_ID: Invalid value of 12.207 found for variable DAKOTA_EP_2.  Corrected to 5.98532.
12:39:36: quiet- NO_ID: Invalid value of 12.9188 found for variable DAKOTA_EP_1.  Corrected to 9.86333.
12:39:36: quiet- NO_ID: Invalid value of 2.43452 found for variable DAKOTA_RC_2.  Corrected to 2.22683.
12:39:36: quiet- NO_ID: Invalid value of 1.54119 found for variable DAKOTA_RC_3.  Corrected to 2.09312.
12:39:36: quiet- NO_ID: Invalid value of 1.39334 found for variable DAKOTA_RC_7.  Corrected to 1.88205.
12:39:36: quiet- NO_ID: Invalid value of 2.20253 found for variable DAKOTA_RC_4.  Corrected to 2.12707.
12:39:36: quiet- NO_ID: Invalid value of 1.59861 found for variable DAKOTA_RC_5.  Corrected to 1.83386.
12:39:36: quiet- NO_ID: Invalid value of 1.70872 found for variable DAKOTA_RC_9.  Corrected to 2.2345.
12:39:36: quiet- NO_ID: Invalid value of 1.93793 found for variable DAKOTA_RC_9.  Corrected to 2.54168.
12:39:36: quiet- NO_ID: Invalid value of 1.92851 found for variable DAKOTA_RC_8.  Corrected to 2.20896.
12:39:36: quiet- NO_ID: Invalid value of 1.73124 found for variable DAKOTA_RC_9.  Corrected to 2.22258.
12:39:36: quiet- NO_ID: Invalid value of 2.25072 found for variable DAKOTA_RC_4.  Corrected to 1.92357.
12:39:36: quiet- NO_ID: Invalid value of 2.45918 found for variable DAKOTA_RC_3.  Corrected to 2.08805.
12:39:36: quiet- NO_ID: Invalid value of 1.97188 found for variable DAKOTA_RC_9.  Corrected to 2.47568.
12:39:36: quiet- NO_ID: Invalid value of 2.39003 found for variable DAKOTA_RC_4.  Corrected to 1.96068.
12:39:36: quiet- NO_ID: Invalid value of 2.27323 found for variable DAKOTA_RC_4.  Corrected to 2.09171.
12:39:36: quiet- NO_ID: Invalid value of 2.70812 found for variable DAKOTA_RC_9.  Corrected to 2.51242.
12:39:36: quiet- NO_ID: Invalid value of 1.99985 found for variable DAKOTA_RC_8.  Corrected to 2.07416.
12:39:36: quiet- NO_ID: Invalid value of 12.3965 found for variable DAKOTA_EP_1.  Corrected to 11.9862.
12:39:36: quiet- NO_ID: Invalid value of 1.50476 found for variable DAKOTA_RC_3.  Corrected to 1.91112.
12:39:36: quiet- NO_ID: Invalid value of 2.70889 found for variable DAKOTA_RC_9.  Corrected to 2.07773.
12:39:36: quiet- NO_ID: Invalid value of 2.31625 found for variable DAKOTA_RC_4.  Corrected to 2.12652.
12:39:36: quiet- NO_ID: Invalid value of 14.0808 found for variable DAKOTA_EP_1.  Corrected to 11.067.
12:39:36: quiet- NO_ID: Invalid value of 1.59824 found for variable DAKOTA_RC_5.  Corrected to 1.60668.
12:39:36: quiet- NO_ID: Invalid value of 1.54105 found for variable DAKOTA_RC_3.  Corrected to 2.24245.
12:39:36: quiet- NO_ID: Invalid value of 2.20771 found for variable DAKOTA_RC_4.  Corrected to 1.96248.
12:39:36: quiet- NO_ID: Invalid value of 1.58608 found for variable DAKOTA_RC_5.  Corrected to 1.84014.
12:39:36: quiet- NO_ID: Invalid value of 2.25642 found for variable DAKOTA_RC_4.  Corrected to 2.16631.
12:39:36: quiet- NO_ID: Invalid value of 1.44763 found for variable DAKOTA_RC_3.  Corrected to 1.9991.
12:39:36: quiet- NO_ID: Invalid value of 2.25343 found for variable DAKOTA_RC_6.  Corrected to 2.13478.
12:39:36: quiet- NO_ID: Invalid value of 1.97666 found for variable DAKOTA_RC_2.  Corrected to 2.23678.
12:39:36: quiet- NO_ID: Invalid value of 1.64659 found for variable DAKOTA_RC_3.  Corrected to 2.29836.
12:39:36: quiet- NO_ID: Invalid value of 2.03703 found for variable DAKOTA_RC_5.  Corrected to 1.86356.
12:39:36: quiet- NO_ID: Invalid value of 2.20014 found for variable DAKOTA_RC_4.  Corrected to 1.86361.
12:39:36: quiet- NO_ID: Invalid value of 1.96663 found for variable DAKOTA_RC_2.  Corrected to 2.26099.
12:39:36: quiet- NO_ID: Invalid value of 15.3211 found for variable DAKOTA_EP_1.  Corrected to 9.54783.
12:39:36: quiet- NO_ID: Invalid value of 2.41762 found for variable DAKOTA_RC_7.  Corrected to 2.38602.
12:39:36: quiet- NO_ID: Invalid value of 1.78784 found for variable DAKOTA_RC_6.  Corrected to 1.89485.
12:39:36: quiet- NO_ID: Invalid value of 2.37868 found for variable DAKOTA_RC_3.  Corrected to 1.81189.
12:39:36: quiet- NO_ID: Invalid value of 1.75917 found for variable DAKOTA_RC_6.  Corrected to 2.1518.
12:39:36: quiet- NO_ID: Invalid value of 14.189 found for variable DAKOTA_EP_2.  Corrected to 7.0247.
12:39:36: quiet- NO_ID: Invalid value of 2.60246 found for variable DAKOTA_RC_8.  Corrected to 2.33448.
12:39:36: quiet- NO_ID: Invalid value of 2.32741 found for variable DAKOTA_RC_3.  Corrected to 1.81306.
12:39:36: quiet- NO_ID: Invalid value of 12.1622 found for variable DAKOTA_EP_2.  Corrected to 2.78577.
12:39:36: quiet- NO_ID: Invalid value of 2.36764 found for variable DAKOTA_RC_3.  Corrected to 1.91015.
12:39:36: quiet- NO_ID: Invalid value of 2.37584 found for variable DAKOTA_RC_3.  Corrected to 2.05409.
12:39:36: quiet- NO_ID: Invalid value of 2.6035 found for variable DAKOTA_RC_8.  Corrected to 2.57685.
12:39:36: quiet- NO_ID: Invalid value of 16.5184 found for variable DAKOTA_EP_2.  Corrected to 2.45154.
12:39:36: quiet- NO_ID: Invalid value of 12.4243 found for variable DAKOTA_EP_2.  Corrected to 8.56482.
12:39:36: quiet- NO_ID: Invalid value of 12.0926 found for variable DAKOTA_EP_2.  Corrected to 11.5231.
12:39:36: quiet- NO_ID: Invalid value of 16.4011 found for variable DAKOTA_EP_2.  Corrected to 6.67399.
12:39:36: quiet- NO_ID: Invalid value of 2.22731 found for variable DAKOTA_RC_6.  Corrected to 2.13732.
12:39:36: quiet- NO_ID: Invalid value of 2.60382 found for variable DAKOTA_RC_8.  Corrected to 2.46594.
12:39:36: quiet- NO_ID: Invalid value of 1.72691 found for variable DAKOTA_RC_6.  Corrected to 1.99137.
12:39:36: quiet- NO_ID: Invalid value of 2.60281 found for variable DAKOTA_RC_8.  Corrected to 2.51599.
12:39:36: quiet- NO_ID: Invalid value of 2.43339 found for variable DAKOTA_RC_2.  Corrected to 2.27226.
12:39:36: quiet- NO_ID: Invalid value of 2.61182 found for variable DAKOTA_RC_8.  Corrected to 2.53077.
12:39:36: quiet- NO_ID: Invalid value of 2.68999 found for variable DAKOTA_RC_8.  Corrected to 2.27621.
12:39:36: quiet- NO_ID: Invalid value of -0.125087 found for variable DAKOTA_EP_3.  Corrected to 7.1571.
12:39:36: quiet- NO_ID: Invalid value of 2.72891 found for variable DAKOTA_RC_1.  Corrected to 2.39156.
12:39:36: quiet- NO_ID: Invalid value of 2.61911 found for variable DAKOTA_RC_8.  Corrected to 2.17838.
12:39:36: quiet- NO_ID: Invalid value of 2.72891 found for variable DAKOTA_RC_1.  Corrected to 2.29418.
12:39:36: quiet- NO_ID: Invalid value of 2.7325 found for variable DAKOTA_RC_1.  Corrected to 2.3902.
12:39:36: quiet- NO_ID: Invalid value of 2.43426 found for variable DAKOTA_RC_2.  Corrected to 2.38248.
12:39:36: quiet- NO_ID: Invalid value of 2.74405 found for variable DAKOTA_RC_1.  Corrected to 2.37369.
12:39:36: quiet- NO_ID: Invalid value of 2.75042 found for variable DAKOTA_RC_1.  Corrected to 2.21644.
22:17:29: verbose- below_limit: Performed 598 total selections.
22:17:29: verbose- NO_ID: 62 of 500 population members were not selected to continue.  140 of 300 offspring were immediately rejected.
22:17:29: verbose- metric_tracker: Operating on 598 total designs and 197 "best fitness" designs.
22:17:29: verbose- metric_tracker: Max "best fitness" expanse change of 0.454% found for objective "Non-Linear Minimize obj_fn_3".
22:17:29: verbose- metric_tracker: Population density decreased by 11.728%.
22:17:29: verbose- metric_tracker: 30.928% of the previous "best fitness" population is dominated by designs in the current "best fitness" population.
22:17:29: verbose- metric_tracker: Pushed metric value of 0.431099 onto the convergence stack.
22:17:29: verbose- metric_tracker: Current max percentage progress is 89.464%.
22:17:29: verbose- metric_tracker: Convergence attained.
22:17:29: quiet- duplicate_free: 15 generations so far.
22:17:29: quiet- duplicate_free: 1674 evaluations so far.
22:17:29: verbose- duplicate_free: 598 members in population so far.
22:17:29: verbose- NO_ID: Reclaimed 0 optimal designs from the discards.
22:17:29: quiet- NO_ID: Reclaimed 0 optimal designs that had been selected out.
22:17:29: verbose- NO_ID: Flushed 401 dominated designs from the population.
22:17:29: quiet- NO_ID: Ran 15 total generations.
22:17:29: quiet- NO_ID: Final population size = 197
22:17:29: verbose- NO_ID: Wrote designs file ".//finaldata1.dat".
22:17:29: verbose- NO_ID: Wrote designs file ".//discards.dat".
22:17:29: quiet- JEGA Front End: NO_ID execution took 22.21 seconds.
22:17:29: quiet- JEGA Front End: Execution took 22.21 seconds.
22:17:29: verbose- NO_ID: algorithm execution completed. 197 solutions found. Passing them back to DAKOTA.
22:17:29: quiet- NO_ID: find optimum completed and all results have been passed back to DAKOTA.


22:17:29: quiet- NO_ID: goodbye!


