  4.2329378273868032E-03 obj_fn_1
  1.8912640018408721E-05 obj_fn_2
  2.7389766697942636E-03 obj_fn_3
  3.1111776165414853E-02 obj_fn_4
  1.9866603642909497E-03 obj_fn_5
  2.5127281905395105E-04 obj_fn_6
  6.5231463638824936E-04 obj_fn_7
  5.1279130038389238E-06 obj_fn_8
  5.6143745734322061E-04 obj_fn_9
  1.0728827561925925E-03 obj_fn_10
  3.5823435265993682E-04 obj_fn_11
  1.1274603277141378E-04 obj_fn_12
  5.8355624953814926E-03 obj_fn_13
  2.6356856476830191E-02 obj_fn_14
  1.1415909090909129E-01 obj_fn_15
  3.3647064178558633E-01 obj_fn_16
  1.8806067052543823E-02 obj_fn_17
  2.7669600227028129E-01 obj_fn_18
  1.2414776162730365E-02 obj_fn_19
  1.9095243613379454E-03 obj_fn_20
