  7.6258871963937580E-01 obj_fn_1
  1.7744913257810081E-03 obj_fn_2
  9.6078518886184535E-04 obj_fn_3
  1.6360476601103438E-01 obj_fn_4
  6.9402162912491116E-03 obj_fn_5
  1.5087899201257136E-03 obj_fn_6
  3.0210898773721889E-02 obj_fn_7
  2.6164411286501207E-02 obj_fn_8
  1.1010012581729545E-03 obj_fn_9
  7.0795293533193471E-03 obj_fn_10
  2.4591146906030906E-04 obj_fn_11
  8.6192603273047477E-03 obj_fn_12
  1.3099965951447275E-03 obj_fn_13
  5.7272832741113566E-03 obj_fn_14
  2.7974656192614328E-03 obj_fn_15
  8.0817971726688566E-04 obj_fn_16
  2.5712800367596879E-04 obj_fn_17
  3.4685614562638540E-04 obj_fn_18
  2.6052114141862887E-02 obj_fn_19
  3.0115818754883534E+01 obj_fn_20
  3.9576923076922987E-01 obj_fn_21
  9.1650798251533924E-02 obj_fn_22
  1.3000382585606721E-01 obj_fn_23
  1.0282955737333958E-02 obj_fn_24
  3.8701768915752215E-02 obj_fn_25
