JEGA Genetic Algorithm Optimization Software v2.7.0
Run started Mon Jun 17 15:54:40 2019

Global Log initialized using "verbose" as default level.
Global Log logging to file JEGAGlobal.log
Global Log logging to console window
15:54:40: quiet- JEGA Front End: Random seed = 1560861280
15:54:40: verbose- Design Target: Design variable DAKOTA_RC_1 added.  1 design variables now in target.
15:54:40: verbose- Design Target: Design variable DAKOTA_RC_2 added.  2 design variables now in target.
15:54:40: verbose- Design Target: Design variable DAKOTA_RC_3 added.  3 design variables now in target.
15:54:40: verbose- Design Target: Design variable DAKOTA_RC_4 added.  4 design variables now in target.
15:54:40: verbose- Design Target: Design variable DAKOTA_RC_5 added.  5 design variables now in target.
15:54:40: verbose- Design Target: Design variable DAKOTA_RC_6 added.  6 design variables now in target.
15:54:40: verbose- Design Target: Design variable DAKOTA_RC_7 added.  7 design variables now in target.
15:54:40: verbose- Design Target: Design variable DAKOTA_RC_8 added.  8 design variables now in target.
15:54:40: verbose- Design Target: Design variable DAKOTA_RC_9 added.  9 design variables now in target.
15:54:40: verbose- Design Target: Design variable DAKOTA_RC_10 added.  10 design variables now in target.
15:54:40: verbose- Design Target: Design variable DAKOTA_RC_11 added.  11 design variables now in target.
15:54:40: verbose- Design Target: Design variable DAKOTA_EP_1 added.  12 design variables now in target.
15:54:40: verbose- Design Target: Design variable DAKOTA_EP_2 added.  13 design variables now in target.
15:54:40: verbose- Design Target: Design variable DAKOTA_EP_3 added.  14 design variables now in target.
15:54:40: verbose- Design Target: Objective Non-Linear Minimize obj_fn_1 added.  1 objectives now in target.
15:54:40: verbose- Design Target: Objective Non-Linear Minimize obj_fn_2 added.  2 objectives now in target.
15:54:40: verbose- Design Target: Objective Non-Linear Minimize obj_fn_3 added.  3 objectives now in target.
15:54:40: verbose- JEGA Front End: Creating a MOGA
15:54:40: debug-  Matching Group: Trying "Domination Count Operator Group".
15:54:40: verbose- Domination Count Operator Group: Contains Converger "metric_tracker".
15:54:40: verbose- Domination Count Operator Group: Contains Crosser "multi_point_parameterized_binary".
15:54:40: verbose- Domination Count Operator Group: Contains FitnessAssessor "domination_count".
15:54:40: verbose- Domination Count Operator Group: Contains Initializer "unique_random".
15:54:40: verbose- Domination Count Operator Group: Contains MainLoop "duplicate_free".
15:54:40: verbose- Domination Count Operator Group: Contains Mutator "offset_normal".
15:54:40: verbose- Domination Count Operator Group: Contains Selector "below_limit".
15:54:40: verbose- Domination Count Operator Group: Contains PostProcessor "null_postprocessor".
15:54:40: verbose- Domination Count Operator Group: Contains NichePressureApplicator "null_niching".
15:54:40: debug-  Matching Group: "Domination Count Operator Group" match succeeded.
15:54:40: quiet- : Matched new set to a group that is not the current group.  Adopting the new group.
15:54:40: verbose- Domination Count Operator Group: Contains Converger "metric_tracker".
15:54:40: verbose- Domination Count Operator Group: Contains Crosser "multi_point_parameterized_binary".
15:54:40: verbose- Domination Count Operator Group: Contains FitnessAssessor "domination_count".
15:54:40: verbose- Domination Count Operator Group: Contains Initializer "unique_random".
15:54:40: verbose- Domination Count Operator Group: Contains MainLoop "duplicate_free".
15:54:40: verbose- Domination Count Operator Group: Contains Mutator "offset_normal".
15:54:40: verbose- Domination Count Operator Group: Contains Selector "below_limit".
15:54:40: verbose- Domination Count Operator Group: Contains PostProcessor "null_postprocessor".
15:54:40: verbose- Domination Count Operator Group: Contains NichePressureApplicator "null_niching".
15:54:40: verbose- NO_ID: The name of this GA is now NO_ID
15:54:40: verbose- NO_ID: The print each population flag is now set to 0
15:54:40: verbose- NO_ID: The print final data flag is now set to 1
15:54:40: verbose- NO_ID: The print discards flag is now set to 1
15:54:40: verbose- NO_ID: The name of the file to which final data will be written is now finaldata1.dat
15:54:40: verbose- NO_ID: The data directory is now set to ./
15:54:40: verbose- metric_tracker: Number of generations tracked now = 10
15:54:40: verbose- metric_tracker: Max allowable % change now = 1
15:54:40: verbose- metric_tracker: Maximum allowable generations now = 100
15:54:40: verbose- metric_tracker: Maximum allowable evaluations now = 20000
15:54:40: quiet- Error encountered while retrieving parameter named "method.max_time" of type "d" from parameter database reading: Parameter not found for tag: method.max_time
15:54:40: verbose- metric_tracker: The maximum allowable amount of time was not found in the parameter database.  Using the current value of 1.79769e+308
15:54:40: verbose- metric_tracker: Maximum allowable time now = 1.79769e+308 seconds 
15:54:40: quiet- Error encountered while retrieving parameter named "method.jega.num_cross_points" of type "St6vectorIiSaIiEE" from parameter database reading: Parameter not found for tag: method.jega.num_cross_points
15:54:40: verbose- multi_point_parameterized_binary: The number of crossover points for each variable were not found in the parameter database.  Checking for a single value.
15:54:40: verbose- multi_point_parameterized_binary: Number of crossover points now = 2
15:54:40: verbose- multi_point_parameterized_binary: Crossover rate now = 0.4
15:54:40: verbose- multi_point_parameterized_binary: Number of crossover points for variable "DAKOTA_RC_1" now = 2.
15:54:40: verbose- multi_point_parameterized_binary: Number of crossover points for variable "DAKOTA_RC_2" now = 2.
15:54:40: verbose- multi_point_parameterized_binary: Number of crossover points for variable "DAKOTA_RC_3" now = 2.
15:54:40: verbose- multi_point_parameterized_binary: Number of crossover points for variable "DAKOTA_RC_4" now = 2.
15:54:40: verbose- multi_point_parameterized_binary: Number of crossover points for variable "DAKOTA_RC_5" now = 2.
15:54:40: verbose- multi_point_parameterized_binary: Number of crossover points for variable "DAKOTA_RC_6" now = 2.
15:54:40: verbose- multi_point_parameterized_binary: Number of crossover points for variable "DAKOTA_RC_7" now = 2.
15:54:40: verbose- multi_point_parameterized_binary: Number of crossover points for variable "DAKOTA_RC_8" now = 2.
15:54:40: verbose- multi_point_parameterized_binary: Number of crossover points for variable "DAKOTA_RC_9" now = 2.
15:54:40: verbose- multi_point_parameterized_binary: Number of crossover points for variable "DAKOTA_RC_10" now = 2.
15:54:40: verbose- multi_point_parameterized_binary: Number of crossover points for variable "DAKOTA_RC_11" now = 2.
15:54:40: verbose- multi_point_parameterized_binary: Number of crossover points for variable "DAKOTA_EP_1" now = 2.
15:54:40: verbose- multi_point_parameterized_binary: Number of crossover points for variable "DAKOTA_EP_2" now = 2.
15:54:40: verbose- multi_point_parameterized_binary: Number of crossover points for variable "DAKOTA_EP_3" now = 2.
15:54:40: verbose- DAKOTA JEGA Evaluator: Maximum allowable evaluations now = 20000
15:54:40: verbose- DAKOTA JEGA Evaluator: The evaluation concurrency is now 1
15:54:40: verbose- unique_random: Desired initial population size now = 250
15:54:40: verbose- null_niching: Niched design caching now set to true.
15:54:40: quiet- Error encountered while retrieving parameter named "method.jega.max_niche_cache_size" of type "m" from parameter database reading: Parameter not found for tag: method.jega.max_niche_cache_size
15:54:40: verbose- null_niching: The max niche cache size value was not found in the parameter database.  Using the current value of 1
15:54:40: verbose- null_niching: Niched design caching max size now set to 18446744073709551615.
15:54:40: verbose- offset_normal: Offset range now = 0.05
15:54:40: verbose- offset_normal: Mutation rate now = 0.2
15:54:40: verbose- below_limit: Limiting value now = 6
15:54:40: verbose- below_limit: Shrinkage percentage now = 0.3
15:54:40: verbose- below_limit: Minimum selections now = 2
15:54:40: verbose- NO_ID: About to perform algorithm execution.
15:54:40: verbose- unique_random: 250 unique random designs created.
17:31:34: verbose- below_limit: Performed 250 total selections.
17:31:34: verbose- NO_ID: 0 of 250 population members were not selected to continue.  0 of 0 offspring were immediately rejected.
17:31:34: verbose- metric_tracker: Operating on 250 total designs and 2 "best fitness" designs.
17:31:34: verbose- metric_tracker: Pushed metric value of 0 onto the convergence stack.
17:31:34: quiet- duplicate_free: 1 generation so far.
17:31:34: quiet- duplicate_free: 250 evaluations so far.
17:31:34: verbose- duplicate_free: 250 members in population so far.
17:31:34: verbose- multi_point_parameterized_binary: 100 children created.
17:31:34: quiet- offset_normal: Produced invalid  variable representation 2.71603. Mutation performed without corrective action.
17:31:34: verbose- offset_normal: Performed 50 total mutations.
17:31:34: quiet- NO_ID: Invalid value of 2.20893 found for variable DAKOTA_RC_1.  Corrected to 2.3418.
17:31:34: quiet- NO_ID: Invalid value of 2.60935 found for variable DAKOTA_RC_7.  Corrected to 2.32137.
17:31:34: quiet- NO_ID: Invalid value of 2.70869 found for variable DAKOTA_RC_6.  Corrected to 2.3413.
17:31:34: quiet- NO_ID: Invalid value of 2.79982 found for variable DAKOTA_RC_9.  Corrected to 2.61828.
17:31:34: quiet- NO_ID: Invalid value of 2.71603 found for variable DAKOTA_RC_8.  Corrected to 2.61962.
17:31:34: quiet- NO_ID: Invalid value of 1.5679 found for variable DAKOTA_RC_2.  Corrected to 1.81453.
17:31:34: quiet- NO_ID: Invalid value of 2.83023 found for variable DAKOTA_RC_9.  Corrected to 2.5114.
17:31:34: quiet- NO_ID: Invalid value of 2.70978 found for variable DAKOTA_RC_10.  Corrected to 2.6628.
17:31:34: quiet- NO_ID: Invalid value of 2.10865 found for variable DAKOTA_RC_5.  Corrected to 1.72148.
17:31:34: quiet- NO_ID: Invalid value of 1.17442 found for variable DAKOTA_RC_5.  Corrected to 1.74542.
17:31:34: quiet- NO_ID: Invalid value of 2.87158 found for variable DAKOTA_RC_9.  Corrected to 2.65908.
17:31:34: quiet- NO_ID: Invalid value of 2.61016 found for variable DAKOTA_RC_7.  Corrected to 2.12819.
17:31:34: quiet- NO_ID: Invalid value of 2.19257 found for variable DAKOTA_RC_6.  Corrected to 2.53423.
17:31:34: quiet- NO_ID: Invalid value of 1.41373 found for variable DAKOTA_RC_3.  Corrected to 2.06479.
17:31:34: quiet- NO_ID: Invalid value of 2.10716 found for variable DAKOTA_RC_6.  Corrected to 2.40161.
17:31:34: quiet- NO_ID: Invalid value of 12.2766 found for variable DAKOTA_EP_1.  Corrected to 10.8085.
17:31:34: quiet- NO_ID: Invalid value of 2.44081 found for variable DAKOTA_RC_2.  Corrected to 2.12082.
17:31:34: quiet- NO_ID: Invalid value of 2.4215 found for variable DAKOTA_RC_2.  Corrected to 2.1208.
17:31:34: quiet- NO_ID: Invalid value of 2.41433 found for variable DAKOTA_RC_3.  Corrected to 1.50428.
17:31:34: quiet- NO_ID: Invalid value of 1.49013 found for variable DAKOTA_RC_4.  Corrected to 1.69249.
17:31:34: quiet- NO_ID: Invalid value of 15.5808 found for variable DAKOTA_EP_3.  Corrected to 2.78288.
17:31:34: quiet- NO_ID: Invalid value of 2.34465 found for variable DAKOTA_RC_2.  Corrected to 1.89008.
17:31:34: quiet- NO_ID: Invalid value of 1.46832 found for variable DAKOTA_RC_3.  Corrected to 1.86043.
17:31:34: quiet- NO_ID: Invalid value of 2.10023 found for variable DAKOTA_RC_4.  Corrected to 1.64229.
17:31:34: quiet- NO_ID: Invalid value of 16.046 found for variable DAKOTA_EP_1.  Corrected to 10.1184.
17:31:34: quiet- NO_ID: Invalid value of 2.16901 found for variable DAKOTA_RC_4.  Corrected to 1.87146.
17:31:34: quiet- NO_ID: Invalid value of 2.0954 found for variable DAKOTA_RC_9.  Corrected to 2.15283.
17:31:34: quiet- NO_ID: Invalid value of 2.34414 found for variable DAKOTA_RC_2.  Corrected to 2.07259.
17:31:34: quiet- NO_ID: Invalid value of 1.13503 found for variable DAKOTA_RC_3.  Corrected to 2.14818.
17:31:34: quiet- NO_ID: Invalid value of 2.61293 found for variable DAKOTA_RC_7.  Corrected to 2.22314.
17:31:34: quiet- NO_ID: Invalid value of 2.09782 found for variable DAKOTA_RC_9.  Corrected to 2.29554.
17:31:34: quiet- NO_ID: Invalid value of 2.96715 found for variable DAKOTA_RC_10.  Corrected to 2.64884.
17:31:34: quiet- NO_ID: Invalid value of 1.42731 found for variable DAKOTA_RC_5.  Corrected to 1.91342.
17:31:34: quiet- NO_ID: Invalid value of 12.2435 found for variable DAKOTA_EP_3.  Corrected to 7.30193.
17:31:34: quiet- NO_ID: Invalid value of 2.16428 found for variable DAKOTA_RC_5.  Corrected to 1.96712.
17:31:34: quiet- NO_ID: Invalid value of 2.61273 found for variable DAKOTA_RC_7.  Corrected to 2.37754.
17:31:34: quiet- NO_ID: Invalid value of 2.74679 found for variable DAKOTA_RC_8.  Corrected to 2.57962.
17:31:34: quiet- NO_ID: Invalid value of 1.48915 found for variable DAKOTA_RC_5.  Corrected to 1.77852.
17:31:34: quiet- NO_ID: Invalid value of 1.48948 found for variable DAKOTA_RC_3.  Corrected to 1.89446.
17:31:34: quiet- NO_ID: Invalid value of 2.70013 found for variable DAKOTA_RC_10.  Corrected to 2.2011.
17:31:34: quiet- NO_ID: Invalid value of 1.44936 found for variable DAKOTA_RC_3.  Corrected to 2.19858.
17:31:34: quiet- NO_ID: Invalid value of 1.65556 found for variable DAKOTA_RC_2.  Corrected to 1.95493.
17:31:34: quiet- NO_ID: Invalid value of 1.36078 found for variable DAKOTA_RC_3.  Corrected to 1.67991.
17:31:34: quiet- NO_ID: Invalid value of 12.3378 found for variable DAKOTA_EP_1.  Corrected to 6.50025.
17:31:34: quiet- NO_ID: Invalid value of 2.61207 found for variable DAKOTA_RC_7.  Corrected to 2.16543.
17:31:34: quiet- NO_ID: Invalid value of 2.76582 found for variable DAKOTA_RC_1.  Corrected to 2.55124.
17:31:34: quiet- NO_ID: Invalid value of 3.074 found for variable DAKOTA_RC_11.  Corrected to 2.36544.
18:32:06: verbose- below_limit: Performed 400 total selections.
18:32:06: verbose- NO_ID: 0 of 250 population members were not selected to continue.  0 of 150 offspring were immediately rejected.
18:32:06: verbose- metric_tracker: Operating on 400 total designs and 3 "best fitness" designs.
18:32:06: verbose- metric_tracker: Max "best fitness" expanse change of 1.639% found for objective "Non-Linear Minimize obj_fn_3".
18:32:06: verbose- metric_tracker: Population density increased by 60%.
18:32:06: verbose- metric_tracker: No "best fitness" designs from the previous population are dominated by "best fitness" designs in the current population.
18:32:06: verbose- metric_tracker: Pushed metric value of 0.616389 onto the convergence stack.
18:32:06: quiet- duplicate_free: 2 generations so far.
18:32:06: quiet- duplicate_free: 400 evaluations so far.
18:32:06: verbose- duplicate_free: 400 members in population so far.
18:32:06: verbose- multi_point_parameterized_binary: 160 children created.
18:32:06: quiet- offset_normal: Produced invalid  variable representation 2.74052. Mutation performed without corrective action.
18:32:06: quiet- offset_normal: Produced invalid  variable representation -0.229194. Mutation performed without corrective action.
18:32:06: quiet- offset_normal: Produced invalid  variable representation 2.09447. Mutation performed without corrective action.
18:32:06: quiet- offset_normal: Produced invalid  variable representation 1.49569. Mutation performed without corrective action.
18:32:06: quiet- offset_normal: Produced invalid  variable representation 1.49949. Mutation performed without corrective action.
18:32:06: verbose- offset_normal: Performed 80 total mutations.
18:32:06: quiet- NO_ID: Invalid value of 2.28879 found for variable DAKOTA_RC_1.  Corrected to 2.64031.
18:32:06: quiet- NO_ID: Invalid value of 2.15848 found for variable DAKOTA_RC_4.  Corrected to 1.72795.
18:32:06: quiet- NO_ID: Invalid value of 3.10702 found for variable DAKOTA_RC_8.  Corrected to 2.24643.
18:32:06: quiet- NO_ID: Invalid value of 2.70522 found for variable DAKOTA_RC_10.  Corrected to 2.28071.
18:32:06: quiet- NO_ID: Invalid value of 2.82414 found for variable DAKOTA_RC_8.  Corrected to 2.42721.
18:32:06: quiet- NO_ID: Invalid value of 2.72289 found for variable DAKOTA_RC_10.  Corrected to 2.68859.
18:32:06: quiet- NO_ID: Invalid value of 1.63004 found for variable DAKOTA_RC_2.  Corrected to 1.91883.
18:32:06: quiet- NO_ID: Invalid value of 2.60321 found for variable DAKOTA_RC_7.  Corrected to 2.17764.
18:32:06: quiet- NO_ID: Invalid value of 1.41164 found for variable DAKOTA_RC_4.  Corrected to 1.53578.
18:32:06: quiet- NO_ID: Invalid value of 16.1592 found for variable DAKOTA_EP_2.  Corrected to 1.30285.
18:32:06: quiet- NO_ID: Invalid value of 2.09516 found for variable DAKOTA_RC_7.  Corrected to 2.23796.
18:32:06: quiet- NO_ID: Invalid value of 2.60981 found for variable DAKOTA_RC_7.  Corrected to 2.40066.
18:32:06: quiet- NO_ID: Invalid value of 2.72305 found for variable DAKOTA_RC_9.  Corrected to 2.47043.
18:32:06: quiet- NO_ID: Invalid value of 2.86707 found for variable DAKOTA_RC_8.  Corrected to 2.23108.
18:32:06: quiet- NO_ID: Invalid value of 2.41793 found for variable DAKOTA_RC_3.  Corrected to 2.25507.
18:32:06: quiet- NO_ID: Invalid value of 2.70831 found for variable DAKOTA_RC_6.  Corrected to 2.64634.
18:32:06: quiet- NO_ID: Invalid value of 1.43014 found for variable DAKOTA_RC_5.  Corrected to 1.5333.
18:32:06: quiet- NO_ID: Invalid value of 1.47932 found for variable DAKOTA_RC_3.  Corrected to 2.16685.
18:32:06: quiet- NO_ID: Invalid value of 2.74052 found for variable DAKOTA_RC_9.  Corrected to 2.30021.
18:32:06: quiet- NO_ID: Invalid value of 2.75609 found for variable DAKOTA_RC_10.  Corrected to 2.66257.
18:32:06: quiet- NO_ID: Invalid value of 2.32329 found for variable DAKOTA_RC_2.  Corrected to 1.79034.
18:32:06: quiet- NO_ID: Invalid value of 1.45487 found for variable DAKOTA_RC_5.  Corrected to 1.7665.
18:32:06: quiet- NO_ID: Invalid value of -0.229194 found for variable DAKOTA_EP_1.  Corrected to 11.8023.
18:32:06: quiet- NO_ID: Invalid value of 1.58136 found for variable DAKOTA_RC_2.  Corrected to 1.94056.
18:32:06: quiet- NO_ID: Invalid value of 2.09447 found for variable DAKOTA_RC_11.  Corrected to 2.1511.
18:32:06: quiet- NO_ID: Invalid value of 1.48083 found for variable DAKOTA_RC_3.  Corrected to 2.28472.
18:32:06: quiet- NO_ID: Invalid value of 2.80293 found for variable DAKOTA_RC_11.  Corrected to 2.3632.
18:32:06: quiet- NO_ID: Invalid value of 2.39369 found for variable DAKOTA_RC_2.  Corrected to 2.11614.
18:32:06: quiet- NO_ID: Invalid value of 1.4978 found for variable DAKOTA_RC_2.  Corrected to 1.75511.
18:32:06: quiet- NO_ID: Invalid value of 1.49281 found for variable DAKOTA_RC_3.  Corrected to 2.01808.
18:32:06: quiet- NO_ID: Invalid value of 15.5508 found for variable DAKOTA_EP_1.  Corrected to 4.96636.
18:32:06: quiet- NO_ID: Invalid value of 2.1039 found for variable DAKOTA_RC_5.  Corrected to 2.06558.
18:32:06: quiet- NO_ID: Invalid value of 2.09535 found for variable DAKOTA_RC_8.  Corrected to 2.11651.
18:32:06: quiet- NO_ID: Invalid value of 1.37437 found for variable DAKOTA_RC_3.  Corrected to 2.02633.
18:32:06: quiet- NO_ID: Invalid value of 12.751 found for variable DAKOTA_EP_1.  Corrected to 2.92568.
18:32:06: quiet- NO_ID: Invalid value of 2.71227 found for variable DAKOTA_RC_6.  Corrected to 2.48643.
18:32:06: quiet- NO_ID: Invalid value of 14.8601 found for variable DAKOTA_EP_1.  Corrected to 7.66673.
18:32:06: quiet- NO_ID: Invalid value of 2.09876 found for variable DAKOTA_RC_7.  Corrected to 2.40426.
18:32:06: quiet- NO_ID: Invalid value of 2.09934 found for variable DAKOTA_RC_9.  Corrected to 2.53688.
18:32:06: quiet- NO_ID: Invalid value of 3.03569 found for variable DAKOTA_RC_8.  Corrected to 2.51912.
18:32:06: quiet- NO_ID: Invalid value of 2.09515 found for variable DAKOTA_RC_9.  Corrected to 2.53026.
18:32:06: quiet- NO_ID: Invalid value of 2.09473 found for variable DAKOTA_RC_9.  Corrected to 2.10243.
18:32:06: quiet- NO_ID: Invalid value of 2.34409 found for variable DAKOTA_RC_2.  Corrected to 1.87991.
18:32:06: quiet- NO_ID: Invalid value of 1.48064 found for variable DAKOTA_RC_5.  Corrected to 1.70069.
18:32:06: quiet- NO_ID: Invalid value of 2.09548 found for variable DAKOTA_RC_10.  Corrected to 2.23351.
18:32:06: quiet- NO_ID: Invalid value of 1.49569 found for variable DAKOTA_RC_3.  Corrected to 1.69496.
18:32:06: quiet- NO_ID: Invalid value of 2.1022 found for variable DAKOTA_RC_5.  Corrected to 1.6363.
18:32:06: quiet- NO_ID: Invalid value of 2.71437 found for variable DAKOTA_RC_10.  Corrected to 2.26681.
18:32:06: quiet- NO_ID: Invalid value of 1.49949 found for variable DAKOTA_RC_4.  Corrected to 1.54636.
18:32:06: quiet- NO_ID: Invalid value of 15.765 found for variable DAKOTA_EP_3.  Corrected to 6.73016.
18:32:06: quiet- NO_ID: Invalid value of 12.247 found for variable DAKOTA_EP_1.  Corrected to 2.58747.
18:32:06: quiet- NO_ID: Invalid value of 1.62888 found for variable DAKOTA_RC_2.  Corrected to 1.83669.
18:32:06: quiet- NO_ID: Invalid value of 2.36185 found for variable DAKOTA_RC_2.  Corrected to 1.70301.
18:32:06: quiet- NO_ID: Invalid value of 2.10823 found for variable DAKOTA_RC_6.  Corrected to 2.29957.
18:32:06: quiet- NO_ID: Invalid value of 2.70824 found for variable DAKOTA_RC_9.  Corrected to 2.47725.
18:32:06: quiet- NO_ID: Invalid value of 13.912 found for variable DAKOTA_EP_3.  Corrected to 1.08227.
18:32:06: quiet- NO_ID: Invalid value of 2.17678 found for variable DAKOTA_RC_6.  Corrected to 2.29002.
18:32:06: quiet- NO_ID: Invalid value of 1.55236 found for variable DAKOTA_RC_2.  Corrected to 1.74045.
18:32:06: quiet- NO_ID: Invalid value of 2.38465 found for variable DAKOTA_RC_3.  Corrected to 2.127.
18:32:06: quiet- NO_ID: Invalid value of 1.45806 found for variable DAKOTA_RC_5.  Corrected to 1.66313.
18:32:06: quiet- NO_ID: Invalid value of 1.68926 found for variable DAKOTA_RC_2.  Corrected to 2.12901.
18:32:06: quiet- NO_ID: Invalid value of 1.48622 found for variable DAKOTA_RC_3.  Corrected to 1.65809.
18:32:06: quiet- NO_ID: Invalid value of 1.3975 found for variable DAKOTA_RC_5.  Corrected to 1.62871.
18:32:06: quiet- NO_ID: Invalid value of 2.10262 found for variable DAKOTA_RC_5.  Corrected to 1.94552.
18:32:06: quiet- NO_ID: Invalid value of 3.08784 found for variable DAKOTA_RC_9.  Corrected to 2.61331.
18:32:06: quiet- NO_ID: Invalid value of 1.33994 found for variable DAKOTA_RC_3.  Corrected to 1.86666.
18:32:06: quiet- NO_ID: Invalid value of 2.73605 found for variable DAKOTA_RC_6.  Corrected to 2.3577.
18:32:06: quiet- NO_ID: Invalid value of 15.4734 found for variable DAKOTA_EP_1.  Corrected to 5.93299.
18:32:06: quiet- NO_ID: Invalid value of 2.70659 found for variable DAKOTA_RC_1.  Corrected to 2.32674.
18:32:06: quiet- NO_ID: Invalid value of 2.32208 found for variable DAKOTA_RC_2.  Corrected to 1.72613.
18:32:06: quiet- NO_ID: Invalid value of 2.7201 found for variable DAKOTA_RC_1.  Corrected to 2.37718.
20:03:56: verbose- below_limit: Performed 120 total selections.
20:03:56: verbose- NO_ID: 362 of 400 population members were not selected to continue.  158 of 240 offspring were immediately rejected.
20:03:56: verbose- metric_tracker: Operating on 120 total designs and 5 "best fitness" designs.
20:03:56: verbose- metric_tracker: Max "best fitness" expanse change of 121.03% found for objective "Non-Linear Minimize obj_fn_2".
20:03:56: verbose- metric_tracker: Population density decreased by 70.003%.
20:03:56: verbose- metric_tracker: No "best fitness" designs from the previous population are dominated by "best fitness" designs in the current population.
20:03:56: verbose- metric_tracker: Pushed metric value of 1.91033 onto the convergence stack.
20:03:56: quiet- duplicate_free: 3 generations so far.
20:03:56: quiet- duplicate_free: 640 evaluations so far.
20:03:56: verbose- duplicate_free: 120 members in population so far.
20:03:56: verbose- multi_point_parameterized_binary: 48 children created.
20:03:56: quiet- offset_normal: Produced invalid  variable representation 2.05162. Mutation performed without corrective action.
20:03:56: verbose- offset_normal: Performed 24 total mutations.
20:03:56: quiet- NO_ID: Invalid value of 2.32519 found for variable DAKOTA_RC_3.  Corrected to 2.25019.
20:03:56: quiet- NO_ID: Invalid value of 2.44596 found for variable DAKOTA_RC_3.  Corrected to 1.83484.
20:03:56: quiet- NO_ID: Invalid value of 12.5735 found for variable DAKOTA_EP_3.  Corrected to 2.99075.
20:03:56: quiet- NO_ID: Invalid value of 2.0973 found for variable DAKOTA_RC_10.  Corrected to 2.67999.
20:03:56: quiet- NO_ID: Invalid value of 2.10037 found for variable DAKOTA_RC_5.  Corrected to 2.0492.
20:03:56: quiet- NO_ID: Invalid value of 2.76968 found for variable DAKOTA_RC_11.  Corrected to 2.17642.
20:03:56: quiet- NO_ID: Invalid value of 2.05162 found for variable DAKOTA_RC_9.  Corrected to 2.56626.
20:03:56: quiet- NO_ID: Invalid value of 1.43967 found for variable DAKOTA_RC_5.  Corrected to 1.85352.
20:03:56: quiet- NO_ID: Invalid value of 1.28646 found for variable DAKOTA_RC_4.  Corrected to 1.60324.
20:03:56: quiet- NO_ID: Invalid value of 2.14732 found for variable DAKOTA_RC_5.  Corrected to 1.55861.
20:03:56: quiet- NO_ID: Invalid value of 2.75213 found for variable DAKOTA_RC_6.  Corrected to 2.32228.
20:03:56: quiet- NO_ID: Invalid value of 13.4416 found for variable DAKOTA_EP_3.  Corrected to 6.00026.
20:03:56: quiet- NO_ID: Invalid value of 2.14841 found for variable DAKOTA_RC_5.  Corrected to 1.96908.
20:03:56: quiet- NO_ID: Invalid value of 1.38376 found for variable DAKOTA_RC_3.  Corrected to 1.81643.
20:03:56: quiet- NO_ID: Invalid value of 2.60163 found for variable DAKOTA_RC_7.  Corrected to 2.54851.
20:03:56: quiet- NO_ID: Invalid value of 2.75238 found for variable DAKOTA_RC_1.  Corrected to 2.33334.
20:54:07: verbose- below_limit: Performed 36 total selections.
20:54:07: verbose- NO_ID: 112 of 120 population members were not selected to continue.  44 of 72 offspring were immediately rejected.
20:54:07: verbose- metric_tracker: Operating on 36 total designs and 7 "best fitness" designs.
20:54:07: verbose- metric_tracker: Max "best fitness" expanse change of -33.307% found for objective "Non-Linear Minimize obj_fn_2".
20:54:07: verbose- metric_tracker: Population density decreased by 70%.
20:54:07: verbose- metric_tracker: 20% of the previous "best fitness" population is dominated by designs in the current "best fitness" population.
20:54:07: verbose- metric_tracker: Pushed metric value of 1.23307 onto the convergence stack.
20:54:07: quiet- duplicate_free: 4 generations so far.
20:54:07: quiet- duplicate_free: 712 evaluations so far.
20:54:07: verbose- duplicate_free: 36 members in population so far.
20:54:07: verbose- multi_point_parameterized_binary: 14 children created.
20:54:07: quiet- offset_normal: Produced invalid  variable representation 12.0837. Mutation performed without corrective action.
20:54:07: verbose- offset_normal: Performed 7 total mutations.
20:54:07: quiet- NO_ID: Invalid value of 2.8565 found for variable DAKOTA_RC_9.  Corrected to 2.59108.
20:54:07: quiet- NO_ID: Invalid value of 1.42769 found for variable DAKOTA_RC_3.  Corrected to 1.67497.
20:54:07: quiet- NO_ID: Invalid value of 12.0837 found for variable DAKOTA_EP_3.  Corrected to 5.17236.
20:54:07: quiet- NO_ID: Invalid value of 2.88933 found for variable DAKOTA_RC_1.  Corrected to 2.60982.
21:27:11: verbose- below_limit: Performed 15 total selections.
21:27:11: verbose- NO_ID: 27 of 36 population members were not selected to continue.  15 of 21 offspring were immediately rejected.
21:27:11: verbose- metric_tracker: Operating on 15 total designs and 10 "best fitness" designs.
21:27:11: verbose- metric_tracker: Max "best fitness" expanse change of 44.645% found for objective "Non-Linear Minimize obj_fn_3".
21:27:11: verbose- metric_tracker: Population density increased by 1.98973e+12%.
21:27:11: verbose- metric_tracker: No "best fitness" designs from the previous population are dominated by "best fitness" designs in the current population.
21:27:11: verbose- metric_tracker: Pushed metric value of 1.98973e+10 onto the convergence stack.
21:27:11: quiet- duplicate_free: 5 generations so far.
21:27:11: quiet- duplicate_free: 733 evaluations so far.
21:27:11: verbose- duplicate_free: 15 members in population so far.
21:27:11: verbose- multi_point_parameterized_binary: 6 children created.
21:27:11: verbose- offset_normal: Performed 3 total mutations.
21:27:11: quiet- NO_ID: Invalid value of 1.49203 found for variable DAKOTA_RC_4.  Corrected to 1.9596.
21:27:11: verbose- duplicate_free: flushed 1 duplicate offspring designs after application of the variational operators.
21:27:11: verbose- duplicate_free: flushed 1 offspring designs that duplicate existing population members.
21:50:20: verbose- below_limit: Performed 18 total selections.
21:50:20: verbose- NO_ID: 2 of 15 population members were not selected to continue.  2 of 7 offspring were immediately rejected.
21:50:20: verbose- metric_tracker: Operating on 18 total designs and 15 "best fitness" designs.
21:50:20: verbose- metric_tracker: Max "best fitness" expanse change of 113.129% found for objective "Non-Linear Minimize obj_fn_1".
21:50:20: verbose- metric_tracker: Population density increased by 256.88%.
21:50:20: verbose- metric_tracker: No "best fitness" designs from the previous population are dominated by "best fitness" designs in the current population.
21:50:20: verbose- metric_tracker: Pushed metric value of 3.70009 onto the convergence stack.
21:50:20: quiet- duplicate_free: 6 generations so far.
21:50:20: quiet- duplicate_free: 740 evaluations so far.
21:50:20: verbose- duplicate_free: 18 members in population so far.
21:50:20: verbose- multi_point_parameterized_binary: 8 children created.
21:50:20: verbose- offset_normal: Performed 4 total mutations.
21:50:20: quiet- NO_ID: Invalid value of 2.14935 found for variable DAKOTA_RC_5.  Corrected to 1.60336.
21:50:20: verbose- duplicate_free: flushed 1 offspring designs that duplicate existing population members.
22:37:20: verbose- below_limit: Performed 27 total selections.
22:37:20: verbose- NO_ID: 0 of 18 population members were not selected to continue.  2 of 11 offspring were immediately rejected.
22:37:20: verbose- metric_tracker: Operating on 27 total designs and 20 "best fitness" designs.
22:37:20: verbose- metric_tracker: No "best fitness" expansion or contraction occurred this generation.
22:37:20: verbose- metric_tracker: Population density increased by 50%.
22:37:20: verbose- metric_tracker: No "best fitness" designs from the previous population are dominated by "best fitness" designs in the current population.
22:37:20: verbose- metric_tracker: Pushed metric value of 0.5 onto the convergence stack.
22:37:20: quiet- duplicate_free: 7 generations so far.
22:37:20: quiet- duplicate_free: 751 evaluations so far.
22:37:20: verbose- duplicate_free: 27 members in population so far.
22:37:20: verbose- multi_point_parameterized_binary: 10 children created.
22:37:20: verbose- offset_normal: Performed 5 total mutations.
23:43:24: verbose- below_limit: Performed 36 total selections.
23:43:24: verbose- NO_ID: 2 of 27 population members were not selected to continue.  4 of 15 offspring were immediately rejected.
23:43:24: verbose- metric_tracker: Operating on 36 total designs and 28 "best fitness" designs.
23:43:24: verbose- metric_tracker: No "best fitness" expansion or contraction occurred this generation.
23:43:24: verbose- metric_tracker: Population density increased by 33.333%.
23:43:24: verbose- metric_tracker: No "best fitness" designs from the previous population are dominated by "best fitness" designs in the current population.
23:43:24: verbose- metric_tracker: Pushed metric value of 0.333333 onto the convergence stack.
23:43:24: quiet- duplicate_free: 8 generations so far.
23:43:24: quiet- duplicate_free: 766 evaluations so far.
23:43:24: verbose- duplicate_free: 36 members in population so far.
23:43:24: verbose- multi_point_parameterized_binary: 14 children created.
23:43:24: verbose- offset_normal: Performed 7 total mutations.
23:43:24: quiet- NO_ID: Invalid value of 1.68547 found for variable DAKOTA_RC_2.  Corrected to 2.02132.
23:43:24: quiet- NO_ID: Invalid value of 2.16904 found for variable DAKOTA_RC_5.  Corrected to 1.50156.
23:43:24: quiet- NO_ID: Invalid value of 1.3971 found for variable DAKOTA_RC_3.  Corrected to 2.23664.
23:43:24: quiet- NO_ID: Invalid value of 2.35078 found for variable DAKOTA_RC_2.  Corrected to 2.20381.
23:43:24: quiet- NO_ID: Invalid value of 1.49399 found for variable DAKOTA_RC_5.  Corrected to 1.98023.
01:07:42: verbose- below_limit: Performed 47 total selections.
01:07:42: verbose- NO_ID: 5 of 36 population members were not selected to continue.  5 of 21 offspring were immediately rejected.
01:07:42: verbose- metric_tracker: Operating on 47 total designs and 42 "best fitness" designs.
01:07:42: verbose- metric_tracker: Max "best fitness" expanse change of 0.859% found for objective "Non-Linear Minimize obj_fn_2".
01:07:42: verbose- metric_tracker: Population density increased by 30.556%.
01:07:42: verbose- metric_tracker: No "best fitness" designs from the previous population are dominated by "best fitness" designs in the current population.
01:07:42: verbose- metric_tracker: Pushed metric value of 0.314147 onto the convergence stack.
01:07:42: quiet- duplicate_free: 9 generations so far.
01:07:42: quiet- duplicate_free: 787 evaluations so far.
01:07:42: verbose- duplicate_free: 47 members in population so far.
01:07:42: verbose- multi_point_parameterized_binary: 18 children created.
01:07:42: quiet- offset_normal: Produced invalid  variable representation 1.49344. Mutation performed without corrective action.
01:07:42: verbose- offset_normal: Performed 9 total mutations.
01:07:42: quiet- NO_ID: Invalid value of 1.49344 found for variable DAKOTA_RC_3.  Corrected to 2.16461.
01:07:42: quiet- NO_ID: Invalid value of 2.71817 found for variable DAKOTA_RC_9.  Corrected to 2.43613.
01:07:42: verbose- duplicate_free: flushed 1 duplicate offspring designs after application of the variational operators.
01:07:42: verbose- duplicate_free: flushed 1 offspring designs that duplicate existing population members.
02:52:12: verbose- below_limit: Performed 67 total selections.
02:52:12: verbose- NO_ID: 0 of 47 population members were not selected to continue.  5 of 25 offspring were immediately rejected.
02:52:12: verbose- metric_tracker: Operating on 67 total designs and 48 "best fitness" designs.
02:52:12: verbose- metric_tracker: Max "best fitness" expanse change of 0.161% found for objective "Non-Linear Minimize obj_fn_2".
02:52:12: verbose- metric_tracker: Population density increased by 42.553%.
02:52:12: verbose- metric_tracker: 21.429% of the previous "best fitness" population is dominated by designs in the current "best fitness" population.
02:52:12: verbose- metric_tracker: Pushed metric value of 0.641425 onto the convergence stack.
02:52:12: verbose- metric_tracker: Current max percentage progress is 1.98973e+12%.
02:52:12: quiet- duplicate_free: 10 generations so far.
02:52:12: quiet- duplicate_free: 812 evaluations so far.
02:52:12: verbose- duplicate_free: 67 members in population so far.
02:52:12: verbose- multi_point_parameterized_binary: 26 children created.
02:52:12: verbose- offset_normal: Performed 13 total mutations.
02:52:12: quiet- NO_ID: Invalid value of 2.21804 found for variable DAKOTA_RC_1.  Corrected to 2.50533.
02:52:12: quiet- NO_ID: Invalid value of 2.28767 found for variable DAKOTA_RC_1.  Corrected to 2.6804.
02:52:12: quiet- NO_ID: Invalid value of 2.09853 found for variable DAKOTA_RC_8.  Corrected to 2.59217.
05:13:34: verbose- below_limit: Performed 94 total selections.
05:13:34: verbose- NO_ID: 1 of 67 population members were not selected to continue.  11 of 39 offspring were immediately rejected.
05:13:34: verbose- metric_tracker: Operating on 94 total designs and 58 "best fitness" designs.
05:13:34: verbose- metric_tracker: Max "best fitness" expanse change of 8.391% found for objective "Non-Linear Minimize obj_fn_1".
05:13:34: verbose- metric_tracker: Population density increased by 29.412%.
05:13:34: verbose- metric_tracker: 12.5% of the previous "best fitness" population is dominated by designs in the current "best fitness" population.
05:13:34: verbose- metric_tracker: Pushed metric value of 0.503028 onto the convergence stack.
05:13:34: verbose- metric_tracker: Current max percentage progress is 1.98973e+12%.
05:13:34: quiet- duplicate_free: 11 generations so far.
05:13:34: quiet- duplicate_free: 851 evaluations so far.
05:13:34: verbose- duplicate_free: 94 members in population so far.
05:13:34: verbose- multi_point_parameterized_binary: 38 children created.
05:13:34: verbose- offset_normal: Performed 19 total mutations.
05:13:34: quiet- NO_ID: Invalid value of 2.28767 found for variable DAKOTA_RC_1.  Corrected to 2.32995.
05:13:34: quiet- NO_ID: Invalid value of 2.28767 found for variable DAKOTA_RC_1.  Corrected to 2.47155.
09:17:29: verbose- below_limit: Performed 139 total selections.
09:17:29: verbose- NO_ID: 4 of 94 population members were not selected to continue.  8 of 57 offspring were immediately rejected.
09:17:29: verbose- metric_tracker: Operating on 139 total designs and 79 "best fitness" designs.
09:17:29: verbose- metric_tracker: Max "best fitness" expanse change of 1.625% found for objective "Non-Linear Minimize obj_fn_2".
09:17:29: verbose- metric_tracker: Population density increased by 19.452%.
09:17:29: verbose- metric_tracker: 13.793% of the previous "best fitness" population is dominated by designs in the current "best fitness" population.
09:17:29: verbose- metric_tracker: Pushed metric value of 0.348696 onto the convergence stack.
09:17:29: verbose- metric_tracker: Current max percentage progress is 1.98973e+12%.
09:17:29: quiet- duplicate_free: 12 generations so far.
09:17:29: quiet- duplicate_free: 908 evaluations so far.
09:17:29: verbose- duplicate_free: 139 members in population so far.
09:17:29: verbose- multi_point_parameterized_binary: 56 children created.
09:17:29: quiet- offset_normal: Produced invalid  variable representation 1.46789. Mutation performed without corrective action.
09:17:29: quiet- offset_normal: Produced invalid  variable representation 1.47471. Mutation performed without corrective action.
09:17:29: quiet- offset_normal: Produced invalid  variable representation 1.49848. Mutation performed without corrective action.
09:17:29: verbose- offset_normal: Performed 28 total mutations.
09:17:29: quiet- NO_ID: Invalid value of 2.28767 found for variable DAKOTA_RC_1.  Corrected to 2.63708.
09:17:29: quiet- NO_ID: Invalid value of 1.46789 found for variable DAKOTA_RC_3.  Corrected to 1.90449.
09:17:29: quiet- NO_ID: Invalid value of 1.47471 found for variable DAKOTA_RC_3.  Corrected to 1.54225.
09:17:29: quiet- NO_ID: Invalid value of 1.49848 found for variable DAKOTA_RC_3.  Corrected to 1.85274.
15:46:16: verbose- below_limit: Performed 202 total selections.
15:46:16: verbose- NO_ID: 5 of 139 population members were not selected to continue.  16 of 84 offspring were immediately rejected.
15:46:16: verbose- metric_tracker: Operating on 202 total designs and 104 "best fitness" designs.
15:46:16: verbose- metric_tracker: Max "best fitness" expanse change of 32.124% found for objective "Non-Linear Minimize obj_fn_1".
15:46:16: verbose- metric_tracker: Population density increased by 14.969%.
15:46:16: verbose- metric_tracker: 13.924% of the previous "best fitness" population is dominated by designs in the current "best fitness" population.
15:46:16: verbose- metric_tracker: Pushed metric value of 0.610172 onto the convergence stack.
15:46:16: verbose- metric_tracker: Current max percentage progress is 1.98973e+12%.
15:46:16: quiet- duplicate_free: 13 generations so far.
15:46:16: quiet- duplicate_free: 992 evaluations so far.
15:46:16: verbose- duplicate_free: 202 members in population so far.
15:46:16: verbose- multi_point_parameterized_binary: 80 children created.
15:46:16: quiet- offset_normal: Produced invalid  variable representation 2.70768. Mutation performed without corrective action.
15:46:16: quiet- offset_normal: Produced invalid  variable representation 1.48054. Mutation performed without corrective action.
15:46:16: verbose- offset_normal: Performed 40 total mutations.
15:46:16: quiet- NO_ID: Invalid value of 2.71305 found for variable DAKOTA_RC_9.  Corrected to 2.22564.
15:46:16: quiet- NO_ID: Invalid value of 2.70768 found for variable DAKOTA_RC_9.  Corrected to 2.10565.
15:46:16: quiet- NO_ID: Invalid value of 2.72226 found for variable DAKOTA_RC_9.  Corrected to 2.54197.
15:46:16: quiet- NO_ID: Invalid value of 1.48054 found for variable DAKOTA_RC_3.  Corrected to 2.16613.
01:32:40: verbose- below_limit: Performed 260 total selections.
01:32:40: verbose- NO_ID: 25 of 202 population members were not selected to continue.  37 of 120 offspring were immediately rejected.
01:32:40: verbose- metric_tracker: Operating on 260 total designs and 128 "best fitness" designs.
01:32:40: verbose- metric_tracker: Max "best fitness" expanse change of -5.465% found for objective "Non-Linear Minimize obj_fn_3".
01:32:40: verbose- metric_tracker: Population density increased by 31.339%.
01:32:40: verbose- metric_tracker: 15.385% of the previous "best fitness" population is dominated by designs in the current "best fitness" population.
01:32:40: verbose- metric_tracker: Pushed metric value of 0.521881 onto the convergence stack.
01:32:40: verbose- metric_tracker: Current max percentage progress is 1.98973e+12%.
01:32:40: quiet- duplicate_free: 14 generations so far.
01:32:40: quiet- duplicate_free: 1112 evaluations so far.
01:32:40: verbose- duplicate_free: 260 members in population so far.
01:32:40: verbose- multi_point_parameterized_binary: 104 children created.
01:32:40: quiet- offset_normal: Produced invalid  variable representation 2.2835. Mutation performed without corrective action.
01:32:40: quiet- offset_normal: Produced invalid  variable representation 2.11657. Mutation performed without corrective action.
01:32:40: verbose- offset_normal: Performed 52 total mutations.
01:32:40: quiet- NO_ID: Invalid value of 2.2835 found for variable DAKOTA_RC_1.  Corrected to 2.32702.
01:32:40: quiet- NO_ID: Invalid value of 2.74684 found for variable DAKOTA_RC_9.  Corrected to 2.48389.
01:32:40: quiet- NO_ID: Invalid value of 2.11657 found for variable DAKOTA_RC_5.  Corrected to 2.00879.
13:31:51: verbose- below_limit: Performed 356 total selections.
13:31:51: verbose- NO_ID: 16 of 260 population members were not selected to continue.  44 of 156 offspring were immediately rejected.
13:31:51: verbose- metric_tracker: Operating on 356 total designs and 161 "best fitness" designs.
13:31:51: verbose- metric_tracker: Max "best fitness" expanse change of 59.639% found for objective "Non-Linear Minimize obj_fn_3".
13:31:51: verbose- metric_tracker: Population density decreased by 0.141%.
13:31:51: verbose- metric_tracker: 19.531% of the previous "best fitness" population is dominated by designs in the current "best fitness" population.
13:31:51: verbose- metric_tracker: Pushed metric value of 0.793116 onto the convergence stack.
13:31:51: verbose- metric_tracker: Current max percentage progress is 370.009%.
13:31:51: quiet- duplicate_free: 15 generations so far.
13:31:51: quiet- duplicate_free: 1268 evaluations so far.
13:31:51: verbose- duplicate_free: 356 members in population so far.
13:31:51: verbose- multi_point_parameterized_binary: 142 children created.
13:31:51: quiet- offset_normal: Produced invalid  variable representation 2.28236. Mutation performed without corrective action.
13:31:51: quiet- offset_normal: Produced invalid  variable representation 1.49815. Mutation performed without corrective action.
13:31:51: verbose- offset_normal: Performed 71 total mutations.
13:31:51: quiet- NO_ID: Invalid value of 2.28236 found for variable DAKOTA_RC_1.  Corrected to 2.51447.
13:31:51: quiet- NO_ID: Invalid value of 2.28777 found for variable DAKOTA_RC_1.  Corrected to 2.45827.
13:31:51: quiet- NO_ID: Invalid value of 2.09857 found for variable DAKOTA_RC_9.  Corrected to 2.26467.
13:31:51: quiet- NO_ID: Invalid value of 1.49815 found for variable DAKOTA_RC_3.  Corrected to 1.99375.
13:31:51: quiet- NO_ID: Invalid value of 3.14274 found for variable DAKOTA_RC_9.  Corrected to 2.66746.
13:31:51: quiet- NO_ID: Invalid value of 2.09658 found for variable DAKOTA_RC_7.  Corrected to 2.36203.
13:31:51: quiet- NO_ID: Invalid value of 2.12767 found for variable DAKOTA_RC_5.  Corrected to 1.93853.
13:31:51: verbose- duplicate_free: flushed 1 duplicate offspring designs after application of the variational operators.
06:22:52: verbose- below_limit: Performed 444 total selections.
06:22:52: verbose- NO_ID: 56 of 356 population members were not selected to continue.  68 of 212 offspring were immediately rejected.
06:22:52: verbose- metric_tracker: Operating on 444 total designs and 188 "best fitness" designs.
06:22:52: verbose- metric_tracker: Max "best fitness" expanse change of 4.458% found for objective "Non-Linear Minimize obj_fn_2".
06:22:52: verbose- metric_tracker: Population density increased by 21.067%.
06:22:52: verbose- metric_tracker: 23.602% of the previous "best fitness" population is dominated by designs in the current "best fitness" population.
06:22:52: verbose- metric_tracker: Pushed metric value of 0.491271 onto the convergence stack.
06:22:52: verbose- metric_tracker: Current max percentage progress is 79.312%.
06:22:52: verbose- metric_tracker: Convergence attained.
06:22:52: quiet- duplicate_free: 16 generations so far.
06:22:52: quiet- duplicate_free: 1480 evaluations so far.
06:22:52: verbose- duplicate_free: 444 members in population so far.
06:22:52: verbose- NO_ID: Reclaimed 0 optimal designs from the discards.
06:22:52: quiet- NO_ID: Reclaimed 0 optimal designs that had been selected out.
06:22:52: verbose- NO_ID: Flushed 256 dominated designs from the population.
06:22:52: quiet- NO_ID: Ran 16 total generations.
06:22:52: quiet- NO_ID: Final population size = 188
06:22:52: verbose- NO_ID: Wrote designs file ".//finaldata1.dat".
06:22:52: verbose- NO_ID: Wrote designs file ".//discards.dat".
06:22:52: quiet- JEGA Front End: NO_ID execution took 20.07 seconds.
06:22:52: quiet- JEGA Front End: Execution took 20.07 seconds.
06:22:52: verbose- NO_ID: algorithm execution completed. 188 solutions found. Passing them back to DAKOTA.
06:22:52: quiet- NO_ID: find optimum completed and all results have been passed back to DAKOTA.


06:22:52: quiet- NO_ID: goodbye!


