JEGA Genetic Algorithm Optimization Software v2.7.0
Run started Mon Jun 10 10:54:17 2019

Global Log initialized using "verbose" as default level.
Global Log logging to file JEGAGlobal.log
Global Log logging to console window
10:54:17: quiet- JEGA Front End: Random seed = 1560238457
10:54:17: verbose- Design Target: Design variable DAKOTA_RC_1 added.  1 design variables now in target.
10:54:17: verbose- Design Target: Design variable DAKOTA_RC_2 added.  2 design variables now in target.
10:54:17: verbose- Design Target: Design variable DAKOTA_RC_3 added.  3 design variables now in target.
10:54:17: verbose- Design Target: Design variable DAKOTA_RC_4 added.  4 design variables now in target.
10:54:17: verbose- Design Target: Design variable DAKOTA_RC_5 added.  5 design variables now in target.
10:54:17: verbose- Design Target: Design variable DAKOTA_RC_6 added.  6 design variables now in target.
10:54:17: verbose- Design Target: Design variable DAKOTA_RC_7 added.  7 design variables now in target.
10:54:17: verbose- Design Target: Design variable DAKOTA_RC_8 added.  8 design variables now in target.
10:54:17: verbose- Design Target: Design variable DAKOTA_RC_9 added.  9 design variables now in target.
10:54:17: verbose- Design Target: Design variable DAKOTA_EP_1 added.  10 design variables now in target.
10:54:17: verbose- Design Target: Design variable DAKOTA_EP_2 added.  11 design variables now in target.
10:54:17: verbose- Design Target: Design variable DAKOTA_EP_3 added.  12 design variables now in target.
10:54:17: verbose- Design Target: Objective Non-Linear Minimize obj_fn_1 added.  1 objectives now in target.
10:54:17: verbose- Design Target: Objective Non-Linear Minimize obj_fn_2 added.  2 objectives now in target.
10:54:17: verbose- Design Target: Objective Non-Linear Minimize obj_fn_3 added.  3 objectives now in target.
10:54:17: verbose- JEGA Front End: Creating a MOGA
10:54:17: debug-  Matching Group: Trying "Domination Count Operator Group".
10:54:17: verbose- Domination Count Operator Group: Contains Converger "metric_tracker".
10:54:17: verbose- Domination Count Operator Group: Contains Crosser "multi_point_parameterized_binary".
10:54:17: verbose- Domination Count Operator Group: Contains FitnessAssessor "domination_count".
10:54:17: verbose- Domination Count Operator Group: Contains Initializer "unique_random".
10:54:17: verbose- Domination Count Operator Group: Contains MainLoop "duplicate_free".
10:54:17: verbose- Domination Count Operator Group: Contains Mutator "offset_normal".
10:54:17: verbose- Domination Count Operator Group: Contains Selector "below_limit".
10:54:17: verbose- Domination Count Operator Group: Contains PostProcessor "null_postprocessor".
10:54:17: verbose- Domination Count Operator Group: Contains NichePressureApplicator "null_niching".
10:54:17: debug-  Matching Group: "Domination Count Operator Group" match succeeded.
10:54:17: quiet- : Matched new set to a group that is not the current group.  Adopting the new group.
10:54:17: verbose- Domination Count Operator Group: Contains Converger "metric_tracker".
10:54:17: verbose- Domination Count Operator Group: Contains Crosser "multi_point_parameterized_binary".
10:54:17: verbose- Domination Count Operator Group: Contains FitnessAssessor "domination_count".
10:54:17: verbose- Domination Count Operator Group: Contains Initializer "unique_random".
10:54:17: verbose- Domination Count Operator Group: Contains MainLoop "duplicate_free".
10:54:17: verbose- Domination Count Operator Group: Contains Mutator "offset_normal".
10:54:17: verbose- Domination Count Operator Group: Contains Selector "below_limit".
10:54:17: verbose- Domination Count Operator Group: Contains PostProcessor "null_postprocessor".
10:54:17: verbose- Domination Count Operator Group: Contains NichePressureApplicator "null_niching".
10:54:17: verbose- NO_ID: The name of this GA is now NO_ID
10:54:17: verbose- NO_ID: The print each population flag is now set to 0
10:54:17: verbose- NO_ID: The print final data flag is now set to 1
10:54:17: verbose- NO_ID: The print discards flag is now set to 1
10:54:17: verbose- NO_ID: The name of the file to which final data will be written is now finaldata1.dat
10:54:17: verbose- NO_ID: The data directory is now set to ./
10:54:17: verbose- metric_tracker: Number of generations tracked now = 10
10:54:17: verbose- metric_tracker: Max allowable % change now = 1
10:54:17: verbose- metric_tracker: Maximum allowable generations now = 100
10:54:17: verbose- metric_tracker: Maximum allowable evaluations now = 20000
10:54:17: quiet- Error encountered while retrieving parameter named "method.max_time" of type "d" from parameter database reading: Parameter not found for tag: method.max_time
10:54:17: verbose- metric_tracker: The maximum allowable amount of time was not found in the parameter database.  Using the current value of 1.79769e+308
10:54:17: verbose- metric_tracker: Maximum allowable time now = 1.79769e+308 seconds 
10:54:17: quiet- Error encountered while retrieving parameter named "method.jega.num_cross_points" of type "St6vectorIiSaIiEE" from parameter database reading: Parameter not found for tag: method.jega.num_cross_points
10:54:17: verbose- multi_point_parameterized_binary: The number of crossover points for each variable were not found in the parameter database.  Checking for a single value.
10:54:17: verbose- multi_point_parameterized_binary: Number of crossover points now = 2
10:54:17: verbose- multi_point_parameterized_binary: Crossover rate now = 0.4
10:54:17: verbose- multi_point_parameterized_binary: Number of crossover points for variable "DAKOTA_RC_1" now = 2.
10:54:17: verbose- multi_point_parameterized_binary: Number of crossover points for variable "DAKOTA_RC_2" now = 2.
10:54:17: verbose- multi_point_parameterized_binary: Number of crossover points for variable "DAKOTA_RC_3" now = 2.
10:54:17: verbose- multi_point_parameterized_binary: Number of crossover points for variable "DAKOTA_RC_4" now = 2.
10:54:17: verbose- multi_point_parameterized_binary: Number of crossover points for variable "DAKOTA_RC_5" now = 2.
10:54:17: verbose- multi_point_parameterized_binary: Number of crossover points for variable "DAKOTA_RC_6" now = 2.
10:54:17: verbose- multi_point_parameterized_binary: Number of crossover points for variable "DAKOTA_RC_7" now = 2.
10:54:17: verbose- multi_point_parameterized_binary: Number of crossover points for variable "DAKOTA_RC_8" now = 2.
10:54:17: verbose- multi_point_parameterized_binary: Number of crossover points for variable "DAKOTA_RC_9" now = 2.
10:54:17: verbose- multi_point_parameterized_binary: Number of crossover points for variable "DAKOTA_EP_1" now = 2.
10:54:17: verbose- multi_point_parameterized_binary: Number of crossover points for variable "DAKOTA_EP_2" now = 2.
10:54:17: verbose- multi_point_parameterized_binary: Number of crossover points for variable "DAKOTA_EP_3" now = 2.
10:54:17: verbose- DAKOTA JEGA Evaluator: Maximum allowable evaluations now = 20000
10:54:17: verbose- DAKOTA JEGA Evaluator: The evaluation concurrency is now 1
10:54:17: verbose- unique_random: Desired initial population size now = 250
10:54:17: verbose- null_niching: Niched design caching now set to true.
10:54:17: quiet- Error encountered while retrieving parameter named "method.jega.max_niche_cache_size" of type "m" from parameter database reading: Parameter not found for tag: method.jega.max_niche_cache_size
10:54:17: verbose- null_niching: The max niche cache size value was not found in the parameter database.  Using the current value of 1
10:54:17: verbose- null_niching: Niched design caching max size now set to 18446744073709551615.
10:54:17: verbose- offset_normal: Offset range now = 0.05
10:54:17: verbose- offset_normal: Mutation rate now = 0.2
10:54:17: verbose- below_limit: Limiting value now = 6
10:54:17: verbose- below_limit: Shrinkage percentage now = 0.3
10:54:17: verbose- below_limit: Minimum selections now = 2
10:54:17: verbose- NO_ID: About to perform algorithm execution.
10:54:17: verbose- unique_random: 250 unique random designs created.
15:59:36: verbose- below_limit: Performed 75 total selections.
15:59:36: verbose- NO_ID: 175 of 250 population members were not selected to continue.  0 of 0 offspring were immediately rejected.
15:59:36: verbose- metric_tracker: Operating on 75 total designs and 9 "best fitness" designs.
15:59:36: verbose- metric_tracker: Pushed metric value of 0 onto the convergence stack.
15:59:36: quiet- duplicate_free: 1 generation so far.
15:59:36: quiet- duplicate_free: 250 evaluations so far.
15:59:36: verbose- duplicate_free: 75 members in population so far.
15:59:36: verbose- multi_point_parameterized_binary: 30 children created.
15:59:36: verbose- offset_normal: Performed 15 total mutations.
15:59:36: quiet- NO_ID: Invalid value of 1.87198 found for variable DAKOTA_RC_7.  Corrected to 2.13273.
15:59:36: quiet- NO_ID: Invalid value of 2.78561 found for variable DAKOTA_RC_9.  Corrected to 2.55089.
15:59:36: quiet- NO_ID: Invalid value of 3.07093 found for variable DAKOTA_RC_8.  Corrected to 2.402.
15:59:36: quiet- NO_ID: Invalid value of 1.79369 found for variable DAKOTA_RC_7.  Corrected to 2.3049.
15:59:36: quiet- NO_ID: Invalid value of 2.09867 found for variable DAKOTA_RC_9.  Corrected to 2.26239.
15:59:36: quiet- NO_ID: Invalid value of 13.3025 found for variable DAKOTA_EP_2.  Corrected to 9.53916.
15:59:36: quiet- NO_ID: Invalid value of 2.62897 found for variable DAKOTA_RC_6.  Corrected to 2.20112.
15:59:36: quiet- NO_ID: Invalid value of 2.20096 found for variable DAKOTA_RC_3.  Corrected to 1.8645.
15:59:36: quiet- NO_ID: Invalid value of 2.35781 found for variable DAKOTA_RC_5.  Corrected to 1.71181.
15:59:36: quiet- NO_ID: Invalid value of 1.87602 found for variable DAKOTA_RC_6.  Corrected to 2.22148.
15:59:36: quiet- NO_ID: Invalid value of 1.80657 found for variable DAKOTA_RC_7.  Corrected to 2.02353.
15:59:36: quiet- NO_ID: Invalid value of 2.56534 found for variable DAKOTA_RC_7.  Corrected to 2.22154.
15:59:36: quiet- NO_ID: Invalid value of 1.85508 found for variable DAKOTA_RC_6.  Corrected to 2.13901.
15:59:36: quiet- NO_ID: Invalid value of 12.3887 found for variable DAKOTA_EP_1.  Corrected to 0.872524.
15:59:36: quiet- NO_ID: Invalid value of 1.62511 found for variable DAKOTA_RC_3.  Corrected to 1.75734.
15:59:36: quiet- NO_ID: Invalid value of 2.60028 found for variable DAKOTA_RC_6.  Corrected to 2.43655.
15:59:36: quiet- NO_ID: Invalid value of 1.85136 found for variable DAKOTA_RC_7.  Corrected to 2.42098.
15:59:36: quiet- NO_ID: Invalid value of 2.72021 found for variable DAKOTA_RC_1.  Corrected to 2.21986.
15:59:36: quiet- NO_ID: Invalid value of 2.20017 found for variable DAKOTA_RC_4.  Corrected to 1.98432.
15:59:36: quiet- NO_ID: Invalid value of 12.5624 found for variable DAKOTA_EP_2.  Corrected to 7.33567.
15:59:36: quiet- NO_ID: Invalid value of 2.74122 found for variable DAKOTA_RC_1.  Corrected to 2.39564.
15:59:36: quiet- NO_ID: Invalid value of 2.84067 found for variable DAKOTA_RC_1.  Corrected to 2.37118.
15:59:36: quiet- NO_ID: Invalid value of 2.50842 found for variable DAKOTA_RC_2.  Corrected to 2.35486.
15:59:36: quiet- NO_ID: Invalid value of 2.33847 found for variable DAKOTA_RC_5.  Corrected to 2.10099.
17:28:32: verbose- below_limit: Performed 34 total selections.
17:28:32: verbose- NO_ID: 56 of 75 population members were not selected to continue.  30 of 45 offspring were immediately rejected.
17:28:32: verbose- metric_tracker: Operating on 34 total designs and 14 "best fitness" designs.
17:28:32: verbose- metric_tracker: No "best fitness" expansion or contraction occurred this generation.
17:28:32: verbose- metric_tracker: Population density decreased by 6.124%.
17:28:32: verbose- metric_tracker: 33.333% of the previous "best fitness" population is dominated by designs in the current "best fitness" population.
17:28:32: verbose- metric_tracker: Pushed metric value of 0.394575 onto the convergence stack.
17:28:32: quiet- duplicate_free: 2 generations so far.
17:28:32: quiet- duplicate_free: 295 evaluations so far.
17:28:32: verbose- duplicate_free: 34 members in population so far.
17:28:32: verbose- multi_point_parameterized_binary: 14 children created.
17:28:32: verbose- offset_normal: Performed 7 total mutations.
17:28:32: quiet- NO_ID: Invalid value of 12.3119 found for variable DAKOTA_EP_1.  Corrected to 11.834.
17:28:32: quiet- NO_ID: Invalid value of 2.52862 found for variable DAKOTA_RC_6.  Corrected to 2.49428.
17:28:32: quiet- NO_ID: Invalid value of 3.1042 found for variable DAKOTA_RC_1.  Corrected to 2.45485.
18:14:48: verbose- below_limit: Performed 35 total selections.
18:14:48: verbose- NO_ID: 11 of 34 population members were not selected to continue.  9 of 21 offspring were immediately rejected.
18:14:48: verbose- metric_tracker: Operating on 35 total designs and 19 "best fitness" designs.
18:14:48: verbose- metric_tracker: No "best fitness" expansion or contraction occurred this generation.
18:14:48: verbose- metric_tracker: Population density increased by 218.243%.
18:14:48: verbose- metric_tracker: 7.143% of the previous "best fitness" population is dominated by designs in the current "best fitness" population.
18:14:48: verbose- metric_tracker: Pushed metric value of 2.25386 onto the convergence stack.
18:14:48: quiet- duplicate_free: 3 generations so far.
18:14:48: quiet- duplicate_free: 316 evaluations so far.
18:14:48: verbose- duplicate_free: 35 members in population so far.
18:14:48: verbose- multi_point_parameterized_binary: 14 children created.
18:14:48: quiet- offset_normal: Produced invalid  variable representation 1.89944. Mutation performed without corrective action.
18:14:48: quiet- offset_normal: Produced invalid  variable representation 1.6473. Mutation performed without corrective action.
18:14:48: verbose- offset_normal: Performed 7 total mutations.
18:14:48: quiet- NO_ID: Invalid value of 2.60444 found for variable DAKOTA_RC_2.  Corrected to 2.39909.
18:14:48: quiet- NO_ID: Invalid value of 1.63247 found for variable DAKOTA_RC_5.  Corrected to 1.88538.
18:14:48: quiet- NO_ID: Invalid value of 2.32532 found for variable DAKOTA_RC_4.  Corrected to 1.98409.
18:14:48: quiet- NO_ID: Invalid value of 1.89944 found for variable DAKOTA_RC_7.  Corrected to 2.29083.
18:14:48: quiet- NO_ID: Invalid value of 2.40461 found for variable DAKOTA_RC_5.  Corrected to 2.09917.
18:14:48: quiet- NO_ID: Invalid value of 12.5662 found for variable DAKOTA_EP_1.  Corrected to 7.03766.
18:14:48: quiet- NO_ID: Invalid value of 2.8154 found for variable DAKOTA_RC_6.  Corrected to 2.06227.
18:14:48: quiet- NO_ID: Invalid value of 1.6473 found for variable DAKOTA_RC_3.  Corrected to 2.12955.
18:14:48: quiet- NO_ID: Invalid value of 12.7994 found for variable DAKOTA_EP_3.  Corrected to 3.34811.
18:14:48: quiet- NO_ID: Invalid value of 1.8656 found for variable DAKOTA_RC_6.  Corrected to 2.05488.
18:14:48: quiet- NO_ID: Invalid value of 1.87388 found for variable DAKOTA_RC_7.  Corrected to 2.18313.
18:56:07: verbose- below_limit: Performed 36 total selections.
18:56:07: verbose- NO_ID: 8 of 35 population members were not selected to continue.  12 of 21 offspring were immediately rejected.
18:56:07: verbose- metric_tracker: Operating on 36 total designs and 22 "best fitness" designs.
18:56:07: verbose- metric_tracker: Max "best fitness" expanse change of 24.354% found for objective "Non-Linear Minimize obj_fn_1".
18:56:07: verbose- metric_tracker: Population density increased by 2.795%.
18:56:07: verbose- metric_tracker: 10.526% of the previous "best fitness" population is dominated by designs in the current "best fitness" population.
18:56:07: verbose- metric_tracker: Pushed metric value of 0.376752 onto the convergence stack.
18:56:07: quiet- duplicate_free: 4 generations so far.
18:56:07: quiet- duplicate_free: 337 evaluations so far.
18:56:07: verbose- duplicate_free: 36 members in population so far.
18:56:07: verbose- multi_point_parameterized_binary: 14 children created.
18:56:07: verbose- offset_normal: Performed 7 total mutations.
18:56:07: quiet- NO_ID: Invalid value of 2.21157 found for variable DAKOTA_RC_4.  Corrected to 1.67683.
18:56:07: quiet- NO_ID: Invalid value of 15.7245 found for variable DAKOTA_EP_2.  Corrected to 7.33991.
18:56:07: quiet- NO_ID: Invalid value of 1.57216 found for variable DAKOTA_RC_4.  Corrected to 1.77163.
19:36:21: verbose- below_limit: Performed 45 total selections.
19:36:21: verbose- NO_ID: 2 of 36 population members were not selected to continue.  10 of 21 offspring were immediately rejected.
19:36:21: verbose- metric_tracker: Operating on 45 total designs and 27 "best fitness" designs.
19:36:21: verbose- metric_tracker: No "best fitness" expansion or contraction occurred this generation.
19:36:21: verbose- metric_tracker: Population density increased by 25%.
19:36:21: verbose- metric_tracker: No "best fitness" designs from the previous population are dominated by "best fitness" designs in the current population.
19:36:21: verbose- metric_tracker: Pushed metric value of 0.25 onto the convergence stack.
19:36:21: quiet- duplicate_free: 5 generations so far.
19:36:21: quiet- duplicate_free: 358 evaluations so far.
19:36:21: verbose- duplicate_free: 45 members in population so far.
19:36:21: verbose- multi_point_parameterized_binary: 18 children created.
19:36:21: quiet- offset_normal: Produced invalid  variable representation 12.1197. Mutation performed without corrective action.
19:36:21: quiet- offset_normal: Produced invalid  variable representation 2.71232. Mutation performed without corrective action.
19:36:21: verbose- offset_normal: Performed 9 total mutations.
19:36:21: quiet- NO_ID: Invalid value of 2.81526 found for variable DAKOTA_RC_6.  Corrected to 2.2119.
19:36:21: quiet- NO_ID: Invalid value of 15.4497 found for variable DAKOTA_EP_1.  Corrected to 7.1043.
19:36:21: quiet- NO_ID: Invalid value of 1.58847 found for variable DAKOTA_RC_4.  Corrected to 1.833.
19:36:21: quiet- NO_ID: Invalid value of 12.1197 found for variable DAKOTA_EP_1.  Corrected to 3.69493.
19:36:21: quiet- NO_ID: Invalid value of 2.71232 found for variable DAKOTA_RC_9.  Corrected to 2.6201.
19:36:21: quiet- NO_ID: Invalid value of 2.52952 found for variable DAKOTA_RC_6.  Corrected to 2.06245.
19:36:21: quiet- NO_ID: Invalid value of 2.29305 found for variable DAKOTA_RC_4.  Corrected to 1.77288.
20:25:12: verbose- below_limit: Performed 60 total selections.
20:25:12: verbose- NO_ID: 2 of 45 population members were not selected to continue.  10 of 27 offspring were immediately rejected.
20:25:12: verbose- metric_tracker: Operating on 60 total designs and 28 "best fitness" designs.
20:25:12: verbose- metric_tracker: Max "best fitness" expanse change of 10.97% found for objective "Non-Linear Minimize obj_fn_1".
20:25:12: verbose- metric_tracker: Population density increased by 90.408%.
20:25:12: verbose- metric_tracker: 18.519% of the previous "best fitness" population is dominated by designs in the current "best fitness" population.
20:25:12: verbose- metric_tracker: Pushed metric value of 1.19897 onto the convergence stack.
20:25:12: quiet- duplicate_free: 6 generations so far.
20:25:12: quiet- duplicate_free: 385 evaluations so far.
20:25:12: verbose- duplicate_free: 60 members in population so far.
20:25:12: verbose- multi_point_parameterized_binary: 24 children created.
20:25:12: verbose- offset_normal: Performed 12 total mutations.
20:25:12: quiet- NO_ID: Invalid value of 1.8043 found for variable DAKOTA_RC_7.  Corrected to 2.14881.
20:25:12: quiet- NO_ID: Invalid value of 1.84254 found for variable DAKOTA_RC_6.  Corrected to 2.03304.
20:25:12: quiet- NO_ID: Invalid value of 1.59717 found for variable DAKOTA_RC_4.  Corrected to 2.18202.
20:25:12: quiet- NO_ID: Invalid value of 12.1191 found for variable DAKOTA_EP_1.  Corrected to 0.316388.
20:25:12: quiet- NO_ID: Invalid value of 1.63222 found for variable DAKOTA_RC_5.  Corrected to 1.97156.
20:25:12: quiet- NO_ID: Invalid value of 1.58847 found for variable DAKOTA_RC_4.  Corrected to 1.92953.
20:25:12: quiet- NO_ID: Invalid value of 2.73143 found for variable DAKOTA_RC_6.  Corrected to 2.05453.
20:25:12: quiet- NO_ID: Invalid value of 2.81588 found for variable DAKOTA_RC_6.  Corrected to 2.08636.
20:25:12: quiet- NO_ID: Invalid value of 1.849 found for variable DAKOTA_RC_6.  Corrected to 2.41643.
20:25:12: quiet- NO_ID: Invalid value of 2.69555 found for variable DAKOTA_RC_6.  Corrected to 2.26357.
20:25:12: quiet- NO_ID: Invalid value of 2.22752 found for variable DAKOTA_RC_4.  Corrected to 1.94695.
20:25:12: quiet- NO_ID: Invalid value of 1.84254 found for variable DAKOTA_RC_6.  Corrected to 2.21106.
21:43:00: verbose- below_limit: Performed 76 total selections.
21:43:00: verbose- NO_ID: 3 of 60 population members were not selected to continue.  17 of 36 offspring were immediately rejected.
21:43:00: verbose- metric_tracker: Operating on 76 total designs and 38 "best fitness" designs.
21:43:00: verbose- metric_tracker: No "best fitness" expansion or contraction occurred this generation.
21:43:00: verbose- metric_tracker: Population density increased by 26.667%.
21:43:00: verbose- metric_tracker: No "best fitness" designs from the previous population are dominated by "best fitness" designs in the current population.
21:43:00: verbose- metric_tracker: Pushed metric value of 0.266667 onto the convergence stack.
21:43:00: quiet- duplicate_free: 7 generations so far.
21:43:00: quiet- duplicate_free: 421 evaluations so far.
21:43:00: verbose- duplicate_free: 76 members in population so far.
21:43:00: verbose- multi_point_parameterized_binary: 30 children created.
21:43:00: verbose- offset_normal: Performed 15 total mutations.
21:43:00: quiet- NO_ID: Invalid value of 2.33707 found for variable DAKOTA_RC_5.  Corrected to 2.24344.
21:43:00: quiet- NO_ID: Invalid value of 2.79028 found for variable DAKOTA_RC_9.  Corrected to 2.26441.
21:43:00: verbose- duplicate_free: flushed 1 duplicate offspring designs after application of the variational operators.
23:11:08: verbose- below_limit: Performed 105 total selections.
23:11:08: verbose- NO_ID: 1 of 76 population members were not selected to continue.  14 of 44 offspring were immediately rejected.
23:11:08: verbose- metric_tracker: Operating on 105 total designs and 44 "best fitness" designs.
23:11:08: verbose- metric_tracker: Max "best fitness" expanse change of 25.974% found for objective "Non-Linear Minimize obj_fn_1".
23:11:08: verbose- metric_tracker: Population density increased by 8.637%.
23:11:08: verbose- metric_tracker: 10.526% of the previous "best fitness" population is dominated by designs in the current "best fitness" population.
23:11:08: verbose- metric_tracker: Pushed metric value of 0.451371 onto the convergence stack.
23:11:08: quiet- duplicate_free: 8 generations so far.
23:11:08: quiet- duplicate_free: 465 evaluations so far.
23:11:08: verbose- duplicate_free: 105 members in population so far.
23:11:08: verbose- multi_point_parameterized_binary: 42 children created.
23:11:08: verbose- offset_normal: Performed 21 total mutations.
23:11:08: quiet- NO_ID: Invalid value of 2.72661 found for variable DAKOTA_RC_6.  Corrected to 2.37199.
23:11:08: quiet- NO_ID: Invalid value of 2.72874 found for variable DAKOTA_RC_9.  Corrected to 2.48356.
23:11:08: quiet- NO_ID: Invalid value of 1.69404 found for variable DAKOTA_RC_5.  Corrected to 1.98639.
23:11:08: quiet- NO_ID: Invalid value of 16.3118 found for variable DAKOTA_EP_1.  Corrected to 0.207472.
23:11:08: quiet- NO_ID: Invalid value of 12.5776 found for variable DAKOTA_EP_1.  Corrected to 11.8376.
23:11:08: quiet- NO_ID: Invalid value of 2.2212 found for variable DAKOTA_RC_3.  Corrected to 1.97386.
23:11:08: quiet- NO_ID: Invalid value of 1.84265 found for variable DAKOTA_RC_6.  Corrected to 2.13779.
23:11:08: quiet- NO_ID: Invalid value of 2.76005 found for variable DAKOTA_RC_6.  Corrected to 1.99443.
23:11:08: quiet- NO_ID: Invalid value of 2.68885 found for variable DAKOTA_RC_6.  Corrected to 1.93238.
01:14:34: verbose- below_limit: Performed 125 total selections.
01:14:34: verbose- NO_ID: 6 of 105 population members were not selected to continue.  37 of 63 offspring were immediately rejected.
01:14:34: verbose- metric_tracker: Operating on 125 total designs and 55 "best fitness" designs.
01:14:34: verbose- metric_tracker: No "best fitness" expansion or contraction occurred this generation.
01:14:34: verbose- metric_tracker: Population density increased by 19.048%.
01:14:34: verbose- metric_tracker: 6.818% of the previous "best fitness" population is dominated by designs in the current "best fitness" population.
01:14:34: verbose- metric_tracker: Pushed metric value of 0.258658 onto the convergence stack.
01:14:34: quiet- duplicate_free: 9 generations so far.
01:14:34: quiet- duplicate_free: 528 evaluations so far.
01:14:34: verbose- duplicate_free: 125 members in population so far.
01:14:34: verbose- multi_point_parameterized_binary: 50 children created.
01:14:34: quiet- offset_normal: Produced invalid  variable representation 1.66047. Mutation performed without corrective action.
01:14:34: verbose- offset_normal: Performed 25 total mutations.
01:14:34: quiet- NO_ID: Invalid value of 1.84243 found for variable DAKOTA_RC_6.  Corrected to 2.45024.
01:14:34: quiet- NO_ID: Invalid value of 2.3144 found for variable DAKOTA_RC_4.  Corrected to 2.17404.
01:14:34: quiet- NO_ID: Invalid value of 1.84032 found for variable DAKOTA_RC_6.  Corrected to 2.39068.
01:14:34: quiet- NO_ID: Invalid value of 15.5887 found for variable DAKOTA_EP_2.  Corrected to 9.76811.
01:14:34: quiet- NO_ID: Invalid value of 2.20096 found for variable DAKOTA_RC_3.  Corrected to 1.98874.
01:14:34: quiet- NO_ID: Invalid value of 2.35346 found for variable DAKOTA_RC_5.  Corrected to 1.77096.
01:14:34: quiet- NO_ID: Invalid value of 2.7291 found for variable DAKOTA_RC_9.  Corrected to 2.38222.
01:14:34: quiet- NO_ID: Invalid value of 1.56074 found for variable DAKOTA_RC_4.  Corrected to 1.78131.
01:14:34: quiet- NO_ID: Invalid value of 2.69535 found for variable DAKOTA_RC_6.  Corrected to 2.12094.
01:14:34: quiet- NO_ID: Invalid value of 2.33394 found for variable DAKOTA_RC_4.  Corrected to 1.8623.
01:14:34: quiet- NO_ID: Invalid value of 2.74329 found for variable DAKOTA_RC_6.  Corrected to 2.03763.
01:14:34: quiet- NO_ID: Invalid value of 1.66047 found for variable DAKOTA_RC_5.  Corrected to 2.10461.
01:14:34: quiet- NO_ID: Invalid value of 1.8403 found for variable DAKOTA_RC_6.  Corrected to 2.0512.
01:14:34: quiet- NO_ID: Invalid value of 2.30936 found for variable DAKOTA_RC_4.  Corrected to 1.92089.
01:14:34: quiet- NO_ID: Invalid value of 2.25815 found for variable DAKOTA_RC_4.  Corrected to 1.99193.
01:14:34: quiet- NO_ID: Invalid value of 1.59371 found for variable DAKOTA_RC_4.  Corrected to 2.08466.
01:14:34: quiet- NO_ID: Invalid value of 2.69144 found for variable DAKOTA_RC_6.  Corrected to 2.19954.
01:14:34: quiet- NO_ID: Invalid value of 2.73802 found for variable DAKOTA_RC_6.  Corrected to 2.07066.
03:45:43: verbose- below_limit: Performed 154 total selections.
03:45:43: verbose- NO_ID: 7 of 125 population members were not selected to continue.  39 of 75 offspring were immediately rejected.
03:45:43: verbose- metric_tracker: Operating on 154 total designs and 54 "best fitness" designs.
03:45:43: verbose- metric_tracker: No "best fitness" expansion or contraction occurred this generation.
03:45:43: verbose- metric_tracker: Population density increased by 23.2%.
03:45:43: verbose- metric_tracker: 21.818% of the previous "best fitness" population is dominated by designs in the current "best fitness" population.
03:45:43: verbose- metric_tracker: Pushed metric value of 0.450182 onto the convergence stack.
03:45:43: verbose- metric_tracker: Current max percentage progress is 225.386%.
03:45:43: quiet- duplicate_free: 10 generations so far.
03:45:43: quiet- duplicate_free: 603 evaluations so far.
03:45:43: verbose- duplicate_free: 154 members in population so far.
03:45:43: verbose- multi_point_parameterized_binary: 62 children created.
03:45:43: quiet- offset_normal: Produced invalid  variable representation 1.87882. Mutation performed without corrective action.
03:45:43: verbose- offset_normal: Performed 31 total mutations.
03:45:43: quiet- NO_ID: Invalid value of 1.59109 found for variable DAKOTA_RC_4.  Corrected to 1.92255.
03:45:43: quiet- NO_ID: Invalid value of 1.87882 found for variable DAKOTA_RC_7.  Corrected to 2.07698.
03:45:43: quiet- NO_ID: Invalid value of 2.4047 found for variable DAKOTA_RC_5.  Corrected to 2.22966.
03:45:43: quiet- NO_ID: Invalid value of 1.63356 found for variable DAKOTA_RC_5.  Corrected to 1.79405.
03:45:43: quiet- NO_ID: Invalid value of 12.9622 found for variable DAKOTA_EP_3.  Corrected to 9.49083.
03:45:43: quiet- NO_ID: Invalid value of 2.77424 found for variable DAKOTA_RC_9.  Corrected to 2.14939.
03:45:43: quiet- NO_ID: Invalid value of 15.4534 found for variable DAKOTA_EP_1.  Corrected to 8.4974.
03:45:43: quiet- NO_ID: Invalid value of 12.9725 found for variable DAKOTA_EP_3.  Corrected to 3.84689.
03:45:43: quiet- NO_ID: Invalid value of 2.83636 found for variable DAKOTA_RC_9.  Corrected to 2.11562.
03:45:43: quiet- NO_ID: Invalid value of 16.0283 found for variable DAKOTA_EP_1.  Corrected to 7.98498.
03:45:43: quiet- NO_ID: Invalid value of 2.77218 found for variable DAKOTA_RC_9.  Corrected to 2.19423.
03:45:43: quiet- NO_ID: Invalid value of 2.5537 found for variable DAKOTA_RC_6.  Corrected to 1.97767.
03:45:43: quiet- NO_ID: Invalid value of 2.35539 found for variable DAKOTA_RC_5.  Corrected to 2.04708.
03:45:43: quiet- NO_ID: Invalid value of 1.77894 found for variable DAKOTA_RC_7.  Corrected to 2.44354.
03:45:43: verbose- duplicate_free: flushed 1 duplicate offspring designs after application of the variational operators.
03:45:43: verbose- duplicate_free: flushed 1 offspring designs that duplicate existing population members.
06:55:22: verbose- below_limit: Performed 170 total selections.
06:55:22: verbose- NO_ID: 28 of 154 population members were not selected to continue.  47 of 91 offspring were immediately rejected.
06:55:22: verbose- metric_tracker: Operating on 170 total designs and 58 "best fitness" designs.
06:55:22: verbose- metric_tracker: Max "best fitness" expanse change of -11.498% found for objective "Non-Linear Minimize obj_fn_2".
06:55:22: verbose- metric_tracker: Population density decreased by 9.128%.
06:55:22: verbose- metric_tracker: 27.778% of the previous "best fitness" population is dominated by designs in the current "best fitness" population.
06:55:22: verbose- metric_tracker: Pushed metric value of 0.484038 onto the convergence stack.
06:55:22: verbose- metric_tracker: Current max percentage progress is 225.386%.
06:55:22: quiet- duplicate_free: 11 generations so far.
06:55:22: quiet- duplicate_free: 694 evaluations so far.
06:55:22: verbose- duplicate_free: 170 members in population so far.
06:55:22: verbose- multi_point_parameterized_binary: 68 children created.
06:55:22: verbose- offset_normal: Performed 34 total mutations.
06:55:22: quiet- NO_ID: Invalid value of 2.24496 found for variable DAKOTA_RC_4.  Corrected to 1.78844.
06:55:22: quiet- NO_ID: Invalid value of 1.84053 found for variable DAKOTA_RC_6.  Corrected to 2.16143.
06:55:22: quiet- NO_ID: Invalid value of 2.6102 found for variable DAKOTA_RC_2.  Corrected to 2.46504.
06:55:22: quiet- NO_ID: Invalid value of 2.72918 found for variable DAKOTA_RC_9.  Corrected to 2.19536.
06:55:22: quiet- NO_ID: Invalid value of 2.09635 found for variable DAKOTA_RC_9.  Corrected to 2.4458.
06:55:22: quiet- NO_ID: Invalid value of 12.8935 found for variable DAKOTA_EP_2.  Corrected to 8.9087.
06:55:22: quiet- NO_ID: Invalid value of 2.7247 found for variable DAKOTA_RC_9.  Corrected to 2.52244.
06:55:22: quiet- NO_ID: Invalid value of 2.24586 found for variable DAKOTA_RC_4.  Corrected to 1.72366.
06:55:22: quiet- NO_ID: Invalid value of 2.81585 found for variable DAKOTA_RC_6.  Corrected to 2.43928.
06:55:22: quiet- NO_ID: Invalid value of 12.3583 found for variable DAKOTA_EP_1.  Corrected to 9.62899.
06:55:22: quiet- NO_ID: Invalid value of 1.84257 found for variable DAKOTA_RC_6.  Corrected to 2.01119.
06:55:22: quiet- NO_ID: Invalid value of 2.41894 found for variable DAKOTA_RC_5.  Corrected to 1.83026.
06:55:22: quiet- NO_ID: Invalid value of 2.31037 found for variable DAKOTA_RC_4.  Corrected to 1.96794.
06:55:22: quiet- NO_ID: Invalid value of 2.56025 found for variable DAKOTA_RC_6.  Corrected to 2.30916.
06:55:22: quiet- NO_ID: Invalid value of 2.30949 found for variable DAKOTA_RC_4.  Corrected to 1.97314.
10:17:12: verbose- below_limit: Performed 198 total selections.
10:17:12: verbose- NO_ID: 23 of 170 population members were not selected to continue.  51 of 102 offspring were immediately rejected.
10:17:12: verbose- metric_tracker: Operating on 198 total designs and 71 "best fitness" designs.
10:17:12: verbose- metric_tracker: Max "best fitness" expanse change of 0.063% found for objective "Non-Linear Minimize obj_fn_3".
10:17:12: verbose- metric_tracker: Population density increased by 16.405%.
10:17:12: verbose- metric_tracker: 13.793% of the previous "best fitness" population is dominated by designs in the current "best fitness" population.
10:17:12: verbose- metric_tracker: Pushed metric value of 0.302613 onto the convergence stack.
10:17:12: verbose- metric_tracker: Current max percentage progress is 225.386%.
10:17:12: quiet- duplicate_free: 12 generations so far.
10:17:12: quiet- duplicate_free: 796 evaluations so far.
10:17:12: verbose- duplicate_free: 198 members in population so far.
10:17:12: verbose- multi_point_parameterized_binary: 80 children created.
10:17:12: quiet- offset_normal: Produced invalid  variable representation 12.6644. Mutation performed without corrective action.
10:17:12: verbose- offset_normal: Performed 40 total mutations.
10:17:12: quiet- NO_ID: Invalid value of 2.70833 found for variable DAKOTA_RC_9.  Corrected to 2.16029.
10:17:12: quiet- NO_ID: Invalid value of 2.52418 found for variable DAKOTA_RC_2.  Corrected to 2.32.
10:17:12: quiet- NO_ID: Invalid value of 2.31861 found for variable DAKOTA_RC_5.  Corrected to 2.12713.
10:17:12: quiet- NO_ID: Invalid value of 12.2614 found for variable DAKOTA_EP_1.  Corrected to 3.38855.
10:17:12: quiet- NO_ID: Invalid value of 12.6644 found for variable DAKOTA_EP_1.  Corrected to 9.64796.
10:17:12: quiet- NO_ID: Invalid value of 1.67134 found for variable DAKOTA_RC_5.  Corrected to 2.04981.
10:17:12: quiet- NO_ID: Invalid value of 2.72116 found for variable DAKOTA_RC_9.  Corrected to 2.60269.
10:17:12: quiet- NO_ID: Invalid value of 2.20482 found for variable DAKOTA_RC_3.  Corrected to 1.71593.
10:17:12: quiet- NO_ID: Invalid value of 1.58846 found for variable DAKOTA_RC_4.  Corrected to 2.18686.
10:17:12: quiet- NO_ID: Invalid value of 1.8426 found for variable DAKOTA_RC_6.  Corrected to 2.36967.
10:17:12: quiet- NO_ID: Invalid value of 12.2081 found for variable DAKOTA_EP_1.  Corrected to 8.96819.
10:17:12: quiet- NO_ID: Invalid value of 1.57047 found for variable DAKOTA_RC_4.  Corrected to 1.78593.
10:17:12: quiet- NO_ID: Invalid value of 2.45197 found for variable DAKOTA_RC_5.  Corrected to 2.2767.
10:17:12: quiet- NO_ID: Invalid value of 2.20505 found for variable DAKOTA_RC_3.  Corrected to 1.75414.
10:17:12: quiet- NO_ID: Invalid value of 2.72872 found for variable DAKOTA_RC_9.  Corrected to 2.66281.
10:17:12: quiet- NO_ID: Invalid value of 2.68869 found for variable DAKOTA_RC_6.  Corrected to 1.94265.
10:17:12: quiet- NO_ID: Invalid value of 2.71052 found for variable DAKOTA_RC_9.  Corrected to 2.37427.
10:17:12: quiet- NO_ID: Invalid value of 2.45179 found for variable DAKOTA_RC_5.  Corrected to 2.08761.
10:17:12: quiet- NO_ID: Invalid value of 2.81693 found for variable DAKOTA_RC_6.  Corrected to 2.41701.
10:17:12: quiet- NO_ID: Invalid value of 12.9405 found for variable DAKOTA_EP_2.  Corrected to 7.40509.
10:17:12: quiet- NO_ID: Invalid value of 2.32971 found for variable DAKOTA_RC_4.  Corrected to 1.67108.
10:17:12: quiet- NO_ID: Invalid value of 2.30936 found for variable DAKOTA_RC_4.  Corrected to 2.11473.
10:17:12: quiet- NO_ID: Invalid value of 1.63688 found for variable DAKOTA_RC_5.  Corrected to 2.11454.
10:17:12: quiet- NO_ID: Invalid value of 1.77914 found for variable DAKOTA_RC_7.  Corrected to 2.19833.
10:17:12: quiet- NO_ID: Invalid value of 12.5155 found for variable DAKOTA_EP_1.  Corrected to 6.9783.
10:17:12: quiet- NO_ID: Invalid value of 2.73229 found for variable DAKOTA_RC_6.  Corrected to 2.39792.
10:17:12: quiet- NO_ID: Invalid value of 1.80007 found for variable DAKOTA_RC_6.  Corrected to 2.36644.
10:17:12: quiet- NO_ID: Invalid value of 1.61 found for variable DAKOTA_RC_5.  Corrected to 1.76481.
10:17:12: quiet- NO_ID: Invalid value of 13.5103 found for variable DAKOTA_EP_2.  Corrected to 7.71755.
14:19:59: verbose- below_limit: Performed 214 total selections.
14:19:59: verbose- NO_ID: 33 of 198 population members were not selected to continue.  71 of 120 offspring were immediately rejected.
14:19:59: verbose- metric_tracker: Operating on 214 total designs and 66 "best fitness" designs.
14:19:59: verbose- metric_tracker: Max "best fitness" expanse change of -24.546% found for objective "Non-Linear Minimize obj_fn_1".
14:19:59: verbose- metric_tracker: Population density increased by 8.214%.
14:19:59: verbose- metric_tracker: 26.761% of the previous "best fitness" population is dominated by designs in the current "best fitness" population.
14:19:59: verbose- metric_tracker: Pushed metric value of 0.595207 onto the convergence stack.
14:19:59: verbose- metric_tracker: Current max percentage progress is 119.897%.
14:19:59: quiet- duplicate_free: 13 generations so far.
14:19:59: quiet- duplicate_free: 916 evaluations so far.
14:19:59: verbose- duplicate_free: 214 members in population so far.
14:19:59: verbose- multi_point_parameterized_binary: 86 children created.
14:19:59: verbose- offset_normal: Performed 43 total mutations.
14:19:59: quiet- NO_ID: Invalid value of 2.60568 found for variable DAKOTA_RC_2.  Corrected to 2.27722.
14:19:59: quiet- NO_ID: Invalid value of 1.57226 found for variable DAKOTA_RC_4.  Corrected to 1.68295.
14:19:59: quiet- NO_ID: Invalid value of 2.34924 found for variable DAKOTA_RC_5.  Corrected to 2.11189.
14:19:59: quiet- NO_ID: Invalid value of 1.63727 found for variable DAKOTA_RC_5.  Corrected to 1.99064.
14:19:59: quiet- NO_ID: Invalid value of 2.35571 found for variable DAKOTA_RC_5.  Corrected to 1.72392.
14:19:59: quiet- NO_ID: Invalid value of 2.20096 found for variable DAKOTA_RC_3.  Corrected to 2.09913.
14:19:59: quiet- NO_ID: Invalid value of 2.0969 found for variable DAKOTA_RC_2.  Corrected to 2.39471.
14:19:59: quiet- NO_ID: Invalid value of 2.94626 found for variable DAKOTA_RC_9.  Corrected to 2.1871.
14:19:59: quiet- NO_ID: Invalid value of 12.2694 found for variable DAKOTA_EP_1.  Corrected to 5.67784.
14:19:59: quiet- NO_ID: Invalid value of 2.24483 found for variable DAKOTA_RC_4.  Corrected to 1.9792.
14:19:59: quiet- NO_ID: Invalid value of 2.20103 found for variable DAKOTA_RC_4.  Corrected to 2.11951.
14:19:59: quiet- NO_ID: Invalid value of 2.30933 found for variable DAKOTA_RC_4.  Corrected to 1.79214.
14:19:59: quiet- NO_ID: Invalid value of 12.9592 found for variable DAKOTA_EP_3.  Corrected to 2.11894.
14:19:59: quiet- NO_ID: Invalid value of 13.0245 found for variable DAKOTA_EP_2.  Corrected to 3.5211.
14:19:59: quiet- NO_ID: Invalid value of 2.32983 found for variable DAKOTA_RC_4.  Corrected to 2.02618.
18:42:25: verbose- below_limit: Performed 240 total selections.
18:42:25: verbose- NO_ID: 25 of 214 population members were not selected to continue.  78 of 129 offspring were immediately rejected.
18:42:25: verbose- metric_tracker: Operating on 240 total designs and 73 "best fitness" designs.
18:42:25: verbose- metric_tracker: Max "best fitness" expanse change of 0.008% found for objective "Non-Linear Minimize obj_fn_2".
18:42:25: verbose- metric_tracker: Population density increased by 40.725%.
18:42:25: verbose- metric_tracker: 6.061% of the previous "best fitness" population is dominated by designs in the current "best fitness" population.
18:42:25: verbose- metric_tracker: Pushed metric value of 0.46794 onto the convergence stack.
18:42:25: verbose- metric_tracker: Current max percentage progress is 119.897%.
18:42:25: quiet- duplicate_free: 14 generations so far.
18:42:25: quiet- duplicate_free: 1045 evaluations so far.
18:42:25: verbose- duplicate_free: 240 members in population so far.
18:42:25: verbose- multi_point_parameterized_binary: 96 children created.
18:42:25: quiet- offset_normal: Produced invalid  variable representation 12.0585. Mutation performed without corrective action.
18:42:25: verbose- offset_normal: Performed 48 total mutations.
18:42:25: quiet- NO_ID: Invalid value of 12.1175 found for variable DAKOTA_EP_1.  Corrected to 9.5795.
18:42:25: quiet- NO_ID: Invalid value of 12.0585 found for variable DAKOTA_EP_1.  Corrected to 0.77081.
18:42:25: quiet- NO_ID: Invalid value of 2.21052 found for variable DAKOTA_RC_3.  Corrected to 2.01602.
18:42:25: quiet- NO_ID: Invalid value of 1.80112 found for variable DAKOTA_RC_6.  Corrected to 2.12192.
18:42:25: quiet- NO_ID: Invalid value of 12.0293 found for variable DAKOTA_EP_1.  Corrected to 6.57761.
18:42:25: quiet- NO_ID: Invalid value of 2.43123 found for variable DAKOTA_RC_5.  Corrected to 2.16867.
18:42:25: quiet- NO_ID: Invalid value of 1.55774 found for variable DAKOTA_RC_4.  Corrected to 1.73139.
18:42:25: quiet- NO_ID: Invalid value of 1.77564 found for variable DAKOTA_RC_7.  Corrected to 1.96646.
18:42:25: quiet- NO_ID: Invalid value of 1.78385 found for variable DAKOTA_RC_7.  Corrected to 2.35283.
18:42:25: quiet- NO_ID: Invalid value of 2.24439 found for variable DAKOTA_RC_4.  Corrected to 1.88051.
18:42:25: quiet- NO_ID: Invalid value of 2.55733 found for variable DAKOTA_RC_6.  Corrected to 1.98676.
18:42:25: quiet- NO_ID: Invalid value of 2.61423 found for variable DAKOTA_RC_2.  Corrected to 2.32268.
18:42:25: quiet- NO_ID: Invalid value of 1.69515 found for variable DAKOTA_RC_5.  Corrected to 2.11649.
18:42:25: quiet- NO_ID: Invalid value of 2.52248 found for variable DAKOTA_RC_6.  Corrected to 2.16354.
18:42:25: quiet- NO_ID: Invalid value of 1.61733 found for variable DAKOTA_RC_5.  Corrected to 1.85434.
18:42:25: quiet- NO_ID: Invalid value of 2.43149 found for variable DAKOTA_RC_5.  Corrected to 1.86103.
18:42:25: quiet- NO_ID: Invalid value of 2.51438 found for variable DAKOTA_RC_4.  Corrected to 2.12908.
18:42:25: quiet- NO_ID: Invalid value of 15.8635 found for variable DAKOTA_EP_2.  Corrected to 4.41433.
23:47:14: verbose- below_limit: Performed 265 total selections.
23:47:14: verbose- NO_ID: 32 of 240 population members were not selected to continue.  87 of 144 offspring were immediately rejected.
23:47:14: verbose- metric_tracker: Operating on 265 total designs and 73 "best fitness" designs.
23:47:14: verbose- metric_tracker: Max "best fitness" expanse change of -10.379% found for objective "Non-Linear Minimize obj_fn_1".
23:47:14: verbose- metric_tracker: Population density increased by 10.417%.
23:47:14: verbose- metric_tracker: 34.247% of the previous "best fitness" population is dominated by designs in the current "best fitness" population.
23:47:14: verbose- metric_tracker: Pushed metric value of 0.55042 onto the convergence stack.
23:47:14: verbose- metric_tracker: Current max percentage progress is 119.897%.
23:47:14: quiet- duplicate_free: 15 generations so far.
23:47:14: quiet- duplicate_free: 1189 evaluations so far.
23:47:14: verbose- duplicate_free: 265 members in population so far.
23:47:14: verbose- multi_point_parameterized_binary: 106 children created.
23:47:14: verbose- offset_normal: Performed 53 total mutations.
23:47:14: quiet- NO_ID: Invalid value of 2.24637 found for variable DAKOTA_RC_4.  Corrected to 2.11309.
23:47:14: quiet- NO_ID: Invalid value of 2.32568 found for variable DAKOTA_RC_4.  Corrected to 1.79103.
23:47:14: quiet- NO_ID: Invalid value of 1.63038 found for variable DAKOTA_RC_5.  Corrected to 1.7459.
23:47:14: quiet- NO_ID: Invalid value of 2.70314 found for variable DAKOTA_RC_9.  Corrected to 2.27382.
23:47:14: quiet- NO_ID: Invalid value of 1.5937 found for variable DAKOTA_RC_4.  Corrected to 1.81301.
23:47:14: quiet- NO_ID: Invalid value of 12.304 found for variable DAKOTA_EP_1.  Corrected to 9.02414.
23:47:14: quiet- NO_ID: Invalid value of 2.45778 found for variable DAKOTA_RC_5.  Corrected to 1.74608.
23:47:14: quiet- NO_ID: Invalid value of 2.72935 found for variable DAKOTA_RC_9.  Corrected to 2.58373.
23:47:14: quiet- NO_ID: Invalid value of 1.56227 found for variable DAKOTA_RC_4.  Corrected to 1.86952.
23:47:14: quiet- NO_ID: Invalid value of 2.71688 found for variable DAKOTA_RC_9.  Corrected to 2.59046.
23:47:14: quiet- NO_ID: Invalid value of 15.6132 found for variable DAKOTA_EP_2.  Corrected to 1.85888.
23:47:14: quiet- NO_ID: Invalid value of 2.41792 found for variable DAKOTA_RC_5.  Corrected to 1.82401.
23:47:14: quiet- NO_ID: Invalid value of 2.74928 found for variable DAKOTA_RC_9.  Corrected to 2.42384.
23:47:14: quiet- NO_ID: Invalid value of 2.09595 found for variable DAKOTA_RC_9.  Corrected to 2.19832.
23:47:14: quiet- NO_ID: Invalid value of 2.5066 found for variable DAKOTA_RC_2.  Corrected to 2.32308.
23:47:14: quiet- NO_ID: Invalid value of 2.70646 found for variable DAKOTA_RC_9.  Corrected to 2.28861.
23:47:14: quiet- NO_ID: Invalid value of 2.31861 found for variable DAKOTA_RC_5.  Corrected to 2.29855.
23:47:14: quiet- NO_ID: Invalid value of 2.39642 found for variable DAKOTA_RC_5.  Corrected to 1.7345.
23:47:14: quiet- NO_ID: Invalid value of 12.1238 found for variable DAKOTA_EP_1.  Corrected to 5.3946.
23:47:14: quiet- NO_ID: Invalid value of 12.1216 found for variable DAKOTA_EP_3.  Corrected to 6.20138.
23:47:14: quiet- NO_ID: Invalid value of 2.09776 found for variable DAKOTA_RC_2.  Corrected to 2.30211.
23:47:14: quiet- NO_ID: Invalid value of 2.4918 found for variable DAKOTA_RC_5.  Corrected to 2.08533.
23:47:14: quiet- NO_ID: Invalid value of 2.32551 found for variable DAKOTA_RC_4.  Corrected to 1.81926.
23:47:14: quiet- NO_ID: Invalid value of 15.6196 found for variable DAKOTA_EP_2.  Corrected to 8.22886.
23:47:14: quiet- NO_ID: Invalid value of 2.30958 found for variable DAKOTA_RC_4.  Corrected to 1.71035.
23:47:14: quiet- NO_ID: Invalid value of 1.60512 found for variable DAKOTA_RC_5.  Corrected to 2.2701.
23:47:14: quiet- NO_ID: Invalid value of 13.5097 found for variable DAKOTA_EP_2.  Corrected to 5.60138.
23:47:14: quiet- NO_ID: Invalid value of 2.8367 found for variable DAKOTA_RC_9.  Corrected to 2.59389.
23:47:14: quiet- NO_ID: Invalid value of 1.84255 found for variable DAKOTA_RC_6.  Corrected to 2.17825.
23:47:14: quiet- NO_ID: Invalid value of 2.43246 found for variable DAKOTA_RC_5.  Corrected to 1.93739.
23:47:14: quiet- NO_ID: Invalid value of 2.24673 found for variable DAKOTA_RC_4.  Corrected to 1.93453.
23:47:14: quiet- NO_ID: Invalid value of 2.30783 found for variable DAKOTA_RC_4.  Corrected to 1.79135.
05:32:48: verbose- below_limit: Performed 283 total selections.
05:32:48: verbose- NO_ID: 42 of 265 population members were not selected to continue.  99 of 159 offspring were immediately rejected.
05:32:48: verbose- metric_tracker: Operating on 283 total designs and 68 "best fitness" designs.
05:32:48: verbose- metric_tracker: Max "best fitness" expanse change of 0.003% found for objective "Non-Linear Minimize obj_fn_3".
05:32:48: verbose- metric_tracker: Population density increased by 12.884%.
05:32:48: verbose- metric_tracker: 27.397% of the previous "best fitness" population is dominated by designs in the current "best fitness" population.
05:32:48: verbose- metric_tracker: Pushed metric value of 0.402846 onto the convergence stack.
05:32:48: verbose- metric_tracker: Current max percentage progress is 59.521%.
05:32:48: verbose- metric_tracker: Convergence attained.
05:32:48: quiet- duplicate_free: 16 generations so far.
05:32:48: quiet- duplicate_free: 1348 evaluations so far.
05:32:48: verbose- duplicate_free: 283 members in population so far.
05:32:48: verbose- NO_ID: Reclaimed 0 optimal designs from the discards.
05:32:48: quiet- NO_ID: Reclaimed 0 optimal designs that had been selected out.
05:32:48: verbose- NO_ID: Flushed 215 dominated designs from the population.
05:32:48: quiet- NO_ID: Ran 16 total generations.
05:32:48: quiet- NO_ID: Final population size = 68
05:32:48: verbose- NO_ID: Wrote designs file ".//finaldata1.dat".
05:32:48: verbose- NO_ID: Wrote designs file ".//discards.dat".
05:32:48: quiet- JEGA Front End: NO_ID execution took 18.27 seconds.
05:32:48: quiet- JEGA Front End: Execution took 18.27 seconds.
05:32:48: verbose- NO_ID: algorithm execution completed. 68 solutions found. Passing them back to DAKOTA.
05:32:48: quiet- NO_ID: find optimum completed and all results have been passed back to DAKOTA.


05:32:48: quiet- NO_ID: goodbye!


