  5.7729374910085668E-03 obj_fn_1
  6.9419562295309998E-05 obj_fn_2
  3.6495571634689687E-03 obj_fn_3
  2.2035505654061515E-03 obj_fn_4
  2.5262089826515416E-03 obj_fn_5
  1.8524113285630652E-03 obj_fn_6
  5.0541833180883214E-04 obj_fn_7
  1.0844041659398885E-04 obj_fn_8
  5.1279130038389238E-06 obj_fn_9
  6.5066059970449348E-04 obj_fn_10
  4.4725201119238476E-03 obj_fn_11
  4.4594848250606904E-03 obj_fn_12
  1.8638920761599075E-04 obj_fn_13
  4.8551775590019908E-04 obj_fn_14
  4.9028748299815910E-03 obj_fn_15
  1.1736712401876294E-02 obj_fn_16
  1.9133316235503149E-02 obj_fn_17
  2.2340000000000022E+00 obj_fn_18
  5.7371225841171741E-02 obj_fn_19
  2.2381360506834563E-01 obj_fn_20
  2.6561119009314162E-02 obj_fn_21
  3.5267992916730981E-02 obj_fn_22
  4.2370185382910467E-03 obj_fn_23
