JEGA Genetic Algorithm Optimization Software v2.7.0
Run started Sun Jun  9 15:11:18 2019

Global Log initialized using "verbose" as default level.
Global Log logging to file JEGAGlobal.log
Global Log logging to console window
15:11:18: quiet- JEGA Front End: Random seed = 1560187478
15:11:18: verbose- Design Target: Design variable DAKOTA_RC_1 added.  1 design variables now in target.
15:11:18: verbose- Design Target: Design variable DAKOTA_RC_2 added.  2 design variables now in target.
15:11:18: verbose- Design Target: Design variable DAKOTA_RC_3 added.  3 design variables now in target.
15:11:18: verbose- Design Target: Design variable DAKOTA_RC_4 added.  4 design variables now in target.
15:11:18: verbose- Design Target: Design variable DAKOTA_RC_5 added.  5 design variables now in target.
15:11:18: verbose- Design Target: Design variable DAKOTA_RC_6 added.  6 design variables now in target.
15:11:18: verbose- Design Target: Design variable DAKOTA_RC_7 added.  7 design variables now in target.
15:11:18: verbose- Design Target: Design variable DAKOTA_EP_1 added.  8 design variables now in target.
15:11:18: verbose- Design Target: Design variable DAKOTA_EP_2 added.  9 design variables now in target.
15:11:18: verbose- Design Target: Objective Non-Linear Minimize obj_fn_1 added.  1 objectives now in target.
15:11:18: verbose- Design Target: Objective Non-Linear Minimize obj_fn_2 added.  2 objectives now in target.
15:11:18: verbose- Design Target: Objective Non-Linear Minimize obj_fn_3 added.  3 objectives now in target.
15:11:18: verbose- JEGA Front End: Creating a MOGA
15:11:18: debug-  Matching Group: Trying "Domination Count Operator Group".
15:11:18: verbose- Domination Count Operator Group: Contains Converger "metric_tracker".
15:11:18: verbose- Domination Count Operator Group: Contains Crosser "multi_point_parameterized_binary".
15:11:18: verbose- Domination Count Operator Group: Contains FitnessAssessor "domination_count".
15:11:18: verbose- Domination Count Operator Group: Contains Initializer "unique_random".
15:11:18: verbose- Domination Count Operator Group: Contains MainLoop "duplicate_free".
15:11:18: verbose- Domination Count Operator Group: Contains Mutator "offset_normal".
15:11:18: verbose- Domination Count Operator Group: Contains Selector "below_limit".
15:11:18: verbose- Domination Count Operator Group: Contains PostProcessor "null_postprocessor".
15:11:18: verbose- Domination Count Operator Group: Contains NichePressureApplicator "null_niching".
15:11:18: debug-  Matching Group: "Domination Count Operator Group" match succeeded.
15:11:18: quiet- : Matched new set to a group that is not the current group.  Adopting the new group.
15:11:18: verbose- Domination Count Operator Group: Contains Converger "metric_tracker".
15:11:18: verbose- Domination Count Operator Group: Contains Crosser "multi_point_parameterized_binary".
15:11:18: verbose- Domination Count Operator Group: Contains FitnessAssessor "domination_count".
15:11:18: verbose- Domination Count Operator Group: Contains Initializer "unique_random".
15:11:18: verbose- Domination Count Operator Group: Contains MainLoop "duplicate_free".
15:11:18: verbose- Domination Count Operator Group: Contains Mutator "offset_normal".
15:11:18: verbose- Domination Count Operator Group: Contains Selector "below_limit".
15:11:18: verbose- Domination Count Operator Group: Contains PostProcessor "null_postprocessor".
15:11:18: verbose- Domination Count Operator Group: Contains NichePressureApplicator "null_niching".
15:11:18: verbose- NO_ID: The name of this GA is now NO_ID
15:11:18: verbose- NO_ID: The print each population flag is now set to 0
15:11:18: verbose- NO_ID: The print final data flag is now set to 1
15:11:18: verbose- NO_ID: The print discards flag is now set to 1
15:11:18: verbose- NO_ID: The name of the file to which final data will be written is now finaldata1.dat
15:11:18: verbose- NO_ID: The data directory is now set to ./
15:11:18: verbose- metric_tracker: Number of generations tracked now = 10
15:11:18: verbose- metric_tracker: Max allowable % change now = 1
15:11:18: verbose- metric_tracker: Maximum allowable generations now = 100
15:11:18: verbose- metric_tracker: Maximum allowable evaluations now = 20000
15:11:18: quiet- Error encountered while retrieving parameter named "method.max_time" of type "d" from parameter database reading: Parameter not found for tag: method.max_time
15:11:18: verbose- metric_tracker: The maximum allowable amount of time was not found in the parameter database.  Using the current value of 1.79769e+308
15:11:18: verbose- metric_tracker: Maximum allowable time now = 1.79769e+308 seconds 
15:11:18: quiet- Error encountered while retrieving parameter named "method.jega.num_cross_points" of type "St6vectorIiSaIiEE" from parameter database reading: Parameter not found for tag: method.jega.num_cross_points
15:11:18: verbose- multi_point_parameterized_binary: The number of crossover points for each variable were not found in the parameter database.  Checking for a single value.
15:11:18: verbose- multi_point_parameterized_binary: Number of crossover points now = 2
15:11:18: verbose- multi_point_parameterized_binary: Crossover rate now = 0.4
15:11:18: verbose- multi_point_parameterized_binary: Number of crossover points for variable "DAKOTA_RC_1" now = 2.
15:11:18: verbose- multi_point_parameterized_binary: Number of crossover points for variable "DAKOTA_RC_2" now = 2.
15:11:18: verbose- multi_point_parameterized_binary: Number of crossover points for variable "DAKOTA_RC_3" now = 2.
15:11:18: verbose- multi_point_parameterized_binary: Number of crossover points for variable "DAKOTA_RC_4" now = 2.
15:11:18: verbose- multi_point_parameterized_binary: Number of crossover points for variable "DAKOTA_RC_5" now = 2.
15:11:18: verbose- multi_point_parameterized_binary: Number of crossover points for variable "DAKOTA_RC_6" now = 2.
15:11:18: verbose- multi_point_parameterized_binary: Number of crossover points for variable "DAKOTA_RC_7" now = 2.
15:11:18: verbose- multi_point_parameterized_binary: Number of crossover points for variable "DAKOTA_EP_1" now = 2.
15:11:18: verbose- multi_point_parameterized_binary: Number of crossover points for variable "DAKOTA_EP_2" now = 2.
15:11:18: verbose- DAKOTA JEGA Evaluator: Maximum allowable evaluations now = 20000
15:11:18: verbose- DAKOTA JEGA Evaluator: The evaluation concurrency is now 1
15:11:18: verbose- unique_random: Desired initial population size now = 250
15:11:18: verbose- null_niching: Niched design caching now set to true.
15:11:18: quiet- Error encountered while retrieving parameter named "method.jega.max_niche_cache_size" of type "m" from parameter database reading: Parameter not found for tag: method.jega.max_niche_cache_size
15:11:18: verbose- null_niching: The max niche cache size value was not found in the parameter database.  Using the current value of 1
15:11:18: verbose- null_niching: Niched design caching max size now set to 18446744073709551615.
15:11:18: verbose- offset_normal: Offset range now = 0.05
15:11:18: verbose- offset_normal: Mutation rate now = 0.2
15:11:18: verbose- below_limit: Limiting value now = 6
15:11:18: verbose- below_limit: Shrinkage percentage now = 0.3
15:11:18: verbose- below_limit: Minimum selections now = 2
15:11:18: verbose- NO_ID: About to perform algorithm execution.
15:11:18: verbose- unique_random: 250 unique random designs created.
20:03:35: verbose- below_limit: Performed 75 total selections.
20:03:35: verbose- NO_ID: 175 of 250 population members were not selected to continue.  0 of 0 offspring were immediately rejected.
20:03:35: verbose- metric_tracker: Operating on 75 total designs and 8 "best fitness" designs.
20:03:35: verbose- metric_tracker: Pushed metric value of 0 onto the convergence stack.
20:03:35: quiet- duplicate_free: 1 generation so far.
20:03:35: quiet- duplicate_free: 250 evaluations so far.
20:03:35: verbose- duplicate_free: 75 members in population so far.
20:03:35: verbose- multi_point_parameterized_binary: 30 children created.
20:03:35: quiet- offset_normal: Produced invalid  variable representation 12.017. Mutation performed without corrective action.
20:03:35: quiet- offset_normal: Produced invalid  variable representation 0.970973. Mutation performed without corrective action.
20:03:35: verbose- offset_normal: Performed 15 total mutations.
20:03:35: quiet- NO_ID: Invalid value of 12.017 found for variable DAKOTA_EP_1.  Corrected to 7.93981.
20:03:35: quiet- NO_ID: Invalid value of 0.38835 found for variable DAKOTA_RC_3.  Corrected to 0.561862.
20:03:35: quiet- NO_ID: Invalid value of 0.847016 found for variable DAKOTA_RC_2.  Corrected to 1.17948.
20:03:35: quiet- NO_ID: Invalid value of 0.970973 found for variable DAKOTA_RC_6.  Corrected to 1.33105.
20:03:35: quiet- NO_ID: Invalid value of 0.980639 found for variable DAKOTA_RC_6.  Corrected to 1.14953.
20:03:35: quiet- NO_ID: Invalid value of 1.40079 found for variable DAKOTA_RC_6.  Corrected to 1.25236.
20:03:35: quiet- NO_ID: Invalid value of 1.43959 found for variable DAKOTA_RC_1.  Corrected to 1.38683.
21:18:40: verbose- below_limit: Performed 41 total selections.
21:18:40: verbose- NO_ID: 47 of 75 population members were not selected to continue.  32 of 45 offspring were immediately rejected.
21:18:40: verbose- metric_tracker: Operating on 41 total designs and 8 "best fitness" designs.
21:18:40: verbose- metric_tracker: No "best fitness" expansion or contraction occurred this generation.
21:18:40: verbose- metric_tracker: Population density increased by 135.896%.
21:18:40: verbose- metric_tracker: 37.5% of the previous "best fitness" population is dominated by designs in the current "best fitness" population.
21:18:40: verbose- metric_tracker: Pushed metric value of 1.73396 onto the convergence stack.
21:18:40: quiet- duplicate_free: 2 generations so far.
21:18:40: quiet- duplicate_free: 295 evaluations so far.
21:18:40: verbose- duplicate_free: 41 members in population so far.
21:18:40: verbose- multi_point_parameterized_binary: 16 children created.
21:18:40: verbose- offset_normal: Performed 8 total mutations.
21:18:40: quiet- NO_ID: Invalid value of 0.993819 found for variable DAKOTA_RC_1.  Corrected to 1.24687.
21:18:40: quiet- NO_ID: Invalid value of 1.3401 found for variable DAKOTA_RC_4.  Corrected to 0.944142.
21:18:40: quiet- NO_ID: Invalid value of 0.97368 found for variable DAKOTA_RC_6.  Corrected to 1.28328.
21:18:40: quiet- NO_ID: Invalid value of 1.30841 found for variable DAKOTA_RC_7.  Corrected to 1.11347.
21:18:40: quiet- NO_ID: Invalid value of 0.891099 found for variable DAKOTA_RC_7.  Corrected to 1.01052.
21:18:40: quiet- NO_ID: Invalid value of 1.43946 found for variable DAKOTA_RC_1.  Corrected to 1.18166.
22:00:08: verbose- below_limit: Performed 44 total selections.
22:00:08: verbose- NO_ID: 12 of 41 population members were not selected to continue.  9 of 24 offspring were immediately rejected.
22:00:08: verbose- metric_tracker: Operating on 44 total designs and 8 "best fitness" designs.
22:00:08: verbose- metric_tracker: No "best fitness" expansion or contraction occurred this generation.
22:00:08: verbose- metric_tracker: Population density increased by 9.765%.
22:00:08: verbose- metric_tracker: 25% of the previous "best fitness" population is dominated by designs in the current "best fitness" population.
22:00:08: verbose- metric_tracker: Pushed metric value of 0.347648 onto the convergence stack.
22:00:08: quiet- duplicate_free: 3 generations so far.
22:00:08: quiet- duplicate_free: 319 evaluations so far.
22:00:08: verbose- duplicate_free: 44 members in population so far.
22:00:08: verbose- multi_point_parameterized_binary: 18 children created.
22:00:08: quiet- offset_normal: Produced invalid  variable representation 0.994218. Mutation performed without corrective action.
22:00:08: verbose- offset_normal: Performed 9 total mutations.
22:00:08: quiet- NO_ID: Invalid value of 1.3088 found for variable DAKOTA_RC_7.  Corrected to 1.24105.
22:00:08: quiet- NO_ID: Invalid value of 0.994218 found for variable DAKOTA_RC_6.  Corrected to 1.12313.
22:00:08: quiet- NO_ID: Invalid value of 1.43394 found for variable DAKOTA_RC_1.  Corrected to 1.36018.
22:39:31: verbose- below_limit: Performed 49 total selections.
22:39:31: verbose- NO_ID: 12 of 44 population members were not selected to continue.  10 of 27 offspring were immediately rejected.
22:39:31: verbose- metric_tracker: Operating on 49 total designs and 8 "best fitness" designs.
22:39:31: verbose- metric_tracker: Max "best fitness" expanse change of 2.411% found for objective "Non-Linear Minimize obj_fn_1".
22:39:31: verbose- metric_tracker: Population density increased by 27.467%.
22:39:31: verbose- metric_tracker: 25% of the previous "best fitness" population is dominated by designs in the current "best fitness" population.
22:39:31: verbose- metric_tracker: Pushed metric value of 0.548776 onto the convergence stack.
22:39:31: quiet- duplicate_free: 4 generations so far.
22:39:31: quiet- duplicate_free: 346 evaluations so far.
22:39:31: verbose- duplicate_free: 49 members in population so far.
22:39:31: verbose- multi_point_parameterized_binary: 20 children created.
22:39:31: quiet- offset_normal: Produced invalid  variable representation 0.980107. Mutation performed without corrective action.
22:39:31: verbose- offset_normal: Performed 10 total mutations.
22:39:31: quiet- NO_ID: Invalid value of 1.07138 found for variable DAKOTA_RC_3.  Corrected to 0.812988.
22:39:31: quiet- NO_ID: Invalid value of 0.980107 found for variable DAKOTA_RC_6.  Corrected to 1.31421.
22:39:31: quiet- NO_ID: Invalid value of 0.878081 found for variable DAKOTA_RC_2.  Corrected to 1.114.
23:28:01: verbose- below_limit: Performed 51 total selections.
23:28:01: verbose- NO_ID: 12 of 49 population members were not selected to continue.  16 of 30 offspring were immediately rejected.
23:28:01: verbose- metric_tracker: Operating on 51 total designs and 10 "best fitness" designs.
23:28:01: verbose- metric_tracker: No "best fitness" expansion or contraction occurred this generation.
23:28:01: verbose- metric_tracker: Population density increased by 5.959%.
23:28:01: verbose- metric_tracker: 25% of the previous "best fitness" population is dominated by designs in the current "best fitness" population.
23:28:01: verbose- metric_tracker: Pushed metric value of 0.309593 onto the convergence stack.
23:28:01: quiet- duplicate_free: 5 generations so far.
23:28:01: quiet- duplicate_free: 376 evaluations so far.
23:28:01: verbose- duplicate_free: 51 members in population so far.
23:28:01: verbose- multi_point_parameterized_binary: 20 children created.
23:28:01: quiet- offset_normal: Produced invalid  variable representation 0.999923. Mutation performed without corrective action.
23:28:01: quiet- offset_normal: Produced invalid  variable representation -0.0602398. Mutation performed without corrective action.
23:28:01: verbose- offset_normal: Performed 10 total mutations.
23:28:01: quiet- NO_ID: Invalid value of 0.999923 found for variable DAKOTA_RC_2.  Corrected to 1.25646.
23:28:01: quiet- NO_ID: Invalid value of 0.994066 found for variable DAKOTA_RC_2.  Corrected to 1.04014.
23:28:01: quiet- NO_ID: Invalid value of 1.30228 found for variable DAKOTA_RC_5.  Corrected to 1.27169.
23:28:01: quiet- NO_ID: Invalid value of 1.40659 found for variable DAKOTA_RC_6.  Corrected to 1.39526.
23:28:01: quiet- NO_ID: Invalid value of -0.0602398 found for variable DAKOTA_EP_2.  Corrected to 8.2875.
23:28:01: quiet- NO_ID: Invalid value of 0.999507 found for variable DAKOTA_RC_6.  Corrected to 1.29914.
23:28:01: quiet- NO_ID: Invalid value of 0.841527 found for variable DAKOTA_RC_7.  Corrected to 0.964167.
23:28:01: quiet- NO_ID: Invalid value of 0.999337 found for variable DAKOTA_RC_6.  Corrected to 1.02267.
23:28:01: quiet- NO_ID: Invalid value of 0.971177 found for variable DAKOTA_RC_2.  Corrected to 1.15182.
00:13:17: verbose- below_limit: Performed 46 total selections.
00:13:17: verbose- NO_ID: 21 of 51 population members were not selected to continue.  14 of 30 offspring were immediately rejected.
00:13:17: verbose- metric_tracker: Operating on 46 total designs and 7 "best fitness" designs.
00:13:17: verbose- metric_tracker: Max "best fitness" expanse change of 1.406% found for objective "Non-Linear Minimize obj_fn_1".
00:13:17: verbose- metric_tracker: Population density decreased by 10.332%.
00:13:17: verbose- metric_tracker: 60% of the previous "best fitness" population is dominated by designs in the current "best fitness" population.
00:13:17: verbose- metric_tracker: Pushed metric value of 0.717376 onto the convergence stack.
00:13:17: quiet- duplicate_free: 6 generations so far.
00:13:17: quiet- duplicate_free: 406 evaluations so far.
00:13:17: verbose- duplicate_free: 46 members in population so far.
00:13:17: verbose- multi_point_parameterized_binary: 18 children created.
00:13:17: quiet- offset_normal: Produced invalid  variable representation 0.943068. Mutation performed without corrective action.
00:13:17: verbose- offset_normal: Performed 9 total mutations.
00:13:17: quiet- NO_ID: Invalid value of 0.778201 found for variable DAKOTA_RC_5.  Corrected to 1.2833.
00:13:17: quiet- NO_ID: Invalid value of 1.40513 found for variable DAKOTA_RC_6.  Corrected to 1.24163.
00:13:17: quiet- NO_ID: Invalid value of 1.42703 found for variable DAKOTA_RC_6.  Corrected to 1.06416.
00:13:17: quiet- NO_ID: Invalid value of 1.40954 found for variable DAKOTA_RC_5.  Corrected to 1.03738.
00:13:17: quiet- NO_ID: Invalid value of 0.943068 found for variable DAKOTA_RC_6.  Corrected to 1.28435.
00:56:00: verbose- below_limit: Performed 51 total selections.
00:56:00: verbose- NO_ID: 10 of 46 population members were not selected to continue.  12 of 27 offspring were immediately rejected.
00:56:00: verbose- metric_tracker: Operating on 51 total designs and 7 "best fitness" designs.
00:56:00: verbose- metric_tracker: No "best fitness" expansion or contraction occurred this generation.
00:56:00: verbose- metric_tracker: Population density increased by 10.87%.
00:56:00: verbose- metric_tracker: No "best fitness" designs from the previous population are dominated by "best fitness" designs in the current population.
00:56:00: verbose- metric_tracker: Pushed metric value of 0.108696 onto the convergence stack.
00:56:00: quiet- duplicate_free: 7 generations so far.
00:56:00: quiet- duplicate_free: 433 evaluations so far.
00:56:00: verbose- duplicate_free: 51 members in population so far.
00:56:00: verbose- multi_point_parameterized_binary: 20 children created.
00:56:00: verbose- offset_normal: Performed 10 total mutations.
00:56:00: quiet- NO_ID: Invalid value of 1.39998 found for variable DAKOTA_RC_4.  Corrected to 0.973274.
00:56:00: quiet- NO_ID: Invalid value of 1.30202 found for variable DAKOTA_RC_5.  Corrected to 0.969656.
00:56:00: quiet- NO_ID: Invalid value of 0.871075 found for variable DAKOTA_RC_6.  Corrected to 1.26864.
00:56:00: quiet- NO_ID: Invalid value of 1.40333 found for variable DAKOTA_RC_6.  Corrected to 1.16319.
00:56:00: quiet- NO_ID: Invalid value of 0.885233 found for variable DAKOTA_RC_5.  Corrected to 1.0414.
00:56:00: quiet- NO_ID: Invalid value of 1.61139 found for variable DAKOTA_RC_6.  Corrected to 1.32311.
00:56:00: quiet- NO_ID: Invalid value of 0.986529 found for variable DAKOTA_RC_6.  Corrected to 1.3488.
01:46:54: verbose- below_limit: Performed 65 total selections.
01:46:54: verbose- NO_ID: 8 of 51 population members were not selected to continue.  8 of 30 offspring were immediately rejected.
01:46:54: verbose- metric_tracker: Operating on 65 total designs and 9 "best fitness" designs.
01:46:54: verbose- metric_tracker: No "best fitness" expansion or contraction occurred this generation.
01:46:54: verbose- metric_tracker: Population density increased by 27.451%.
01:46:54: verbose- metric_tracker: 28.571% of the previous "best fitness" population is dominated by designs in the current "best fitness" population.
01:46:54: verbose- metric_tracker: Pushed metric value of 0.560224 onto the convergence stack.
01:46:54: quiet- duplicate_free: 8 generations so far.
01:46:54: quiet- duplicate_free: 463 evaluations so far.
01:46:54: verbose- duplicate_free: 65 members in population so far.
01:46:54: verbose- multi_point_parameterized_binary: 26 children created.
01:46:54: verbose- offset_normal: Performed 13 total mutations.
01:46:54: quiet- NO_ID: Invalid value of 0.870072 found for variable DAKOTA_RC_6.  Corrected to 1.03509.
01:46:54: quiet- NO_ID: Invalid value of 1.58272 found for variable DAKOTA_RC_6.  Corrected to 1.34449.
01:46:54: quiet- NO_ID: Invalid value of 1.48134 found for variable DAKOTA_RC_6.  Corrected to 1.27192.
01:46:54: quiet- NO_ID: Invalid value of 0.976617 found for variable DAKOTA_RC_2.  Corrected to 1.1696.
01:46:54: quiet- NO_ID: Invalid value of 0.999195 found for variable DAKOTA_RC_6.  Corrected to 1.02707.
01:46:54: quiet- NO_ID: Invalid value of 1.01127 found for variable DAKOTA_RC_3.  Corrected to 0.884163.
01:46:54: quiet- NO_ID: Invalid value of 1.59562 found for variable DAKOTA_RC_1.  Corrected to 1.22809.
02:48:14: verbose- below_limit: Performed 61 total selections.
02:48:14: verbose- NO_ID: 20 of 65 population members were not selected to continue.  23 of 39 offspring were immediately rejected.
02:48:14: verbose- metric_tracker: Operating on 61 total designs and 8 "best fitness" designs.
02:48:14: verbose- metric_tracker: Max "best fitness" expanse change of -22.444% found for objective "Non-Linear Minimize obj_fn_3".
02:48:14: verbose- metric_tracker: Population density increased by 1.877%.
02:48:14: verbose- metric_tracker: 44.444% of the previous "best fitness" population is dominated by designs in the current "best fitness" population.
02:48:14: verbose- metric_tracker: Pushed metric value of 0.68765 onto the convergence stack.
02:48:14: quiet- duplicate_free: 9 generations so far.
02:48:14: quiet- duplicate_free: 502 evaluations so far.
02:48:14: verbose- duplicate_free: 61 members in population so far.
02:48:14: verbose- multi_point_parameterized_binary: 24 children created.
02:48:14: verbose- offset_normal: Performed 12 total mutations.
02:48:14: quiet- NO_ID: Invalid value of 0.971778 found for variable DAKOTA_RC_2.  Corrected to 1.07523.
02:48:14: quiet- NO_ID: Invalid value of 1.4027 found for variable DAKOTA_RC_6.  Corrected to 1.10802.
02:48:14: quiet- NO_ID: Invalid value of 1.40526 found for variable DAKOTA_RC_6.  Corrected to 1.04473.
02:48:14: quiet- NO_ID: Invalid value of 1.42713 found for variable DAKOTA_RC_6.  Corrected to 1.19592.
02:48:14: quiet- NO_ID: Invalid value of 0.971906 found for variable DAKOTA_RC_2.  Corrected to 1.29215.
02:48:14: quiet- NO_ID: Invalid value of 1.40299 found for variable DAKOTA_RC_6.  Corrected to 1.39981.
02:48:14: quiet- NO_ID: Invalid value of 0.861393 found for variable DAKOTA_RC_5.  Corrected to 0.937691.
02:48:14: quiet- NO_ID: Invalid value of 0.773681 found for variable DAKOTA_RC_5.  Corrected to 1.14507.
02:48:14: quiet- NO_ID: Invalid value of 13.4355 found for variable DAKOTA_EP_1.  Corrected to 8.56371.
02:48:14: quiet- NO_ID: Invalid value of 1.34027 found for variable DAKOTA_RC_2.  Corrected to 1.09865.
03:44:51: verbose- below_limit: Performed 53 total selections.
03:44:51: verbose- NO_ID: 20 of 61 population members were not selected to continue.  24 of 36 offspring were immediately rejected.
03:44:51: verbose- metric_tracker: Operating on 53 total designs and 9 "best fitness" designs.
03:44:51: verbose- metric_tracker: No "best fitness" expansion or contraction occurred this generation.
03:44:51: verbose- metric_tracker: Population density decreased by 6.345%.
03:44:51: verbose- metric_tracker: 12.5% of the previous "best fitness" population is dominated by designs in the current "best fitness" population.
03:44:51: verbose- metric_tracker: Pushed metric value of 0.188445 onto the convergence stack.
03:44:51: verbose- metric_tracker: Current max percentage progress is 173.396%.
03:44:51: quiet- duplicate_free: 10 generations so far.
03:44:51: quiet- duplicate_free: 538 evaluations so far.
03:44:51: verbose- duplicate_free: 53 members in population so far.
03:44:51: verbose- multi_point_parameterized_binary: 22 children created.
03:44:51: quiet- offset_normal: Produced invalid  variable representation 0.975975. Mutation performed without corrective action.
03:44:51: quiet- offset_normal: Produced invalid  variable representation 0.98926. Mutation performed without corrective action.
03:44:51: verbose- offset_normal: Performed 11 total mutations.
03:44:51: quiet- NO_ID: Invalid value of 0.871336 found for variable DAKOTA_RC_6.  Corrected to 1.06495.
03:44:51: quiet- NO_ID: Invalid value of 0.971722 found for variable DAKOTA_RC_2.  Corrected to 1.05053.
03:44:51: quiet- NO_ID: Invalid value of 0.861569 found for variable DAKOTA_RC_5.  Corrected to 1.25648.
03:44:51: quiet- NO_ID: Invalid value of 0.821527 found for variable DAKOTA_RC_5.  Corrected to 1.0433.
03:44:51: quiet- NO_ID: Invalid value of 0.975975 found for variable DAKOTA_RC_6.  Corrected to 1.04506.
03:44:51: quiet- NO_ID: Invalid value of 0.821529 found for variable DAKOTA_RC_5.  Corrected to 1.00842.
03:44:51: quiet- NO_ID: Invalid value of 1.58522 found for variable DAKOTA_RC_6.  Corrected to 1.19814.
03:44:51: quiet- NO_ID: Invalid value of 1.33166 found for variable DAKOTA_RC_2.  Corrected to 1.28218.
03:44:51: quiet- NO_ID: Invalid value of 0.98926 found for variable DAKOTA_RC_6.  Corrected to 1.15585.
03:44:51: quiet- NO_ID: Invalid value of 1.44304 found for variable DAKOTA_RC_1.  Corrected to 1.01643.
04:34:32: verbose- below_limit: Performed 49 total selections.
04:34:32: verbose- NO_ID: 20 of 53 population members were not selected to continue.  17 of 33 offspring were immediately rejected.
04:34:32: verbose- metric_tracker: Operating on 49 total designs and 11 "best fitness" designs.
04:34:32: verbose- metric_tracker: Max "best fitness" expanse change of -46.707% found for objective "Non-Linear Minimize obj_fn_1".
04:34:32: verbose- metric_tracker: Population density increased by 26.862%.
04:34:32: verbose- metric_tracker: 33.333% of the previous "best fitness" population is dominated by designs in the current "best fitness" population.
04:34:32: verbose- metric_tracker: Pushed metric value of 1.06902 onto the convergence stack.
04:34:32: verbose- metric_tracker: Current max percentage progress is 173.396%.
04:34:32: quiet- duplicate_free: 11 generations so far.
04:34:32: quiet- duplicate_free: 571 evaluations so far.
04:34:32: verbose- duplicate_free: 49 members in population so far.
04:34:32: verbose- multi_point_parameterized_binary: 20 children created.
04:34:32: quiet- offset_normal: Produced invalid  variable representation 1.30262. Mutation performed without corrective action.
04:34:32: verbose- offset_normal: Performed 10 total mutations.
04:34:32: quiet- NO_ID: Invalid value of 1.40656 found for variable DAKOTA_RC_6.  Corrected to 1.34539.
04:34:32: quiet- NO_ID: Invalid value of 0.984962 found for variable DAKOTA_RC_6.  Corrected to 1.19262.
04:34:32: quiet- NO_ID: Invalid value of 1.53388 found for variable DAKOTA_RC_6.  Corrected to 1.30899.
04:34:32: quiet- NO_ID: Invalid value of 0.98189 found for variable DAKOTA_RC_2.  Corrected to 1.24773.
04:34:32: quiet- NO_ID: Invalid value of 1.46185 found for variable DAKOTA_RC_6.  Corrected to 1.17848.
04:34:32: quiet- NO_ID: Invalid value of 0.996149 found for variable DAKOTA_RC_2.  Corrected to 1.16642.
04:34:32: quiet- NO_ID: Invalid value of 1.30262 found for variable DAKOTA_RC_5.  Corrected to 1.01479.
05:21:07: verbose- below_limit: Performed 55 total selections.
05:21:07: verbose- NO_ID: 12 of 49 population members were not selected to continue.  12 of 30 offspring were immediately rejected.
05:21:07: verbose- metric_tracker: Operating on 55 total designs and 17 "best fitness" designs.
05:21:07: verbose- metric_tracker: Max "best fitness" expanse change of 36.078% found for objective "Non-Linear Minimize obj_fn_3".
05:21:07: verbose- metric_tracker: Population density increased by 5.975%.
05:21:07: verbose- metric_tracker: 27.273% of the previous "best fitness" population is dominated by designs in the current "best fitness" population.
05:21:07: verbose- metric_tracker: Pushed metric value of 0.69325 onto the convergence stack.
05:21:07: verbose- metric_tracker: Current max percentage progress is 106.902%.
05:21:07: quiet- duplicate_free: 12 generations so far.
05:21:07: quiet- duplicate_free: 601 evaluations so far.
05:21:07: verbose- duplicate_free: 55 members in population so far.
05:21:07: verbose- multi_point_parameterized_binary: 22 children created.
05:21:07: verbose- offset_normal: Performed 11 total mutations.
05:21:07: quiet- NO_ID: Invalid value of 0.775665 found for variable DAKOTA_RC_5.  Corrected to 0.929925.
05:21:07: quiet- NO_ID: Invalid value of 1.52739 found for variable DAKOTA_RC_6.  Corrected to 1.23597.
05:21:07: quiet- NO_ID: Invalid value of 0.98189 found for variable DAKOTA_RC_2.  Corrected to 1.1096.
05:21:07: quiet- NO_ID: Invalid value of 1.53389 found for variable DAKOTA_RC_6.  Corrected to 1.35924.
05:21:07: quiet- NO_ID: Invalid value of 1.41171 found for variable DAKOTA_RC_6.  Corrected to 1.34807.
05:21:07: quiet- NO_ID: Invalid value of 0.974597 found for variable DAKOTA_RC_2.  Corrected to 1.16767.
05:21:07: quiet- NO_ID: Invalid value of 0.880861 found for variable DAKOTA_RC_6.  Corrected to 1.01978.
05:21:07: quiet- NO_ID: Invalid value of 1.41418 found for variable DAKOTA_RC_1.  Corrected to 1.36661.
05:21:07: quiet- NO_ID: Invalid value of 1.50858 found for variable DAKOTA_RC_1.  Corrected to 1.036.
05:21:07: quiet- NO_ID: Invalid value of 0.971573 found for variable DAKOTA_RC_2.  Corrected to 1.1293.
06:10:45: verbose- below_limit: Performed 64 total selections.
06:10:45: verbose- NO_ID: 7 of 55 population members were not selected to continue.  17 of 33 offspring were immediately rejected.
06:10:45: verbose- metric_tracker: Operating on 64 total designs and 17 "best fitness" designs.
06:10:45: verbose- metric_tracker: Max "best fitness" expanse change of -5.512% found for objective "Non-Linear Minimize obj_fn_3".
06:10:45: verbose- metric_tracker: Population density increased by 102.216%.
06:10:45: verbose- metric_tracker: 5.882% of the previous "best fitness" population is dominated by designs in the current "best fitness" population.
06:10:45: verbose- metric_tracker: Pushed metric value of 1.13611 onto the convergence stack.
06:10:45: verbose- metric_tracker: Current max percentage progress is 113.611%.
06:10:45: quiet- duplicate_free: 13 generations so far.
06:10:45: quiet- duplicate_free: 634 evaluations so far.
06:10:45: verbose- duplicate_free: 64 members in population so far.
06:10:45: verbose- multi_point_parameterized_binary: 26 children created.
06:10:45: verbose- offset_normal: Performed 13 total mutations.
06:10:45: quiet- NO_ID: Invalid value of 1.54202 found for variable DAKOTA_RC_6.  Corrected to 1.2527.
06:10:45: quiet- NO_ID: Invalid value of 0.911434 found for variable DAKOTA_RC_2.  Corrected to 1.11245.
06:10:45: quiet- NO_ID: Invalid value of 1.41094 found for variable DAKOTA_RC_6.  Corrected to 1.15298.
06:10:45: quiet- NO_ID: Invalid value of 0.826497 found for variable DAKOTA_RC_5.  Corrected to 0.923174.
06:10:45: quiet- NO_ID: Invalid value of 0.894411 found for variable DAKOTA_RC_4.  Corrected to 1.29039.
06:10:45: quiet- NO_ID: Invalid value of 0.872782 found for variable DAKOTA_RC_6.  Corrected to 1.18713.
06:10:45: quiet- NO_ID: Invalid value of 1.37984 found for variable DAKOTA_RC_5.  Corrected to 1.05114.
06:10:45: quiet- NO_ID: Invalid value of 0.870811 found for variable DAKOTA_RC_6.  Corrected to 1.22032.
06:10:45: quiet- NO_ID: Invalid value of 0.967581 found for variable DAKOTA_RC_2.  Corrected to 1.08944.
06:10:45: verbose- duplicate_free: flushed 1 duplicate offspring designs after application of the variational operators.
07:03:32: verbose- below_limit: Performed 62 total selections.
07:03:32: verbose- NO_ID: 18 of 64 population members were not selected to continue.  22 of 38 offspring were immediately rejected.
07:03:32: verbose- metric_tracker: Operating on 62 total designs and 18 "best fitness" designs.
07:03:32: verbose- metric_tracker: Max "best fitness" expanse change of -10.658% found for objective "Non-Linear Minimize obj_fn_1".
07:03:32: verbose- metric_tracker: Population density increased by 128.453%.
07:03:32: verbose- metric_tracker: 41.176% of the previous "best fitness" population is dominated by designs in the current "best fitness" population.
07:03:32: verbose- metric_tracker: Pushed metric value of 1.80288 onto the convergence stack.
07:03:32: verbose- metric_tracker: Current max percentage progress is 180.288%.
07:03:32: quiet- duplicate_free: 14 generations so far.
07:03:32: quiet- duplicate_free: 672 evaluations so far.
07:03:32: verbose- duplicate_free: 62 members in population so far.
07:03:32: verbose- multi_point_parameterized_binary: 24 children created.
07:03:32: verbose- offset_normal: Performed 12 total mutations.
07:03:32: quiet- NO_ID: Invalid value of 1.56902 found for variable DAKOTA_RC_6.  Corrected to 1.01105.
07:03:32: quiet- NO_ID: Invalid value of 0.848755 found for variable DAKOTA_RC_2.  Corrected to 1.09754.
07:03:32: quiet- NO_ID: Invalid value of 0.872782 found for variable DAKOTA_RC_6.  Corrected to 1.32105.
07:03:32: quiet- NO_ID: Invalid value of 0.906173 found for variable DAKOTA_RC_2.  Corrected to 1.08983.
07:57:49: verbose- below_limit: Performed 62 total selections.
07:57:49: verbose- NO_ID: 19 of 62 population members were not selected to continue.  17 of 36 offspring were immediately rejected.
07:57:49: verbose- metric_tracker: Operating on 62 total designs and 9 "best fitness" designs.
07:57:49: verbose- metric_tracker: Max "best fitness" expanse change of 4.691% found for objective "Non-Linear Minimize obj_fn_1".
07:57:49: verbose- metric_tracker: Population density increased by 7.467%.
07:57:49: verbose- metric_tracker: 77.778% of the previous "best fitness" population is dominated by designs in the current "best fitness" population.
07:57:49: verbose- metric_tracker: Pushed metric value of 0.899349 onto the convergence stack.
07:57:49: verbose- metric_tracker: Current max percentage progress is 180.288%.
07:57:49: quiet- duplicate_free: 15 generations so far.
07:57:49: quiet- duplicate_free: 708 evaluations so far.
07:57:49: verbose- duplicate_free: 62 members in population so far.
07:57:49: verbose- multi_point_parameterized_binary: 24 children created.
07:57:49: quiet- offset_normal: Produced invalid  variable representation 1.43384. Mutation performed without corrective action.
07:57:49: quiet- offset_normal: Produced invalid  variable representation 0.96049. Mutation performed without corrective action.
07:57:49: verbose- offset_normal: Performed 12 total mutations.
07:57:49: quiet- NO_ID: Invalid value of 0.913662 found for variable DAKOTA_RC_6.  Corrected to 1.21796.
07:57:49: quiet- NO_ID: Invalid value of 1.52528 found for variable DAKOTA_RC_6.  Corrected to 1.26841.
07:57:49: quiet- NO_ID: Invalid value of 0.806385 found for variable DAKOTA_RC_5.  Corrected to 1.18961.
07:57:49: quiet- NO_ID: Invalid value of 0.979842 found for variable DAKOTA_RC_2.  Corrected to 1.18033.
07:57:49: quiet- NO_ID: Invalid value of 0.824449 found for variable DAKOTA_RC_5.  Corrected to 1.17012.
07:57:49: quiet- NO_ID: Invalid value of 1.4025 found for variable DAKOTA_RC_6.  Corrected to 1.34503.
07:57:49: quiet- NO_ID: Invalid value of 1.52537 found for variable DAKOTA_RC_6.  Corrected to 1.07387.
07:57:49: quiet- NO_ID: Invalid value of 1.40518 found for variable DAKOTA_RC_6.  Corrected to 1.10418.
07:57:49: quiet- NO_ID: Invalid value of 0.838793 found for variable DAKOTA_RC_5.  Corrected to 1.04338.
07:57:49: quiet- NO_ID: Invalid value of 1.43384 found for variable DAKOTA_RC_6.  Corrected to 1.36006.
07:57:49: quiet- NO_ID: Invalid value of 0.870011 found for variable DAKOTA_RC_6.  Corrected to 1.06693.
07:57:49: quiet- NO_ID: Invalid value of 0.96049 found for variable DAKOTA_RC_6.  Corrected to 1.23489.
07:57:49: quiet- NO_ID: Invalid value of 1.4911 found for variable DAKOTA_RC_1.  Corrected to 1.18937.
08:52:50: verbose- below_limit: Performed 73 total selections.
08:52:50: verbose- NO_ID: 4 of 62 population members were not selected to continue.  21 of 36 offspring were immediately rejected.
08:52:50: verbose- metric_tracker: Operating on 73 total designs and 9 "best fitness" designs.
08:52:50: verbose- metric_tracker: No "best fitness" expansion or contraction occurred this generation.
08:52:50: verbose- metric_tracker: Population density increased by 24.611%.
08:52:50: verbose- metric_tracker: 22.222% of the previous "best fitness" population is dominated by designs in the current "best fitness" population.
08:52:50: verbose- metric_tracker: Pushed metric value of 0.468328 onto the convergence stack.
08:52:50: verbose- metric_tracker: Current max percentage progress is 180.288%.
08:52:50: quiet- duplicate_free: 16 generations so far.
08:52:50: quiet- duplicate_free: 744 evaluations so far.
08:52:50: verbose- duplicate_free: 73 members in population so far.
08:52:50: verbose- multi_point_parameterized_binary: 30 children created.
08:52:50: quiet- offset_normal: Produced invalid  variable representation 0.985088. Mutation performed without corrective action.
08:52:50: verbose- offset_normal: Performed 15 total mutations.
08:52:50: quiet- NO_ID: Invalid value of 0.859633 found for variable DAKOTA_RC_5.  Corrected to 1.09916.
08:52:50: quiet- NO_ID: Invalid value of 0.859621 found for variable DAKOTA_RC_5.  Corrected to 1.23034.
08:52:50: quiet- NO_ID: Invalid value of 1.40679 found for variable DAKOTA_RC_6.  Corrected to 1.03174.
08:52:50: quiet- NO_ID: Invalid value of 1.01432 found for variable DAKOTA_RC_3.  Corrected to 0.940287.
08:52:50: quiet- NO_ID: Invalid value of 0.985088 found for variable DAKOTA_RC_6.  Corrected to 1.37561.
08:52:50: quiet- NO_ID: Invalid value of 0.968588 found for variable DAKOTA_RC_2.  Corrected to 1.04436.
08:52:50: quiet- NO_ID: Invalid value of 1.4002 found for variable DAKOTA_RC_1.  Corrected to 1.09525.
08:52:50: quiet- NO_ID: Invalid value of 1.51344 found for variable DAKOTA_RC_1.  Corrected to 1.38784.
10:02:07: verbose- below_limit: Performed 79 total selections.
10:02:07: verbose- NO_ID: 12 of 73 population members were not selected to continue.  27 of 45 offspring were immediately rejected.
10:02:07: verbose- metric_tracker: Operating on 79 total designs and 10 "best fitness" designs.
10:02:07: verbose- metric_tracker: Max "best fitness" expanse change of 7.533% found for objective "Non-Linear Minimize obj_fn_1".
10:02:07: verbose- metric_tracker: Population density increased by 3.378%.
10:02:07: verbose- metric_tracker: 22.222% of the previous "best fitness" population is dominated by designs in the current "best fitness" population.
10:02:07: verbose- metric_tracker: Pushed metric value of 0.331331 onto the convergence stack.
10:02:07: verbose- metric_tracker: Current max percentage progress is 180.288%.
10:02:07: quiet- duplicate_free: 17 generations so far.
10:02:07: quiet- duplicate_free: 789 evaluations so far.
10:02:07: verbose- duplicate_free: 79 members in population so far.
10:02:07: verbose- multi_point_parameterized_binary: 32 children created.
10:02:07: quiet- offset_normal: Produced invalid  variable representation 1.43496. Mutation performed without corrective action.
10:02:07: quiet- offset_normal: Produced invalid  variable representation 1.42521. Mutation performed without corrective action.
10:02:07: verbose- offset_normal: Performed 16 total mutations.
10:02:07: quiet- NO_ID: Invalid value of 1.43496 found for variable DAKOTA_RC_6.  Corrected to 1.3393.
10:02:07: quiet- NO_ID: Invalid value of 1.40681 found for variable DAKOTA_RC_6.  Corrected to 1.14923.
10:02:07: quiet- NO_ID: Invalid value of 1.42521 found for variable DAKOTA_RC_6.  Corrected to 1.1708.
11:21:16: verbose- below_limit: Performed 67 total selections.
11:21:16: verbose- NO_ID: 34 of 79 population members were not selected to continue.  26 of 48 offspring were immediately rejected.
11:21:16: verbose- metric_tracker: Operating on 67 total designs and 14 "best fitness" designs.
11:21:16: verbose- metric_tracker: No "best fitness" expansion or contraction occurred this generation.
11:21:16: verbose- metric_tracker: Population density decreased by 15.19%.
11:21:16: verbose- metric_tracker: 30% of the previous "best fitness" population is dominated by designs in the current "best fitness" population.
11:21:16: verbose- metric_tracker: Pushed metric value of 0.451899 onto the convergence stack.
11:21:16: verbose- metric_tracker: Current max percentage progress is 180.288%.
11:21:16: quiet- duplicate_free: 18 generations so far.
11:21:16: quiet- duplicate_free: 837 evaluations so far.
11:21:16: verbose- duplicate_free: 67 members in population so far.
11:21:16: verbose- multi_point_parameterized_binary: 26 children created.
11:21:16: quiet- offset_normal: Produced invalid  variable representation 1.40656. Mutation performed without corrective action.
11:21:16: verbose- offset_normal: Performed 13 total mutations.
11:21:16: quiet- NO_ID: Invalid value of 1.40656 found for variable DAKOTA_RC_6.  Corrected to 1.28311.
11:21:16: quiet- NO_ID: Invalid value of 0.887293 found for variable DAKOTA_RC_5.  Corrected to 0.989055.
12:17:33: verbose- below_limit: Performed 66 total selections.
12:17:33: verbose- NO_ID: 25 of 67 population members were not selected to continue.  15 of 39 offspring were immediately rejected.
12:17:33: verbose- metric_tracker: Operating on 66 total designs and 8 "best fitness" designs.
12:17:33: verbose- metric_tracker: Max "best fitness" expanse change of -24.951% found for objective "Non-Linear Minimize obj_fn_3".
12:17:33: verbose- metric_tracker: Population density increased by 6.367%.
12:17:33: verbose- metric_tracker: 78.571% of the previous "best fitness" population is dominated by designs in the current "best fitness" population.
12:17:33: verbose- metric_tracker: Pushed metric value of 1.0989 onto the convergence stack.
12:17:33: verbose- metric_tracker: Current max percentage progress is 180.288%.
12:17:33: quiet- duplicate_free: 19 generations so far.
12:17:33: quiet- duplicate_free: 876 evaluations so far.
12:17:33: verbose- duplicate_free: 66 members in population so far.
12:17:33: verbose- multi_point_parameterized_binary: 26 children created.
12:17:33: quiet- offset_normal: Produced invalid  variable representation 0.875202. Mutation performed without corrective action.
12:17:33: verbose- offset_normal: Performed 13 total mutations.
12:17:33: quiet- NO_ID: Invalid value of 0.876017 found for variable DAKOTA_RC_5.  Corrected to 1.18356.
12:17:33: quiet- NO_ID: Invalid value of 0.859633 found for variable DAKOTA_RC_5.  Corrected to 1.08255.
12:17:33: quiet- NO_ID: Invalid value of 1.52584 found for variable DAKOTA_RC_6.  Corrected to 1.3996.
12:17:33: quiet- NO_ID: Invalid value of 1.05578 found for variable DAKOTA_RC_3.  Corrected to 0.60164.
12:17:33: quiet- NO_ID: Invalid value of 0.920393 found for variable DAKOTA_RC_6.  Corrected to 1.36361.
12:17:33: quiet- NO_ID: Invalid value of 0.875202 found for variable DAKOTA_RC_4.  Corrected to 1.00014.
12:17:33: quiet- NO_ID: Invalid value of 1.4918 found for variable DAKOTA_RC_1.  Corrected to 1.30547.
12:17:33: verbose- duplicate_free: flushed 1 duplicate offspring designs after application of the variational operators.
13:14:09: verbose- below_limit: Performed 62 total selections.
13:14:09: verbose- NO_ID: 20 of 66 population members were not selected to continue.  22 of 38 offspring were immediately rejected.
13:14:09: verbose- metric_tracker: Operating on 62 total designs and 9 "best fitness" designs.
13:14:09: verbose- metric_tracker: Max "best fitness" expanse change of -7.471% found for objective "Non-Linear Minimize obj_fn_1".
13:14:09: verbose- metric_tracker: Population density increased by 38.8%.
13:14:09: verbose- metric_tracker: 12.5% of the previous "best fitness" population is dominated by designs in the current "best fitness" population.
13:14:09: verbose- metric_tracker: Pushed metric value of 0.587705 onto the convergence stack.
13:14:09: verbose- metric_tracker: Current max percentage progress is 180.288%.
13:14:09: quiet- duplicate_free: 20 generations so far.
13:14:09: quiet- duplicate_free: 914 evaluations so far.
13:14:09: verbose- duplicate_free: 62 members in population so far.
13:14:09: verbose- multi_point_parameterized_binary: 24 children created.
13:14:09: verbose- offset_normal: Performed 12 total mutations.
13:14:09: quiet- NO_ID: Invalid value of 0.979826 found for variable DAKOTA_RC_2.  Corrected to 1.26585.
13:14:09: quiet- NO_ID: Invalid value of 0.968335 found for variable DAKOTA_RC_6.  Corrected to 1.14528.
13:14:09: quiet- NO_ID: Invalid value of 1.411 found for variable DAKOTA_RC_1.  Corrected to 1.13586.
14:11:21: verbose- below_limit: Performed 60 total selections.
14:11:21: verbose- NO_ID: 18 of 62 population members were not selected to continue.  20 of 36 offspring were immediately rejected.
14:11:21: verbose- metric_tracker: Operating on 60 total designs and 10 "best fitness" designs.
14:11:21: verbose- metric_tracker: Max "best fitness" expanse change of 3.724% found for objective "Non-Linear Minimize obj_fn_1".
14:11:21: verbose- metric_tracker: Population density decreased by 5.273%.
14:11:21: verbose- metric_tracker: 33.333% of the previous "best fitness" population is dominated by designs in the current "best fitness" population.
14:11:21: verbose- metric_tracker: Pushed metric value of 0.423306 onto the convergence stack.
14:11:21: verbose- metric_tracker: Current max percentage progress is 180.288%.
14:11:21: quiet- duplicate_free: 21 generations so far.
14:11:21: quiet- duplicate_free: 950 evaluations so far.
14:11:21: verbose- duplicate_free: 60 members in population so far.
14:11:21: verbose- multi_point_parameterized_binary: 24 children created.
14:11:21: verbose- offset_normal: Performed 12 total mutations.
14:11:21: quiet- NO_ID: Invalid value of 1.5252 found for variable DAKOTA_RC_6.  Corrected to 1.19802.
14:11:21: quiet- NO_ID: Invalid value of 1.5261 found for variable DAKOTA_RC_6.  Corrected to 1.0085.
14:11:21: quiet- NO_ID: Invalid value of 1.5261 found for variable DAKOTA_RC_6.  Corrected to 1.00424.
14:11:21: quiet- NO_ID: Invalid value of 0.869979 found for variable DAKOTA_RC_6.  Corrected to 1.18025.
14:11:21: quiet- NO_ID: Invalid value of 1.04213 found for variable DAKOTA_RC_3.  Corrected to 0.609667.
14:11:21: quiet- NO_ID: Invalid value of 0.869979 found for variable DAKOTA_RC_6.  Corrected to 1.06179.
14:11:21: quiet- NO_ID: Invalid value of 1.55664 found for variable DAKOTA_RC_1.  Corrected to 1.12624.
14:11:21: quiet- NO_ID: Invalid value of 0.869979 found for variable DAKOTA_RC_6.  Corrected to 1.12163.
15:06:20: verbose- below_limit: Performed 74 total selections.
15:06:20: verbose- NO_ID: 7 of 60 population members were not selected to continue.  15 of 36 offspring were immediately rejected.
15:06:20: verbose- metric_tracker: Operating on 74 total designs and 14 "best fitness" designs.
15:06:20: verbose- metric_tracker: No "best fitness" expansion or contraction occurred this generation.
15:06:20: verbose- metric_tracker: Population density increased by 24.528%.
15:06:20: verbose- metric_tracker: No "best fitness" designs from the previous population are dominated by "best fitness" designs in the current population.
15:06:20: verbose- metric_tracker: Pushed metric value of 0.24528 onto the convergence stack.
15:06:20: verbose- metric_tracker: Current max percentage progress is 180.288%.
15:06:20: quiet- duplicate_free: 22 generations so far.
15:06:20: quiet- duplicate_free: 986 evaluations so far.
15:06:20: verbose- duplicate_free: 74 members in population so far.
15:06:20: verbose- multi_point_parameterized_binary: 30 children created.
15:06:20: quiet- offset_normal: Produced invalid  variable representation 0.982188. Mutation performed without corrective action.
15:06:20: verbose- offset_normal: Performed 15 total mutations.
15:06:20: quiet- NO_ID: Invalid value of 0.843249 found for variable DAKOTA_RC_5.  Corrected to 1.22019.
15:06:20: quiet- NO_ID: Invalid value of 1.53148 found for variable DAKOTA_RC_6.  Corrected to 1.29091.
15:06:20: quiet- NO_ID: Invalid value of 0.886442 found for variable DAKOTA_RC_5.  Corrected to 0.945244.
15:06:20: quiet- NO_ID: Invalid value of 1.40321 found for variable DAKOTA_RC_6.  Corrected to 1.36607.
15:06:20: quiet- NO_ID: Invalid value of 1.01437 found for variable DAKOTA_RC_3.  Corrected to 0.660933.
15:06:20: quiet- NO_ID: Invalid value of 0.999003 found for variable DAKOTA_RC_6.  Corrected to 1.13899.
15:06:20: quiet- NO_ID: Invalid value of 0.869627 found for variable DAKOTA_RC_6.  Corrected to 1.07319.
15:06:20: quiet- NO_ID: Invalid value of 1.01423 found for variable DAKOTA_RC_3.  Corrected to 0.884395.
15:06:20: quiet- NO_ID: Invalid value of 0.982188 found for variable DAKOTA_RC_6.  Corrected to 1.01827.
16:09:17: verbose- below_limit: Performed 71 total selections.
16:09:17: verbose- NO_ID: 20 of 74 population members were not selected to continue.  28 of 45 offspring were immediately rejected.
16:09:17: verbose- metric_tracker: Operating on 71 total designs and 12 "best fitness" designs.
16:09:17: verbose- metric_tracker: Max "best fitness" expanse change of -8.029% found for objective "Non-Linear Minimize obj_fn_1".
16:09:17: verbose- metric_tracker: Population density increased by 28.899%.
16:09:17: verbose- metric_tracker: 64.286% of the previous "best fitness" population is dominated by designs in the current "best fitness" population.
16:09:17: verbose- metric_tracker: Pushed metric value of 1.01214 onto the convergence stack.
16:09:17: verbose- metric_tracker: Current max percentage progress is 180.288%.
16:09:17: quiet- duplicate_free: 23 generations so far.
16:09:17: quiet- duplicate_free: 1031 evaluations so far.
16:09:17: verbose- duplicate_free: 71 members in population so far.
16:09:17: verbose- multi_point_parameterized_binary: 28 children created.
16:09:17: quiet- offset_normal: Produced invalid  variable representation 0.881465. Mutation performed without corrective action.
16:09:17: verbose- offset_normal: Performed 14 total mutations.
16:09:17: quiet- NO_ID: Invalid value of 0.881465 found for variable DAKOTA_RC_5.  Corrected to 0.907016.
16:09:17: quiet- NO_ID: Invalid value of 0.888317 found for variable DAKOTA_RC_5.  Corrected to 1.10575.
16:09:17: quiet- NO_ID: Invalid value of 0.888313 found for variable DAKOTA_RC_5.  Corrected to 0.946759.
16:09:17: quiet- NO_ID: Invalid value of 1.52534 found for variable DAKOTA_RC_6.  Corrected to 1.12193.
16:09:17: quiet- NO_ID: Invalid value of 1.5252 found for variable DAKOTA_RC_6.  Corrected to 1.22931.
16:09:17: quiet- NO_ID: Invalid value of 0.869983 found for variable DAKOTA_RC_6.  Corrected to 1.28765.
16:09:17: quiet- NO_ID: Invalid value of 0.869835 found for variable DAKOTA_RC_6.  Corrected to 1.01896.
16:09:17: quiet- NO_ID: Invalid value of 1.01359 found for variable DAKOTA_RC_3.  Corrected to 0.914891.
16:09:17: quiet- NO_ID: Invalid value of 1.41136 found for variable DAKOTA_RC_1.  Corrected to 1.20072.
17:10:18: verbose- below_limit: Performed 59 total selections.
17:10:18: verbose- NO_ID: 32 of 71 population members were not selected to continue.  22 of 42 offspring were immediately rejected.
17:10:18: verbose- metric_tracker: Operating on 59 total designs and 12 "best fitness" designs.
17:10:18: verbose- metric_tracker: Max "best fitness" expanse change of -24.122% found for objective "Non-Linear Minimize obj_fn_3".
17:10:18: verbose- metric_tracker: Population density decreased by 11.35%.
17:10:18: verbose- metric_tracker: 50% of the previous "best fitness" population is dominated by designs in the current "best fitness" population.
17:10:18: verbose- metric_tracker: Pushed metric value of 0.854716 onto the convergence stack.
17:10:18: verbose- metric_tracker: Current max percentage progress is 109.89%.
17:10:18: quiet- duplicate_free: 24 generations so far.
17:10:18: quiet- duplicate_free: 1073 evaluations so far.
17:10:18: verbose- duplicate_free: 59 members in population so far.
17:10:18: verbose- multi_point_parameterized_binary: 24 children created.
17:10:18: quiet- offset_normal: Produced invalid  variable representation 1.40756. Mutation performed without corrective action.
17:10:18: verbose- offset_normal: Performed 12 total mutations.
17:10:18: quiet- NO_ID: Invalid value of 0.888305 found for variable DAKOTA_RC_5.  Corrected to 0.994149.
17:10:18: quiet- NO_ID: Invalid value of 0.888305 found for variable DAKOTA_RC_5.  Corrected to 1.12382.
17:10:18: quiet- NO_ID: Invalid value of 0.888313 found for variable DAKOTA_RC_5.  Corrected to 0.953406.
17:10:18: quiet- NO_ID: Invalid value of 1.52558 found for variable DAKOTA_RC_6.  Corrected to 1.04071.
17:10:18: quiet- NO_ID: Invalid value of 0.872539 found for variable DAKOTA_RC_6.  Corrected to 1.03434.
17:10:18: quiet- NO_ID: Invalid value of 1.04993 found for variable DAKOTA_RC_3.  Corrected to 0.618213.
17:10:18: quiet- NO_ID: Invalid value of 1.40756 found for variable DAKOTA_RC_1.  Corrected to 1.33567.
17:10:18: quiet- NO_ID: Invalid value of 1.49452 found for variable DAKOTA_RC_1.  Corrected to 1.27415.
18:05:47: verbose- below_limit: Performed 70 total selections.
18:05:47: verbose- NO_ID: 7 of 59 population members were not selected to continue.  18 of 36 offspring were immediately rejected.
18:05:47: verbose- metric_tracker: Operating on 70 total designs and 12 "best fitness" designs.
18:05:47: verbose- metric_tracker: No "best fitness" expansion or contraction occurred this generation.
18:05:47: verbose- metric_tracker: Population density increased by 24.844%.
18:05:47: verbose- metric_tracker: 25% of the previous "best fitness" population is dominated by designs in the current "best fitness" population.
18:05:47: verbose- metric_tracker: Pushed metric value of 0.498435 onto the convergence stack.
18:05:47: verbose- metric_tracker: Current max percentage progress is 109.89%.
18:05:47: quiet- duplicate_free: 25 generations so far.
18:05:47: quiet- duplicate_free: 1109 evaluations so far.
18:05:47: verbose- duplicate_free: 70 members in population so far.
18:05:47: verbose- multi_point_parameterized_binary: 28 children created.
18:05:47: quiet- offset_normal: Produced invalid  variable representation 0.968608. Mutation performed without corrective action.
18:05:47: verbose- offset_normal: Performed 14 total mutations.
18:05:47: quiet- NO_ID: Invalid value of 1.41418 found for variable DAKOTA_RC_6.  Corrected to 1.29366.
18:05:47: quiet- NO_ID: Invalid value of 1.04688 found for variable DAKOTA_RC_3.  Corrected to 0.506942.
18:05:47: quiet- NO_ID: Invalid value of 0.968608 found for variable DAKOTA_RC_6.  Corrected to 1.34524.
19:24:14: verbose- below_limit: Performed 79 total selections.
19:24:14: verbose- NO_ID: 15 of 70 population members were not selected to continue.  18 of 42 offspring were immediately rejected.
19:24:14: verbose- metric_tracker: Operating on 79 total designs and 16 "best fitness" designs.
19:24:14: verbose- metric_tracker: No "best fitness" expansion or contraction occurred this generation.
19:24:14: verbose- metric_tracker: Population density increased by 11.464%.
19:24:14: verbose- metric_tracker: 41.667% of the previous "best fitness" population is dominated by designs in the current "best fitness" population.
19:24:14: verbose- metric_tracker: Pushed metric value of 0.531311 onto the convergence stack.
19:24:14: verbose- metric_tracker: Current max percentage progress is 109.89%.
19:24:14: quiet- duplicate_free: 26 generations so far.
19:24:14: quiet- duplicate_free: 1151 evaluations so far.
19:24:14: verbose- duplicate_free: 79 members in population so far.
19:24:14: verbose- multi_point_parameterized_binary: 32 children created.
19:24:14: quiet- offset_normal: Produced invalid  variable representation 1.4003. Mutation performed without corrective action.
19:24:14: verbose- offset_normal: Performed 16 total mutations.
19:24:14: quiet- NO_ID: Invalid value of 1.52534 found for variable DAKOTA_RC_6.  Corrected to 1.04785.
19:24:14: quiet- NO_ID: Invalid value of 0.887933 found for variable DAKOTA_RC_5.  Corrected to 1.29795.
19:24:14: quiet- NO_ID: Invalid value of 0.888829 found for variable DAKOTA_RC_5.  Corrected to 1.02519.
19:24:14: quiet- NO_ID: Invalid value of 1.5252 found for variable DAKOTA_RC_6.  Corrected to 1.27102.
19:24:14: quiet- NO_ID: Invalid value of 0.870031 found for variable DAKOTA_RC_6.  Corrected to 1.14208.
19:24:14: quiet- NO_ID: Invalid value of 0.974755 found for variable DAKOTA_RC_2.  Corrected to 1.20289.
19:24:14: quiet- NO_ID: Invalid value of 0.870799 found for variable DAKOTA_RC_6.  Corrected to 1.01558.
19:24:14: quiet- NO_ID: Invalid value of 1.4003 found for variable DAKOTA_RC_1.  Corrected to 1.38478.
19:24:14: quiet- NO_ID: Invalid value of 1.49452 found for variable DAKOTA_RC_1.  Corrected to 1.28058.
20:49:00: verbose- below_limit: Performed 81 total selections.
20:49:00: verbose- NO_ID: 11 of 79 population members were not selected to continue.  35 of 48 offspring were immediately rejected.
20:49:00: verbose- metric_tracker: Operating on 81 total designs and 16 "best fitness" designs.
20:49:00: verbose- metric_tracker: Max "best fitness" expanse change of -1.878% found for objective "Non-Linear Minimize obj_fn_1".
20:49:00: verbose- metric_tracker: Population density increased by 3.972%.
20:49:00: verbose- metric_tracker: 12.5% of the previous "best fitness" population is dominated by designs in the current "best fitness" population.
20:49:00: verbose- metric_tracker: Pushed metric value of 0.183501 onto the convergence stack.
20:49:00: verbose- metric_tracker: Current max percentage progress is 109.89%.
20:49:00: quiet- duplicate_free: 27 generations so far.
20:49:00: quiet- duplicate_free: 1199 evaluations so far.
20:49:00: verbose- duplicate_free: 81 members in population so far.
20:49:00: verbose- multi_point_parameterized_binary: 32 children created.
20:49:00: verbose- offset_normal: Performed 16 total mutations.
20:49:00: quiet- NO_ID: Invalid value of 0.99933 found for variable DAKOTA_RC_2.  Corrected to 1.03207.
20:49:00: verbose- duplicate_free: flushed 1 duplicate offspring designs after application of the variational operators.
21:58:36: verbose- below_limit: Performed 80 total selections.
21:58:36: verbose- NO_ID: 21 of 81 population members were not selected to continue.  27 of 47 offspring were immediately rejected.
21:58:36: verbose- metric_tracker: Operating on 80 total designs and 14 "best fitness" designs.
21:58:36: verbose- metric_tracker: Max "best fitness" expanse change of -5.806% found for objective "Non-Linear Minimize obj_fn_1".
21:58:36: verbose- metric_tracker: Population density decreased by 0.064%.
21:58:36: verbose- metric_tracker: 31.25% of the previous "best fitness" population is dominated by designs in the current "best fitness" population.
21:58:36: verbose- metric_tracker: Pushed metric value of 0.3712 onto the convergence stack.
21:58:36: verbose- metric_tracker: Current max percentage progress is 109.89%.
21:58:36: quiet- duplicate_free: 28 generations so far.
21:58:36: quiet- duplicate_free: 1246 evaluations so far.
21:58:36: verbose- duplicate_free: 80 members in population so far.
21:58:36: verbose- multi_point_parameterized_binary: 32 children created.
21:58:36: quiet- offset_normal: Produced invalid  variable representation 0.993422. Mutation performed without corrective action.
21:58:36: quiet- offset_normal: Produced invalid  variable representation 0.981811. Mutation performed without corrective action.
21:58:36: quiet- offset_normal: Produced invalid  variable representation 0.992706. Mutation performed without corrective action.
21:58:36: quiet- offset_normal: Produced invalid  variable representation 1.43558. Mutation performed without corrective action.
21:58:36: quiet- offset_normal: Produced invalid  variable representation 1.41366. Mutation performed without corrective action.
21:58:36: verbose- offset_normal: Performed 16 total mutations.
21:58:36: quiet- NO_ID: Invalid value of 0.993422 found for variable DAKOTA_RC_2.  Corrected to 1.04342.
21:58:36: quiet- NO_ID: Invalid value of 0.878577 found for variable DAKOTA_RC_5.  Corrected to 1.19349.
21:58:36: quiet- NO_ID: Invalid value of 0.860157 found for variable DAKOTA_RC_5.  Corrected to 1.01113.
21:58:36: quiet- NO_ID: Invalid value of 0.981811 found for variable DAKOTA_RC_6.  Corrected to 1.0058.
21:58:36: quiet- NO_ID: Invalid value of 0.992706 found for variable DAKOTA_RC_6.  Corrected to 1.10989.
21:58:36: quiet- NO_ID: Invalid value of 1.41366 found for variable DAKOTA_RC_1.  Corrected to 1.36713.
21:58:36: quiet- NO_ID: Invalid value of 1.43558 found for variable DAKOTA_RC_1.  Corrected to 1.14649.
23:23:20: verbose- below_limit: Performed 88 total selections.
23:23:20: verbose- NO_ID: 16 of 80 population members were not selected to continue.  24 of 48 offspring were immediately rejected.
23:23:20: verbose- metric_tracker: Operating on 88 total designs and 17 "best fitness" designs.
23:23:20: verbose- metric_tracker: No "best fitness" expansion or contraction occurred this generation.
23:23:20: verbose- metric_tracker: Population density increased by 25.219%.
23:23:20: verbose- metric_tracker: 14.286% of the previous "best fitness" population is dominated by designs in the current "best fitness" population.
23:23:20: verbose- metric_tracker: Pushed metric value of 0.395045 onto the convergence stack.
23:23:20: verbose- metric_tracker: Current max percentage progress is 101.214%.
23:23:20: quiet- duplicate_free: 29 generations so far.
23:23:20: quiet- duplicate_free: 1294 evaluations so far.
23:23:20: verbose- duplicate_free: 88 members in population so far.
23:23:20: verbose- multi_point_parameterized_binary: 36 children created.
23:23:20: quiet- offset_normal: Produced invalid  variable representation 1.40016. Mutation performed without corrective action.
23:23:20: quiet- offset_normal: Produced invalid  variable representation 0.977414. Mutation performed without corrective action.
23:23:20: verbose- offset_normal: Performed 18 total mutations.
23:23:20: quiet- NO_ID: Invalid value of 1.52539 found for variable DAKOTA_RC_6.  Corrected to 1.24867.
23:23:20: quiet- NO_ID: Invalid value of 0.866429 found for variable DAKOTA_RC_5.  Corrected to 1.09609.
23:23:20: quiet- NO_ID: Invalid value of 0.870219 found for variable DAKOTA_RC_6.  Corrected to 1.23568.
23:23:20: quiet- NO_ID: Invalid value of 0.977414 found for variable DAKOTA_RC_6.  Corrected to 1.08409.
23:23:20: quiet- NO_ID: Invalid value of 1.0479 found for variable DAKOTA_RC_3.  Corrected to 0.973924.
23:23:20: quiet- NO_ID: Invalid value of 1.40016 found for variable DAKOTA_RC_1.  Corrected to 1.3801.
00:53:06: verbose- below_limit: Performed 93 total selections.
00:53:06: verbose- NO_ID: 23 of 88 population members were not selected to continue.  26 of 54 offspring were immediately rejected.
00:53:06: verbose- metric_tracker: Operating on 93 total designs and 19 "best fitness" designs.
00:53:06: verbose- metric_tracker: Max "best fitness" expanse change of 8.744% found for objective "Non-Linear Minimize obj_fn_3".
00:53:06: verbose- metric_tracker: Population density increased by 16.614%.
00:53:06: verbose- metric_tracker: 23.529% of the previous "best fitness" population is dominated by designs in the current "best fitness" population.
00:53:06: verbose- metric_tracker: Pushed metric value of 0.48888 onto the convergence stack.
00:53:06: verbose- metric_tracker: Current max percentage progress is 101.214%.
00:53:06: quiet- duplicate_free: 30 generations so far.
00:53:06: quiet- duplicate_free: 1348 evaluations so far.
00:53:06: verbose- duplicate_free: 93 members in population so far.
00:53:06: verbose- multi_point_parameterized_binary: 38 children created.
00:53:06: quiet- offset_normal: Produced invalid  variable representation 0.979467. Mutation performed without corrective action.
00:53:06: quiet- offset_normal: Produced invalid  variable representation 0.97736. Mutation performed without corrective action.
00:53:06: verbose- offset_normal: Performed 19 total mutations.
00:53:06: quiet- NO_ID: Invalid value of 0.726901 found for variable DAKOTA_RC_5.  Corrected to 1.07955.
00:53:06: quiet- NO_ID: Invalid value of 0.979467 found for variable DAKOTA_RC_6.  Corrected to 1.20109.
00:53:06: quiet- NO_ID: Invalid value of 0.97736 found for variable DAKOTA_RC_6.  Corrected to 1.3953.
00:53:06: quiet- NO_ID: Invalid value of 0.874181 found for variable DAKOTA_RC_4.  Corrected to 1.06544.
00:53:06: quiet- NO_ID: Invalid value of 1.04617 found for variable DAKOTA_RC_3.  Corrected to 0.834614.
00:53:06: quiet- NO_ID: Invalid value of 1.5133 found for variable DAKOTA_RC_1.  Corrected to 1.05723.
02:22:31: verbose- below_limit: Performed 101 total selections.
02:22:31: verbose- NO_ID: 19 of 93 population members were not selected to continue.  30 of 57 offspring were immediately rejected.
02:22:31: verbose- metric_tracker: Operating on 101 total designs and 21 "best fitness" designs.
02:22:31: verbose- metric_tracker: No "best fitness" expansion or contraction occurred this generation.
02:22:31: verbose- metric_tracker: Population density increased by 8.602%.
02:22:31: verbose- metric_tracker: 26.316% of the previous "best fitness" population is dominated by designs in the current "best fitness" population.
02:22:31: verbose- metric_tracker: Pushed metric value of 0.349179 onto the convergence stack.
02:22:31: verbose- metric_tracker: Current max percentage progress is 101.214%.
02:22:31: quiet- duplicate_free: 31 generations so far.
02:22:31: quiet- duplicate_free: 1405 evaluations so far.
02:22:31: verbose- duplicate_free: 101 members in population so far.
02:22:31: verbose- multi_point_parameterized_binary: 40 children created.
02:22:31: verbose- offset_normal: Performed 20 total mutations.
02:22:31: quiet- NO_ID: Invalid value of 1.01996 found for variable DAKOTA_RC_3.  Corrected to 0.805245.
02:22:31: quiet- NO_ID: Invalid value of 1.00489 found for variable DAKOTA_RC_3.  Corrected to 0.815403.
02:22:31: verbose- duplicate_free: flushed 1 duplicate offspring designs after application of the variational operators.
02:22:31: verbose- duplicate_free: flushed 1 offspring designs that duplicate existing population members.
03:56:13: verbose- below_limit: Performed 107 total selections.
03:56:13: verbose- NO_ID: 19 of 101 population members were not selected to continue.  33 of 58 offspring were immediately rejected.
03:56:13: verbose- metric_tracker: Operating on 107 total designs and 22 "best fitness" designs.
03:56:13: verbose- metric_tracker: Max "best fitness" expanse change of -2.218% found for objective "Non-Linear Minimize obj_fn_1".
03:56:13: verbose- metric_tracker: Population density increased by 6.178%.
03:56:13: verbose- metric_tracker: 23.81% of the previous "best fitness" population is dominated by designs in the current "best fitness" population.
03:56:13: verbose- metric_tracker: Pushed metric value of 0.322049 onto the convergence stack.
03:56:13: verbose- metric_tracker: Current max percentage progress is 101.214%.
03:56:13: quiet- duplicate_free: 32 generations so far.
03:56:13: quiet- duplicate_free: 1463 evaluations so far.
03:56:13: verbose- duplicate_free: 107 members in population so far.
03:56:13: verbose- multi_point_parameterized_binary: 42 children created.
03:56:13: quiet- offset_normal: Produced invalid  variable representation 0.980975. Mutation performed without corrective action.
03:56:13: verbose- offset_normal: Performed 21 total mutations.
03:56:13: quiet- NO_ID: Invalid value of 0.999302 found for variable DAKOTA_RC_2.  Corrected to 1.08707.
03:56:13: quiet- NO_ID: Invalid value of 0.726938 found for variable DAKOTA_RC_5.  Corrected to 0.937128.
03:56:13: quiet- NO_ID: Invalid value of 0.886167 found for variable DAKOTA_RC_5.  Corrected to 0.983212.
03:56:13: quiet- NO_ID: Invalid value of 0.892442 found for variable DAKOTA_RC_5.  Corrected to 0.932182.
03:56:13: quiet- NO_ID: Invalid value of 1.00214 found for variable DAKOTA_RC_3.  Corrected to 0.959745.
03:56:13: quiet- NO_ID: Invalid value of 0.980975 found for variable DAKOTA_RC_6.  Corrected to 1.25499.
03:56:13: quiet- NO_ID: Invalid value of 0.832797 found for variable DAKOTA_RC_4.  Corrected to 1.23525.
03:56:13: quiet- NO_ID: Invalid value of 0.882117 found for variable DAKOTA_RC_4.  Corrected to 1.16477.
03:56:13: quiet- NO_ID: Invalid value of 0.999331 found for variable DAKOTA_RC_2.  Corrected to 1.04481.
03:56:13: quiet- NO_ID: Invalid value of 0.878237 found for variable DAKOTA_RC_4.  Corrected to 1.14778.
03:56:13: quiet- NO_ID: Invalid value of 0.980899 found for variable DAKOTA_RC_2.  Corrected to 1.00271.
03:56:13: quiet- NO_ID: Invalid value of 0.974643 found for variable DAKOTA_RC_2.  Corrected to 1.2644.
03:56:13: quiet- NO_ID: Invalid value of 1.55454 found for variable DAKOTA_RC_1.  Corrected to 1.02211.
05:38:26: verbose- below_limit: Performed 113 total selections.
05:38:26: verbose- NO_ID: 23 of 107 population members were not selected to continue.  34 of 63 offspring were immediately rejected.
05:38:26: verbose- metric_tracker: Operating on 113 total designs and 24 "best fitness" designs.
05:38:26: verbose- metric_tracker: No "best fitness" expansion or contraction occurred this generation.
05:38:26: verbose- metric_tracker: Population density increased by 8.154%.
05:38:26: verbose- metric_tracker: 18.182% of the previous "best fitness" population is dominated by designs in the current "best fitness" population.
05:38:26: verbose- metric_tracker: Pushed metric value of 0.263363 onto the convergence stack.
05:38:26: verbose- metric_tracker: Current max percentage progress is 85.472%.
05:38:26: verbose- metric_tracker: Convergence attained.
05:38:26: quiet- duplicate_free: 33 generations so far.
05:38:26: quiet- duplicate_free: 1526 evaluations so far.
05:38:26: verbose- duplicate_free: 113 members in population so far.
05:38:26: verbose- NO_ID: Reclaimed 0 optimal designs from the discards.
05:38:26: quiet- NO_ID: Reclaimed 0 optimal designs that had been selected out.
05:38:26: verbose- NO_ID: Flushed 89 dominated designs from the population.
05:38:26: quiet- NO_ID: Ran 33 total generations.
05:38:26: quiet- NO_ID: Final population size = 24
05:38:26: verbose- NO_ID: Wrote designs file ".//finaldata1.dat".
05:38:26: verbose- NO_ID: Wrote designs file ".//discards.dat".
05:38:26: quiet- JEGA Front End: NO_ID execution took 55.47 seconds.
05:38:26: quiet- JEGA Front End: Execution took 55.47 seconds.
05:38:26: verbose- NO_ID: algorithm execution completed. 24 solutions found. Passing them back to DAKOTA.
05:38:26: quiet- NO_ID: find optimum completed and all results have been passed back to DAKOTA.


05:38:26: quiet- NO_ID: goodbye!


