JEGA Genetic Algorithm Optimization Software v2.7.0
Run started Thu Jun 13 14:57:08 2019

Global Log initialized using "verbose" as default level.
Global Log logging to file JEGAGlobal.log
Global Log logging to console window
14:57:08: quiet- JEGA Front End: Random seed = 1560512228
14:57:08: verbose- Design Target: Design variable DAKOTA_RC_1 added.  1 design variables now in target.
14:57:08: verbose- Design Target: Design variable DAKOTA_RC_2 added.  2 design variables now in target.
14:57:08: verbose- Design Target: Design variable DAKOTA_RC_3 added.  3 design variables now in target.
14:57:08: verbose- Design Target: Design variable DAKOTA_RC_4 added.  4 design variables now in target.
14:57:08: verbose- Design Target: Design variable DAKOTA_RC_5 added.  5 design variables now in target.
14:57:08: verbose- Design Target: Design variable DAKOTA_RC_6 added.  6 design variables now in target.
14:57:08: verbose- Design Target: Design variable DAKOTA_RC_7 added.  7 design variables now in target.
14:57:08: verbose- Design Target: Design variable DAKOTA_EP_1 added.  8 design variables now in target.
14:57:08: verbose- Design Target: Design variable DAKOTA_EP_2 added.  9 design variables now in target.
14:57:08: verbose- Design Target: Objective Non-Linear Minimize obj_fn_1 added.  1 objectives now in target.
14:57:08: verbose- Design Target: Objective Non-Linear Minimize obj_fn_2 added.  2 objectives now in target.
14:57:08: verbose- Design Target: Objective Non-Linear Minimize obj_fn_3 added.  3 objectives now in target.
14:57:08: verbose- JEGA Front End: Creating a MOGA
14:57:08: debug-  Matching Group: Trying "Domination Count Operator Group".
14:57:08: verbose- Domination Count Operator Group: Contains Converger "metric_tracker".
14:57:08: verbose- Domination Count Operator Group: Contains Crosser "multi_point_parameterized_binary".
14:57:08: verbose- Domination Count Operator Group: Contains FitnessAssessor "domination_count".
14:57:08: verbose- Domination Count Operator Group: Contains Initializer "unique_random".
14:57:08: verbose- Domination Count Operator Group: Contains MainLoop "duplicate_free".
14:57:08: verbose- Domination Count Operator Group: Contains Mutator "offset_normal".
14:57:08: verbose- Domination Count Operator Group: Contains Selector "below_limit".
14:57:08: verbose- Domination Count Operator Group: Contains PostProcessor "null_postprocessor".
14:57:08: verbose- Domination Count Operator Group: Contains NichePressureApplicator "null_niching".
14:57:08: debug-  Matching Group: "Domination Count Operator Group" match succeeded.
14:57:08: quiet- : Matched new set to a group that is not the current group.  Adopting the new group.
14:57:08: verbose- Domination Count Operator Group: Contains Converger "metric_tracker".
14:57:08: verbose- Domination Count Operator Group: Contains Crosser "multi_point_parameterized_binary".
14:57:08: verbose- Domination Count Operator Group: Contains FitnessAssessor "domination_count".
14:57:08: verbose- Domination Count Operator Group: Contains Initializer "unique_random".
14:57:08: verbose- Domination Count Operator Group: Contains MainLoop "duplicate_free".
14:57:08: verbose- Domination Count Operator Group: Contains Mutator "offset_normal".
14:57:08: verbose- Domination Count Operator Group: Contains Selector "below_limit".
14:57:08: verbose- Domination Count Operator Group: Contains PostProcessor "null_postprocessor".
14:57:08: verbose- Domination Count Operator Group: Contains NichePressureApplicator "null_niching".
14:57:08: verbose- NO_ID: The name of this GA is now NO_ID
14:57:08: verbose- NO_ID: The print each population flag is now set to 0
14:57:08: verbose- NO_ID: The print final data flag is now set to 1
14:57:08: verbose- NO_ID: The print discards flag is now set to 1
14:57:08: verbose- NO_ID: The name of the file to which final data will be written is now finaldata1.dat
14:57:08: verbose- NO_ID: The data directory is now set to ./
14:57:08: verbose- metric_tracker: Number of generations tracked now = 10
14:57:08: verbose- metric_tracker: Max allowable % change now = 1
14:57:08: verbose- metric_tracker: Maximum allowable generations now = 100
14:57:08: verbose- metric_tracker: Maximum allowable evaluations now = 20000
14:57:08: quiet- Error encountered while retrieving parameter named "method.max_time" of type "d" from parameter database reading: Parameter not found for tag: method.max_time
14:57:08: verbose- metric_tracker: The maximum allowable amount of time was not found in the parameter database.  Using the current value of 1.79769e+308
14:57:08: verbose- metric_tracker: Maximum allowable time now = 1.79769e+308 seconds 
14:57:08: quiet- Error encountered while retrieving parameter named "method.jega.num_cross_points" of type "St6vectorIiSaIiEE" from parameter database reading: Parameter not found for tag: method.jega.num_cross_points
14:57:08: verbose- multi_point_parameterized_binary: The number of crossover points for each variable were not found in the parameter database.  Checking for a single value.
14:57:08: verbose- multi_point_parameterized_binary: Number of crossover points now = 2
14:57:08: verbose- multi_point_parameterized_binary: Crossover rate now = 0.4
14:57:08: verbose- multi_point_parameterized_binary: Number of crossover points for variable "DAKOTA_RC_1" now = 2.
14:57:08: verbose- multi_point_parameterized_binary: Number of crossover points for variable "DAKOTA_RC_2" now = 2.
14:57:08: verbose- multi_point_parameterized_binary: Number of crossover points for variable "DAKOTA_RC_3" now = 2.
14:57:08: verbose- multi_point_parameterized_binary: Number of crossover points for variable "DAKOTA_RC_4" now = 2.
14:57:08: verbose- multi_point_parameterized_binary: Number of crossover points for variable "DAKOTA_RC_5" now = 2.
14:57:08: verbose- multi_point_parameterized_binary: Number of crossover points for variable "DAKOTA_RC_6" now = 2.
14:57:08: verbose- multi_point_parameterized_binary: Number of crossover points for variable "DAKOTA_RC_7" now = 2.
14:57:08: verbose- multi_point_parameterized_binary: Number of crossover points for variable "DAKOTA_EP_1" now = 2.
14:57:08: verbose- multi_point_parameterized_binary: Number of crossover points for variable "DAKOTA_EP_2" now = 2.
14:57:08: verbose- DAKOTA JEGA Evaluator: Maximum allowable evaluations now = 20000
14:57:08: verbose- DAKOTA JEGA Evaluator: The evaluation concurrency is now 1
14:57:08: verbose- unique_random: Desired initial population size now = 250
14:57:08: verbose- null_niching: Niched design caching now set to true.
14:57:08: quiet- Error encountered while retrieving parameter named "method.jega.max_niche_cache_size" of type "m" from parameter database reading: Parameter not found for tag: method.jega.max_niche_cache_size
14:57:08: verbose- null_niching: The max niche cache size value was not found in the parameter database.  Using the current value of 1
14:57:08: verbose- null_niching: Niched design caching max size now set to 18446744073709551615.
14:57:08: verbose- offset_normal: Offset range now = 0.05
14:57:08: verbose- offset_normal: Mutation rate now = 0.2
14:57:08: verbose- below_limit: Limiting value now = 6
14:57:08: verbose- below_limit: Shrinkage percentage now = 0.3
14:57:08: verbose- below_limit: Minimum selections now = 2
14:57:08: verbose- NO_ID: About to perform algorithm execution.
14:57:08: verbose- unique_random: 250 unique random designs created.
18:54:58: verbose- below_limit: Performed 173 total selections.
18:54:58: verbose- NO_ID: 77 of 250 population members were not selected to continue.  0 of 0 offspring were immediately rejected.
18:54:58: verbose- metric_tracker: Operating on 173 total designs and 117 "best fitness" designs.
18:54:58: verbose- metric_tracker: Pushed metric value of 0 onto the convergence stack.
18:54:58: quiet- duplicate_free: 1 generation so far.
18:54:58: quiet- duplicate_free: 250 evaluations so far.
18:54:58: verbose- duplicate_free: 173 members in population so far.
18:54:58: verbose- multi_point_parameterized_binary: 70 children created.
18:54:58: quiet- offset_normal: Produced invalid  variable representation 2.08404. Mutation performed without corrective action.
18:54:58: quiet- offset_normal: Produced invalid  variable representation 2.09803. Mutation performed without corrective action.
18:54:58: quiet- offset_normal: Produced invalid  variable representation 2.60927. Mutation performed without corrective action.
18:54:58: quiet- offset_normal: Produced invalid  variable representation 1.98439. Mutation performed without corrective action.
18:54:58: quiet- offset_normal: Produced invalid  variable representation 2.51302. Mutation performed without corrective action.
18:54:58: verbose- offset_normal: Performed 35 total mutations.
18:54:58: quiet- NO_ID: Invalid value of 2.08404 found for variable DAKOTA_RC_1.  Corrected to 2.13532.
18:54:58: quiet- NO_ID: Invalid value of 2.09803 found for variable DAKOTA_RC_1.  Corrected to 2.26343.
18:54:58: quiet- NO_ID: Invalid value of 1.69473 found for variable DAKOTA_RC_5.  Corrected to 2.56206.
18:54:58: quiet- NO_ID: Invalid value of 1.59996 found for variable DAKOTA_RC_3.  Corrected to 1.71622.
18:54:58: quiet- NO_ID: Invalid value of 1.98016 found for variable DAKOTA_RC_6.  Corrected to 2.35825.
18:54:58: quiet- NO_ID: Invalid value of 2.68408 found for variable DAKOTA_RC_6.  Corrected to 2.11511.
18:54:58: quiet- NO_ID: Invalid value of 2.64551 found for variable DAKOTA_RC_4.  Corrected to 2.16083.
18:54:58: quiet- NO_ID: Invalid value of 2.60927 found for variable DAKOTA_RC_4.  Corrected to 2.52293.
18:54:58: quiet- NO_ID: Invalid value of 2.6993 found for variable DAKOTA_RC_5.  Corrected to 2.37597.
18:54:58: quiet- NO_ID: Invalid value of 2.69382 found for variable DAKOTA_RC_7.  Corrected to 2.1366.
18:54:58: quiet- NO_ID: Invalid value of 16.5111 found for variable DAKOTA_EP_2.  Corrected to 0.742233.
18:54:58: quiet- NO_ID: Invalid value of 1.68722 found for variable DAKOTA_RC_7.  Corrected to 2.38711.
18:54:58: quiet- NO_ID: Invalid value of 1.95204 found for variable DAKOTA_RC_7.  Corrected to 2.24361.
18:54:58: quiet- NO_ID: Invalid value of 1.58164 found for variable DAKOTA_RC_3.  Corrected to 2.07437.
18:54:58: quiet- NO_ID: Invalid value of 1.76929 found for variable DAKOTA_RC_6.  Corrected to 2.44887.
18:54:58: quiet- NO_ID: Invalid value of 2.1002 found for variable DAKOTA_RC_3.  Corrected to 1.64923.
18:54:58: quiet- NO_ID: Invalid value of 1.88253 found for variable DAKOTA_RC_6.  Corrected to 2.37365.
18:54:58: quiet- NO_ID: Invalid value of 1.96196 found for variable DAKOTA_RC_4.  Corrected to 2.54969.
18:54:58: quiet- NO_ID: Invalid value of 1.96239 found for variable DAKOTA_RC_4.  Corrected to 2.27963.
18:54:58: quiet- NO_ID: Invalid value of 1.98666 found for variable DAKOTA_RC_4.  Corrected to 2.05587.
18:54:58: quiet- NO_ID: Invalid value of 1.95691 found for variable DAKOTA_RC_4.  Corrected to 2.39316.
18:54:58: quiet- NO_ID: Invalid value of 1.95664 found for variable DAKOTA_RC_5.  Corrected to 2.14015.
18:54:58: quiet- NO_ID: Invalid value of 1.98439 found for variable DAKOTA_RC_6.  Corrected to 2.08125.
18:54:58: quiet- NO_ID: Invalid value of 2.51302 found for variable DAKOTA_RC_1.  Corrected to 2.15192.
18:54:58: quiet- NO_ID: Invalid value of 2.55172 found for variable DAKOTA_RC_1.  Corrected to 2.16795.
20:38:28: verbose- below_limit: Performed 266 total selections.
20:38:28: verbose- NO_ID: 6 of 173 population members were not selected to continue.  6 of 105 offspring were immediately rejected.
20:38:28: verbose- metric_tracker: Operating on 266 total designs and 175 "best fitness" designs.
20:38:28: verbose- metric_tracker: Max "best fitness" expanse change of 0.809% found for objective "Non-Linear Minimize obj_fn_3".
20:38:28: verbose- metric_tracker: Population density increased by 51.378%.
20:38:28: verbose- metric_tracker: 5.983% of the previous "best fitness" population is dominated by designs in the current "best fitness" population.
20:38:28: verbose- metric_tracker: Pushed metric value of 0.581703 onto the convergence stack.
20:38:28: quiet- duplicate_free: 2 generations so far.
20:38:28: quiet- duplicate_free: 355 evaluations so far.
20:38:28: verbose- duplicate_free: 266 members in population so far.
20:38:28: verbose- multi_point_parameterized_binary: 106 children created.
20:38:28: quiet- offset_normal: Produced invalid  variable representation -0.45668. Mutation performed without corrective action.
20:38:28: quiet- offset_normal: Produced invalid  variable representation 2.60489. Mutation performed without corrective action.
20:38:28: quiet- offset_normal: Produced invalid  variable representation 2.50371. Mutation performed without corrective action.
20:38:28: verbose- offset_normal: Performed 53 total mutations.
20:38:28: quiet- NO_ID: Invalid value of 2.09988 found for variable DAKOTA_RC_1.  Corrected to 2.2802.
20:38:28: quiet- NO_ID: Invalid value of 12.5066 found for variable DAKOTA_EP_1.  Corrected to 10.601.
20:38:28: quiet- NO_ID: Invalid value of 16.4064 found for variable DAKOTA_EP_1.  Corrected to 3.99359.
20:38:28: quiet- NO_ID: Invalid value of 1.78808 found for variable DAKOTA_RC_4.  Corrected to 2.11294.
20:38:28: quiet- NO_ID: Invalid value of 2.60479 found for variable DAKOTA_RC_7.  Corrected to 2.27972.
20:38:28: quiet- NO_ID: Invalid value of 2.6408 found for variable DAKOTA_RC_4.  Corrected to 2.09145.
20:38:28: quiet- NO_ID: Invalid value of 2.22038 found for variable DAKOTA_RC_2.  Corrected to 2.03818.
20:38:28: quiet- NO_ID: Invalid value of 12.0806 found for variable DAKOTA_EP_2.  Corrected to 1.89328.
20:38:28: quiet- NO_ID: Invalid value of 1.86406 found for variable DAKOTA_RC_7.  Corrected to 2.34738.
20:38:28: quiet- NO_ID: Invalid value of 2.61804 found for variable DAKOTA_RC_4.  Corrected to 2.46103.
20:38:28: quiet- NO_ID: Invalid value of 1.70224 found for variable DAKOTA_RC_6.  Corrected to 2.36669.
20:38:28: quiet- NO_ID: Invalid value of 1.96338 found for variable DAKOTA_RC_4.  Corrected to 2.18645.
20:38:28: quiet- NO_ID: Invalid value of 1.86113 found for variable DAKOTA_RC_5.  Corrected to 2.36021.
20:38:28: quiet- NO_ID: Invalid value of 1.99146 found for variable DAKOTA_RC_6.  Corrected to 2.12265.
20:38:28: quiet- NO_ID: Invalid value of 12.2905 found for variable DAKOTA_EP_1.  Corrected to 1.20369.
20:38:28: quiet- NO_ID: Invalid value of 14.3876 found for variable DAKOTA_EP_1.  Corrected to 10.208.
20:38:28: quiet- NO_ID: Invalid value of 2.60934 found for variable DAKOTA_RC_6.  Corrected to 2.27572.
20:38:28: quiet- NO_ID: Invalid value of 16.7051 found for variable DAKOTA_EP_1.  Corrected to 4.06374.
20:38:28: quiet- NO_ID: Invalid value of 2.12297 found for variable DAKOTA_RC_3.  Corrected to 1.76085.
20:38:28: quiet- NO_ID: Invalid value of 2.702 found for variable DAKOTA_RC_5.  Corrected to 2.18268.
20:38:28: quiet- NO_ID: Invalid value of 1.8489 found for variable DAKOTA_RC_4.  Corrected to 2.07768.
20:38:28: quiet- NO_ID: Invalid value of 1.94795 found for variable DAKOTA_RC_7.  Corrected to 2.35752.
20:38:28: quiet- NO_ID: Invalid value of 2.67151 found for variable DAKOTA_RC_4.  Corrected to 2.43968.
20:38:28: quiet- NO_ID: Invalid value of 12.2102 found for variable DAKOTA_EP_2.  Corrected to 11.7153.
20:38:28: quiet- NO_ID: Invalid value of 1.68414 found for variable DAKOTA_RC_4.  Corrected to 2.18959.
20:38:28: quiet- NO_ID: Invalid value of 1.99499 found for variable DAKOTA_RC_4.  Corrected to 2.52619.
20:38:28: quiet- NO_ID: Invalid value of 2.13326 found for variable DAKOTA_RC_3.  Corrected to 1.91802.
20:38:28: quiet- NO_ID: Invalid value of 1.93655 found for variable DAKOTA_RC_5.  Corrected to 2.38059.
20:38:28: quiet- NO_ID: Invalid value of 1.95358 found for variable DAKOTA_RC_6.  Corrected to 2.2153.
20:38:28: quiet- NO_ID: Invalid value of -0.45668 found for variable DAKOTA_EP_2.  Corrected to 0.279396.
20:38:28: quiet- NO_ID: Invalid value of 2.60489 found for variable DAKOTA_RC_6.  Corrected to 2.26822.
20:38:28: quiet- NO_ID: Invalid value of 2.61878 found for variable DAKOTA_RC_4.  Corrected to 2.4856.
20:38:28: quiet- NO_ID: Invalid value of 2.71617 found for variable DAKOTA_RC_5.  Corrected to 2.54402.
20:38:28: quiet- NO_ID: Invalid value of 1.94958 found for variable DAKOTA_RC_6.  Corrected to 2.4679.
20:38:28: quiet- NO_ID: Invalid value of 2.62543 found for variable DAKOTA_RC_4.  Corrected to 2.59854.
20:38:28: quiet- NO_ID: Invalid value of 13.9144 found for variable DAKOTA_EP_1.  Corrected to 4.47474.
20:38:28: quiet- NO_ID: Invalid value of 1.56337 found for variable DAKOTA_RC_3.  Corrected to 2.06613.
20:38:28: quiet- NO_ID: Invalid value of 1.98865 found for variable DAKOTA_RC_4.  Corrected to 2.40436.
20:38:28: quiet- NO_ID: Invalid value of 2.63456 found for variable DAKOTA_RC_4.  Corrected to 2.3184.
20:38:28: quiet- NO_ID: Invalid value of 2.63121 found for variable DAKOTA_RC_6.  Corrected to 2.30673.
20:38:28: quiet- NO_ID: Invalid value of 2.50371 found for variable DAKOTA_RC_1.  Corrected to 2.27693.
20:38:28: quiet- NO_ID: Invalid value of 2.57549 found for variable DAKOTA_RC_1.  Corrected to 2.15672.
20:38:28: quiet- NO_ID: Invalid value of 1.8926 found for variable DAKOTA_RC_4.  Corrected to 2.49318.
23:11:22: verbose- below_limit: Performed 406 total selections.
23:11:22: verbose- NO_ID: 6 of 266 population members were not selected to continue.  13 of 159 offspring were immediately rejected.
23:11:22: verbose- metric_tracker: Operating on 406 total designs and 241 "best fitness" designs.
23:11:22: verbose- metric_tracker: Max "best fitness" expanse change of 5.7% found for objective "Non-Linear Minimize obj_fn_1".
23:11:22: verbose- metric_tracker: Population density increased by 44.085%.
23:11:22: verbose- metric_tracker: 13.714% of the previous "best fitness" population is dominated by designs in the current "best fitness" population.
23:11:22: verbose- metric_tracker: Pushed metric value of 0.634993 onto the convergence stack.
23:11:22: quiet- duplicate_free: 3 generations so far.
23:11:22: quiet- duplicate_free: 514 evaluations so far.
23:11:22: verbose- duplicate_free: 406 members in population so far.
23:11:22: verbose- multi_point_parameterized_binary: 162 children created.
23:11:22: quiet- offset_normal: Produced invalid  variable representation 2.62799. Mutation performed without corrective action.
23:11:22: verbose- offset_normal: Performed 81 total mutations.
23:11:22: quiet- NO_ID: Invalid value of 1.69287 found for variable DAKOTA_RC_4.  Corrected to 2.07397.
23:11:22: quiet- NO_ID: Invalid value of 2.69301 found for variable DAKOTA_RC_6.  Corrected to 2.27105.
23:11:22: quiet- NO_ID: Invalid value of 1.59727 found for variable DAKOTA_RC_3.  Corrected to 1.74167.
23:11:22: quiet- NO_ID: Invalid value of 1.83859 found for variable DAKOTA_RC_4.  Corrected to 2.41738.
23:11:22: quiet- NO_ID: Invalid value of 1.68973 found for variable DAKOTA_RC_2.  Corrected to 1.9199.
23:11:22: quiet- NO_ID: Invalid value of 2.69494 found for variable DAKOTA_RC_5.  Corrected to 2.57529.
23:11:22: quiet- NO_ID: Invalid value of 12.1287 found for variable DAKOTA_EP_1.  Corrected to 1.31591.
23:11:22: quiet- NO_ID: Invalid value of 1.79194 found for variable DAKOTA_RC_7.  Corrected to 2.34348.
23:11:22: quiet- NO_ID: Invalid value of 1.56505 found for variable DAKOTA_RC_3.  Corrected to 1.67593.
23:11:22: quiet- NO_ID: Invalid value of 2.71591 found for variable DAKOTA_RC_4.  Corrected to 2.19554.
23:11:22: quiet- NO_ID: Invalid value of 2.60327 found for variable DAKOTA_RC_7.  Corrected to 2.4601.
23:11:22: quiet- NO_ID: Invalid value of 2.65196 found for variable DAKOTA_RC_4.  Corrected to 2.47897.
23:11:22: quiet- NO_ID: Invalid value of 12.2983 found for variable DAKOTA_EP_1.  Corrected to 10.472.
23:11:22: quiet- NO_ID: Invalid value of 2.67242 found for variable DAKOTA_RC_6.  Corrected to 2.14915.
23:11:22: quiet- NO_ID: Invalid value of 1.94596 found for variable DAKOTA_RC_6.  Corrected to 2.37132.
23:11:22: quiet- NO_ID: Invalid value of 1.92324 found for variable DAKOTA_RC_6.  Corrected to 2.17104.
23:11:22: quiet- NO_ID: Invalid value of 2.61287 found for variable DAKOTA_RC_4.  Corrected to 2.37503.
23:11:22: quiet- NO_ID: Invalid value of 1.59165 found for variable DAKOTA_RC_3.  Corrected to 1.81506.
23:11:22: quiet- NO_ID: Invalid value of 2.63195 found for variable DAKOTA_RC_4.  Corrected to 2.38777.
23:11:22: quiet- NO_ID: Invalid value of 1.9613 found for variable DAKOTA_RC_7.  Corrected to 2.18441.
23:11:22: quiet- NO_ID: Invalid value of 1.75534 found for variable DAKOTA_RC_4.  Corrected to 2.47624.
23:11:22: quiet- NO_ID: Invalid value of 1.70924 found for variable DAKOTA_RC_6.  Corrected to 2.1798.
23:11:22: quiet- NO_ID: Invalid value of 2.61809 found for variable DAKOTA_RC_5.  Corrected to 2.4285.
23:11:22: quiet- NO_ID: Invalid value of 2.61087 found for variable DAKOTA_RC_7.  Corrected to 2.32437.
23:11:22: quiet- NO_ID: Invalid value of 12.3343 found for variable DAKOTA_EP_1.  Corrected to 4.95906.
23:11:22: quiet- NO_ID: Invalid value of 2.60401 found for variable DAKOTA_RC_6.  Corrected to 2.03227.
23:11:22: quiet- NO_ID: Invalid value of 2.14652 found for variable DAKOTA_RC_3.  Corrected to 1.62808.
23:11:22: quiet- NO_ID: Invalid value of 2.66369 found for variable DAKOTA_RC_6.  Corrected to 2.46332.
23:11:22: quiet- NO_ID: Invalid value of 2.26211 found for variable DAKOTA_RC_3.  Corrected to 1.99799.
23:11:22: quiet- NO_ID: Invalid value of 1.92334 found for variable DAKOTA_RC_6.  Corrected to 2.21532.
23:11:22: quiet- NO_ID: Invalid value of 1.56328 found for variable DAKOTA_RC_3.  Corrected to 1.73559.
23:11:22: quiet- NO_ID: Invalid value of 1.84472 found for variable DAKOTA_RC_6.  Corrected to 2.55156.
23:11:22: quiet- NO_ID: Invalid value of 1.95218 found for variable DAKOTA_RC_6.  Corrected to 2.48637.
23:11:22: quiet- NO_ID: Invalid value of 2.6733 found for variable DAKOTA_RC_7.  Corrected to 2.33271.
23:11:22: quiet- NO_ID: Invalid value of 2.60532 found for variable DAKOTA_RC_5.  Corrected to 2.36893.
23:11:22: quiet- NO_ID: Invalid value of 1.88113 found for variable DAKOTA_RC_4.  Corrected to 2.15025.
23:11:22: quiet- NO_ID: Invalid value of 2.63355 found for variable DAKOTA_RC_4.  Corrected to 2.308.
23:11:22: quiet- NO_ID: Invalid value of 1.77148 found for variable DAKOTA_RC_6.  Corrected to 2.43473.
23:11:22: quiet- NO_ID: Invalid value of 1.94332 found for variable DAKOTA_RC_7.  Corrected to 2.49373.
23:11:22: quiet- NO_ID: Invalid value of 2.1746 found for variable DAKOTA_RC_3.  Corrected to 1.9326.
23:11:22: quiet- NO_ID: Invalid value of 1.84091 found for variable DAKOTA_RC_6.  Corrected to 2.03027.
23:11:22: quiet- NO_ID: Invalid value of 1.97216 found for variable DAKOTA_RC_6.  Corrected to 2.35383.
23:11:22: quiet- NO_ID: Invalid value of 2.70817 found for variable DAKOTA_RC_4.  Corrected to 2.2781.
23:11:22: quiet- NO_ID: Invalid value of 1.9712 found for variable DAKOTA_RC_7.  Corrected to 2.55387.
23:11:22: quiet- NO_ID: Invalid value of 2.70998 found for variable DAKOTA_RC_6.  Corrected to 2.50298.
23:11:22: quiet- NO_ID: Invalid value of 1.57198 found for variable DAKOTA_RC_3.  Corrected to 1.64118.
23:11:22: quiet- NO_ID: Invalid value of 2.70717 found for variable DAKOTA_RC_4.  Corrected to 2.1249.
23:11:22: quiet- NO_ID: Invalid value of 1.56377 found for variable DAKOTA_RC_3.  Corrected to 1.83168.
23:11:22: quiet- NO_ID: Invalid value of 1.67504 found for variable DAKOTA_RC_4.  Corrected to 2.30749.
23:11:22: quiet- NO_ID: Invalid value of 2.62799 found for variable DAKOTA_RC_4.  Corrected to 2.51267.
23:11:22: quiet- NO_ID: Invalid value of 2.67741 found for variable DAKOTA_RC_4.  Corrected to 2.46242.
23:11:22: quiet- NO_ID: Invalid value of 2.63198 found for variable DAKOTA_RC_4.  Corrected to 2.18372.
23:11:22: quiet- NO_ID: Invalid value of 1.85188 found for variable DAKOTA_RC_6.  Corrected to 2.09247.
23:11:22: quiet- NO_ID: Invalid value of 1.944 found for variable DAKOTA_RC_5.  Corrected to 2.29092.
23:11:22: quiet- NO_ID: Invalid value of 2.69062 found for variable DAKOTA_RC_7.  Corrected to 2.50809.
23:11:22: quiet- NO_ID: Invalid value of 1.97036 found for variable DAKOTA_RC_6.  Corrected to 2.34042.
23:11:22: quiet- NO_ID: Invalid value of 1.94129 found for variable DAKOTA_RC_7.  Corrected to 2.32319.
23:11:22: quiet- NO_ID: Invalid value of 1.61951 found for variable DAKOTA_RC_2.  Corrected to 2.15149.
23:11:22: quiet- NO_ID: Invalid value of 1.59676 found for variable DAKOTA_RC_3.  Corrected to 1.76978.
23:11:22: quiet- NO_ID: Invalid value of 2.52869 found for variable DAKOTA_RC_1.  Corrected to 2.23385.
03:10:07: verbose- below_limit: Performed 612 total selections.
03:10:07: verbose- NO_ID: 13 of 406 population members were not selected to continue.  24 of 243 offspring were immediately rejected.
03:10:07: verbose- metric_tracker: Operating on 612 total designs and 319 "best fitness" designs.
03:10:07: verbose- metric_tracker: Max "best fitness" expanse change of -4.135% found for objective "Non-Linear Minimize obj_fn_3".
03:10:07: verbose- metric_tracker: Population density increased by 50.739%.
03:10:07: verbose- metric_tracker: 13.278% of the previous "best fitness" population is dominated by designs in the current "best fitness" population.
03:10:07: verbose- metric_tracker: Pushed metric value of 0.681518 onto the convergence stack.
03:10:07: quiet- duplicate_free: 4 generations so far.
03:10:07: quiet- duplicate_free: 757 evaluations so far.
03:10:07: verbose- duplicate_free: 612 members in population so far.
03:10:07: verbose- multi_point_parameterized_binary: 244 children created.
03:10:07: quiet- offset_normal: Produced invalid  variable representation 2.21847. Mutation performed without corrective action.
03:10:07: quiet- offset_normal: Produced invalid  variable representation 1.9826. Mutation performed without corrective action.
03:10:07: quiet- offset_normal: Produced invalid  variable representation 12.1087. Mutation performed without corrective action.
03:10:07: quiet- offset_normal: Produced invalid  variable representation 2.608. Mutation performed without corrective action.
03:10:07: quiet- offset_normal: Produced invalid  variable representation 2.53288. Mutation performed without corrective action.
03:10:07: verbose- offset_normal: Performed 122 total mutations.
03:10:07: quiet- NO_ID: Invalid value of 2.09491 found for variable DAKOTA_RC_1.  Corrected to 2.31095.
03:10:07: quiet- NO_ID: Invalid value of 2.09702 found for variable DAKOTA_RC_1.  Corrected to 2.14347.
03:10:07: quiet- NO_ID: Invalid value of 2.71311 found for variable DAKOTA_RC_5.  Corrected to 2.00862.
03:10:07: quiet- NO_ID: Invalid value of 2.09836 found for variable DAKOTA_RC_1.  Corrected to 2.36961.
03:10:07: quiet- NO_ID: Invalid value of 1.86834 found for variable DAKOTA_RC_4.  Corrected to 2.51646.
03:10:07: quiet- NO_ID: Invalid value of 1.97764 found for variable DAKOTA_RC_6.  Corrected to 2.24957.
03:10:07: quiet- NO_ID: Invalid value of 1.92906 found for variable DAKOTA_RC_4.  Corrected to 2.46251.
03:10:07: quiet- NO_ID: Invalid value of 2.68168 found for variable DAKOTA_RC_5.  Corrected to 2.4264.
03:10:07: quiet- NO_ID: Invalid value of 2.66268 found for variable DAKOTA_RC_6.  Corrected to 2.38492.
03:10:07: quiet- NO_ID: Invalid value of 2.66899 found for variable DAKOTA_RC_7.  Corrected to 2.17131.
03:10:07: quiet- NO_ID: Invalid value of 2.1234 found for variable DAKOTA_RC_3.  Corrected to 1.9238.
03:10:07: quiet- NO_ID: Invalid value of 1.92526 found for variable DAKOTA_RC_5.  Corrected to 2.00994.
03:10:07: quiet- NO_ID: Invalid value of 1.99283 found for variable DAKOTA_RC_7.  Corrected to 2.43172.
03:10:07: quiet- NO_ID: Invalid value of 1.56327 found for variable DAKOTA_RC_3.  Corrected to 1.86774.
03:10:07: quiet- NO_ID: Invalid value of 1.77814 found for variable DAKOTA_RC_4.  Corrected to 2.23506.
03:10:07: quiet- NO_ID: Invalid value of 2.69156 found for variable DAKOTA_RC_6.  Corrected to 2.09662.
03:10:07: quiet- NO_ID: Invalid value of 1.86339 found for variable DAKOTA_RC_7.  Corrected to 2.3749.
03:10:07: quiet- NO_ID: Invalid value of 1.96163 found for variable DAKOTA_RC_5.  Corrected to 2.29908.
03:10:07: quiet- NO_ID: Invalid value of 1.94961 found for variable DAKOTA_RC_6.  Corrected to 2.35466.
03:10:07: quiet- NO_ID: Invalid value of 2.70605 found for variable DAKOTA_RC_7.  Corrected to 2.01471.
03:10:07: quiet- NO_ID: Invalid value of 2.6768 found for variable DAKOTA_RC_6.  Corrected to 2.56821.
03:10:07: quiet- NO_ID: Invalid value of 1.76586 found for variable DAKOTA_RC_6.  Corrected to 2.48511.
03:10:07: quiet- NO_ID: Invalid value of 2.6265 found for variable DAKOTA_RC_7.  Corrected to 2.00668.
03:10:07: quiet- NO_ID: Invalid value of 1.96245 found for variable DAKOTA_RC_5.  Corrected to 2.34452.
03:10:07: quiet- NO_ID: Invalid value of 1.91965 found for variable DAKOTA_RC_6.  Corrected to 2.21364.
03:10:07: quiet- NO_ID: Invalid value of 2.21325 found for variable DAKOTA_RC_2.  Corrected to 2.00977.
03:10:07: quiet- NO_ID: Invalid value of 12.0582 found for variable DAKOTA_EP_1.  Corrected to 0.851911.
03:10:07: quiet- NO_ID: Invalid value of 1.98748 found for variable DAKOTA_RC_6.  Corrected to 2.58193.
03:10:07: quiet- NO_ID: Invalid value of 1.94589 found for variable DAKOTA_RC_5.  Corrected to 2.23633.
03:10:07: quiet- NO_ID: Invalid value of 2.21847 found for variable DAKOTA_RC_2.  Corrected to 2.0138.
03:10:07: quiet- NO_ID: Invalid value of 2.60681 found for variable DAKOTA_RC_5.  Corrected to 2.33048.
03:10:07: quiet- NO_ID: Invalid value of 1.95349 found for variable DAKOTA_RC_5.  Corrected to 2.55275.
03:10:07: quiet- NO_ID: Invalid value of 1.96021 found for variable DAKOTA_RC_5.  Corrected to 2.44176.
03:10:07: quiet- NO_ID: Invalid value of 2.67156 found for variable DAKOTA_RC_6.  Corrected to 2.33909.
03:10:07: quiet- NO_ID: Invalid value of 12.2399 found for variable DAKOTA_EP_1.  Corrected to 7.1434.
03:10:07: quiet- NO_ID: Invalid value of 1.8629 found for variable DAKOTA_RC_4.  Corrected to 2.35822.
03:10:07: quiet- NO_ID: Invalid value of 1.89161 found for variable DAKOTA_RC_4.  Corrected to 2.58866.
03:10:07: quiet- NO_ID: Invalid value of 1.9509 found for variable DAKOTA_RC_6.  Corrected to 2.21968.
03:10:07: quiet- NO_ID: Invalid value of 2.63323 found for variable DAKOTA_RC_5.  Corrected to 2.18462.
03:10:07: quiet- NO_ID: Invalid value of 1.9826 found for variable DAKOTA_RC_6.  Corrected to 2.37358.
03:10:07: quiet- NO_ID: Invalid value of 2.32052 found for variable DAKOTA_RC_3.  Corrected to 1.92583.
03:10:07: quiet- NO_ID: Invalid value of 12.1087 found for variable DAKOTA_EP_1.  Corrected to 11.4636.
03:10:07: quiet- NO_ID: Invalid value of 2.63227 found for variable DAKOTA_RC_7.  Corrected to 2.38352.
03:10:07: quiet- NO_ID: Invalid value of 1.94836 found for variable DAKOTA_RC_5.  Corrected to 2.22271.
03:10:07: quiet- NO_ID: Invalid value of 2.608 found for variable DAKOTA_RC_7.  Corrected to 2.29447.
03:10:07: quiet- NO_ID: Invalid value of 13.8658 found for variable DAKOTA_EP_1.  Corrected to 0.371514.
03:10:07: quiet- NO_ID: Invalid value of 2.70057 found for variable DAKOTA_RC_7.  Corrected to 2.31933.
03:10:07: quiet- NO_ID: Invalid value of 2.68057 found for variable DAKOTA_RC_7.  Corrected to 2.06937.
03:10:07: quiet- NO_ID: Invalid value of 2.71824 found for variable DAKOTA_RC_7.  Corrected to 2.31766.
03:10:07: quiet- NO_ID: Invalid value of 2.60556 found for variable DAKOTA_RC_6.  Corrected to 2.07399.
03:10:07: quiet- NO_ID: Invalid value of 2.1376 found for variable DAKOTA_RC_3.  Corrected to 1.67007.
03:10:07: quiet- NO_ID: Invalid value of 2.61542 found for variable DAKOTA_RC_5.  Corrected to 2.28587.
03:10:07: quiet- NO_ID: Invalid value of 2.60841 found for variable DAKOTA_RC_7.  Corrected to 2.55911.
03:10:07: quiet- NO_ID: Invalid value of 2.67062 found for variable DAKOTA_RC_6.  Corrected to 2.09077.
03:10:07: quiet- NO_ID: Invalid value of 2.65362 found for variable DAKOTA_RC_4.  Corrected to 2.03039.
03:10:07: quiet- NO_ID: Invalid value of 1.9588 found for variable DAKOTA_RC_4.  Corrected to 2.17275.
03:10:07: quiet- NO_ID: Invalid value of 1.82834 found for variable DAKOTA_RC_5.  Corrected to 2.4625.
03:10:07: quiet- NO_ID: Invalid value of 2.68338 found for variable DAKOTA_RC_4.  Corrected to 2.07298.
03:10:07: quiet- NO_ID: Invalid value of 2.60345 found for variable DAKOTA_RC_4.  Corrected to 2.15467.
03:10:07: quiet- NO_ID: Invalid value of 1.96972 found for variable DAKOTA_RC_7.  Corrected to 2.09882.
03:10:07: quiet- NO_ID: Invalid value of 2.70557 found for variable DAKOTA_RC_4.  Corrected to 2.44954.
03:10:07: quiet- NO_ID: Invalid value of 2.69945 found for variable DAKOTA_RC_6.  Corrected to 2.48515.
03:10:07: quiet- NO_ID: Invalid value of 2.65194 found for variable DAKOTA_RC_4.  Corrected to 2.05158.
03:10:07: quiet- NO_ID: Invalid value of 2.60702 found for variable DAKOTA_RC_5.  Corrected to 2.2913.
03:10:07: quiet- NO_ID: Invalid value of 1.89668 found for variable DAKOTA_RC_4.  Corrected to 2.22424.
03:10:07: quiet- NO_ID: Invalid value of 1.94666 found for variable DAKOTA_RC_6.  Corrected to 2.40875.
03:10:07: quiet- NO_ID: Invalid value of 2.61033 found for variable DAKOTA_RC_4.  Corrected to 2.04952.
03:10:07: quiet- NO_ID: Invalid value of 1.827 found for variable DAKOTA_RC_5.  Corrected to 2.2129.
03:10:07: quiet- NO_ID: Invalid value of 1.93417 found for variable DAKOTA_RC_5.  Corrected to 2.02843.
03:10:07: quiet- NO_ID: Invalid value of 1.8691 found for variable DAKOTA_RC_4.  Corrected to 2.23414.
03:10:07: quiet- NO_ID: Invalid value of 2.66389 found for variable DAKOTA_RC_5.  Corrected to 2.58648.
03:10:07: quiet- NO_ID: Invalid value of 1.97451 found for variable DAKOTA_RC_4.  Corrected to 2.41942.
03:10:07: quiet- NO_ID: Invalid value of 2.66242 found for variable DAKOTA_RC_5.  Corrected to 2.20732.
03:10:07: quiet- NO_ID: Invalid value of 1.82939 found for variable DAKOTA_RC_7.  Corrected to 2.37.
03:10:07: quiet- NO_ID: Invalid value of 2.69309 found for variable DAKOTA_RC_6.  Corrected to 2.04213.
03:10:07: quiet- NO_ID: Invalid value of 2.6068 found for variable DAKOTA_RC_5.  Corrected to 2.50179.
03:10:07: quiet- NO_ID: Invalid value of 1.97048 found for variable DAKOTA_RC_4.  Corrected to 2.38858.
03:10:07: quiet- NO_ID: Invalid value of 2.60444 found for variable DAKOTA_RC_6.  Corrected to 2.36146.
03:10:07: quiet- NO_ID: Invalid value of 2.53288 found for variable DAKOTA_RC_1.  Corrected to 2.48078.
03:10:07: quiet- NO_ID: Invalid value of 2.53471 found for variable DAKOTA_RC_1.  Corrected to 2.17082.
03:10:07: quiet- NO_ID: Invalid value of 2.56608 found for variable DAKOTA_RC_1.  Corrected to 2.3903.
03:10:07: quiet- NO_ID: Invalid value of 2.60858 found for variable DAKOTA_RC_1.  Corrected to 2.13684.
03:10:07: quiet- NO_ID: Invalid value of 2.61674 found for variable DAKOTA_RC_1.  Corrected to 2.3614.
09:11:46: verbose- below_limit: Performed 880 total selections.
09:11:46: verbose- NO_ID: 46 of 612 population members were not selected to continue.  52 of 366 offspring were immediately rejected.
09:11:46: verbose- metric_tracker: Operating on 880 total designs and 369 "best fitness" designs.
09:11:46: verbose- metric_tracker: Max "best fitness" expanse change of 13.912% found for objective "Non-Linear Minimize obj_fn_1".
09:11:46: verbose- metric_tracker: Population density increased by 25.213%.
09:11:46: verbose- metric_tracker: 25.705% of the previous "best fitness" population is dominated by designs in the current "best fitness" population.
09:11:46: verbose- metric_tracker: Pushed metric value of 0.648301 onto the convergence stack.
09:11:46: quiet- duplicate_free: 5 generations so far.
09:11:46: quiet- duplicate_free: 1123 evaluations so far.
09:11:46: verbose- duplicate_free: 880 members in population so far.
09:11:46: verbose- multi_point_parameterized_binary: 352 children created.
09:11:46: quiet- offset_normal: Produced invalid  variable representation 1.58346. Mutation performed without corrective action.
09:11:46: quiet- offset_normal: Produced invalid  variable representation 1.58619. Mutation performed without corrective action.
09:11:46: quiet- offset_normal: Produced invalid  variable representation 2.63323. Mutation performed without corrective action.
09:11:46: quiet- offset_normal: Produced invalid  variable representation 12.5354. Mutation performed without corrective action.
09:11:46: quiet- offset_normal: Produced invalid  variable representation 1.99634. Mutation performed without corrective action.
09:11:46: quiet- offset_normal: Produced invalid  variable representation -0.0241752. Mutation performed without corrective action.
09:11:46: quiet- offset_normal: Produced invalid  variable representation 2.10379. Mutation performed without corrective action.
09:11:46: quiet- offset_normal: Produced invalid  variable representation 1.99185. Mutation performed without corrective action.
09:11:46: quiet- offset_normal: Produced invalid  variable representation 2.50928. Mutation performed without corrective action.
09:11:46: verbose- offset_normal: Performed 176 total mutations.
09:11:46: quiet- NO_ID: Invalid value of 1.98846 found for variable DAKOTA_RC_6.  Corrected to 2.04751.
09:11:46: quiet- NO_ID: Invalid value of 1.99773 found for variable DAKOTA_RC_7.  Corrected to 2.58946.
09:11:46: quiet- NO_ID: Invalid value of 1.97864 found for variable DAKOTA_RC_6.  Corrected to 2.41946.
09:11:46: quiet- NO_ID: Invalid value of 2.66262 found for variable DAKOTA_RC_6.  Corrected to 2.53321.
09:11:46: quiet- NO_ID: Invalid value of 1.95843 found for variable DAKOTA_RC_4.  Corrected to 2.10815.
09:11:46: quiet- NO_ID: Invalid value of 1.57339 found for variable DAKOTA_RC_3.  Corrected to 1.88056.
09:11:46: quiet- NO_ID: Invalid value of 1.5826 found for variable DAKOTA_RC_3.  Corrected to 1.9267.
09:11:46: quiet- NO_ID: Invalid value of 1.80309 found for variable DAKOTA_RC_4.  Corrected to 2.46009.
09:11:46: quiet- NO_ID: Invalid value of 1.58346 found for variable DAKOTA_RC_3.  Corrected to 1.98381.
09:11:46: quiet- NO_ID: Invalid value of 1.58619 found for variable DAKOTA_RC_3.  Corrected to 1.79939.
09:11:46: quiet- NO_ID: Invalid value of 12.031 found for variable DAKOTA_EP_2.  Corrected to 8.0617.
09:11:46: quiet- NO_ID: Invalid value of 2.66647 found for variable DAKOTA_RC_6.  Corrected to 2.50029.
09:11:46: quiet- NO_ID: Invalid value of 2.62604 found for variable DAKOTA_RC_5.  Corrected to 2.10811.
09:11:46: quiet- NO_ID: Invalid value of 1.94139 found for variable DAKOTA_RC_5.  Corrected to 2.49837.
09:11:46: quiet- NO_ID: Invalid value of 2.65013 found for variable DAKOTA_RC_5.  Corrected to 2.54211.
09:11:46: quiet- NO_ID: Invalid value of 1.59607 found for variable DAKOTA_RC_3.  Corrected to 1.67821.
09:11:46: quiet- NO_ID: Invalid value of 2.71699 found for variable DAKOTA_RC_4.  Corrected to 2.57498.
09:11:46: quiet- NO_ID: Invalid value of 2.69116 found for variable DAKOTA_RC_4.  Corrected to 2.09896.
09:11:46: quiet- NO_ID: Invalid value of 2.69694 found for variable DAKOTA_RC_6.  Corrected to 2.11319.
09:11:46: quiet- NO_ID: Invalid value of 1.80347 found for variable DAKOTA_RC_4.  Corrected to 2.44391.
09:11:46: quiet- NO_ID: Invalid value of 2.63558 found for variable DAKOTA_RC_4.  Corrected to 2.35322.
09:11:46: quiet- NO_ID: Invalid value of 2.65476 found for variable DAKOTA_RC_4.  Corrected to 2.1443.
09:11:46: quiet- NO_ID: Invalid value of 2.66997 found for variable DAKOTA_RC_6.  Corrected to 2.58948.
09:11:46: quiet- NO_ID: Invalid value of 1.94481 found for variable DAKOTA_RC_4.  Corrected to 2.38578.
09:11:46: quiet- NO_ID: Invalid value of 1.8429 found for variable DAKOTA_RC_5.  Corrected to 2.10149.
09:11:46: quiet- NO_ID: Invalid value of 1.82134 found for variable DAKOTA_RC_7.  Corrected to 2.17983.
09:11:46: quiet- NO_ID: Invalid value of 2.60371 found for variable DAKOTA_RC_7.  Corrected to 2.47177.
09:11:46: quiet- NO_ID: Invalid value of 1.69664 found for variable DAKOTA_RC_2.  Corrected to 1.72164.
09:11:46: quiet- NO_ID: Invalid value of 1.71799 found for variable DAKOTA_RC_5.  Corrected to 2.27634.
09:11:46: quiet- NO_ID: Invalid value of 1.57424 found for variable DAKOTA_RC_3.  Corrected to 2.06493.
09:11:46: quiet- NO_ID: Invalid value of 2.65678 found for variable DAKOTA_RC_4.  Corrected to 2.52973.
09:11:46: quiet- NO_ID: Invalid value of 1.99417 found for variable DAKOTA_RC_6.  Corrected to 2.32385.
09:11:46: quiet- NO_ID: Invalid value of 2.71464 found for variable DAKOTA_RC_7.  Corrected to 2.54738.
09:11:46: quiet- NO_ID: Invalid value of 1.96479 found for variable DAKOTA_RC_5.  Corrected to 2.34918.
09:11:46: quiet- NO_ID: Invalid value of 1.89899 found for variable DAKOTA_RC_5.  Corrected to 2.25706.
09:11:46: quiet- NO_ID: Invalid value of 2.61287 found for variable DAKOTA_RC_4.  Corrected to 2.05553.
09:11:46: quiet- NO_ID: Invalid value of 1.86101 found for variable DAKOTA_RC_6.  Corrected to 2.08586.
09:11:46: quiet- NO_ID: Invalid value of 2.66813 found for variable DAKOTA_RC_6.  Corrected to 2.04911.
09:11:46: quiet- NO_ID: Invalid value of 2.69601 found for variable DAKOTA_RC_4.  Corrected to 2.51562.
09:11:46: quiet- NO_ID: Invalid value of 2.70738 found for variable DAKOTA_RC_5.  Corrected to 2.54643.
09:11:46: quiet- NO_ID: Invalid value of 2.65438 found for variable DAKOTA_RC_6.  Corrected to 2.28837.
09:11:46: quiet- NO_ID: Invalid value of 2.68914 found for variable DAKOTA_RC_5.  Corrected to 2.31871.
09:11:46: quiet- NO_ID: Invalid value of 2.60261 found for variable DAKOTA_RC_5.  Corrected to 2.44672.
09:11:46: quiet- NO_ID: Invalid value of 2.7039 found for variable DAKOTA_RC_5.  Corrected to 2.39648.
09:11:46: quiet- NO_ID: Invalid value of 1.94581 found for variable DAKOTA_RC_4.  Corrected to 2.21708.
09:11:46: quiet- NO_ID: Invalid value of 2.2258 found for variable DAKOTA_RC_2.  Corrected to 2.02402.
09:11:46: quiet- NO_ID: Invalid value of 1.94187 found for variable DAKOTA_RC_5.  Corrected to 2.49033.
09:11:46: quiet- NO_ID: Invalid value of 12.6041 found for variable DAKOTA_EP_1.  Corrected to 3.84112.
09:11:46: quiet- NO_ID: Invalid value of 1.98836 found for variable DAKOTA_RC_4.  Corrected to 2.48779.
09:11:46: quiet- NO_ID: Invalid value of 2.22502 found for variable DAKOTA_RC_2.  Corrected to 1.70293.
09:11:46: quiet- NO_ID: Invalid value of 1.9311 found for variable DAKOTA_RC_4.  Corrected to 2.03596.
09:11:46: quiet- NO_ID: Invalid value of 1.97539 found for variable DAKOTA_RC_6.  Corrected to 2.24101.
09:11:46: quiet- NO_ID: Invalid value of 2.208 found for variable DAKOTA_RC_2.  Corrected to 1.82318.
09:11:46: quiet- NO_ID: Invalid value of 1.94748 found for variable DAKOTA_RC_6.  Corrected to 2.02545.
09:11:46: quiet- NO_ID: Invalid value of 2.63323 found for variable DAKOTA_RC_7.  Corrected to 2.02679.
09:11:46: quiet- NO_ID: Invalid value of 12.4786 found for variable DAKOTA_EP_1.  Corrected to 4.98627.
09:11:46: quiet- NO_ID: Invalid value of 1.94968 found for variable DAKOTA_RC_6.  Corrected to 2.20527.
09:11:46: quiet- NO_ID: Invalid value of 2.69615 found for variable DAKOTA_RC_4.  Corrected to 2.49856.
09:11:46: quiet- NO_ID: Invalid value of 2.64649 found for variable DAKOTA_RC_6.  Corrected to 2.27528.
09:11:46: quiet- NO_ID: Invalid value of 14.7501 found for variable DAKOTA_EP_1.  Corrected to 9.63227.
09:11:46: quiet- NO_ID: Invalid value of 1.97121 found for variable DAKOTA_RC_7.  Corrected to 2.45648.
09:11:46: quiet- NO_ID: Invalid value of 2.18882 found for variable DAKOTA_RC_3.  Corrected to 1.77084.
09:11:46: quiet- NO_ID: Invalid value of 2.62434 found for variable DAKOTA_RC_7.  Corrected to 2.20546.
09:11:46: quiet- NO_ID: Invalid value of 2.16094 found for variable DAKOTA_RC_3.  Corrected to 1.93654.
09:11:46: quiet- NO_ID: Invalid value of 2.20563 found for variable DAKOTA_RC_2.  Corrected to 2.16182.
09:11:46: quiet- NO_ID: Invalid value of 1.87445 found for variable DAKOTA_RC_4.  Corrected to 2.46253.
09:11:46: quiet- NO_ID: Invalid value of 1.73605 found for variable DAKOTA_RC_5.  Corrected to 2.45938.
09:11:46: quiet- NO_ID: Invalid value of 14.2158 found for variable DAKOTA_EP_1.  Corrected to 0.800956.
09:11:46: quiet- NO_ID: Invalid value of 2.68239 found for variable DAKOTA_RC_5.  Corrected to 2.51163.
09:11:46: quiet- NO_ID: Invalid value of 1.5489 found for variable DAKOTA_RC_3.  Corrected to 1.9125.
09:11:46: quiet- NO_ID: Invalid value of 12.5354 found for variable DAKOTA_EP_1.  Corrected to 11.7296.
09:11:46: quiet- NO_ID: Invalid value of 1.99634 found for variable DAKOTA_RC_5.  Corrected to 2.20001.
09:11:46: quiet- NO_ID: Invalid value of 2.10074 found for variable DAKOTA_RC_3.  Corrected to 1.67809.
09:11:46: quiet- NO_ID: Invalid value of 2.61705 found for variable DAKOTA_RC_5.  Corrected to 2.4332.
09:11:46: quiet- NO_ID: Invalid value of 2.67179 found for variable DAKOTA_RC_6.  Corrected to 2.59649.
09:11:46: quiet- NO_ID: Invalid value of 2.11569 found for variable DAKOTA_RC_3.  Corrected to 1.85899.
09:11:46: quiet- NO_ID: Invalid value of 2.7119 found for variable DAKOTA_RC_5.  Corrected to 2.22203.
09:11:46: quiet- NO_ID: Invalid value of 1.82699 found for variable DAKOTA_RC_5.  Corrected to 2.48682.
09:11:46: quiet- NO_ID: Invalid value of 12.0572 found for variable DAKOTA_EP_1.  Corrected to 10.0569.
09:11:46: quiet- NO_ID: Invalid value of 2.66161 found for variable DAKOTA_RC_4.  Corrected to 2.10981.
09:11:46: quiet- NO_ID: Invalid value of -0.0241752 found for variable DAKOTA_EP_2.  Corrected to 9.80669.
09:11:46: quiet- NO_ID: Invalid value of 2.6527 found for variable DAKOTA_RC_5.  Corrected to 2.53881.
09:11:46: quiet- NO_ID: Invalid value of 2.67678 found for variable DAKOTA_RC_6.  Corrected to 2.35082.
09:11:46: quiet- NO_ID: Invalid value of 1.89991 found for variable DAKOTA_RC_5.  Corrected to 2.03815.
09:11:46: quiet- NO_ID: Invalid value of 1.96649 found for variable DAKOTA_RC_6.  Corrected to 2.56426.
09:11:46: quiet- NO_ID: Invalid value of 1.85426 found for variable DAKOTA_RC_7.  Corrected to 2.37761.
09:11:46: quiet- NO_ID: Invalid value of 1.94575 found for variable DAKOTA_RC_6.  Corrected to 2.28747.
09:11:46: quiet- NO_ID: Invalid value of 1.57972 found for variable DAKOTA_RC_3.  Corrected to 1.74128.
09:11:46: quiet- NO_ID: Invalid value of 1.93792 found for variable DAKOTA_RC_6.  Corrected to 2.27617.
09:11:46: quiet- NO_ID: Invalid value of 1.89215 found for variable DAKOTA_RC_5.  Corrected to 2.56274.
09:11:46: quiet- NO_ID: Invalid value of 2.60277 found for variable DAKOTA_RC_6.  Corrected to 2.05114.
09:11:46: quiet- NO_ID: Invalid value of 1.59236 found for variable DAKOTA_RC_3.  Corrected to 1.71054.
09:11:46: quiet- NO_ID: Invalid value of 1.9892 found for variable DAKOTA_RC_4.  Corrected to 2.16775.
09:11:46: quiet- NO_ID: Invalid value of 1.95166 found for variable DAKOTA_RC_5.  Corrected to 2.25661.
09:11:46: quiet- NO_ID: Invalid value of 2.20875 found for variable DAKOTA_RC_2.  Corrected to 2.14708.
09:11:46: quiet- NO_ID: Invalid value of 2.13343 found for variable DAKOTA_RC_3.  Corrected to 1.70161.
09:11:46: quiet- NO_ID: Invalid value of 2.69062 found for variable DAKOTA_RC_7.  Corrected to 2.11914.
09:11:46: quiet- NO_ID: Invalid value of 2.64782 found for variable DAKOTA_RC_6.  Corrected to 2.39588.
09:11:46: quiet- NO_ID: Invalid value of 2.70033 found for variable DAKOTA_RC_7.  Corrected to 2.16198.
09:11:46: quiet- NO_ID: Invalid value of 1.57245 found for variable DAKOTA_RC_3.  Corrected to 1.62564.
09:11:46: quiet- NO_ID: Invalid value of 2.63536 found for variable DAKOTA_RC_4.  Corrected to 2.17088.
09:11:46: quiet- NO_ID: Invalid value of 2.6454 found for variable DAKOTA_RC_6.  Corrected to 2.14846.
09:11:46: quiet- NO_ID: Invalid value of 1.83734 found for variable DAKOTA_RC_4.  Corrected to 2.23078.
09:11:46: quiet- NO_ID: Invalid value of 2.71094 found for variable DAKOTA_RC_6.  Corrected to 2.2646.
09:11:46: quiet- NO_ID: Invalid value of 2.63627 found for variable DAKOTA_RC_6.  Corrected to 2.58166.
09:11:46: quiet- NO_ID: Invalid value of 2.10379 found for variable DAKOTA_RC_3.  Corrected to 1.78939.
09:11:46: quiet- NO_ID: Invalid value of 1.96678 found for variable DAKOTA_RC_6.  Corrected to 2.57539.
09:11:46: quiet- NO_ID: Invalid value of 1.99185 found for variable DAKOTA_RC_4.  Corrected to 2.20369.
09:11:46: quiet- NO_ID: Invalid value of 13.4055 found for variable DAKOTA_EP_2.  Corrected to 2.28174.
09:11:46: quiet- NO_ID: Invalid value of 1.99975 found for variable DAKOTA_RC_6.  Corrected to 2.47823.
09:11:46: quiet- NO_ID: Invalid value of 1.9617 found for variable DAKOTA_RC_5.  Corrected to 2.3135.
09:11:46: quiet- NO_ID: Invalid value of 2.60177 found for variable DAKOTA_RC_4.  Corrected to 2.00442.
09:11:46: quiet- NO_ID: Invalid value of 2.63774 found for variable DAKOTA_RC_7.  Corrected to 2.41705.
09:11:46: quiet- NO_ID: Invalid value of 1.95894 found for variable DAKOTA_RC_4.  Corrected to 2.06432.
09:11:46: quiet- NO_ID: Invalid value of 2.70906 found for variable DAKOTA_RC_6.  Corrected to 2.04257.
09:11:46: quiet- NO_ID: Invalid value of 2.66938 found for variable DAKOTA_RC_7.  Corrected to 2.3813.
09:11:46: quiet- NO_ID: Invalid value of 2.60023 found for variable DAKOTA_RC_7.  Corrected to 2.44193.
09:11:46: quiet- NO_ID: Invalid value of 2.60391 found for variable DAKOTA_RC_7.  Corrected to 2.33004.
09:11:46: quiet- NO_ID: Invalid value of 1.99871 found for variable DAKOTA_RC_5.  Corrected to 2.55083.
09:11:46: quiet- NO_ID: Invalid value of 2.69292 found for variable DAKOTA_RC_7.  Corrected to 2.1181.
09:11:46: quiet- NO_ID: Invalid value of 2.71709 found for variable DAKOTA_RC_5.  Corrected to 2.29278.
09:11:46: quiet- NO_ID: Invalid value of 1.59637 found for variable DAKOTA_RC_3.  Corrected to 1.60165.
09:11:46: quiet- NO_ID: Invalid value of 2.61646 found for variable DAKOTA_RC_7.  Corrected to 2.25074.
09:11:46: quiet- NO_ID: Invalid value of 1.95504 found for variable DAKOTA_RC_4.  Corrected to 2.46053.
09:11:46: quiet- NO_ID: Invalid value of 2.70849 found for variable DAKOTA_RC_5.  Corrected to 2.25859.
09:11:46: quiet- NO_ID: Invalid value of 2.50928 found for variable DAKOTA_RC_1.  Corrected to 2.22482.
09:11:46: quiet- NO_ID: Invalid value of 2.58773 found for variable DAKOTA_RC_1.  Corrected to 2.48831.
