JEGA Genetic Algorithm Optimization Software v2.7.0
Run started Sun Jun  9 15:03:37 2019

Global Log initialized using "verbose" as default level.
Global Log logging to file JEGAGlobal.log
Global Log logging to console window
15:03:37: quiet- JEGA Front End: Random seed = 1560177017
15:03:37: verbose- Design Target: Design variable DAKOTA_RC_1 added.  1 design variables now in target.
15:03:37: verbose- Design Target: Design variable DAKOTA_RC_2 added.  2 design variables now in target.
15:03:37: verbose- Design Target: Design variable DAKOTA_RC_3 added.  3 design variables now in target.
15:03:37: verbose- Design Target: Design variable DAKOTA_RC_4 added.  4 design variables now in target.
15:03:37: verbose- Design Target: Design variable DAKOTA_RC_5 added.  5 design variables now in target.
15:03:37: verbose- Design Target: Design variable DAKOTA_RC_6 added.  6 design variables now in target.
15:03:37: verbose- Design Target: Design variable DAKOTA_RC_7 added.  7 design variables now in target.
15:03:37: verbose- Design Target: Design variable DAKOTA_RC_8 added.  8 design variables now in target.
15:03:37: verbose- Design Target: Design variable DAKOTA_RC_9 added.  9 design variables now in target.
15:03:37: verbose- Design Target: Design variable DAKOTA_EP_1 added.  10 design variables now in target.
15:03:37: verbose- Design Target: Design variable DAKOTA_EP_2 added.  11 design variables now in target.
15:03:37: verbose- Design Target: Design variable DAKOTA_EP_3 added.  12 design variables now in target.
15:03:37: verbose- Design Target: Objective Non-Linear Minimize obj_fn_1 added.  1 objectives now in target.
15:03:37: verbose- Design Target: Objective Non-Linear Minimize obj_fn_2 added.  2 objectives now in target.
15:03:37: verbose- Design Target: Objective Non-Linear Minimize obj_fn_3 added.  3 objectives now in target.
15:03:37: verbose- JEGA Front End: Creating a MOGA
15:03:37: debug-  Matching Group: Trying "Domination Count Operator Group".
15:03:37: verbose- Domination Count Operator Group: Contains Converger "metric_tracker".
15:03:37: verbose- Domination Count Operator Group: Contains Crosser "multi_point_parameterized_binary".
15:03:37: verbose- Domination Count Operator Group: Contains FitnessAssessor "domination_count".
15:03:37: verbose- Domination Count Operator Group: Contains Initializer "unique_random".
15:03:37: verbose- Domination Count Operator Group: Contains MainLoop "duplicate_free".
15:03:37: verbose- Domination Count Operator Group: Contains Mutator "offset_normal".
15:03:37: verbose- Domination Count Operator Group: Contains Selector "below_limit".
15:03:37: verbose- Domination Count Operator Group: Contains PostProcessor "null_postprocessor".
15:03:37: verbose- Domination Count Operator Group: Contains NichePressureApplicator "null_niching".
15:03:37: debug-  Matching Group: "Domination Count Operator Group" match succeeded.
15:03:37: quiet- : Matched new set to a group that is not the current group.  Adopting the new group.
15:03:37: verbose- Domination Count Operator Group: Contains Converger "metric_tracker".
15:03:37: verbose- Domination Count Operator Group: Contains Crosser "multi_point_parameterized_binary".
15:03:37: verbose- Domination Count Operator Group: Contains FitnessAssessor "domination_count".
15:03:37: verbose- Domination Count Operator Group: Contains Initializer "unique_random".
15:03:37: verbose- Domination Count Operator Group: Contains MainLoop "duplicate_free".
15:03:37: verbose- Domination Count Operator Group: Contains Mutator "offset_normal".
15:03:37: verbose- Domination Count Operator Group: Contains Selector "below_limit".
15:03:37: verbose- Domination Count Operator Group: Contains PostProcessor "null_postprocessor".
15:03:37: verbose- Domination Count Operator Group: Contains NichePressureApplicator "null_niching".
15:03:37: verbose- NO_ID: The name of this GA is now NO_ID
15:03:37: verbose- NO_ID: The print each population flag is now set to 0
15:03:37: verbose- NO_ID: The print final data flag is now set to 1
15:03:37: verbose- NO_ID: The print discards flag is now set to 1
15:03:37: verbose- NO_ID: The name of the file to which final data will be written is now finaldata1.dat
15:03:37: verbose- NO_ID: The data directory is now set to ./
15:03:37: verbose- metric_tracker: Number of generations tracked now = 10
15:03:37: verbose- metric_tracker: Max allowable % change now = 1
15:03:37: verbose- metric_tracker: Maximum allowable generations now = 100
15:03:37: verbose- metric_tracker: Maximum allowable evaluations now = 20000
15:03:37: quiet- Error encountered while retrieving parameter named "method.max_time" of type "d" from parameter database reading: Parameter not found for tag: method.max_time
15:03:37: verbose- metric_tracker: The maximum allowable amount of time was not found in the parameter database.  Using the current value of 1.79769e+308
15:03:37: verbose- metric_tracker: Maximum allowable time now = 1.79769e+308 seconds 
15:03:37: quiet- Error encountered while retrieving parameter named "method.jega.num_cross_points" of type "St6vectorIiSaIiEE" from parameter database reading: Parameter not found for tag: method.jega.num_cross_points
15:03:37: verbose- multi_point_parameterized_binary: The number of crossover points for each variable were not found in the parameter database.  Checking for a single value.
15:03:37: verbose- multi_point_parameterized_binary: Number of crossover points now = 2
15:03:37: verbose- multi_point_parameterized_binary: Crossover rate now = 0.4
15:03:37: verbose- multi_point_parameterized_binary: Number of crossover points for variable "DAKOTA_RC_1" now = 2.
15:03:37: verbose- multi_point_parameterized_binary: Number of crossover points for variable "DAKOTA_RC_2" now = 2.
15:03:37: verbose- multi_point_parameterized_binary: Number of crossover points for variable "DAKOTA_RC_3" now = 2.
15:03:37: verbose- multi_point_parameterized_binary: Number of crossover points for variable "DAKOTA_RC_4" now = 2.
15:03:37: verbose- multi_point_parameterized_binary: Number of crossover points for variable "DAKOTA_RC_5" now = 2.
15:03:37: verbose- multi_point_parameterized_binary: Number of crossover points for variable "DAKOTA_RC_6" now = 2.
15:03:37: verbose- multi_point_parameterized_binary: Number of crossover points for variable "DAKOTA_RC_7" now = 2.
15:03:37: verbose- multi_point_parameterized_binary: Number of crossover points for variable "DAKOTA_RC_8" now = 2.
15:03:37: verbose- multi_point_parameterized_binary: Number of crossover points for variable "DAKOTA_RC_9" now = 2.
15:03:37: verbose- multi_point_parameterized_binary: Number of crossover points for variable "DAKOTA_EP_1" now = 2.
15:03:37: verbose- multi_point_parameterized_binary: Number of crossover points for variable "DAKOTA_EP_2" now = 2.
15:03:37: verbose- multi_point_parameterized_binary: Number of crossover points for variable "DAKOTA_EP_3" now = 2.
15:03:37: verbose- DAKOTA JEGA Evaluator: Maximum allowable evaluations now = 20000
15:03:37: verbose- DAKOTA JEGA Evaluator: The evaluation concurrency is now 1
15:03:37: verbose- unique_random: Desired initial population size now = 250
15:03:37: verbose- null_niching: Niched design caching now set to true.
15:03:37: quiet- Error encountered while retrieving parameter named "method.jega.max_niche_cache_size" of type "m" from parameter database reading: Parameter not found for tag: method.jega.max_niche_cache_size
15:03:37: verbose- null_niching: The max niche cache size value was not found in the parameter database.  Using the current value of 1
15:03:37: verbose- null_niching: Niched design caching max size now set to 18446744073709551615.
15:03:37: verbose- offset_normal: Offset range now = 0.05
15:03:37: verbose- offset_normal: Mutation rate now = 0.2
15:03:37: verbose- below_limit: Limiting value now = 6
15:03:37: verbose- below_limit: Shrinkage percentage now = 0.3
15:03:37: verbose- below_limit: Minimum selections now = 2
15:03:37: verbose- NO_ID: About to perform algorithm execution.
15:03:37: verbose- unique_random: 250 unique random designs created.
18:00:40: verbose- below_limit: Performed 75 total selections.
18:00:40: verbose- NO_ID: 175 of 250 population members were not selected to continue.  0 of 0 offspring were immediately rejected.
18:00:40: verbose- metric_tracker: Operating on 75 total designs and 10 "best fitness" designs.
18:00:40: verbose- metric_tracker: Pushed metric value of 0 onto the convergence stack.
18:00:40: quiet- duplicate_free: 1 generation so far.
18:00:40: quiet- duplicate_free: 250 evaluations so far.
18:00:40: verbose- duplicate_free: 75 members in population so far.
18:00:40: verbose- multi_point_parameterized_binary: 30 children created.
18:00:40: verbose- offset_normal: Performed 15 total mutations.
18:00:40: quiet- NO_ID: Invalid value of 1.72019 found for variable DAKOTA_RC_6.  Corrected to 1.80797.
18:00:40: quiet- NO_ID: Invalid value of 2.25077 found for variable DAKOTA_RC_8.  Corrected to 1.67343.
18:00:40: quiet- NO_ID: Invalid value of 1.64144 found for variable DAKOTA_RC_3.  Corrected to 2.00851.
18:00:40: quiet- NO_ID: Invalid value of 2.22201 found for variable DAKOTA_RC_3.  Corrected to 2.02436.
18:00:40: quiet- NO_ID: Invalid value of 2.342 found for variable DAKOTA_RC_6.  Corrected to 1.96095.
18:00:40: quiet- NO_ID: Invalid value of 2.30218 found for variable DAKOTA_RC_6.  Corrected to 1.87581.
18:00:40: quiet- NO_ID: Invalid value of 2.32816 found for variable DAKOTA_RC_5.  Corrected to 1.94346.
18:00:40: quiet- NO_ID: Invalid value of 2.34508 found for variable DAKOTA_RC_5.  Corrected to 2.287.
19:17:41: verbose- below_limit: Performed 35 total selections.
19:17:41: verbose- NO_ID: 55 of 75 population members were not selected to continue.  30 of 45 offspring were immediately rejected.
19:17:41: verbose- metric_tracker: Operating on 35 total designs and 13 "best fitness" designs.
19:17:41: verbose- metric_tracker: Max "best fitness" expanse change of -37.752% found for objective "Non-Linear Minimize obj_fn_2".
19:17:41: verbose- metric_tracker: Population density increased by 19.244%.
19:17:41: verbose- metric_tracker: 30% of the previous "best fitness" population is dominated by designs in the current "best fitness" population.
19:17:41: verbose- metric_tracker: Pushed metric value of 0.869962 onto the convergence stack.
19:17:41: quiet- duplicate_free: 2 generations so far.
19:17:41: quiet- duplicate_free: 295 evaluations so far.
19:17:41: verbose- duplicate_free: 35 members in population so far.
19:17:41: verbose- multi_point_parameterized_binary: 14 children created.
19:17:41: verbose- offset_normal: Performed 7 total mutations.
19:17:41: quiet- NO_ID: Invalid value of 2.53026 found for variable DAKOTA_RC_9.  Corrected to 2.02428.
19:17:41: quiet- NO_ID: Invalid value of 2.38194 found for variable DAKOTA_RC_6.  Corrected to 2.02894.
19:56:20: verbose- below_limit: Performed 39 total selections.
19:56:20: verbose- NO_ID: 8 of 35 population members were not selected to continue.  9 of 21 offspring were immediately rejected.
19:56:20: verbose- metric_tracker: Operating on 39 total designs and 14 "best fitness" designs.
19:56:20: verbose- metric_tracker: No "best fitness" expansion or contraction occurred this generation.
19:56:20: verbose- metric_tracker: Population density increased by 10.876%.
19:56:20: verbose- metric_tracker: No "best fitness" designs from the previous population are dominated by "best fitness" designs in the current population.
19:56:20: verbose- metric_tracker: Pushed metric value of 0.108764 onto the convergence stack.
19:56:20: quiet- duplicate_free: 3 generations so far.
19:56:20: quiet- duplicate_free: 316 evaluations so far.
19:56:20: verbose- duplicate_free: 39 members in population so far.
19:56:20: verbose- multi_point_parameterized_binary: 16 children created.
19:56:20: quiet- offset_normal: Produced invalid  variable representation 1.68181. Mutation performed without corrective action.
19:56:20: quiet- offset_normal: Produced invalid  variable representation 2.35007. Mutation performed without corrective action.
19:56:20: verbose- offset_normal: Performed 8 total mutations.
19:56:20: quiet- NO_ID: Invalid value of 1.65278 found for variable DAKOTA_RC_6.  Corrected to 1.90521.
19:56:20: quiet- NO_ID: Invalid value of 1.68181 found for variable DAKOTA_RC_2.  Corrected to 2.16027.
19:56:20: quiet- NO_ID: Invalid value of 2.30006 found for variable DAKOTA_RC_6.  Corrected to 1.93787.
19:56:20: quiet- NO_ID: Invalid value of 2.35007 found for variable DAKOTA_RC_6.  Corrected to 2.09636.
19:56:20: verbose- duplicate_free: flushed 1 duplicate offspring designs after application of the variational operators.
19:56:20: verbose- duplicate_free: flushed 1 offspring designs that duplicate existing population members.
20:27:19: verbose- below_limit: Performed 49 total selections.
20:27:19: verbose- NO_ID: 6 of 39 population members were not selected to continue.  6 of 22 offspring were immediately rejected.
20:27:19: verbose- metric_tracker: Operating on 49 total designs and 15 "best fitness" designs.
20:27:19: verbose- metric_tracker: Max "best fitness" expanse change of 5.114% found for objective "Non-Linear Minimize obj_fn_2".
20:27:19: verbose- metric_tracker: Population density increased by 25.33%.
20:27:19: verbose- metric_tracker: 28.571% of the previous "best fitness" population is dominated by designs in the current "best fitness" population.
20:27:19: verbose- metric_tracker: Pushed metric value of 0.590151 onto the convergence stack.
20:27:19: quiet- duplicate_free: 4 generations so far.
20:27:19: quiet- duplicate_free: 338 evaluations so far.
20:27:19: verbose- duplicate_free: 49 members in population so far.
20:27:19: verbose- multi_point_parameterized_binary: 20 children created.
20:27:19: verbose- offset_normal: Performed 10 total mutations.
20:27:19: quiet- NO_ID: Invalid value of 1.60168 found for variable DAKOTA_RC_2.  Corrected to 1.97529.
20:27:19: quiet- NO_ID: Invalid value of 2.34877 found for variable DAKOTA_RC_6.  Corrected to 2.17824.
21:10:54: verbose- below_limit: Performed 53 total selections.
21:10:54: verbose- NO_ID: 16 of 49 population members were not selected to continue.  10 of 30 offspring were immediately rejected.
21:10:54: verbose- metric_tracker: Operating on 53 total designs and 21 "best fitness" designs.
21:10:54: verbose- metric_tracker: Max "best fitness" expanse change of 0.269% found for objective "Non-Linear Minimize obj_fn_2".
21:10:54: verbose- metric_tracker: Population density increased by 7.973%.
21:10:54: verbose- metric_tracker: 6.667% of the previous "best fitness" population is dominated by designs in the current "best fitness" population.
21:10:54: verbose- metric_tracker: Pushed metric value of 0.149093 onto the convergence stack.
21:10:54: quiet- duplicate_free: 5 generations so far.
21:10:54: quiet- duplicate_free: 368 evaluations so far.
21:10:54: verbose- duplicate_free: 53 members in population so far.
21:10:54: verbose- multi_point_parameterized_binary: 22 children created.
21:10:54: verbose- offset_normal: Performed 11 total mutations.
21:10:54: quiet- NO_ID: Invalid value of 1.58499 found for variable DAKOTA_RC_8.  Corrected to 1.62039.
21:10:54: quiet- NO_ID: Invalid value of 1.60718 found for variable DAKOTA_RC_3.  Corrected to 1.91423.
21:10:54: quiet- NO_ID: Invalid value of 2.30643 found for variable DAKOTA_RC_5.  Corrected to 2.19352.
21:10:54: quiet- NO_ID: Invalid value of 1.64744 found for variable DAKOTA_RC_2.  Corrected to 2.1729.
21:10:54: quiet- NO_ID: Invalid value of 1.53722 found for variable DAKOTA_RC_2.  Corrected to 2.1104.
21:10:54: quiet- NO_ID: Invalid value of 2.29887 found for variable DAKOTA_RC_8.  Corrected to 1.86372.
21:10:54: quiet- NO_ID: Invalid value of 2.21885 found for variable DAKOTA_RC_2.  Corrected to 1.75055.
21:10:54: quiet- NO_ID: Invalid value of 2.32849 found for variable DAKOTA_RC_1.  Corrected to 2.13364.
21:10:54: quiet- NO_ID: Invalid value of 2.3614 found for variable DAKOTA_RC_1.  Corrected to 1.84974.
21:10:54: quiet- NO_ID: Invalid value of 2.3242 found for variable DAKOTA_RC_6.  Corrected to 1.88344.
21:54:32: verbose- below_limit: Performed 58 total selections.
21:54:32: verbose- NO_ID: 9 of 53 population members were not selected to continue.  19 of 33 offspring were immediately rejected.
21:54:32: verbose- metric_tracker: Operating on 58 total designs and 25 "best fitness" designs.
21:54:32: verbose- metric_tracker: Max "best fitness" expanse change of 23.286% found for objective "Non-Linear Minimize obj_fn_1".
21:54:32: verbose- metric_tracker: Population density decreased by 4.424%.
21:54:32: verbose- metric_tracker: 9.524% of the previous "best fitness" population is dominated by designs in the current "best fitness" population.
21:54:32: verbose- metric_tracker: Pushed metric value of 0.372343 onto the convergence stack.
21:54:32: quiet- duplicate_free: 6 generations so far.
21:54:32: quiet- duplicate_free: 401 evaluations so far.
21:54:32: verbose- duplicate_free: 58 members in population so far.
21:54:32: verbose- multi_point_parameterized_binary: 24 children created.
21:54:32: quiet- offset_normal: Produced invalid  variable representation 2.22835. Mutation performed without corrective action.
21:54:32: verbose- offset_normal: Performed 12 total mutations.
21:54:32: quiet- NO_ID: Invalid value of 1.78162 found for variable DAKOTA_RC_7.  Corrected to 2.2436.
21:54:32: quiet- NO_ID: Invalid value of 1.69568 found for variable DAKOTA_RC_2.  Corrected to 2.15435.
21:54:32: quiet- NO_ID: Invalid value of 2.22835 found for variable DAKOTA_RC_2.  Corrected to 1.71113.
21:54:32: quiet- NO_ID: Invalid value of 1.78521 found for variable DAKOTA_RC_5.  Corrected to 1.96689.
21:54:32: quiet- NO_ID: Invalid value of 1.77249 found for variable DAKOTA_RC_7.  Corrected to 2.12393.
21:54:32: quiet- NO_ID: Invalid value of 16.6306 found for variable DAKOTA_EP_3.  Corrected to 3.57615.
21:54:32: quiet- NO_ID: Invalid value of 1.69658 found for variable DAKOTA_RC_2.  Corrected to 2.04549.
21:54:32: quiet- NO_ID: Invalid value of 1.63923 found for variable DAKOTA_RC_2.  Corrected to 2.0188.
21:54:32: quiet- NO_ID: Invalid value of 2.33304 found for variable DAKOTA_RC_4.  Corrected to 2.17834.
21:54:32: quiet- NO_ID: Invalid value of 2.36991 found for variable DAKOTA_RC_4.  Corrected to 1.89059.
21:54:32: quiet- NO_ID: Invalid value of 2.32606 found for variable DAKOTA_RC_1.  Corrected to 2.11709.
21:54:32: quiet- NO_ID: Invalid value of 2.38957 found for variable DAKOTA_RC_1.  Corrected to 1.87045.
21:54:32: quiet- NO_ID: Invalid value of 1.6508 found for variable DAKOTA_RC_5.  Corrected to 1.88798.
22:38:18: verbose- below_limit: Performed 70 total selections.
22:38:18: verbose- NO_ID: 7 of 58 population members were not selected to continue.  17 of 36 offspring were immediately rejected.
22:38:18: verbose- metric_tracker: Operating on 70 total designs and 27 "best fitness" designs.
22:38:18: verbose- metric_tracker: Max "best fitness" expanse change of -18.888% found for objective "Non-Linear Minimize obj_fn_1".
22:38:18: verbose- metric_tracker: Population density increased by 96.294%.
22:38:18: verbose- metric_tracker: 28% of the previous "best fitness" population is dominated by designs in the current "best fitness" population.
22:38:18: verbose- metric_tracker: Pushed metric value of 1.43182 onto the convergence stack.
22:38:18: quiet- duplicate_free: 7 generations so far.
22:38:18: quiet- duplicate_free: 437 evaluations so far.
22:38:18: verbose- duplicate_free: 70 members in population so far.
22:38:18: verbose- multi_point_parameterized_binary: 28 children created.
22:38:18: verbose- offset_normal: Performed 14 total mutations.
22:38:18: quiet- NO_ID: Invalid value of 2.34048 found for variable DAKOTA_RC_6.  Corrected to 1.91661.
22:38:18: quiet- NO_ID: Invalid value of 1.67628 found for variable DAKOTA_RC_3.  Corrected to 1.99603.
22:38:18: quiet- NO_ID: Invalid value of 1.53723 found for variable DAKOTA_RC_2.  Corrected to 1.7094.
22:38:18: quiet- NO_ID: Invalid value of 1.69477 found for variable DAKOTA_RC_6.  Corrected to 2.11566.
22:38:18: quiet- NO_ID: Invalid value of 1.77662 found for variable DAKOTA_RC_6.  Corrected to 2.26741.
22:38:18: quiet- NO_ID: Invalid value of 1.54914 found for variable DAKOTA_RC_8.  Corrected to 2.12258.
22:38:18: quiet- NO_ID: Invalid value of 2.3649 found for variable DAKOTA_RC_1.  Corrected to 1.87498.
22:38:18: quiet- NO_ID: Invalid value of 1.67963 found for variable DAKOTA_RC_2.  Corrected to 2.17044.
22:38:18: quiet- NO_ID: Invalid value of 2.38583 found for variable DAKOTA_RC_1.  Corrected to 1.82218.
23:32:50: verbose- below_limit: Performed 82 total selections.
23:32:50: verbose- NO_ID: 15 of 70 population members were not selected to continue.  15 of 42 offspring were immediately rejected.
23:32:50: verbose- metric_tracker: Operating on 82 total designs and 33 "best fitness" designs.
23:32:50: verbose- metric_tracker: Max "best fitness" expanse change of 0.047% found for objective "Non-Linear Minimize obj_fn_3".
23:32:50: verbose- metric_tracker: Population density increased by 44.259%.
23:32:50: verbose- metric_tracker: 11.111% of the previous "best fitness" population is dominated by designs in the current "best fitness" population.
23:32:50: verbose- metric_tracker: Pushed metric value of 0.55417 onto the convergence stack.
23:32:50: quiet- duplicate_free: 8 generations so far.
23:32:50: quiet- duplicate_free: 479 evaluations so far.
23:32:50: verbose- duplicate_free: 82 members in population so far.
23:32:50: verbose- multi_point_parameterized_binary: 32 children created.
23:32:50: quiet- offset_normal: Produced invalid  variable representation 1.69001. Mutation performed without corrective action.
23:32:50: verbose- offset_normal: Performed 16 total mutations.
23:32:50: quiet- NO_ID: Invalid value of 2.35955 found for variable DAKOTA_RC_6.  Corrected to 1.98403.
23:32:50: quiet- NO_ID: Invalid value of 1.68986 found for variable DAKOTA_RC_3.  Corrected to 1.84981.
23:32:50: quiet- NO_ID: Invalid value of 2.36457 found for variable DAKOTA_RC_5.  Corrected to 1.85624.
23:32:50: quiet- NO_ID: Invalid value of 1.67569 found for variable DAKOTA_RC_3.  Corrected to 1.89756.
23:32:50: quiet- NO_ID: Invalid value of 1.55844 found for variable DAKOTA_RC_8.  Corrected to 2.16886.
23:32:50: quiet- NO_ID: Invalid value of 1.5826 found for variable DAKOTA_RC_9.  Corrected to 1.87225.
23:32:50: quiet- NO_ID: Invalid value of 1.69001 found for variable DAKOTA_RC_3.  Corrected to 2.05729.
23:32:50: quiet- NO_ID: Invalid value of 2.30917 found for variable DAKOTA_RC_6.  Corrected to 2.21294.
23:32:50: quiet- NO_ID: Invalid value of 2.30976 found for variable DAKOTA_RC_6.  Corrected to 1.8204.
23:32:50: quiet- NO_ID: Invalid value of 1.56552 found for variable DAKOTA_RC_8.  Corrected to 2.02796.
23:32:50: quiet- NO_ID: Invalid value of 2.30742 found for variable DAKOTA_RC_6.  Corrected to 1.8643.
23:32:50: quiet- NO_ID: Invalid value of 15.6509 found for variable DAKOTA_EP_1.  Corrected to 4.07356.
23:32:50: quiet- NO_ID: Invalid value of 2.36994 found for variable DAKOTA_RC_4.  Corrected to 2.16773.
23:32:50: quiet- NO_ID: Invalid value of 12.7594 found for variable DAKOTA_EP_1.  Corrected to 3.29859.
23:32:50: quiet- NO_ID: Invalid value of 1.71628 found for variable DAKOTA_RC_7.  Corrected to 2.22508.
23:32:50: quiet- NO_ID: Invalid value of 2.28623 found for variable DAKOTA_RC_8.  Corrected to 2.0518.
23:32:50: quiet- NO_ID: Invalid value of 2.35381 found for variable DAKOTA_RC_8.  Corrected to 1.85056.
23:32:50: quiet- NO_ID: Invalid value of 1.68268 found for variable DAKOTA_RC_7.  Corrected to 2.21724.
23:32:50: quiet- NO_ID: Invalid value of 2.37942 found for variable DAKOTA_RC_1.  Corrected to 2.05359.
23:32:50: verbose- duplicate_free: flushed 1 duplicate offspring designs after application of the variational operators.
00:29:52: verbose- below_limit: Performed 95 total selections.
00:29:52: verbose- NO_ID: 9 of 82 population members were not selected to continue.  25 of 47 offspring were immediately rejected.
00:29:52: verbose- metric_tracker: Operating on 95 total designs and 40 "best fitness" designs.
00:29:52: verbose- metric_tracker: Max "best fitness" expanse change of 0.02% found for objective "Non-Linear Minimize obj_fn_2".
00:29:52: verbose- metric_tracker: Population density decreased by 1.563%.
00:29:52: verbose- metric_tracker: 12.121% of the previous "best fitness" population is dominated by designs in the current "best fitness" population.
00:29:52: verbose- metric_tracker: Pushed metric value of 0.137033 onto the convergence stack.
00:29:52: quiet- duplicate_free: 9 generations so far.
00:29:52: quiet- duplicate_free: 526 evaluations so far.
00:29:52: verbose- duplicate_free: 95 members in population so far.
00:29:52: verbose- multi_point_parameterized_binary: 38 children created.
00:29:52: quiet- offset_normal: Produced invalid  variable representation -0.818499. Mutation performed without corrective action.
00:29:52: verbose- offset_normal: Performed 19 total mutations.
00:29:52: quiet- NO_ID: Invalid value of 1.67566 found for variable DAKOTA_RC_3.  Corrected to 1.95383.
00:29:52: quiet- NO_ID: Invalid value of 1.72735 found for variable DAKOTA_RC_5.  Corrected to 2.07885.
00:29:52: quiet- NO_ID: Invalid value of 1.62569 found for variable DAKOTA_RC_6.  Corrected to 1.80067.
00:29:52: quiet- NO_ID: Invalid value of 2.37405 found for variable DAKOTA_RC_4.  Corrected to 2.27014.
00:29:52: quiet- NO_ID: Invalid value of 14.4555 found for variable DAKOTA_EP_2.  Corrected to 0.840227.
00:29:52: quiet- NO_ID: Invalid value of 2.22881 found for variable DAKOTA_RC_2.  Corrected to 1.78937.
00:29:52: quiet- NO_ID: Invalid value of 1.56803 found for variable DAKOTA_RC_8.  Corrected to 2.03518.
00:29:52: quiet- NO_ID: Invalid value of 1.58341 found for variable DAKOTA_RC_9.  Corrected to 1.95007.
00:29:52: quiet- NO_ID: Invalid value of 15.5397 found for variable DAKOTA_EP_2.  Corrected to 3.38865.
00:29:52: quiet- NO_ID: Invalid value of -0.818499 found for variable DAKOTA_EP_3.  Corrected to 6.76422.
00:29:52: quiet- NO_ID: Invalid value of 1.58393 found for variable DAKOTA_RC_9.  Corrected to 1.94631.
00:29:52: quiet- NO_ID: Invalid value of 1.60183 found for variable DAKOTA_RC_2.  Corrected to 1.97608.
00:29:52: quiet- NO_ID: Invalid value of 2.3564 found for variable DAKOTA_RC_6.  Corrected to 1.80551.
00:29:52: quiet- NO_ID: Invalid value of 1.76122 found for variable DAKOTA_RC_6.  Corrected to 2.26424.
00:29:52: quiet- NO_ID: Invalid value of 1.68073 found for variable DAKOTA_RC_4.  Corrected to 2.03309.
00:29:52: quiet- NO_ID: Invalid value of 1.67964 found for variable DAKOTA_RC_2.  Corrected to 1.86667.
00:29:52: quiet- NO_ID: Invalid value of 1.69765 found for variable DAKOTA_RC_4.  Corrected to 2.14634.
00:29:52: quiet- NO_ID: Invalid value of 1.62902 found for variable DAKOTA_RC_2.  Corrected to 2.14191.
00:29:52: quiet- NO_ID: Invalid value of 1.60237 found for variable DAKOTA_RC_2.  Corrected to 1.7682.
00:29:52: quiet- NO_ID: Invalid value of 2.28828 found for variable DAKOTA_RC_8.  Corrected to 1.79316.
00:29:52: quiet- NO_ID: Invalid value of 1.74821 found for variable DAKOTA_RC_7.  Corrected to 2.11083.
00:29:52: quiet- NO_ID: Invalid value of 1.58261 found for variable DAKOTA_RC_9.  Corrected to 1.62679.
01:57:28: verbose- below_limit: Performed 122 total selections.
01:57:28: verbose- NO_ID: 4 of 95 population members were not selected to continue.  26 of 57 offspring were immediately rejected.
01:57:28: verbose- metric_tracker: Operating on 122 total designs and 51 "best fitness" designs.
01:57:28: verbose- metric_tracker: No "best fitness" expansion or contraction occurred this generation.
01:57:28: verbose- metric_tracker: Population density increased by 28.421%.
01:57:28: verbose- metric_tracker: 7.5% of the previous "best fitness" population is dominated by designs in the current "best fitness" population.
01:57:28: verbose- metric_tracker: Pushed metric value of 0.359211 onto the convergence stack.
01:57:28: verbose- metric_tracker: Current max percentage progress is 143.182%.
01:57:28: quiet- duplicate_free: 10 generations so far.
01:57:28: quiet- duplicate_free: 583 evaluations so far.
01:57:28: verbose- duplicate_free: 122 members in population so far.
01:57:28: verbose- multi_point_parameterized_binary: 48 children created.
01:57:28: quiet- offset_normal: Produced invalid  variable representation -0.104973. Mutation performed without corrective action.
01:57:28: quiet- offset_normal: Produced invalid  variable representation -0.676575. Mutation performed without corrective action.
01:57:28: verbose- offset_normal: Performed 24 total mutations.
01:57:28: quiet- NO_ID: Invalid value of -0.104973 found for variable DAKOTA_EP_3.  Corrected to 5.47612.
01:57:28: quiet- NO_ID: Invalid value of 1.69468 found for variable DAKOTA_RC_6.  Corrected to 2.01734.
01:57:28: quiet- NO_ID: Invalid value of 1.55778 found for variable DAKOTA_RC_8.  Corrected to 2.00846.
01:57:28: quiet- NO_ID: Invalid value of 12.5732 found for variable DAKOTA_EP_2.  Corrected to 0.571829.
01:57:28: quiet- NO_ID: Invalid value of 1.58984 found for variable DAKOTA_RC_9.  Corrected to 1.78697.
01:57:28: quiet- NO_ID: Invalid value of 1.58844 found for variable DAKOTA_RC_8.  Corrected to 2.13615.
01:57:28: quiet- NO_ID: Invalid value of 12.394 found for variable DAKOTA_EP_2.  Corrected to 7.56288.
01:57:28: quiet- NO_ID: Invalid value of 2.36702 found for variable DAKOTA_RC_5.  Corrected to 2.28166.
01:57:28: quiet- NO_ID: Invalid value of 1.55703 found for variable DAKOTA_RC_8.  Corrected to 1.60214.
01:57:28: quiet- NO_ID: Invalid value of 1.71147 found for variable DAKOTA_RC_5.  Corrected to 2.18004.
01:57:28: quiet- NO_ID: Invalid value of 1.56802 found for variable DAKOTA_RC_8.  Corrected to 1.82539.
01:57:28: quiet- NO_ID: Invalid value of 1.55111 found for variable DAKOTA_RC_9.  Corrected to 2.15756.
01:57:28: quiet- NO_ID: Invalid value of -0.676575 found for variable DAKOTA_EP_1.  Corrected to 6.79337.
01:57:28: quiet- NO_ID: Invalid value of 2.41399 found for variable DAKOTA_RC_9.  Corrected to 2.19893.
01:57:28: quiet- NO_ID: Invalid value of 1.78508 found for variable DAKOTA_RC_6.  Corrected to 2.06657.
01:57:28: quiet- NO_ID: Invalid value of 2.35672 found for variable DAKOTA_RC_1.  Corrected to 2.15216.
01:57:28: quiet- NO_ID: Invalid value of 1.77715 found for variable DAKOTA_RC_5.  Corrected to 2.03903.
01:57:28: quiet- NO_ID: Invalid value of 1.5845 found for variable DAKOTA_RC_8.  Corrected to 1.93486.
03:44:27: verbose- below_limit: Performed 155 total selections.
03:44:27: verbose- NO_ID: 17 of 122 population members were not selected to continue.  22 of 72 offspring were immediately rejected.
03:44:27: verbose- metric_tracker: Operating on 155 total designs and 54 "best fitness" designs.
03:44:27: verbose- metric_tracker: Max "best fitness" expanse change of 54.061% found for objective "Non-Linear Minimize obj_fn_1".
03:44:27: verbose- metric_tracker: Population density increased by 0.516%.
03:44:27: verbose- metric_tracker: 31.373% of the previous "best fitness" population is dominated by designs in the current "best fitness" population.
03:44:27: verbose- metric_tracker: Pushed metric value of 0.859496 onto the convergence stack.
03:44:27: verbose- metric_tracker: Current max percentage progress is 143.182%.
03:44:27: quiet- duplicate_free: 11 generations so far.
03:44:27: quiet- duplicate_free: 655 evaluations so far.
03:44:27: verbose- duplicate_free: 155 members in population so far.
03:44:27: verbose- multi_point_parameterized_binary: 62 children created.
03:44:27: quiet- offset_normal: Produced invalid  variable representation 2.32927. Mutation performed without corrective action.
03:44:27: quiet- offset_normal: Produced invalid  variable representation 1.78123. Mutation performed without corrective action.
03:44:27: verbose- offset_normal: Performed 31 total mutations.
03:44:27: quiet- NO_ID: Invalid value of 1.69543 found for variable DAKOTA_RC_6.  Corrected to 2.1989.
03:44:27: quiet- NO_ID: Invalid value of 1.55317 found for variable DAKOTA_RC_9.  Corrected to 2.00912.
03:44:27: quiet- NO_ID: Invalid value of 2.32927 found for variable DAKOTA_RC_6.  Corrected to 2.29082.
03:44:27: quiet- NO_ID: Invalid value of 1.59269 found for variable DAKOTA_RC_8.  Corrected to 1.77887.
03:44:27: quiet- NO_ID: Invalid value of 16.6293 found for variable DAKOTA_EP_2.  Corrected to 3.27603.
03:44:27: quiet- NO_ID: Invalid value of 2.35618 found for variable DAKOTA_RC_9.  Corrected to 2.05464.
03:44:27: quiet- NO_ID: Invalid value of 1.74613 found for variable DAKOTA_RC_6.  Corrected to 2.16556.
03:44:27: quiet- NO_ID: Invalid value of 1.57988 found for variable DAKOTA_RC_9.  Corrected to 1.9096.
03:44:27: quiet- NO_ID: Invalid value of 1.73149 found for variable DAKOTA_RC_4.  Corrected to 2.04653.
03:44:27: quiet- NO_ID: Invalid value of 1.7315 found for variable DAKOTA_RC_4.  Corrected to 1.80781.
03:44:27: quiet- NO_ID: Invalid value of 1.73149 found for variable DAKOTA_RC_4.  Corrected to 1.89151.
03:44:27: quiet- NO_ID: Invalid value of 1.58782 found for variable DAKOTA_RC_9.  Corrected to 2.14981.
03:44:27: quiet- NO_ID: Invalid value of 1.6925 found for variable DAKOTA_RC_2.  Corrected to 1.93986.
03:44:27: quiet- NO_ID: Invalid value of 2.37579 found for variable DAKOTA_RC_6.  Corrected to 2.09114.
03:44:27: quiet- NO_ID: Invalid value of 1.57316 found for variable DAKOTA_RC_2.  Corrected to 1.94565.
03:44:27: quiet- NO_ID: Invalid value of 1.62874 found for variable DAKOTA_RC_2.  Corrected to 1.71468.
03:44:27: quiet- NO_ID: Invalid value of 1.60647 found for variable DAKOTA_RC_2.  Corrected to 1.79236.
03:44:27: quiet- NO_ID: Invalid value of 15.3395 found for variable DAKOTA_EP_1.  Corrected to 0.865783.
03:44:27: quiet- NO_ID: Invalid value of 2.3712 found for variable DAKOTA_RC_6.  Corrected to 1.91325.
03:44:27: quiet- NO_ID: Invalid value of 1.78123 found for variable DAKOTA_RC_7.  Corrected to 2.02507.
03:44:27: quiet- NO_ID: Invalid value of 2.304 found for variable DAKOTA_RC_1.  Corrected to 2.08463.
03:44:27: quiet- NO_ID: Invalid value of 2.33324 found for variable DAKOTA_RC_1.  Corrected to 2.03497.
03:44:27: quiet- NO_ID: Invalid value of 2.37926 found for variable DAKOTA_RC_1.  Corrected to 2.23348.
03:44:27: verbose- duplicate_free: flushed 1 duplicate offspring designs after application of the variational operators.
03:44:27: verbose- duplicate_free: flushed 1 offspring designs that duplicate existing population members.
05:35:26: verbose- below_limit: Performed 186 total selections.
05:35:26: verbose- NO_ID: 21 of 155 population members were not selected to continue.  39 of 91 offspring were immediately rejected.
05:35:26: verbose- metric_tracker: Operating on 186 total designs and 67 "best fitness" designs.
05:35:26: verbose- metric_tracker: Max "best fitness" expanse change of -4.655% found for objective "Non-Linear Minimize obj_fn_2".
05:35:26: verbose- metric_tracker: Population density increased by 41.172%.
05:35:26: verbose- metric_tracker: 18.519% of the previous "best fitness" population is dominated by designs in the current "best fitness" population.
05:35:26: verbose- metric_tracker: Pushed metric value of 0.643453 onto the convergence stack.
05:35:26: verbose- metric_tracker: Current max percentage progress is 143.182%.
05:35:26: quiet- duplicate_free: 12 generations so far.
05:35:26: quiet- duplicate_free: 746 evaluations so far.
05:35:26: verbose- duplicate_free: 186 members in population so far.
05:35:26: verbose- multi_point_parameterized_binary: 74 children created.
05:35:26: quiet- offset_normal: Produced invalid  variable representation 2.22099. Mutation performed without corrective action.
05:35:26: quiet- offset_normal: Produced invalid  variable representation -0.366526. Mutation performed without corrective action.
05:35:26: verbose- offset_normal: Performed 37 total mutations.
05:35:26: quiet- NO_ID: Invalid value of 1.67474 found for variable DAKOTA_RC_6.  Corrected to 1.80067.
05:35:26: quiet- NO_ID: Invalid value of 1.5757 found for variable DAKOTA_RC_9.  Corrected to 1.79252.
05:35:26: quiet- NO_ID: Invalid value of 2.23008 found for variable DAKOTA_RC_2.  Corrected to 1.87987.
05:35:26: quiet- NO_ID: Invalid value of 2.30003 found for variable DAKOTA_RC_6.  Corrected to 2.27629.
05:35:26: quiet- NO_ID: Invalid value of 2.30387 found for variable DAKOTA_RC_4.  Corrected to 2.09354.
05:35:26: quiet- NO_ID: Invalid value of 2.38842 found for variable DAKOTA_RC_7.  Corrected to 1.93364.
05:35:26: quiet- NO_ID: Invalid value of 2.41241 found for variable DAKOTA_RC_9.  Corrected to 1.6093.
05:35:26: quiet- NO_ID: Invalid value of 2.35558 found for variable DAKOTA_RC_5.  Corrected to 1.88711.
05:35:26: quiet- NO_ID: Invalid value of 1.56956 found for variable DAKOTA_RC_9.  Corrected to 2.14919.
05:35:26: quiet- NO_ID: Invalid value of 12.3582 found for variable DAKOTA_EP_2.  Corrected to 3.91349.
05:35:26: quiet- NO_ID: Invalid value of 2.21855 found for variable DAKOTA_RC_2.  Corrected to 1.82457.
05:35:26: quiet- NO_ID: Invalid value of 1.58395 found for variable DAKOTA_RC_8.  Corrected to 2.08532.
05:35:26: quiet- NO_ID: Invalid value of 1.55113 found for variable DAKOTA_RC_8.  Corrected to 1.84263.
05:35:26: quiet- NO_ID: Invalid value of 2.22909 found for variable DAKOTA_RC_2.  Corrected to 2.06889.
05:35:26: quiet- NO_ID: Invalid value of 1.74302 found for variable DAKOTA_RC_6.  Corrected to 1.87748.
05:35:26: quiet- NO_ID: Invalid value of 1.65431 found for variable DAKOTA_RC_5.  Corrected to 1.83706.
05:35:26: quiet- NO_ID: Invalid value of 1.62608 found for variable DAKOTA_RC_6.  Corrected to 1.97568.
05:35:26: quiet- NO_ID: Invalid value of 1.65432 found for variable DAKOTA_RC_5.  Corrected to 1.91176.
05:35:26: quiet- NO_ID: Invalid value of 1.73965 found for variable DAKOTA_RC_5.  Corrected to 2.16405.
05:35:26: quiet- NO_ID: Invalid value of 1.69195 found for variable DAKOTA_RC_2.  Corrected to 1.82821.
05:35:26: quiet- NO_ID: Invalid value of 1.62901 found for variable DAKOTA_RC_2.  Corrected to 2.17354.
05:35:26: quiet- NO_ID: Invalid value of 1.47488 found for variable DAKOTA_RC_2.  Corrected to 2.18891.
05:35:26: quiet- NO_ID: Invalid value of 1.63894 found for variable DAKOTA_RC_2.  Corrected to 1.8408.
05:35:26: quiet- NO_ID: Invalid value of 2.3413 found for variable DAKOTA_RC_6.  Corrected to 2.00537.
05:35:26: quiet- NO_ID: Invalid value of 2.22099 found for variable DAKOTA_RC_8.  Corrected to 1.93341.
05:35:26: quiet- NO_ID: Invalid value of 2.36715 found for variable DAKOTA_RC_5.  Corrected to 2.1971.
05:35:26: quiet- NO_ID: Invalid value of 1.59618 found for variable DAKOTA_RC_9.  Corrected to 2.09692.
05:35:26: quiet- NO_ID: Invalid value of 1.72473 found for variable DAKOTA_RC_7.  Corrected to 1.82618.
05:35:26: quiet- NO_ID: Invalid value of -0.366526 found for variable DAKOTA_EP_3.  Corrected to 8.94811.
05:35:26: quiet- NO_ID: Invalid value of 2.34637 found for variable DAKOTA_RC_1.  Corrected to 1.95019.
05:35:26: quiet- NO_ID: Invalid value of 2.3511 found for variable DAKOTA_RC_1.  Corrected to 1.85283.
05:35:26: quiet- NO_ID: Invalid value of 2.36953 found for variable DAKOTA_RC_1.  Corrected to 2.17351.
07:53:06: verbose- below_limit: Performed 234 total selections.
07:53:06: verbose- NO_ID: 16 of 186 population members were not selected to continue.  47 of 111 offspring were immediately rejected.
07:53:06: verbose- metric_tracker: Operating on 234 total designs and 63 "best fitness" designs.
07:53:06: verbose- metric_tracker: No "best fitness" expansion or contraction occurred this generation.
07:53:06: verbose- metric_tracker: Population density increased by 28.804%.
07:53:06: verbose- metric_tracker: 29.851% of the previous "best fitness" population is dominated by designs in the current "best fitness" population.
07:53:06: verbose- metric_tracker: Pushed metric value of 0.58655 onto the convergence stack.
07:53:06: verbose- metric_tracker: Current max percentage progress is 143.182%.
07:53:06: quiet- duplicate_free: 13 generations so far.
07:53:06: quiet- duplicate_free: 857 evaluations so far.
07:53:06: verbose- duplicate_free: 234 members in population so far.
07:53:06: verbose- multi_point_parameterized_binary: 94 children created.
07:53:06: quiet- offset_normal: Produced invalid  variable representation 2.22213. Mutation performed without corrective action.
07:53:06: verbose- offset_normal: Performed 47 total mutations.
07:53:06: quiet- NO_ID: Invalid value of 1.57569 found for variable DAKOTA_RC_9.  Corrected to 2.14138.
07:53:06: quiet- NO_ID: Invalid value of 2.22213 found for variable DAKOTA_RC_9.  Corrected to 2.10219.
07:53:06: quiet- NO_ID: Invalid value of 1.69049 found for variable DAKOTA_RC_5.  Corrected to 1.89259.
07:53:06: quiet- NO_ID: Invalid value of 2.37325 found for variable DAKOTA_RC_6.  Corrected to 2.00455.
07:53:06: quiet- NO_ID: Invalid value of 15.246 found for variable DAKOTA_EP_1.  Corrected to 5.55724.
07:53:06: quiet- NO_ID: Invalid value of 12.5384 found for variable DAKOTA_EP_2.  Corrected to 4.25645.
07:53:06: quiet- NO_ID: Invalid value of 1.56945 found for variable DAKOTA_RC_9.  Corrected to 1.85418.
07:53:06: quiet- NO_ID: Invalid value of 2.36702 found for variable DAKOTA_RC_5.  Corrected to 2.12949.
07:53:06: quiet- NO_ID: Invalid value of 1.55703 found for variable DAKOTA_RC_8.  Corrected to 1.70044.
07:53:06: quiet- NO_ID: Invalid value of 1.64742 found for variable DAKOTA_RC_2.  Corrected to 1.73762.
07:53:06: quiet- NO_ID: Invalid value of 2.37191 found for variable DAKOTA_RC_7.  Corrected to 2.29742.
07:53:06: quiet- NO_ID: Invalid value of 1.58982 found for variable DAKOTA_RC_9.  Corrected to 2.13952.
07:53:06: quiet- NO_ID: Invalid value of 1.56783 found for variable DAKOTA_RC_9.  Corrected to 1.84398.
07:53:06: quiet- NO_ID: Invalid value of 2.2255 found for variable DAKOTA_RC_2.  Corrected to 1.76642.
07:53:06: quiet- NO_ID: Invalid value of 2.21694 found for variable DAKOTA_RC_3.  Corrected to 2.05774.
07:53:06: quiet- NO_ID: Invalid value of 1.61194 found for variable DAKOTA_RC_6.  Corrected to 2.10839.
07:53:06: quiet- NO_ID: Invalid value of 1.6884 found for variable DAKOTA_RC_2.  Corrected to 1.86634.
07:53:06: quiet- NO_ID: Invalid value of 1.54906 found for variable DAKOTA_RC_9.  Corrected to 1.78264.
07:53:06: quiet- NO_ID: Invalid value of 2.20864 found for variable DAKOTA_RC_9.  Corrected to 1.75788.
07:53:06: quiet- NO_ID: Invalid value of 14.7434 found for variable DAKOTA_EP_3.  Corrected to 0.753405.
07:53:06: quiet- NO_ID: Invalid value of 1.55168 found for variable DAKOTA_RC_9.  Corrected to 1.90116.
07:53:06: quiet- NO_ID: Invalid value of 1.50048 found for variable DAKOTA_RC_2.  Corrected to 2.05324.
07:53:06: quiet- NO_ID: Invalid value of 2.34719 found for variable DAKOTA_RC_6.  Corrected to 1.80671.
07:53:06: quiet- NO_ID: Invalid value of 1.55164 found for variable DAKOTA_RC_8.  Corrected to 2.01109.
07:53:06: quiet- NO_ID: Invalid value of 1.55704 found for variable DAKOTA_RC_8.  Corrected to 2.15927.
07:53:06: quiet- NO_ID: Invalid value of 2.30042 found for variable DAKOTA_RC_1.  Corrected to 2.28626.
07:53:06: quiet- NO_ID: Invalid value of 2.32602 found for variable DAKOTA_RC_1.  Corrected to 1.97127.
07:53:06: quiet- NO_ID: Invalid value of 2.39066 found for variable DAKOTA_RC_1.  Corrected to 1.84192.
07:53:06: quiet- NO_ID: Invalid value of 2.28236 found for variable DAKOTA_RC_8.  Corrected to 1.63108.
07:53:06: verbose- duplicate_free: flushed 1 duplicate offspring designs after application of the variational operators.
10:58:32: verbose- below_limit: Performed 280 total selections.
10:58:32: verbose- NO_ID: 33 of 234 population members were not selected to continue.  61 of 140 offspring were immediately rejected.
10:58:32: verbose- metric_tracker: Operating on 280 total designs and 76 "best fitness" designs.
10:58:32: verbose- metric_tracker: Max "best fitness" expanse change of 0.051% found for objective "Non-Linear Minimize obj_fn_3".
10:58:32: verbose- metric_tracker: Population density increased by 16.725%.
10:58:32: verbose- metric_tracker: 23.81% of the previous "best fitness" population is dominated by designs in the current "best fitness" population.
10:58:32: verbose- metric_tracker: Pushed metric value of 0.405853 onto the convergence stack.
10:58:32: verbose- metric_tracker: Current max percentage progress is 143.182%.
10:58:32: quiet- duplicate_free: 14 generations so far.
10:58:32: quiet- duplicate_free: 997 evaluations so far.
10:58:32: verbose- duplicate_free: 280 members in population so far.
10:58:32: verbose- multi_point_parameterized_binary: 112 children created.
10:58:32: quiet- offset_normal: Produced invalid  variable representation 1.69534. Mutation performed without corrective action.
10:58:32: verbose- offset_normal: Performed 56 total mutations.
10:58:32: quiet- NO_ID: Invalid value of 2.37961 found for variable DAKOTA_RC_5.  Corrected to 2.07687.
10:58:32: quiet- NO_ID: Invalid value of 1.68986 found for variable DAKOTA_RC_3.  Corrected to 2.08217.
10:58:32: quiet- NO_ID: Invalid value of 2.36915 found for variable DAKOTA_RC_7.  Corrected to 1.95121.
10:58:32: quiet- NO_ID: Invalid value of 1.64467 found for variable DAKOTA_RC_5.  Corrected to 2.19883.
10:58:32: quiet- NO_ID: Invalid value of 2.37228 found for variable DAKOTA_RC_4.  Corrected to 2.25949.
10:58:32: quiet- NO_ID: Invalid value of 2.32026 found for variable DAKOTA_RC_4.  Corrected to 2.24817.
10:58:32: quiet- NO_ID: Invalid value of 1.61737 found for variable DAKOTA_RC_7.  Corrected to 1.96059.
10:58:32: quiet- NO_ID: Invalid value of 2.35883 found for variable DAKOTA_RC_5.  Corrected to 1.95653.
10:58:32: quiet- NO_ID: Invalid value of 1.55726 found for variable DAKOTA_RC_8.  Corrected to 1.60827.
10:58:32: quiet- NO_ID: Invalid value of 1.69534 found for variable DAKOTA_RC_2.  Corrected to 1.817.
10:58:32: quiet- NO_ID: Invalid value of 2.33135 found for variable DAKOTA_RC_6.  Corrected to 2.28026.
10:58:32: quiet- NO_ID: Invalid value of 2.55893 found for variable DAKOTA_RC_9.  Corrected to 2.11697.
10:58:32: quiet- NO_ID: Invalid value of 1.65878 found for variable DAKOTA_RC_4.  Corrected to 1.85638.
10:58:32: quiet- NO_ID: Invalid value of 1.59059 found for variable DAKOTA_RC_9.  Corrected to 2.15887.
10:58:32: quiet- NO_ID: Invalid value of 13.9515 found for variable DAKOTA_EP_2.  Corrected to 6.78049.
10:58:32: quiet- NO_ID: Invalid value of 1.74989 found for variable DAKOTA_RC_4.  Corrected to 2.21013.
10:58:32: quiet- NO_ID: Invalid value of 2.25365 found for variable DAKOTA_RC_8.  Corrected to 2.07956.
10:58:32: quiet- NO_ID: Invalid value of 16.3106 found for variable DAKOTA_EP_1.  Corrected to 6.22481.
10:58:32: quiet- NO_ID: Invalid value of 1.70475 found for variable DAKOTA_RC_5.  Corrected to 2.03714.
10:58:32: quiet- NO_ID: Invalid value of 1.74118 found for variable DAKOTA_RC_5.  Corrected to 2.08366.
10:58:32: quiet- NO_ID: Invalid value of 1.71497 found for variable DAKOTA_RC_4.  Corrected to 2.26797.
10:58:32: quiet- NO_ID: Invalid value of 1.72731 found for variable DAKOTA_RC_5.  Corrected to 2.1548.
10:58:32: quiet- NO_ID: Invalid value of 1.67123 found for variable DAKOTA_RC_2.  Corrected to 2.09673.
10:58:32: quiet- NO_ID: Invalid value of 2.37657 found for variable DAKOTA_RC_5.  Corrected to 2.20459.
10:58:32: quiet- NO_ID: Invalid value of 2.37571 found for variable DAKOTA_RC_4.  Corrected to 1.95639.
10:58:32: quiet- NO_ID: Invalid value of 1.61092 found for variable DAKOTA_RC_6.  Corrected to 2.2946.
10:58:32: quiet- NO_ID: Invalid value of 1.69301 found for variable DAKOTA_RC_2.  Corrected to 1.76879.
10:58:32: quiet- NO_ID: Invalid value of 1.69299 found for variable DAKOTA_RC_2.  Corrected to 2.18773.
10:58:32: quiet- NO_ID: Invalid value of 13.5856 found for variable DAKOTA_EP_1.  Corrected to 9.85886.
10:58:32: quiet- NO_ID: Invalid value of 2.30016 found for variable DAKOTA_RC_6.  Corrected to 1.90977.
10:58:32: quiet- NO_ID: Invalid value of 13.6086 found for variable DAKOTA_EP_2.  Corrected to 4.78689.
10:58:32: quiet- NO_ID: Invalid value of 1.5844 found for variable DAKOTA_RC_8.  Corrected to 1.82519.
10:58:32: quiet- NO_ID: Invalid value of 2.31207 found for variable DAKOTA_RC_1.  Corrected to 2.29194.
10:58:32: quiet- NO_ID: Invalid value of 2.35668 found for variable DAKOTA_RC_1.  Corrected to 2.15066.
10:58:32: quiet- NO_ID: Invalid value of 2.36748 found for variable DAKOTA_RC_1.  Corrected to 1.88649.
10:58:32: quiet- NO_ID: Invalid value of 1.58778 found for variable DAKOTA_RC_9.  Corrected to 2.14171.
10:58:32: quiet- NO_ID: Invalid value of 2.37921 found for variable DAKOTA_RC_1.  Corrected to 2.09883.
14:35:28: verbose- below_limit: Performed 285 total selections.
14:35:28: verbose- NO_ID: 69 of 280 population members were not selected to continue.  94 of 168 offspring were immediately rejected.
14:35:28: verbose- metric_tracker: Operating on 285 total designs and 69 "best fitness" designs.
14:35:28: verbose- metric_tracker: No "best fitness" expansion or contraction occurred this generation.
14:35:28: verbose- metric_tracker: Population density increased by 1.786%.
14:35:28: verbose- metric_tracker: 44.737% of the previous "best fitness" population is dominated by designs in the current "best fitness" population.
14:35:28: verbose- metric_tracker: Pushed metric value of 0.465226 onto the convergence stack.
14:35:28: verbose- metric_tracker: Current max percentage progress is 143.182%.
14:35:28: quiet- duplicate_free: 15 generations so far.
14:35:28: quiet- duplicate_free: 1165 evaluations so far.
14:35:28: verbose- duplicate_free: 285 members in population so far.
14:35:28: verbose- multi_point_parameterized_binary: 114 children created.
14:35:28: quiet- offset_normal: Produced invalid  variable representation 1.58862. Mutation performed without corrective action.
14:35:28: quiet- offset_normal: Produced invalid  variable representation -0.256037. Mutation performed without corrective action.
14:35:28: quiet- offset_normal: Produced invalid  variable representation 1.59937. Mutation performed without corrective action.
14:35:28: quiet- offset_normal: Produced invalid  variable representation 1.77415. Mutation performed without corrective action.
14:35:28: quiet- offset_normal: Produced invalid  variable representation 1.69154. Mutation performed without corrective action.
14:35:28: verbose- offset_normal: Performed 57 total mutations.
14:35:28: quiet- NO_ID: Invalid value of 1.58294 found for variable DAKOTA_RC_8.  Corrected to 1.89794.
14:35:28: quiet- NO_ID: Invalid value of 1.58862 found for variable DAKOTA_RC_9.  Corrected to 1.93349.
14:35:28: quiet- NO_ID: Invalid value of 1.58987 found for variable DAKOTA_RC_9.  Corrected to 1.96972.
14:35:28: quiet- NO_ID: Invalid value of 1.67382 found for variable DAKOTA_RC_6.  Corrected to 1.94914.
14:35:28: quiet- NO_ID: Invalid value of 1.56393 found for variable DAKOTA_RC_8.  Corrected to 1.89872.
14:35:28: quiet- NO_ID: Invalid value of 15.3444 found for variable DAKOTA_EP_1.  Corrected to 8.45049.
14:35:28: quiet- NO_ID: Invalid value of 2.36011 found for variable DAKOTA_RC_5.  Corrected to 1.91501.
14:35:28: quiet- NO_ID: Invalid value of 2.38015 found for variable DAKOTA_RC_7.  Corrected to 1.90248.
14:35:28: quiet- NO_ID: Invalid value of -0.256037 found for variable DAKOTA_EP_3.  Corrected to 1.7564.
14:35:28: quiet- NO_ID: Invalid value of 2.36332 found for variable DAKOTA_RC_4.  Corrected to 1.94213.
14:35:28: quiet- NO_ID: Invalid value of 2.31388 found for variable DAKOTA_RC_7.  Corrected to 2.16707.
14:35:28: quiet- NO_ID: Invalid value of 2.28602 found for variable DAKOTA_RC_8.  Corrected to 1.73484.
14:35:28: quiet- NO_ID: Invalid value of 12.7186 found for variable DAKOTA_EP_2.  Corrected to 2.21236.
14:35:28: quiet- NO_ID: Invalid value of 1.56143 found for variable DAKOTA_RC_8.  Corrected to 1.80169.
14:35:28: quiet- NO_ID: Invalid value of 12.1177 found for variable DAKOTA_EP_1.  Corrected to 0.58847.
14:35:28: quiet- NO_ID: Invalid value of 1.62997 found for variable DAKOTA_RC_6.  Corrected to 2.20798.
14:35:28: quiet- NO_ID: Invalid value of 1.73149 found for variable DAKOTA_RC_4.  Corrected to 2.22049.
14:35:28: quiet- NO_ID: Invalid value of 1.73254 found for variable DAKOTA_RC_4.  Corrected to 1.96842.
14:35:28: quiet- NO_ID: Invalid value of 1.59937 found for variable DAKOTA_RC_8.  Corrected to 2.06911.
14:35:28: quiet- NO_ID: Invalid value of 1.55705 found for variable DAKOTA_RC_8.  Corrected to 2.00232.
14:35:28: quiet- NO_ID: Invalid value of 1.77415 found for variable DAKOTA_RC_4.  Corrected to 2.09134.
14:35:28: quiet- NO_ID: Invalid value of 1.58985 found for variable DAKOTA_RC_9.  Corrected to 1.78585.
14:35:28: quiet- NO_ID: Invalid value of 1.55321 found for variable DAKOTA_RC_9.  Corrected to 1.91883.
14:35:28: quiet- NO_ID: Invalid value of 2.39299 found for variable DAKOTA_RC_4.  Corrected to 1.86994.
14:35:28: quiet- NO_ID: Invalid value of 1.69552 found for variable DAKOTA_RC_6.  Corrected to 1.86245.
14:35:28: quiet- NO_ID: Invalid value of 1.74105 found for variable DAKOTA_RC_5.  Corrected to 1.81651.
14:35:28: quiet- NO_ID: Invalid value of 1.63923 found for variable DAKOTA_RC_2.  Corrected to 1.95413.
14:35:28: quiet- NO_ID: Invalid value of 1.69154 found for variable DAKOTA_RC_2.  Corrected to 1.74431.
14:35:28: quiet- NO_ID: Invalid value of 1.69659 found for variable DAKOTA_RC_2.  Corrected to 2.0576.
14:35:28: quiet- NO_ID: Invalid value of 2.34492 found for variable DAKOTA_RC_6.  Corrected to 1.97247.
14:35:28: quiet- NO_ID: Invalid value of 2.34478 found for variable DAKOTA_RC_8.  Corrected to 2.08558.
14:35:28: quiet- NO_ID: Invalid value of 1.68839 found for variable DAKOTA_RC_2.  Corrected to 1.80588.
14:35:28: quiet- NO_ID: Invalid value of 1.5686 found for variable DAKOTA_RC_8.  Corrected to 2.14046.
14:35:28: quiet- NO_ID: Invalid value of 1.5969 found for variable DAKOTA_RC_8.  Corrected to 1.8553.
14:35:28: quiet- NO_ID: Invalid value of 1.68415 found for variable DAKOTA_RC_7.  Corrected to 2.05502.
14:35:28: quiet- NO_ID: Invalid value of 2.304 found for variable DAKOTA_RC_1.  Corrected to 1.99931.
14:35:28: quiet- NO_ID: Invalid value of 2.32394 found for variable DAKOTA_RC_1.  Corrected to 1.86486.
14:35:28: quiet- NO_ID: Invalid value of 2.42368 found for variable DAKOTA_RC_9.  Corrected to 2.04404.
14:35:28: quiet- NO_ID: Invalid value of 2.347 found for variable DAKOTA_RC_1.  Corrected to 2.10179.
14:35:28: quiet- NO_ID: Invalid value of 1.77443 found for variable DAKOTA_RC_4.  Corrected to 1.93804.
14:35:28: quiet- NO_ID: Invalid value of 1.56655 found for variable DAKOTA_RC_8.  Corrected to 1.61459.
14:35:28: quiet- NO_ID: Invalid value of 2.35114 found for variable DAKOTA_RC_1.  Corrected to 1.96886.
14:35:28: quiet- NO_ID: Invalid value of 2.35903 found for variable DAKOTA_RC_1.  Corrected to 2.05041.
18:28:27: verbose- below_limit: Performed 299 total selections.
18:28:27: verbose- NO_ID: 61 of 285 population members were not selected to continue.  96 of 171 offspring were immediately rejected.
18:28:27: verbose- metric_tracker: Operating on 299 total designs and 82 "best fitness" designs.
18:28:27: verbose- metric_tracker: Max "best fitness" expanse change of 0.005% found for objective "Non-Linear Minimize obj_fn_2".
18:28:27: verbose- metric_tracker: Population density increased by 4.908%.
18:28:27: verbose- metric_tracker: 13.043% of the previous "best fitness" population is dominated by designs in the current "best fitness" population.
18:28:27: verbose- metric_tracker: Pushed metric value of 0.179559 onto the convergence stack.
18:28:27: verbose- metric_tracker: Current max percentage progress is 143.182%.
18:28:27: quiet- duplicate_free: 16 generations so far.
18:28:27: quiet- duplicate_free: 1336 evaluations so far.
18:28:27: verbose- duplicate_free: 299 members in population so far.
18:28:27: verbose- multi_point_parameterized_binary: 120 children created.
18:28:27: quiet- offset_normal: Produced invalid  variable representation 1.7824. Mutation performed without corrective action.
18:28:27: verbose- offset_normal: Performed 60 total mutations.
18:28:27: quiet- NO_ID: Invalid value of 1.55017 found for variable DAKOTA_RC_8.  Corrected to 1.66996.
18:28:27: quiet- NO_ID: Invalid value of 1.71251 found for variable DAKOTA_RC_4.  Corrected to 1.95154.
18:28:27: quiet- NO_ID: Invalid value of 2.35737 found for variable DAKOTA_RC_5.  Corrected to 2.12472.
18:28:27: quiet- NO_ID: Invalid value of 2.34043 found for variable DAKOTA_RC_7.  Corrected to 2.18552.
18:28:27: quiet- NO_ID: Invalid value of 2.36227 found for variable DAKOTA_RC_4.  Corrected to 2.2158.
18:28:27: quiet- NO_ID: Invalid value of 1.57372 found for variable DAKOTA_RC_8.  Corrected to 1.72045.
18:28:27: quiet- NO_ID: Invalid value of 2.3728 found for variable DAKOTA_RC_7.  Corrected to 2.1275.
18:28:27: quiet- NO_ID: Invalid value of 1.79161 found for variable DAKOTA_RC_5.  Corrected to 1.84023.
18:28:27: quiet- NO_ID: Invalid value of 13.8493 found for variable DAKOTA_EP_2.  Corrected to 5.45286.
18:28:27: quiet- NO_ID: Invalid value of 1.57625 found for variable DAKOTA_RC_9.  Corrected to 1.81382.
18:28:27: quiet- NO_ID: Invalid value of 1.56946 found for variable DAKOTA_RC_9.  Corrected to 1.89454.
18:28:27: quiet- NO_ID: Invalid value of 2.38697 found for variable DAKOTA_RC_4.  Corrected to 2.09208.
18:28:27: quiet- NO_ID: Invalid value of 1.63718 found for variable DAKOTA_RC_2.  Corrected to 1.71831.
18:28:27: quiet- NO_ID: Invalid value of 2.36637 found for variable DAKOTA_RC_4.  Corrected to 2.28879.
18:28:27: quiet- NO_ID: Invalid value of 13.8557 found for variable DAKOTA_EP_2.  Corrected to 6.71102.
18:28:27: quiet- NO_ID: Invalid value of 1.7824 found for variable DAKOTA_RC_5.  Corrected to 2.151.
18:28:27: quiet- NO_ID: Invalid value of 1.77682 found for variable DAKOTA_RC_5.  Corrected to 2.09893.
18:28:27: quiet- NO_ID: Invalid value of 1.73763 found for variable DAKOTA_RC_4.  Corrected to 1.95659.
18:28:27: quiet- NO_ID: Invalid value of 1.54014 found for variable DAKOTA_RC_2.  Corrected to 1.93761.
18:28:27: quiet- NO_ID: Invalid value of 1.78157 found for variable DAKOTA_RC_7.  Corrected to 2.27248.
18:28:27: quiet- NO_ID: Invalid value of 2.36407 found for variable DAKOTA_RC_9.  Corrected to 1.81014.
18:28:27: quiet- NO_ID: Invalid value of 16.3106 found for variable DAKOTA_EP_1.  Corrected to 4.40553.
18:28:27: quiet- NO_ID: Invalid value of 2.28849 found for variable DAKOTA_RC_8.  Corrected to 2.00084.
18:28:27: quiet- NO_ID: Invalid value of 2.35047 found for variable DAKOTA_RC_1.  Corrected to 1.85357.
18:28:27: verbose- duplicate_free: flushed 1 duplicate offspring designs after application of the variational operators.
22:15:20: verbose- below_limit: Performed 347 total selections.
22:15:20: verbose- NO_ID: 38 of 299 population members were not selected to continue.  93 of 179 offspring were immediately rejected.
22:15:20: verbose- metric_tracker: Operating on 347 total designs and 101 "best fitness" designs.
22:15:20: verbose- metric_tracker: Max "best fitness" expanse change of -70.931% found for objective "Non-Linear Minimize obj_fn_2".
22:15:20: verbose- metric_tracker: Population density increased by 16.036%.
22:15:20: verbose- metric_tracker: 7.317% of the previous "best fitness" population is dominated by designs in the current "best fitness" population.
22:15:20: verbose- metric_tracker: Pushed metric value of 0.942842 onto the convergence stack.
22:15:20: verbose- metric_tracker: Current max percentage progress is 94.284%.
22:15:20: verbose- metric_tracker: Convergence attained.
22:15:20: quiet- duplicate_free: 17 generations so far.
22:15:20: quiet- duplicate_free: 1515 evaluations so far.
22:15:20: verbose- duplicate_free: 347 members in population so far.
22:15:20: verbose- NO_ID: Reclaimed 0 optimal designs from the discards.
22:15:20: quiet- NO_ID: Reclaimed 0 optimal designs that had been selected out.
22:15:20: verbose- NO_ID: Flushed 246 dominated designs from the population.
22:15:20: quiet- NO_ID: Ran 17 total generations.
22:15:20: quiet- NO_ID: Final population size = 101
22:15:20: verbose- NO_ID: Wrote designs file ".//finaldata1.dat".
22:15:20: verbose- NO_ID: Wrote designs file ".//discards.dat".
22:15:20: quiet- JEGA Front End: NO_ID execution took 19.45 seconds.
22:15:20: quiet- JEGA Front End: Execution took 19.45 seconds.
22:15:20: verbose- NO_ID: algorithm execution completed. 101 solutions found. Passing them back to DAKOTA.
22:15:20: quiet- NO_ID: find optimum completed and all results have been passed back to DAKOTA.


22:15:20: quiet- NO_ID: goodbye!


