JEGA Genetic Algorithm Optimization Software v2.7.0
Run started Mon Jun 10 16:53:11 2019

Global Log initialized using "verbose" as default level.
Global Log logging to file JEGAGlobal.log
Global Log logging to console window
16:53:11: quiet- JEGA Front End: Random seed = 1560289991
16:53:11: verbose- Design Target: Design variable DAKOTA_RC_1 added.  1 design variables now in target.
16:53:11: verbose- Design Target: Design variable DAKOTA_RC_2 added.  2 design variables now in target.
16:53:11: verbose- Design Target: Design variable DAKOTA_RC_3 added.  3 design variables now in target.
16:53:11: verbose- Design Target: Design variable DAKOTA_RC_4 added.  4 design variables now in target.
16:53:11: verbose- Design Target: Design variable DAKOTA_RC_5 added.  5 design variables now in target.
16:53:11: verbose- Design Target: Design variable DAKOTA_RC_6 added.  6 design variables now in target.
16:53:11: verbose- Design Target: Design variable DAKOTA_RC_7 added.  7 design variables now in target.
16:53:11: verbose- Design Target: Design variable DAKOTA_EP_1 added.  8 design variables now in target.
16:53:11: verbose- Design Target: Design variable DAKOTA_EP_2 added.  9 design variables now in target.
16:53:11: verbose- Design Target: Objective Non-Linear Minimize obj_fn_1 added.  1 objectives now in target.
16:53:11: verbose- Design Target: Objective Non-Linear Minimize obj_fn_2 added.  2 objectives now in target.
16:53:11: verbose- Design Target: Objective Non-Linear Minimize obj_fn_3 added.  3 objectives now in target.
16:53:11: verbose- JEGA Front End: Creating a MOGA
16:53:11: debug-  Matching Group: Trying "Domination Count Operator Group".
16:53:11: verbose- Domination Count Operator Group: Contains Converger "metric_tracker".
16:53:11: verbose- Domination Count Operator Group: Contains Crosser "multi_point_parameterized_binary".
16:53:11: verbose- Domination Count Operator Group: Contains FitnessAssessor "domination_count".
16:53:11: verbose- Domination Count Operator Group: Contains Initializer "unique_random".
16:53:11: verbose- Domination Count Operator Group: Contains MainLoop "duplicate_free".
16:53:11: verbose- Domination Count Operator Group: Contains Mutator "offset_normal".
16:53:11: verbose- Domination Count Operator Group: Contains Selector "below_limit".
16:53:11: verbose- Domination Count Operator Group: Contains PostProcessor "null_postprocessor".
16:53:11: verbose- Domination Count Operator Group: Contains NichePressureApplicator "null_niching".
16:53:11: debug-  Matching Group: "Domination Count Operator Group" match succeeded.
16:53:11: quiet- : Matched new set to a group that is not the current group.  Adopting the new group.
16:53:11: verbose- Domination Count Operator Group: Contains Converger "metric_tracker".
16:53:11: verbose- Domination Count Operator Group: Contains Crosser "multi_point_parameterized_binary".
16:53:11: verbose- Domination Count Operator Group: Contains FitnessAssessor "domination_count".
16:53:11: verbose- Domination Count Operator Group: Contains Initializer "unique_random".
16:53:11: verbose- Domination Count Operator Group: Contains MainLoop "duplicate_free".
16:53:11: verbose- Domination Count Operator Group: Contains Mutator "offset_normal".
16:53:11: verbose- Domination Count Operator Group: Contains Selector "below_limit".
16:53:11: verbose- Domination Count Operator Group: Contains PostProcessor "null_postprocessor".
16:53:11: verbose- Domination Count Operator Group: Contains NichePressureApplicator "null_niching".
16:53:11: verbose- NO_ID: The name of this GA is now NO_ID
16:53:11: verbose- NO_ID: The print each population flag is now set to 0
16:53:11: verbose- NO_ID: The print final data flag is now set to 1
16:53:11: verbose- NO_ID: The print discards flag is now set to 1
16:53:11: verbose- NO_ID: The name of the file to which final data will be written is now finaldata1.dat
16:53:11: verbose- NO_ID: The data directory is now set to ./
16:53:11: verbose- metric_tracker: Number of generations tracked now = 10
16:53:11: verbose- metric_tracker: Max allowable % change now = 1
16:53:11: verbose- metric_tracker: Maximum allowable generations now = 100
16:53:11: verbose- metric_tracker: Maximum allowable evaluations now = 20000
16:53:11: quiet- Error encountered while retrieving parameter named "method.max_time" of type "d" from parameter database reading: Parameter not found for tag: method.max_time
16:53:11: verbose- metric_tracker: The maximum allowable amount of time was not found in the parameter database.  Using the current value of 1.79769e+308
16:53:11: verbose- metric_tracker: Maximum allowable time now = 1.79769e+308 seconds 
16:53:11: quiet- Error encountered while retrieving parameter named "method.jega.num_cross_points" of type "St6vectorIiSaIiEE" from parameter database reading: Parameter not found for tag: method.jega.num_cross_points
16:53:11: verbose- multi_point_parameterized_binary: The number of crossover points for each variable were not found in the parameter database.  Checking for a single value.
16:53:11: verbose- multi_point_parameterized_binary: Number of crossover points now = 2
16:53:11: verbose- multi_point_parameterized_binary: Crossover rate now = 0.4
16:53:11: verbose- multi_point_parameterized_binary: Number of crossover points for variable "DAKOTA_RC_1" now = 2.
16:53:11: verbose- multi_point_parameterized_binary: Number of crossover points for variable "DAKOTA_RC_2" now = 2.
16:53:11: verbose- multi_point_parameterized_binary: Number of crossover points for variable "DAKOTA_RC_3" now = 2.
16:53:11: verbose- multi_point_parameterized_binary: Number of crossover points for variable "DAKOTA_RC_4" now = 2.
16:53:11: verbose- multi_point_parameterized_binary: Number of crossover points for variable "DAKOTA_RC_5" now = 2.
16:53:11: verbose- multi_point_parameterized_binary: Number of crossover points for variable "DAKOTA_RC_6" now = 2.
16:53:11: verbose- multi_point_parameterized_binary: Number of crossover points for variable "DAKOTA_RC_7" now = 2.
16:53:11: verbose- multi_point_parameterized_binary: Number of crossover points for variable "DAKOTA_EP_1" now = 2.
16:53:11: verbose- multi_point_parameterized_binary: Number of crossover points for variable "DAKOTA_EP_2" now = 2.
16:53:11: verbose- DAKOTA JEGA Evaluator: Maximum allowable evaluations now = 20000
16:53:11: verbose- DAKOTA JEGA Evaluator: The evaluation concurrency is now 1
16:53:11: verbose- unique_random: Desired initial population size now = 250
16:53:11: verbose- null_niching: Niched design caching now set to true.
16:53:11: quiet- Error encountered while retrieving parameter named "method.jega.max_niche_cache_size" of type "m" from parameter database reading: Parameter not found for tag: method.jega.max_niche_cache_size
16:53:11: verbose- null_niching: The max niche cache size value was not found in the parameter database.  Using the current value of 1
16:53:11: verbose- null_niching: Niched design caching max size now set to 18446744073709551615.
16:53:11: verbose- offset_normal: Offset range now = 0.05
16:53:11: verbose- offset_normal: Mutation rate now = 0.2
16:53:11: verbose- below_limit: Limiting value now = 6
16:53:11: verbose- below_limit: Shrinkage percentage now = 0.3
16:53:11: verbose- below_limit: Minimum selections now = 2
16:53:11: verbose- NO_ID: About to perform algorithm execution.
16:53:11: verbose- unique_random: 250 unique random designs created.
19:00:50: verbose- below_limit: Performed 75 total selections.
19:00:50: verbose- NO_ID: 175 of 250 population members were not selected to continue.  0 of 0 offspring were immediately rejected.
19:00:50: verbose- metric_tracker: Operating on 75 total designs and 11 "best fitness" designs.
19:00:50: verbose- metric_tracker: Pushed metric value of 0 onto the convergence stack.
19:00:50: quiet- duplicate_free: 1 generation so far.
19:00:50: quiet- duplicate_free: 250 evaluations so far.
19:00:50: verbose- duplicate_free: 75 members in population so far.
19:00:50: verbose- multi_point_parameterized_binary: 30 children created.
19:00:50: verbose- offset_normal: Performed 15 total mutations.
19:00:50: quiet- NO_ID: Invalid value of 1.26083 found for variable DAKOTA_RC_1.  Corrected to 1.3984.
19:00:50: quiet- NO_ID: Invalid value of 1.26309 found for variable DAKOTA_RC_1.  Corrected to 1.42429.
19:00:50: quiet- NO_ID: Invalid value of 1.53525 found for variable DAKOTA_RC_7.  Corrected to 1.47698.
19:00:50: quiet- NO_ID: Invalid value of 1.26385 found for variable DAKOTA_RC_7.  Corrected to 1.34774.
19:00:50: quiet- NO_ID: Invalid value of 1.31565 found for variable DAKOTA_RC_3.  Corrected to 1.18066.
19:00:50: quiet- NO_ID: Invalid value of 1.28466 found for variable DAKOTA_RC_7.  Corrected to 1.48291.
19:00:50: quiet- NO_ID: Invalid value of 12.037 found for variable DAKOTA_EP_2.  Corrected to 4.62129.
19:00:50: quiet- NO_ID: Invalid value of 1.51107 found for variable DAKOTA_RC_5.  Corrected to 1.39556.
19:00:50: quiet- NO_ID: Invalid value of 1.29118 found for variable DAKOTA_RC_6.  Corrected to 1.47846.
19:00:50: quiet- NO_ID: Invalid value of 13.4505 found for variable DAKOTA_EP_1.  Corrected to 2.36509.
19:00:50: quiet- NO_ID: Invalid value of 1.50274 found for variable DAKOTA_RC_1.  Corrected to 1.34325.
19:24:42: verbose- below_limit: Performed 60 total selections.
19:24:42: verbose- NO_ID: 31 of 75 population members were not selected to continue.  29 of 45 offspring were immediately rejected.
19:24:42: verbose- metric_tracker: Operating on 60 total designs and 11 "best fitness" designs.
19:24:42: verbose- metric_tracker: Max "best fitness" expanse change of -2.765% found for objective "Non-Linear Minimize obj_fn_3".
19:24:42: verbose- metric_tracker: Population density increased by 2038.7%.
19:24:42: verbose- metric_tracker: 36.364% of the previous "best fitness" population is dominated by designs in the current "best fitness" population.
19:24:42: verbose- metric_tracker: Pushed metric value of 20.7783 onto the convergence stack.
19:24:42: quiet- duplicate_free: 2 generations so far.
19:24:42: quiet- duplicate_free: 295 evaluations so far.
19:24:42: verbose- duplicate_free: 60 members in population so far.
19:24:42: verbose- multi_point_parameterized_binary: 24 children created.
19:24:42: verbose- offset_normal: Performed 12 total mutations.
19:24:42: quiet- NO_ID: Invalid value of 1.19311 found for variable DAKOTA_RC_2.  Corrected to 1.36961.
19:24:42: quiet- NO_ID: Invalid value of 1.27367 found for variable DAKOTA_RC_5.  Corrected to 1.49126.
19:24:42: quiet- NO_ID: Invalid value of 12.7365 found for variable DAKOTA_EP_2.  Corrected to 3.50811.
19:24:42: quiet- NO_ID: Invalid value of 1.33107 found for variable DAKOTA_RC_3.  Corrected to 1.14951.
19:24:42: quiet- NO_ID: Invalid value of 1.07794 found for variable DAKOTA_RC_3.  Corrected to 1.11903.
19:24:42: quiet- NO_ID: Invalid value of 1.25764 found for variable DAKOTA_RC_7.  Corrected to 1.38801.
19:24:42: quiet- NO_ID: Invalid value of 12.1192 found for variable DAKOTA_EP_2.  Corrected to 4.27506.
19:41:47: verbose- below_limit: Performed 70 total selections.
19:41:47: verbose- NO_ID: 10 of 60 population members were not selected to continue.  16 of 36 offspring were immediately rejected.
19:41:47: verbose- metric_tracker: Operating on 70 total designs and 12 "best fitness" designs.
19:41:47: verbose- metric_tracker: No "best fitness" expansion or contraction occurred this generation.
19:41:47: verbose- metric_tracker: Population density increased by 16.667%.
19:41:47: verbose- metric_tracker: 9.091% of the previous "best fitness" population is dominated by designs in the current "best fitness" population.
19:41:47: verbose- metric_tracker: Pushed metric value of 0.257576 onto the convergence stack.
19:41:47: quiet- duplicate_free: 3 generations so far.
19:41:47: quiet- duplicate_free: 331 evaluations so far.
19:41:47: verbose- duplicate_free: 70 members in population so far.
19:41:47: verbose- multi_point_parameterized_binary: 28 children created.
19:41:47: verbose- offset_normal: Performed 14 total mutations.
19:41:47: quiet- NO_ID: Invalid value of 1.29775 found for variable DAKOTA_RC_5.  Corrected to 1.33561.
19:41:47: quiet- NO_ID: Invalid value of 1.53176 found for variable DAKOTA_RC_4.  Corrected to 1.36663.
19:41:47: quiet- NO_ID: Invalid value of 1.51772 found for variable DAKOTA_RC_7.  Corrected to 1.33729.
19:41:47: quiet- NO_ID: Invalid value of 1.41066 found for variable DAKOTA_RC_2.  Corrected to 1.33035.
19:41:47: quiet- NO_ID: Invalid value of 1.50558 found for variable DAKOTA_RC_6.  Corrected to 1.46277.
19:41:47: quiet- NO_ID: Invalid value of 1.41844 found for variable DAKOTA_RC_2.  Corrected to 1.29781.
19:41:47: quiet- NO_ID: Invalid value of 1.16273 found for variable DAKOTA_RC_2.  Corrected to 1.21561.
19:41:47: quiet- NO_ID: Invalid value of 1.23608 found for variable DAKOTA_RC_4.  Corrected to 1.40615.
19:41:47: quiet- NO_ID: Invalid value of 1.55691 found for variable DAKOTA_RC_4.  Corrected to 1.4197.
20:01:59: verbose- below_limit: Performed 63 total selections.
20:01:59: verbose- NO_ID: 26 of 70 population members were not selected to continue.  23 of 42 offspring were immediately rejected.
20:01:59: verbose- metric_tracker: Operating on 63 total designs and 19 "best fitness" designs.
20:01:59: verbose- metric_tracker: Max "best fitness" expanse change of 7.482% found for objective "Non-Linear Minimize obj_fn_1".
20:01:59: verbose- metric_tracker: Population density increased by 339.946%.
20:01:59: verbose- metric_tracker: 16.667% of the previous "best fitness" population is dominated by designs in the current "best fitness" population.
20:01:59: verbose- metric_tracker: Pushed metric value of 3.64095 onto the convergence stack.
20:01:59: quiet- duplicate_free: 4 generations so far.
20:01:59: quiet- duplicate_free: 373 evaluations so far.
20:01:59: verbose- duplicate_free: 63 members in population so far.
20:01:59: verbose- multi_point_parameterized_binary: 26 children created.
20:01:59: verbose- offset_normal: Performed 13 total mutations.
20:01:59: quiet- NO_ID: Invalid value of 1.50268 found for variable DAKOTA_RC_5.  Corrected to 1.4825.
20:01:59: quiet- NO_ID: Invalid value of 1.29953 found for variable DAKOTA_RC_5.  Corrected to 1.37005.
20:01:59: quiet- NO_ID: Invalid value of 1.20473 found for variable DAKOTA_RC_4.  Corrected to 1.49316.
20:01:59: quiet- NO_ID: Invalid value of 1.56918 found for variable DAKOTA_RC_4.  Corrected to 1.35906.
20:01:59: quiet- NO_ID: Invalid value of 1.50003 found for variable DAKOTA_RC_4.  Corrected to 1.45904.
20:01:59: quiet- NO_ID: Invalid value of 1.50816 found for variable DAKOTA_RC_4.  Corrected to 1.38759.
20:01:59: quiet- NO_ID: Invalid value of 1.50023 found for variable DAKOTA_RC_5.  Corrected to 1.37741.
20:20:58: verbose- below_limit: Performed 74 total selections.
20:20:58: verbose- NO_ID: 12 of 63 population members were not selected to continue.  16 of 39 offspring were immediately rejected.
20:20:58: verbose- metric_tracker: Operating on 74 total designs and 26 "best fitness" designs.
20:20:58: verbose- metric_tracker: No "best fitness" expansion or contraction occurred this generation.
20:20:58: verbose- metric_tracker: Population density increased by 17.46%.
20:20:58: verbose- metric_tracker: No "best fitness" designs from the previous population are dominated by "best fitness" designs in the current population.
20:20:58: verbose- metric_tracker: Pushed metric value of 0.174603 onto the convergence stack.
20:20:58: quiet- duplicate_free: 5 generations so far.
20:20:58: quiet- duplicate_free: 412 evaluations so far.
20:20:58: verbose- duplicate_free: 74 members in population so far.
20:20:58: verbose- multi_point_parameterized_binary: 30 children created.
20:20:58: verbose- offset_normal: Performed 15 total mutations.
20:20:58: quiet- NO_ID: Invalid value of 1.22977 found for variable DAKOTA_RC_7.  Corrected to 1.4656.
20:20:58: quiet- NO_ID: Invalid value of 1.53273 found for variable DAKOTA_RC_7.  Corrected to 1.44486.
20:20:58: quiet- NO_ID: Invalid value of 1.19918 found for variable DAKOTA_RC_5.  Corrected to 1.41362.
20:20:58: quiet- NO_ID: Invalid value of 1.50781 found for variable DAKOTA_RC_4.  Corrected to 1.38509.
20:20:58: quiet- NO_ID: Invalid value of 1.27739 found for variable DAKOTA_RC_5.  Corrected to 1.49415.
20:20:58: quiet- NO_ID: Invalid value of 1.29688 found for variable DAKOTA_RC_4.  Corrected to 1.39844.
20:20:58: quiet- NO_ID: Invalid value of 1.22111 found for variable DAKOTA_RC_4.  Corrected to 1.39519.
20:20:58: quiet- NO_ID: Invalid value of 1.298 found for variable DAKOTA_RC_5.  Corrected to 1.30015.
20:20:58: quiet- NO_ID: Invalid value of 1.27911 found for variable DAKOTA_RC_5.  Corrected to 1.41879.
20:20:58: quiet- NO_ID: Invalid value of 1.50242 found for variable DAKOTA_RC_6.  Corrected to 1.49831.
20:20:58: quiet- NO_ID: Invalid value of 1.51034 found for variable DAKOTA_RC_5.  Corrected to 1.42671.
20:20:58: quiet- NO_ID: Invalid value of 1.58317 found for variable DAKOTA_RC_5.  Corrected to 1.39915.
20:20:58: quiet- NO_ID: Invalid value of 1.50759 found for variable DAKOTA_RC_4.  Corrected to 1.33668.
20:20:58: quiet- NO_ID: Invalid value of 1.57514 found for variable DAKOTA_RC_5.  Corrected to 1.34485.
20:20:58: quiet- NO_ID: Invalid value of 1.57165 found for variable DAKOTA_RC_7.  Corrected to 1.41566.
20:20:58: quiet- NO_ID: Invalid value of 1.54052 found for variable DAKOTA_RC_4.  Corrected to 1.48661.
20:20:58: quiet- NO_ID: Invalid value of 1.2737 found for variable DAKOTA_RC_6.  Corrected to 1.4364.
20:42:16: verbose- below_limit: Performed 81 total selections.
20:42:16: verbose- NO_ID: 15 of 74 population members were not selected to continue.  23 of 45 offspring were immediately rejected.
20:42:16: verbose- metric_tracker: Operating on 81 total designs and 29 "best fitness" designs.
20:42:16: verbose- metric_tracker: Max "best fitness" expanse change of 0.314% found for objective "Non-Linear Minimize obj_fn_3".
20:42:16: verbose- metric_tracker: Population density increased by 15.056%.
20:42:16: verbose- metric_tracker: 23.077% of the previous "best fitness" population is dominated by designs in the current "best fitness" population.
20:42:16: verbose- metric_tracker: Pushed metric value of 0.384475 onto the convergence stack.
20:42:16: quiet- duplicate_free: 6 generations so far.
20:42:16: quiet- duplicate_free: 457 evaluations so far.
20:42:16: verbose- duplicate_free: 81 members in population so far.
20:42:16: verbose- multi_point_parameterized_binary: 32 children created.
20:42:16: quiet- offset_normal: Produced invalid  variable representation 1.29756. Mutation performed without corrective action.
20:42:16: verbose- offset_normal: Performed 16 total mutations.
20:42:16: quiet- NO_ID: Invalid value of 1.51502 found for variable DAKOTA_RC_4.  Corrected to 1.3689.
20:42:16: quiet- NO_ID: Invalid value of 1.27921 found for variable DAKOTA_RC_5.  Corrected to 1.3969.
20:42:16: quiet- NO_ID: Invalid value of 1.29756 found for variable DAKOTA_RC_5.  Corrected to 1.34476.
20:42:16: quiet- NO_ID: Invalid value of 1.56861 found for variable DAKOTA_RC_6.  Corrected to 1.46722.
20:42:16: quiet- NO_ID: Invalid value of 1.2904 found for variable DAKOTA_RC_4.  Corrected to 1.42616.
20:42:16: quiet- NO_ID: Invalid value of 1.51136 found for variable DAKOTA_RC_5.  Corrected to 1.43646.
20:42:16: quiet- NO_ID: Invalid value of 1.29441 found for variable DAKOTA_RC_4.  Corrected to 1.31708.
20:42:16: quiet- NO_ID: Invalid value of 1.50724 found for variable DAKOTA_RC_7.  Corrected to 1.3002.
20:42:16: quiet- NO_ID: Invalid value of 1.54939 found for variable DAKOTA_RC_5.  Corrected to 1.40615.
20:42:16: quiet- NO_ID: Invalid value of 1.2097 found for variable DAKOTA_RC_6.  Corrected to 1.3838.
20:42:16: verbose- duplicate_free: flushed 1 duplicate offspring designs after application of the variational operators.
21:04:37: verbose- below_limit: Performed 105 total selections.
21:04:37: verbose- NO_ID: 7 of 81 population members were not selected to continue.  16 of 47 offspring were immediately rejected.
21:04:37: verbose- metric_tracker: Operating on 105 total designs and 41 "best fitness" designs.
21:04:37: verbose- metric_tracker: Max "best fitness" expanse change of 0.937% found for objective "Non-Linear Minimize obj_fn_3".
21:04:37: verbose- metric_tracker: Population density increased by 36.253%.
21:04:37: verbose- metric_tracker: 6.897% of the previous "best fitness" population is dominated by designs in the current "best fitness" population.
21:04:37: verbose- metric_tracker: Pushed metric value of 0.440864 onto the convergence stack.
21:04:37: quiet- duplicate_free: 7 generations so far.
21:04:37: quiet- duplicate_free: 504 evaluations so far.
21:04:37: verbose- duplicate_free: 105 members in population so far.
21:04:37: verbose- multi_point_parameterized_binary: 42 children created.
21:04:37: verbose- offset_normal: Performed 21 total mutations.
21:04:37: quiet- NO_ID: Invalid value of 1.57946 found for variable DAKOTA_RC_5.  Corrected to 1.38052.
21:04:37: quiet- NO_ID: Invalid value of 1.51053 found for variable DAKOTA_RC_5.  Corrected to 1.49038.
21:04:37: quiet- NO_ID: Invalid value of 1.51465 found for variable DAKOTA_RC_6.  Corrected to 1.48328.
21:04:37: quiet- NO_ID: Invalid value of 1.29867 found for variable DAKOTA_RC_5.  Corrected to 1.42491.
21:04:37: quiet- NO_ID: Invalid value of 1.03953 found for variable DAKOTA_RC_3.  Corrected to 1.24866.
21:04:37: quiet- NO_ID: Invalid value of 1.22163 found for variable DAKOTA_RC_5.  Corrected to 1.43137.
21:04:37: quiet- NO_ID: Invalid value of 1.09994 found for variable DAKOTA_RC_3.  Corrected to 1.12401.
21:04:37: quiet- NO_ID: Invalid value of 1.51077 found for variable DAKOTA_RC_6.  Corrected to 1.4808.
21:04:37: quiet- NO_ID: Invalid value of 1.40816 found for variable DAKOTA_RC_2.  Corrected to 1.21769.
21:04:37: quiet- NO_ID: Invalid value of 1.05171 found for variable DAKOTA_RC_3.  Corrected to 1.11401.
21:04:37: quiet- NO_ID: Invalid value of 1.0052 found for variable DAKOTA_RC_3.  Corrected to 1.21915.
21:33:34: verbose- below_limit: Performed 119 total selections.
21:33:34: verbose- NO_ID: 19 of 105 population members were not selected to continue.  30 of 63 offspring were immediately rejected.
21:33:34: verbose- metric_tracker: Operating on 119 total designs and 50 "best fitness" designs.
21:33:34: verbose- metric_tracker: Max "best fitness" expanse change of 7.978% found for objective "Non-Linear Minimize obj_fn_3".
21:33:34: verbose- metric_tracker: Population density increased by 5.833%.
21:33:34: verbose- metric_tracker: 12.195% of the previous "best fitness" population is dominated by designs in the current "best fitness" population.
21:33:34: verbose- metric_tracker: Pushed metric value of 0.260058 onto the convergence stack.
21:33:34: quiet- duplicate_free: 8 generations so far.
21:33:34: quiet- duplicate_free: 567 evaluations so far.
21:33:34: verbose- duplicate_free: 119 members in population so far.
21:33:34: verbose- multi_point_parameterized_binary: 48 children created.
21:33:34: quiet- offset_normal: Produced invalid  variable representation 1.28673. Mutation performed without corrective action.
21:33:34: verbose- offset_normal: Performed 24 total mutations.
21:33:34: quiet- NO_ID: Invalid value of 1.28673 found for variable DAKOTA_RC_5.  Corrected to 1.48317.
21:33:34: quiet- NO_ID: Invalid value of 14.7017 found for variable DAKOTA_EP_2.  Corrected to 4.37192.
21:33:34: quiet- NO_ID: Invalid value of 1.2915 found for variable DAKOTA_RC_5.  Corrected to 1.36434.
21:33:34: quiet- NO_ID: Invalid value of 1.09817 found for variable DAKOTA_RC_3.  Corrected to 1.22721.
21:33:34: quiet- NO_ID: Invalid value of 1.55177 found for variable DAKOTA_RC_7.  Corrected to 1.46107.
21:33:34: quiet- NO_ID: Invalid value of 1.50764 found for variable DAKOTA_RC_4.  Corrected to 1.37148.
21:33:34: quiet- NO_ID: Invalid value of 1.29125 found for variable DAKOTA_RC_4.  Corrected to 1.44386.
21:33:34: quiet- NO_ID: Invalid value of 1.50354 found for variable DAKOTA_RC_6.  Corrected to 1.42189.
21:33:34: quiet- NO_ID: Invalid value of 1.02364 found for variable DAKOTA_RC_3.  Corrected to 1.24663.
21:33:34: quiet- NO_ID: Invalid value of 1.09408 found for variable DAKOTA_RC_3.  Corrected to 1.15943.
21:33:34: quiet- NO_ID: Invalid value of 1.50826 found for variable DAKOTA_RC_7.  Corrected to 1.45235.
21:33:34: quiet- NO_ID: Invalid value of 14.6605 found for variable DAKOTA_EP_2.  Corrected to 10.5705.
22:08:00: verbose- below_limit: Performed 139 total selections.
22:08:00: verbose- NO_ID: 14 of 119 population members were not selected to continue.  38 of 72 offspring were immediately rejected.
22:08:00: verbose- metric_tracker: Operating on 139 total designs and 61 "best fitness" designs.
22:08:00: verbose- metric_tracker: Max "best fitness" expanse change of 1.037% found for objective "Non-Linear Minimize obj_fn_1".
22:08:00: verbose- metric_tracker: Population density increased by 15.446%.
22:08:00: verbose- metric_tracker: 8% of the previous "best fitness" population is dominated by designs in the current "best fitness" population.
22:08:00: verbose- metric_tracker: Pushed metric value of 0.244822 onto the convergence stack.
22:08:00: quiet- duplicate_free: 9 generations so far.
22:08:00: quiet- duplicate_free: 639 evaluations so far.
22:08:00: verbose- duplicate_free: 139 members in population so far.
22:08:00: verbose- multi_point_parameterized_binary: 56 children created.
22:08:00: verbose- offset_normal: Performed 28 total mutations.
22:08:00: quiet- NO_ID: Invalid value of 1.51949 found for variable DAKOTA_RC_4.  Corrected to 1.31013.
22:08:00: quiet- NO_ID: Invalid value of 1.26582 found for variable DAKOTA_RC_5.  Corrected to 1.42824.
22:08:00: quiet- NO_ID: Invalid value of 1.55924 found for variable DAKOTA_RC_7.  Corrected to 1.37164.
22:08:00: quiet- NO_ID: Invalid value of 1.51097 found for variable DAKOTA_RC_7.  Corrected to 1.37336.
22:08:00: quiet- NO_ID: Invalid value of 1.29816 found for variable DAKOTA_RC_5.  Corrected to 1.47544.
22:08:00: quiet- NO_ID: Invalid value of 1.00022 found for variable DAKOTA_RC_3.  Corrected to 1.243.
22:08:00: quiet- NO_ID: Invalid value of 1.53022 found for variable DAKOTA_RC_5.  Corrected to 1.36315.
22:08:00: quiet- NO_ID: Invalid value of 1.40893 found for variable DAKOTA_RC_2.  Corrected to 1.39514.
22:08:00: quiet- NO_ID: Invalid value of 1.26155 found for variable DAKOTA_RC_7.  Corrected to 1.44061.
22:08:00: quiet- NO_ID: Invalid value of 1.50726 found for variable DAKOTA_RC_5.  Corrected to 1.38002.
22:08:00: quiet- NO_ID: Invalid value of 1.50945 found for variable DAKOTA_RC_7.  Corrected to 1.44544.
22:08:00: quiet- NO_ID: Invalid value of 1.54052 found for variable DAKOTA_RC_4.  Corrected to 1.4811.
22:08:00: verbose- duplicate_free: flushed 1 duplicate offspring designs after application of the variational operators.
22:48:07: verbose- below_limit: Performed 157 total selections.
22:48:07: verbose- NO_ID: 21 of 139 population members were not selected to continue.  44 of 83 offspring were immediately rejected.
22:48:07: verbose- metric_tracker: Operating on 157 total designs and 76 "best fitness" designs.
22:48:07: verbose- metric_tracker: Max "best fitness" expanse change of 0.056% found for objective "Non-Linear Minimize obj_fn_1".
22:48:07: verbose- metric_tracker: Population density decreased by 48.679%.
22:48:07: verbose- metric_tracker: 9.836% of the previous "best fitness" population is dominated by designs in the current "best fitness" population.
22:48:07: verbose- metric_tracker: Pushed metric value of 0.585717 onto the convergence stack.
22:48:07: verbose- metric_tracker: Current max percentage progress is 2077.83%.
22:48:07: quiet- duplicate_free: 10 generations so far.
22:48:07: quiet- duplicate_free: 722 evaluations so far.
22:48:07: verbose- duplicate_free: 157 members in population so far.
22:48:07: verbose- multi_point_parameterized_binary: 62 children created.
22:48:07: verbose- offset_normal: Performed 31 total mutations.
22:48:07: quiet- NO_ID: Invalid value of 1.56452 found for variable DAKOTA_RC_7.  Corrected to 1.31262.
22:48:07: quiet- NO_ID: Invalid value of 1.53557 found for variable DAKOTA_RC_7.  Corrected to 1.47547.
22:48:07: quiet- NO_ID: Invalid value of 1.29817 found for variable DAKOTA_RC_5.  Corrected to 1.33166.
22:48:07: quiet- NO_ID: Invalid value of 1.40899 found for variable DAKOTA_RC_2.  Corrected to 1.31302.
22:48:07: quiet- NO_ID: Invalid value of 1.27058 found for variable DAKOTA_RC_7.  Corrected to 1.37141.
22:48:07: quiet- NO_ID: Invalid value of 1.19407 found for variable DAKOTA_RC_4.  Corrected to 1.39537.
22:48:07: quiet- NO_ID: Invalid value of 1.40781 found for variable DAKOTA_RC_2.  Corrected to 1.22875.
22:48:07: quiet- NO_ID: Invalid value of 1.24575 found for variable DAKOTA_RC_7.  Corrected to 1.36592.
22:48:07: quiet- NO_ID: Invalid value of 1.20917 found for variable DAKOTA_RC_7.  Corrected to 1.4305.
22:48:07: quiet- NO_ID: Invalid value of 1.40887 found for variable DAKOTA_RC_2.  Corrected to 1.3684.
22:48:07: quiet- NO_ID: Invalid value of 1.0951 found for variable DAKOTA_RC_3.  Corrected to 1.21838.
22:48:07: quiet- NO_ID: Invalid value of 1.53476 found for variable DAKOTA_RC_4.  Corrected to 1.45885.
22:48:07: quiet- NO_ID: Invalid value of 14.4398 found for variable DAKOTA_EP_2.  Corrected to 3.22932.
23:36:34: verbose- below_limit: Performed 197 total selections.
23:36:34: verbose- NO_ID: 12 of 157 population members were not selected to continue.  41 of 93 offspring were immediately rejected.
23:36:34: verbose- metric_tracker: Operating on 197 total designs and 89 "best fitness" designs.
23:36:34: verbose- metric_tracker: No "best fitness" expansion or contraction occurred this generation.
23:36:34: verbose- metric_tracker: Population density increased by 180.862%.
23:36:34: verbose- metric_tracker: 15.789% of the previous "best fitness" population is dominated by designs in the current "best fitness" population.
23:36:34: verbose- metric_tracker: Pushed metric value of 1.96651 onto the convergence stack.
23:36:34: verbose- metric_tracker: Current max percentage progress is 2077.83%.
23:36:34: quiet- duplicate_free: 11 generations so far.
23:36:34: quiet- duplicate_free: 815 evaluations so far.
23:36:34: verbose- duplicate_free: 197 members in population so far.
23:36:34: verbose- multi_point_parameterized_binary: 78 children created.
23:36:34: quiet- offset_normal: Produced invalid  variable representation 13.0283. Mutation performed without corrective action.
23:36:34: quiet- offset_normal: Produced invalid  variable representation 12.0202. Mutation performed without corrective action.
23:36:34: quiet- offset_normal: Produced invalid  variable representation 1.50127. Mutation performed without corrective action.
23:36:34: verbose- offset_normal: Performed 39 total mutations.
23:36:34: quiet- NO_ID: Invalid value of 13.0283 found for variable DAKOTA_EP_2.  Corrected to 10.6627.
23:36:34: quiet- NO_ID: Invalid value of 1.28228 found for variable DAKOTA_RC_5.  Corrected to 1.47038.
23:36:34: quiet- NO_ID: Invalid value of 1.56199 found for variable DAKOTA_RC_6.  Corrected to 1.45985.
23:36:34: quiet- NO_ID: Invalid value of 1.53271 found for variable DAKOTA_RC_7.  Corrected to 1.34125.
23:36:34: quiet- NO_ID: Invalid value of 1.55876 found for variable DAKOTA_RC_7.  Corrected to 1.33792.
23:36:34: quiet- NO_ID: Invalid value of 1.56212 found for variable DAKOTA_RC_7.  Corrected to 1.40913.
23:36:34: quiet- NO_ID: Invalid value of 1.52886 found for variable DAKOTA_RC_6.  Corrected to 1.48337.
23:36:34: quiet- NO_ID: Invalid value of 1.58315 found for variable DAKOTA_RC_5.  Corrected to 1.31962.
23:36:34: quiet- NO_ID: Invalid value of 1.40896 found for variable DAKOTA_RC_2.  Corrected to 1.23598.
23:36:34: quiet- NO_ID: Invalid value of 1.50063 found for variable DAKOTA_RC_6.  Corrected to 1.47465.
23:36:34: quiet- NO_ID: Invalid value of 14.1585 found for variable DAKOTA_EP_2.  Corrected to 0.100318.
23:36:34: quiet- NO_ID: Invalid value of 12.0202 found for variable DAKOTA_EP_2.  Corrected to 2.77924.
23:36:34: quiet- NO_ID: Invalid value of 1.50127 found for variable DAKOTA_RC_7.  Corrected to 1.44501.
23:36:34: quiet- NO_ID: Invalid value of 1.5009 found for variable DAKOTA_RC_4.  Corrected to 1.31352.
23:36:34: quiet- NO_ID: Invalid value of 1.06524 found for variable DAKOTA_RC_3.  Corrected to 1.17653.
23:36:34: quiet- NO_ID: Invalid value of 1.25766 found for variable DAKOTA_RC_7.  Corrected to 1.4335.
23:36:34: quiet- NO_ID: Invalid value of 1.16035 found for variable DAKOTA_RC_2.  Corrected to 1.35675.
23:36:34: quiet- NO_ID: Invalid value of 1.07871 found for variable DAKOTA_RC_3.  Corrected to 1.16159.
23:36:34: quiet- NO_ID: Invalid value of 1.56175 found for variable DAKOTA_RC_7.  Corrected to 1.49287.
23:36:34: quiet- NO_ID: Invalid value of 1.5071 found for variable DAKOTA_RC_4.  Corrected to 1.47948.
00:32:58: verbose- below_limit: Performed 226 total selections.
00:32:58: verbose- NO_ID: 26 of 197 population members were not selected to continue.  62 of 117 offspring were immediately rejected.
00:32:58: verbose- metric_tracker: Operating on 226 total designs and 105 "best fitness" designs.
00:32:58: verbose- metric_tracker: No "best fitness" expansion or contraction occurred this generation.
00:32:58: verbose- metric_tracker: Population density increased by 14.721%.
00:32:58: verbose- metric_tracker: 7.865% of the previous "best fitness" population is dominated by designs in the current "best fitness" population.
00:32:58: verbose- metric_tracker: Pushed metric value of 0.22586 onto the convergence stack.
00:32:58: verbose- metric_tracker: Current max percentage progress is 364.095%.
00:32:58: quiet- duplicate_free: 12 generations so far.
00:32:58: quiet- duplicate_free: 932 evaluations so far.
00:32:58: verbose- duplicate_free: 226 members in population so far.
00:32:58: verbose- multi_point_parameterized_binary: 90 children created.
00:32:58: quiet- offset_normal: Produced invalid  variable representation 1.5024. Mutation performed without corrective action.
00:32:58: verbose- offset_normal: Performed 45 total mutations.
00:32:58: quiet- NO_ID: Invalid value of 1.50054 found for variable DAKOTA_RC_6.  Corrected to 1.39417.
00:32:58: quiet- NO_ID: Invalid value of 1.21572 found for variable DAKOTA_RC_5.  Corrected to 1.37632.
00:32:58: quiet- NO_ID: Invalid value of 1.21226 found for variable DAKOTA_RC_7.  Corrected to 1.43985.
00:32:58: quiet- NO_ID: Invalid value of 1.29209 found for variable DAKOTA_RC_4.  Corrected to 1.45336.
00:32:58: quiet- NO_ID: Invalid value of 1.09982 found for variable DAKOTA_RC_3.  Corrected to 1.14887.
00:32:58: quiet- NO_ID: Invalid value of 1.57511 found for variable DAKOTA_RC_7.  Corrected to 1.44998.
00:32:58: quiet- NO_ID: Invalid value of 12.2376 found for variable DAKOTA_EP_2.  Corrected to 11.158.
00:32:58: quiet- NO_ID: Invalid value of 1.41303 found for variable DAKOTA_RC_2.  Corrected to 1.39244.
00:32:58: quiet- NO_ID: Invalid value of 1.40576 found for variable DAKOTA_RC_2.  Corrected to 1.39315.
00:32:58: quiet- NO_ID: Invalid value of 1.5024 found for variable DAKOTA_RC_5.  Corrected to 1.41129.
00:32:58: quiet- NO_ID: Invalid value of 1.4188 found for variable DAKOTA_RC_2.  Corrected to 1.32385.
00:32:58: quiet- NO_ID: Invalid value of 1.57617 found for variable DAKOTA_RC_5.  Corrected to 1.48105.
00:32:58: quiet- NO_ID: Invalid value of 1.19682 found for variable DAKOTA_RC_2.  Corrected to 1.30668.
00:32:58: quiet- NO_ID: Invalid value of 1.29828 found for variable DAKOTA_RC_6.  Corrected to 1.48705.
01:36:38: verbose- below_limit: Performed 254 total selections.
01:36:38: verbose- NO_ID: 41 of 226 population members were not selected to continue.  66 of 135 offspring were immediately rejected.
01:36:38: verbose- metric_tracker: Operating on 254 total designs and 110 "best fitness" designs.
01:36:38: verbose- metric_tracker: Max "best fitness" expanse change of -0.325% found for objective "Non-Linear Minimize obj_fn_3".
01:36:38: verbose- metric_tracker: Population density increased by 12.379%.
01:36:38: verbose- metric_tracker: 25.714% of the previous "best fitness" population is dominated by designs in the current "best fitness" population.
01:36:38: verbose- metric_tracker: Pushed metric value of 0.384186 onto the convergence stack.
01:36:38: verbose- metric_tracker: Current max percentage progress is 364.095%.
01:36:38: quiet- duplicate_free: 13 generations so far.
01:36:38: quiet- duplicate_free: 1067 evaluations so far.
01:36:38: verbose- duplicate_free: 254 members in population so far.
01:36:38: verbose- multi_point_parameterized_binary: 102 children created.
01:36:38: verbose- offset_normal: Performed 51 total mutations.
01:36:38: quiet- NO_ID: Invalid value of 1.2659 found for variable DAKOTA_RC_5.  Corrected to 1.46806.
01:36:38: quiet- NO_ID: Invalid value of 1.25055 found for variable DAKOTA_RC_5.  Corrected to 1.45543.
01:36:38: quiet- NO_ID: Invalid value of 1.40981 found for variable DAKOTA_RC_2.  Corrected to 1.35158.
01:36:38: quiet- NO_ID: Invalid value of 1.5631 found for variable DAKOTA_RC_7.  Corrected to 1.44375.
01:36:38: quiet- NO_ID: Invalid value of 1.57782 found for variable DAKOTA_RC_7.  Corrected to 1.37944.
01:36:38: quiet- NO_ID: Invalid value of 14.7404 found for variable DAKOTA_EP_2.  Corrected to 8.89023.
01:36:38: quiet- NO_ID: Invalid value of 1.28378 found for variable DAKOTA_RC_5.  Corrected to 1.48194.
01:36:38: quiet- NO_ID: Invalid value of 1.19209 found for variable DAKOTA_RC_4.  Corrected to 1.312.
01:36:38: quiet- NO_ID: Invalid value of 1.29255 found for variable DAKOTA_RC_4.  Corrected to 1.45852.
01:36:38: quiet- NO_ID: Invalid value of 1.52861 found for variable DAKOTA_RC_7.  Corrected to 1.45249.
01:36:38: quiet- NO_ID: Invalid value of 1.20509 found for variable DAKOTA_RC_4.  Corrected to 1.31652.
01:36:38: quiet- NO_ID: Invalid value of 1.50248 found for variable DAKOTA_RC_6.  Corrected to 1.45323.
01:36:38: quiet- NO_ID: Invalid value of 1.26201 found for variable DAKOTA_RC_4.  Corrected to 1.3331.
01:36:38: quiet- NO_ID: Invalid value of 12.0993 found for variable DAKOTA_EP_1.  Corrected to 2.50089.
01:36:38: quiet- NO_ID: Invalid value of 13.6119 found for variable DAKOTA_EP_2.  Corrected to 10.9643.
01:36:38: quiet- NO_ID: Invalid value of 1.41287 found for variable DAKOTA_RC_2.  Corrected to 1.38497.
01:36:38: quiet- NO_ID: Invalid value of 1.21594 found for variable DAKOTA_RC_5.  Corrected to 1.34276.
01:36:38: quiet- NO_ID: Invalid value of 1.51136 found for variable DAKOTA_RC_4.  Corrected to 1.3388.
01:36:38: quiet- NO_ID: Invalid value of 1.20407 found for variable DAKOTA_RC_7.  Corrected to 1.33856.
01:36:38: quiet- NO_ID: Invalid value of 1.25685 found for variable DAKOTA_RC_7.  Corrected to 1.4232.
01:36:38: quiet- NO_ID: Invalid value of 1.51269 found for variable DAKOTA_RC_5.  Corrected to 1.345.
01:36:38: quiet- NO_ID: Invalid value of 1.41582 found for variable DAKOTA_RC_2.  Corrected to 1.34972.
01:36:38: quiet- NO_ID: Invalid value of 1.29107 found for variable DAKOTA_RC_7.  Corrected to 1.42757.
01:36:38: quiet- NO_ID: Invalid value of 1.54039 found for variable DAKOTA_RC_6.  Corrected to 1.48285.
01:36:38: quiet- NO_ID: Invalid value of 1.51764 found for variable DAKOTA_RC_5.  Corrected to 1.48312.
01:36:38: quiet- NO_ID: Invalid value of 1.09369 found for variable DAKOTA_RC_3.  Corrected to 1.19676.
01:36:38: quiet- NO_ID: Invalid value of 12.5664 found for variable DAKOTA_EP_2.  Corrected to 9.63566.
01:36:38: quiet- NO_ID: Invalid value of 1.29691 found for variable DAKOTA_RC_7.  Corrected to 1.37841.
01:36:38: quiet- NO_ID: Invalid value of 1.06918 found for variable DAKOTA_RC_3.  Corrected to 1.22419.
01:36:38: quiet- NO_ID: Invalid value of 1.4131 found for variable DAKOTA_RC_2.  Corrected to 1.29068.
01:36:38: quiet- NO_ID: Invalid value of 1.58318 found for variable DAKOTA_RC_5.  Corrected to 1.3301.
02:56:02: verbose- below_limit: Performed 295 total selections.
02:56:02: verbose- NO_ID: 35 of 254 population members were not selected to continue.  77 of 153 offspring were immediately rejected.
02:56:02: verbose- metric_tracker: Operating on 295 total designs and 103 "best fitness" designs.
02:56:02: verbose- metric_tracker: Max "best fitness" expanse change of -0.09% found for objective "Non-Linear Minimize obj_fn_2".
02:56:02: verbose- metric_tracker: Population density increased by 13.272%.
02:56:02: verbose- metric_tracker: 32.727% of the previous "best fitness" population is dominated by designs in the current "best fitness" population.
02:56:02: verbose- metric_tracker: Pushed metric value of 0.460892 onto the convergence stack.
02:56:02: verbose- metric_tracker: Current max percentage progress is 196.651%.
02:56:02: quiet- duplicate_free: 14 generations so far.
02:56:02: quiet- duplicate_free: 1220 evaluations so far.
02:56:02: verbose- duplicate_free: 295 members in population so far.
02:56:02: verbose- multi_point_parameterized_binary: 118 children created.
02:56:02: quiet- offset_normal: Produced invalid  variable representation 1.29041. Mutation performed without corrective action.
02:56:02: verbose- offset_normal: Performed 59 total mutations.
02:56:02: quiet- NO_ID: Invalid value of 1.58061 found for variable DAKOTA_RC_5.  Corrected to 1.38544.
02:56:02: quiet- NO_ID: Invalid value of 14.6987 found for variable DAKOTA_EP_2.  Corrected to 1.52816.
02:56:02: quiet- NO_ID: Invalid value of 1.50003 found for variable DAKOTA_RC_4.  Corrected to 1.36754.
02:56:02: quiet- NO_ID: Invalid value of 1.29442 found for variable DAKOTA_RC_4.  Corrected to 1.32963.
02:56:02: quiet- NO_ID: Invalid value of 1.519 found for variable DAKOTA_RC_7.  Corrected to 1.42454.
02:56:02: quiet- NO_ID: Invalid value of 1.51395 found for variable DAKOTA_RC_7.  Corrected to 1.49944.
02:56:02: quiet- NO_ID: Invalid value of 1.09996 found for variable DAKOTA_RC_3.  Corrected to 1.12238.
02:56:02: quiet- NO_ID: Invalid value of 1.28126 found for variable DAKOTA_RC_5.  Corrected to 1.4365.
02:56:02: quiet- NO_ID: Invalid value of 1.28893 found for variable DAKOTA_RC_4.  Corrected to 1.49648.
02:56:02: quiet- NO_ID: Invalid value of 1.29041 found for variable DAKOTA_RC_4.  Corrected to 1.38528.
02:56:02: quiet- NO_ID: Invalid value of 1.50001 found for variable DAKOTA_RC_4.  Corrected to 1.477.
02:56:02: quiet- NO_ID: Invalid value of 1.28721 found for variable DAKOTA_RC_5.  Corrected to 1.48219.
02:56:02: quiet- NO_ID: Invalid value of 1.31513 found for variable DAKOTA_RC_3.  Corrected to 1.24516.
02:56:02: quiet- NO_ID: Invalid value of 1.01339 found for variable DAKOTA_RC_3.  Corrected to 1.29663.
02:56:02: quiet- NO_ID: Invalid value of 1.56762 found for variable DAKOTA_RC_6.  Corrected to 1.45893.
02:56:02: quiet- NO_ID: Invalid value of 1.29766 found for variable DAKOTA_RC_5.  Corrected to 1.34511.
02:56:02: quiet- NO_ID: Invalid value of 1.28947 found for variable DAKOTA_RC_5.  Corrected to 1.34839.
02:56:02: quiet- NO_ID: Invalid value of 1.52861 found for variable DAKOTA_RC_7.  Corrected to 1.46765.
02:56:02: quiet- NO_ID: Invalid value of 14.7172 found for variable DAKOTA_EP_2.  Corrected to 2.70527.
02:56:02: quiet- NO_ID: Invalid value of 1.50512 found for variable DAKOTA_RC_4.  Corrected to 1.38742.
02:56:02: quiet- NO_ID: Invalid value of 1.50515 found for variable DAKOTA_RC_4.  Corrected to 1.42295.
02:56:02: quiet- NO_ID: Invalid value of 1.41903 found for variable DAKOTA_RC_2.  Corrected to 1.31451.
02:56:02: quiet- NO_ID: Invalid value of 1.06097 found for variable DAKOTA_RC_3.  Corrected to 1.104.
02:56:02: quiet- NO_ID: Invalid value of 1.29223 found for variable DAKOTA_RC_4.  Corrected to 1.3779.
02:56:02: quiet- NO_ID: Invalid value of 1.19395 found for variable DAKOTA_RC_4.  Corrected to 1.45958.
02:56:02: quiet- NO_ID: Invalid value of 1.29212 found for variable DAKOTA_RC_4.  Corrected to 1.3678.
02:56:02: quiet- NO_ID: Invalid value of 1.56098 found for variable DAKOTA_RC_7.  Corrected to 1.43215.
02:56:02: quiet- NO_ID: Invalid value of 1.29412 found for variable DAKOTA_RC_7.  Corrected to 1.30319.
02:56:02: quiet- NO_ID: Invalid value of 1.51662 found for variable DAKOTA_RC_5.  Corrected to 1.33288.
02:56:02: quiet- NO_ID: Invalid value of 1.53182 found for variable DAKOTA_RC_7.  Corrected to 1.46039.
02:56:02: quiet- NO_ID: Invalid value of 1.51662 found for variable DAKOTA_RC_5.  Corrected to 1.39083.
02:56:02: quiet- NO_ID: Invalid value of 1.25687 found for variable DAKOTA_RC_7.  Corrected to 1.41832.
02:56:02: quiet- NO_ID: Invalid value of 1.0759 found for variable DAKOTA_RC_3.  Corrected to 1.28586.
02:56:02: quiet- NO_ID: Invalid value of 1.41308 found for variable DAKOTA_RC_2.  Corrected to 1.35837.
02:56:02: quiet- NO_ID: Invalid value of 12.1591 found for variable DAKOTA_EP_2.  Corrected to 8.87725.
02:56:02: quiet- NO_ID: Invalid value of 14.7579 found for variable DAKOTA_EP_2.  Corrected to 6.62423.
02:56:02: quiet- NO_ID: Invalid value of 1.08828 found for variable DAKOTA_RC_3.  Corrected to 1.25781.
02:56:02: quiet- NO_ID: Invalid value of 1.19542 found for variable DAKOTA_RC_2.  Corrected to 1.37034.
02:56:02: quiet- NO_ID: Invalid value of 1.51007 found for variable DAKOTA_RC_4.  Corrected to 1.34691.
02:56:02: quiet- NO_ID: Invalid value of 1.50274 found for variable DAKOTA_RC_1.  Corrected to 1.45429.
04:32:30: verbose- below_limit: Performed 327 total selections.
04:32:30: verbose- NO_ID: 45 of 295 population members were not selected to continue.  100 of 177 offspring were immediately rejected.
04:32:30: verbose- metric_tracker: Operating on 327 total designs and 118 "best fitness" designs.
04:32:30: verbose- metric_tracker: Max "best fitness" expanse change of 0.617% found for objective "Non-Linear Minimize obj_fn_3".
04:32:30: verbose- metric_tracker: Population density increased by 10.187%.
04:32:30: verbose- metric_tracker: 14.563% of the previous "best fitness" population is dominated by designs in the current "best fitness" population.
04:32:30: verbose- metric_tracker: Pushed metric value of 0.253667 onto the convergence stack.
04:32:30: verbose- metric_tracker: Current max percentage progress is 196.651%.
04:32:30: quiet- duplicate_free: 15 generations so far.
04:32:30: quiet- duplicate_free: 1397 evaluations so far.
04:32:30: verbose- duplicate_free: 327 members in population so far.
04:32:30: verbose- multi_point_parameterized_binary: 130 children created.
04:32:30: quiet- offset_normal: Produced invalid  variable representation 1.50357. Mutation performed without corrective action.
04:32:30: verbose- offset_normal: Performed 65 total mutations.
04:32:30: quiet- NO_ID: Invalid value of 1.41315 found for variable DAKOTA_RC_2.  Corrected to 1.20544.
04:32:30: quiet- NO_ID: Invalid value of 1.41308 found for variable DAKOTA_RC_2.  Corrected to 1.32961.
04:32:30: quiet- NO_ID: Invalid value of 1.00175 found for variable DAKOTA_RC_3.  Corrected to 1.25022.
04:32:30: quiet- NO_ID: Invalid value of 1.07498 found for variable DAKOTA_RC_3.  Corrected to 1.11598.
04:32:30: quiet- NO_ID: Invalid value of 16.4006 found for variable DAKOTA_EP_2.  Corrected to 6.40191.
04:32:30: quiet- NO_ID: Invalid value of 1.29534 found for variable DAKOTA_RC_5.  Corrected to 1.30461.
04:32:30: quiet- NO_ID: Invalid value of 1.19179 found for variable DAKOTA_RC_4.  Corrected to 1.41128.
04:32:30: quiet- NO_ID: Invalid value of 1.56386 found for variable DAKOTA_RC_5.  Corrected to 1.4955.
04:32:30: quiet- NO_ID: Invalid value of 1.40981 found for variable DAKOTA_RC_2.  Corrected to 1.35897.
04:32:30: quiet- NO_ID: Invalid value of 1.20036 found for variable DAKOTA_RC_5.  Corrected to 1.35241.
04:32:30: quiet- NO_ID: Invalid value of 1.57672 found for variable DAKOTA_RC_4.  Corrected to 1.47833.
04:32:30: quiet- NO_ID: Invalid value of 1.09598 found for variable DAKOTA_RC_3.  Corrected to 1.18753.
04:32:30: quiet- NO_ID: Invalid value of 1.40847 found for variable DAKOTA_RC_2.  Corrected to 1.23189.
04:32:30: quiet- NO_ID: Invalid value of 1.19174 found for variable DAKOTA_RC_4.  Corrected to 1.40536.
04:32:30: quiet- NO_ID: Invalid value of 1.51651 found for variable DAKOTA_RC_4.  Corrected to 1.3819.
04:32:30: quiet- NO_ID: Invalid value of 1.52886 found for variable DAKOTA_RC_6.  Corrected to 1.35956.
04:32:30: quiet- NO_ID: Invalid value of 14.6312 found for variable DAKOTA_EP_2.  Corrected to 2.47674.
04:32:30: quiet- NO_ID: Invalid value of 1.29016 found for variable DAKOTA_RC_4.  Corrected to 1.43759.
04:32:30: quiet- NO_ID: Invalid value of 1.5014 found for variable DAKOTA_RC_7.  Corrected to 1.38674.
04:32:30: quiet- NO_ID: Invalid value of 1.27293 found for variable DAKOTA_RC_4.  Corrected to 1.33875.
04:32:30: quiet- NO_ID: Invalid value of 1.41905 found for variable DAKOTA_RC_2.  Corrected to 1.23423.
04:32:30: quiet- NO_ID: Invalid value of 0.999208 found for variable DAKOTA_RC_3.  Corrected to 1.26296.
04:32:30: quiet- NO_ID: Invalid value of 1.06568 found for variable DAKOTA_RC_3.  Corrected to 1.13026.
04:32:30: quiet- NO_ID: Invalid value of 1.41902 found for variable DAKOTA_RC_2.  Corrected to 1.28249.
04:32:30: quiet- NO_ID: Invalid value of 1.50357 found for variable DAKOTA_RC_6.  Corrected to 1.30334.
04:32:30: quiet- NO_ID: Invalid value of 1.40546 found for variable DAKOTA_RC_2.  Corrected to 1.26917.
04:32:30: quiet- NO_ID: Invalid value of 1.27333 found for variable DAKOTA_RC_4.  Corrected to 1.42938.
04:32:30: quiet- NO_ID: Invalid value of 1.41251 found for variable DAKOTA_RC_2.  Corrected to 1.28893.
04:32:30: quiet- NO_ID: Invalid value of 12.33 found for variable DAKOTA_EP_2.  Corrected to 4.14022.
04:32:30: quiet- NO_ID: Invalid value of 1.50012 found for variable DAKOTA_RC_4.  Corrected to 1.36517.
04:32:30: quiet- NO_ID: Invalid value of 1.05131 found for variable DAKOTA_RC_3.  Corrected to 1.23373.
04:32:30: quiet- NO_ID: Invalid value of 1.06934 found for variable DAKOTA_RC_3.  Corrected to 1.17444.
04:32:30: quiet- NO_ID: Invalid value of 1.50985 found for variable DAKOTA_RC_4.  Corrected to 1.49478.
04:32:30: quiet- NO_ID: Invalid value of 1.00561 found for variable DAKOTA_RC_3.  Corrected to 1.18395.
06:17:31: verbose- below_limit: Performed 377 total selections.
06:17:31: verbose- NO_ID: 31 of 327 population members were not selected to continue.  114 of 195 offspring were immediately rejected.
06:17:31: verbose- metric_tracker: Operating on 377 total designs and 139 "best fitness" designs.
06:17:31: verbose- metric_tracker: Max "best fitness" expanse change of -7.873% found for objective "Non-Linear Minimize obj_fn_1".
06:17:31: verbose- metric_tracker: Population density increased by 18.577%.
06:17:31: verbose- metric_tracker: 9.322% of the previous "best fitness" population is dominated by designs in the current "best fitness" population.
06:17:31: verbose- metric_tracker: Pushed metric value of 0.35772 onto the convergence stack.
06:17:31: verbose- metric_tracker: Current max percentage progress is 196.651%.
06:17:31: quiet- duplicate_free: 16 generations so far.
06:17:31: quiet- duplicate_free: 1592 evaluations so far.
06:17:31: verbose- duplicate_free: 377 members in population so far.
06:17:31: verbose- multi_point_parameterized_binary: 150 children created.
06:17:31: verbose- offset_normal: Performed 75 total mutations.
06:17:31: quiet- NO_ID: Invalid value of 1.29072 found for variable DAKOTA_RC_4.  Corrected to 1.37438.
06:17:31: quiet- NO_ID: Invalid value of 1.29009 found for variable DAKOTA_RC_4.  Corrected to 1.33975.
06:17:31: quiet- NO_ID: Invalid value of 14.1755 found for variable DAKOTA_EP_2.  Corrected to 2.54657.
06:17:31: quiet- NO_ID: Invalid value of 1.21892 found for variable DAKOTA_RC_7.  Corrected to 1.40389.
06:17:31: quiet- NO_ID: Invalid value of 1.40957 found for variable DAKOTA_RC_2.  Corrected to 1.22577.
06:17:31: quiet- NO_ID: Invalid value of 1.56212 found for variable DAKOTA_RC_7.  Corrected to 1.46077.
06:17:31: quiet- NO_ID: Invalid value of 1.26542 found for variable DAKOTA_RC_4.  Corrected to 1.45286.
06:17:31: quiet- NO_ID: Invalid value of 1.56852 found for variable DAKOTA_RC_6.  Corrected to 1.38183.
06:17:31: quiet- NO_ID: Invalid value of 1.5371 found for variable DAKOTA_RC_4.  Corrected to 1.36577.
06:17:31: quiet- NO_ID: Invalid value of 1.41975 found for variable DAKOTA_RC_2.  Corrected to 1.2763.
06:17:31: quiet- NO_ID: Invalid value of 1.57327 found for variable DAKOTA_RC_7.  Corrected to 1.49393.
06:17:31: quiet- NO_ID: Invalid value of 1.41288 found for variable DAKOTA_RC_2.  Corrected to 1.35915.
06:17:31: quiet- NO_ID: Invalid value of 1.53004 found for variable DAKOTA_RC_7.  Corrected to 1.30424.
06:17:31: quiet- NO_ID: Invalid value of 1.53024 found for variable DAKOTA_RC_7.  Corrected to 1.43661.
06:17:31: quiet- NO_ID: Invalid value of 1.19383 found for variable DAKOTA_RC_7.  Corrected to 1.34959.
06:17:31: quiet- NO_ID: Invalid value of 1.57283 found for variable DAKOTA_RC_7.  Corrected to 1.39336.
06:17:31: quiet- NO_ID: Invalid value of 1.51371 found for variable DAKOTA_RC_5.  Corrected to 1.36631.
06:17:31: quiet- NO_ID: Invalid value of 1.28375 found for variable DAKOTA_RC_7.  Corrected to 1.32877.
06:17:31: quiet- NO_ID: Invalid value of 1.06946 found for variable DAKOTA_RC_3.  Corrected to 1.23799.
06:17:31: quiet- NO_ID: Invalid value of 1.40885 found for variable DAKOTA_RC_2.  Corrected to 1.30598.
06:17:31: quiet- NO_ID: Invalid value of 1.53502 found for variable DAKOTA_RC_4.  Corrected to 1.47091.
06:17:31: quiet- NO_ID: Invalid value of 1.06934 found for variable DAKOTA_RC_3.  Corrected to 1.18863.
08:02:45: verbose- below_limit: Performed 456 total selections.
08:02:45: verbose- NO_ID: 29 of 377 population members were not selected to continue.  117 of 225 offspring were immediately rejected.
08:02:45: verbose- metric_tracker: Operating on 456 total designs and 142 "best fitness" designs.
08:02:45: verbose- metric_tracker: No "best fitness" expansion or contraction occurred this generation.
08:02:45: verbose- metric_tracker: Population density increased by 20.955%.
08:02:45: verbose- metric_tracker: 21.583% of the previous "best fitness" population is dominated by designs in the current "best fitness" population.
08:02:45: verbose- metric_tracker: Pushed metric value of 0.425376 onto the convergence stack.
08:02:45: verbose- metric_tracker: Current max percentage progress is 196.651%.
08:02:45: quiet- duplicate_free: 17 generations so far.
08:02:45: quiet- duplicate_free: 1817 evaluations so far.
08:02:45: verbose- duplicate_free: 456 members in population so far.
08:02:45: verbose- multi_point_parameterized_binary: 182 children created.
08:02:45: quiet- offset_normal: Produced invalid  variable representation -0.315019. Mutation performed without corrective action.
08:02:45: quiet- offset_normal: Produced invalid  variable representation 1.29373. Mutation performed without corrective action.
08:02:45: verbose- offset_normal: Performed 91 total mutations.
08:02:45: quiet- NO_ID: Invalid value of 1.56802 found for variable DAKOTA_RC_7.  Corrected to 1.34027.
08:02:45: quiet- NO_ID: Invalid value of 1.41293 found for variable DAKOTA_RC_2.  Corrected to 1.28166.
08:02:45: quiet- NO_ID: Invalid value of 1.52617 found for variable DAKOTA_RC_7.  Corrected to 1.35551.
08:02:45: quiet- NO_ID: Invalid value of 1.29813 found for variable DAKOTA_RC_5.  Corrected to 1.41878.
08:02:45: quiet- NO_ID: Invalid value of 1.40571 found for variable DAKOTA_RC_2.  Corrected to 1.338.
08:02:45: quiet- NO_ID: Invalid value of 1.50895 found for variable DAKOTA_RC_6.  Corrected to 1.39329.
08:02:45: quiet- NO_ID: Invalid value of 1.41299 found for variable DAKOTA_RC_2.  Corrected to 1.39207.
08:02:45: quiet- NO_ID: Invalid value of 1.22697 found for variable DAKOTA_RC_4.  Corrected to 1.37272.
08:02:45: quiet- NO_ID: Invalid value of 1.26804 found for variable DAKOTA_RC_5.  Corrected to 1.39978.
08:02:45: quiet- NO_ID: Invalid value of 1.50572 found for variable DAKOTA_RC_4.  Corrected to 1.41182.
08:02:45: quiet- NO_ID: Invalid value of 1.50139 found for variable DAKOTA_RC_7.  Corrected to 1.43966.
08:02:45: quiet- NO_ID: Invalid value of 13.7792 found for variable DAKOTA_EP_2.  Corrected to 1.59464.
08:02:45: quiet- NO_ID: Invalid value of -0.315019 found for variable DAKOTA_EP_1.  Corrected to 5.25166.
08:02:45: quiet- NO_ID: Invalid value of 1.50261 found for variable DAKOTA_RC_7.  Corrected to 1.41672.
08:02:45: quiet- NO_ID: Invalid value of 1.50609 found for variable DAKOTA_RC_5.  Corrected to 1.34657.
08:02:45: quiet- NO_ID: Invalid value of 15.3521 found for variable DAKOTA_EP_2.  Corrected to 0.477665.
08:02:45: quiet- NO_ID: Invalid value of 1.41301 found for variable DAKOTA_RC_2.  Corrected to 1.27005.
08:02:45: quiet- NO_ID: Invalid value of 1.41319 found for variable DAKOTA_RC_2.  Corrected to 1.32756.
08:02:45: quiet- NO_ID: Invalid value of 1.05244 found for variable DAKOTA_RC_3.  Corrected to 1.2548.
08:02:45: quiet- NO_ID: Invalid value of 1.25673 found for variable DAKOTA_RC_7.  Corrected to 1.39858.
08:02:45: quiet- NO_ID: Invalid value of 1.09787 found for variable DAKOTA_RC_3.  Corrected to 1.13527.
08:02:45: quiet- NO_ID: Invalid value of 1.08335 found for variable DAKOTA_RC_3.  Corrected to 1.26981.
08:02:45: quiet- NO_ID: Invalid value of 14.2566 found for variable DAKOTA_EP_2.  Corrected to 8.7927.
08:02:45: quiet- NO_ID: Invalid value of 1.19849 found for variable DAKOTA_RC_7.  Corrected to 1.49223.
08:02:45: quiet- NO_ID: Invalid value of 1.00981 found for variable DAKOTA_RC_3.  Corrected to 1.10618.
08:02:45: quiet- NO_ID: Invalid value of 1.51651 found for variable DAKOTA_RC_4.  Corrected to 1.36866.
08:02:45: quiet- NO_ID: Invalid value of 1.40981 found for variable DAKOTA_RC_2.  Corrected to 1.3555.
08:02:45: quiet- NO_ID: Invalid value of 1.05756 found for variable DAKOTA_RC_3.  Corrected to 1.16386.
08:02:45: quiet- NO_ID: Invalid value of 1.0759 found for variable DAKOTA_RC_3.  Corrected to 1.27134.
08:02:45: quiet- NO_ID: Invalid value of 1.41903 found for variable DAKOTA_RC_2.  Corrected to 1.25044.
08:02:45: quiet- NO_ID: Invalid value of 1.02649 found for variable DAKOTA_RC_3.  Corrected to 1.25336.
08:02:45: quiet- NO_ID: Invalid value of 1.40841 found for variable DAKOTA_RC_2.  Corrected to 1.21161.
08:02:45: quiet- NO_ID: Invalid value of 1.07589 found for variable DAKOTA_RC_3.  Corrected to 1.2321.
08:02:45: quiet- NO_ID: Invalid value of 1.51185 found for variable DAKOTA_RC_4.  Corrected to 1.30886.
08:02:45: quiet- NO_ID: Invalid value of 1.29373 found for variable DAKOTA_RC_6.  Corrected to 1.43039.
08:02:45: verbose- duplicate_free: flushed 1 duplicate offspring designs after application of the variational operators.
08:02:45: verbose- duplicate_free: flushed 1 offspring designs that duplicate existing population members.
10:15:48: verbose- below_limit: Performed 486 total selections.
10:15:48: verbose- NO_ID: 78 of 456 population members were not selected to continue.  163 of 271 offspring were immediately rejected.
10:15:48: verbose- metric_tracker: Operating on 486 total designs and 132 "best fitness" designs.
10:15:48: verbose- metric_tracker: Max "best fitness" expanse change of -6.256% found for objective "Non-Linear Minimize obj_fn_1".
10:15:48: verbose- metric_tracker: Population density increased by 1.257%.
10:15:48: verbose- metric_tracker: 32.394% of the previous "best fitness" population is dominated by designs in the current "best fitness" population.
10:15:48: verbose- metric_tracker: Pushed metric value of 0.399069 onto the convergence stack.
10:15:48: verbose- metric_tracker: Current max percentage progress is 196.651%.
10:15:48: quiet- duplicate_free: 18 generations so far.
10:15:48: quiet- duplicate_free: 2088 evaluations so far.
10:15:48: verbose- duplicate_free: 486 members in population so far.
10:15:48: verbose- multi_point_parameterized_binary: 194 children created.
10:15:48: quiet- offset_normal: Produced invalid  variable representation -1.21748. Mutation performed without corrective action.
10:15:48: verbose- offset_normal: Performed 97 total mutations.
10:15:48: quiet- NO_ID: Invalid value of 1.42007 found for variable DAKOTA_RC_2.  Corrected to 1.28849.
10:15:48: quiet- NO_ID: Invalid value of 1.22171 found for variable DAKOTA_RC_5.  Corrected to 1.48729.
10:15:48: quiet- NO_ID: Invalid value of 1.41311 found for variable DAKOTA_RC_2.  Corrected to 1.36504.
10:15:48: quiet- NO_ID: Invalid value of 12.1578 found for variable DAKOTA_EP_2.  Corrected to 8.26986.
10:15:48: quiet- NO_ID: Invalid value of 1.52953 found for variable DAKOTA_RC_7.  Corrected to 1.40595.
10:15:48: quiet- NO_ID: Invalid value of 14.3076 found for variable DAKOTA_EP_2.  Corrected to 3.4151.
10:15:48: quiet- NO_ID: Invalid value of 1.51749 found for variable DAKOTA_RC_5.  Corrected to 1.46937.
10:15:48: quiet- NO_ID: Invalid value of 1.50085 found for variable DAKOTA_RC_7.  Corrected to 1.30515.
10:15:48: quiet- NO_ID: Invalid value of 1.19062 found for variable DAKOTA_RC_4.  Corrected to 1.49203.
10:15:48: quiet- NO_ID: Invalid value of 14.5306 found for variable DAKOTA_EP_2.  Corrected to 8.0226.
10:15:48: quiet- NO_ID: Invalid value of 1.56538 found for variable DAKOTA_RC_7.  Corrected to 1.47174.
10:15:48: quiet- NO_ID: Invalid value of 1.55484 found for variable DAKOTA_RC_7.  Corrected to 1.48899.
10:15:48: quiet- NO_ID: Invalid value of 14.6253 found for variable DAKOTA_EP_2.  Corrected to 3.21712.
10:15:48: quiet- NO_ID: Invalid value of 1.2834 found for variable DAKOTA_RC_5.  Corrected to 1.32986.
10:15:48: quiet- NO_ID: Invalid value of 14.9408 found for variable DAKOTA_EP_2.  Corrected to 11.8569.
10:15:48: quiet- NO_ID: Invalid value of 1.40893 found for variable DAKOTA_RC_2.  Corrected to 1.24634.
10:15:48: quiet- NO_ID: Invalid value of 1.5535 found for variable DAKOTA_RC_6.  Corrected to 1.31526.
10:15:48: quiet- NO_ID: Invalid value of 1.23684 found for variable DAKOTA_RC_7.  Corrected to 1.48119.
10:15:48: quiet- NO_ID: Invalid value of 1.40533 found for variable DAKOTA_RC_2.  Corrected to 1.36405.
10:15:48: quiet- NO_ID: Invalid value of 1.26941 found for variable DAKOTA_RC_7.  Corrected to 1.42505.
10:15:48: quiet- NO_ID: Invalid value of 1.51419 found for variable DAKOTA_RC_5.  Corrected to 1.34116.
10:15:48: quiet- NO_ID: Invalid value of 13.2877 found for variable DAKOTA_EP_2.  Corrected to 0.62686.
10:15:48: quiet- NO_ID: Invalid value of 1.50025 found for variable DAKOTA_RC_6.  Corrected to 1.37277.
10:15:48: quiet- NO_ID: Invalid value of 1.19546 found for variable DAKOTA_RC_2.  Corrected to 1.31028.
10:15:48: quiet- NO_ID: Invalid value of 1.25661 found for variable DAKOTA_RC_7.  Corrected to 1.40936.
10:15:48: quiet- NO_ID: Invalid value of 15.3322 found for variable DAKOTA_EP_2.  Corrected to 4.32601.
10:15:48: quiet- NO_ID: Invalid value of 1.09909 found for variable DAKOTA_RC_3.  Corrected to 1.12053.
10:15:48: quiet- NO_ID: Invalid value of 1.51936 found for variable DAKOTA_RC_4.  Corrected to 1.45824.
10:15:48: quiet- NO_ID: Invalid value of 14.6986 found for variable DAKOTA_EP_2.  Corrected to 8.22507.
10:15:48: quiet- NO_ID: Invalid value of 1.52886 found for variable DAKOTA_RC_6.  Corrected to 1.43345.
10:15:48: quiet- NO_ID: Invalid value of -1.21748 found for variable DAKOTA_EP_1.  Corrected to 1.04007.
10:15:48: quiet- NO_ID: Invalid value of 1.57968 found for variable DAKOTA_RC_5.  Corrected to 1.32558.
10:15:48: quiet- NO_ID: Invalid value of 12.0343 found for variable DAKOTA_EP_2.  Corrected to 7.24436.
10:15:48: quiet- NO_ID: Invalid value of 12.0057 found for variable DAKOTA_EP_2.  Corrected to 10.9425.
10:15:48: quiet- NO_ID: Invalid value of 1.50274 found for variable DAKOTA_RC_1.  Corrected to 1.46341.
10:15:48: quiet- NO_ID: Invalid value of 12.1326 found for variable DAKOTA_EP_2.  Corrected to 1.60135.
12:47:27: verbose- below_limit: Performed 530 total selections.
12:47:27: verbose- NO_ID: 71 of 486 population members were not selected to continue.  176 of 291 offspring were immediately rejected.
12:47:27: verbose- metric_tracker: Operating on 530 total designs and 158 "best fitness" designs.
12:47:27: verbose- metric_tracker: Max "best fitness" expanse change of 2.255% found for objective "Non-Linear Minimize obj_fn_2".
12:47:27: verbose- metric_tracker: Population density decreased by 1.964%.
12:47:27: verbose- metric_tracker: 17.424% of the previous "best fitness" population is dominated by designs in the current "best fitness" population.
12:47:27: verbose- metric_tracker: Pushed metric value of 0.216432 onto the convergence stack.
12:47:27: verbose- metric_tracker: Current max percentage progress is 196.651%.
12:47:27: quiet- duplicate_free: 19 generations so far.
12:47:27: quiet- duplicate_free: 2379 evaluations so far.
12:47:27: verbose- duplicate_free: 530 members in population so far.
12:47:27: verbose- multi_point_parameterized_binary: 212 children created.
12:47:27: quiet- offset_normal: Produced invalid  variable representation -0.0336545. Mutation performed without corrective action.
12:47:27: quiet- offset_normal: Produced invalid  variable representation 1.19069. Mutation performed without corrective action.
12:47:27: quiet- offset_normal: Produced invalid  variable representation 12.1109. Mutation performed without corrective action.
12:47:27: verbose- offset_normal: Performed 106 total mutations.
12:47:27: quiet- NO_ID: Invalid value of 14.4399 found for variable DAKOTA_EP_2.  Corrected to 0.987953.
12:47:27: quiet- NO_ID: Invalid value of 1.2943 found for variable DAKOTA_RC_5.  Corrected to 1.38219.
12:47:27: quiet- NO_ID: Invalid value of -0.0336545 found for variable DAKOTA_EP_1.  Corrected to 8.14293.
12:47:27: quiet- NO_ID: Invalid value of 1.4125 found for variable DAKOTA_RC_2.  Corrected to 1.31809.
12:47:27: quiet- NO_ID: Invalid value of 1.53481 found for variable DAKOTA_RC_4.  Corrected to 1.47542.
12:47:27: quiet- NO_ID: Invalid value of 1.26562 found for variable DAKOTA_RC_5.  Corrected to 1.33362.
12:47:27: quiet- NO_ID: Invalid value of 12.7319 found for variable DAKOTA_EP_2.  Corrected to 1.03417.
12:47:27: quiet- NO_ID: Invalid value of 1.28683 found for variable DAKOTA_RC_5.  Corrected to 1.46049.
12:47:27: quiet- NO_ID: Invalid value of 1.28724 found for variable DAKOTA_RC_5.  Corrected to 1.38404.
12:47:27: quiet- NO_ID: Invalid value of 1.52705 found for variable DAKOTA_RC_6.  Corrected to 1.3647.
12:47:27: quiet- NO_ID: Invalid value of 1.52617 found for variable DAKOTA_RC_7.  Corrected to 1.48391.
12:47:27: quiet- NO_ID: Invalid value of 1.58152 found for variable DAKOTA_RC_5.  Corrected to 1.40826.
12:47:27: quiet- NO_ID: Invalid value of 1.55906 found for variable DAKOTA_RC_7.  Corrected to 1.30031.
12:47:27: quiet- NO_ID: Invalid value of 1.28205 found for variable DAKOTA_RC_5.  Corrected to 1.3702.
12:47:27: quiet- NO_ID: Invalid value of 1.55854 found for variable DAKOTA_RC_7.  Corrected to 1.35998.
12:47:27: quiet- NO_ID: Invalid value of 1.50671 found for variable DAKOTA_RC_7.  Corrected to 1.37675.
12:47:27: quiet- NO_ID: Invalid value of 1.53282 found for variable DAKOTA_RC_7.  Corrected to 1.34207.
12:47:27: quiet- NO_ID: Invalid value of 1.519 found for variable DAKOTA_RC_7.  Corrected to 1.42479.
12:47:27: quiet- NO_ID: Invalid value of 1.4126 found for variable DAKOTA_RC_2.  Corrected to 1.28927.
12:47:27: quiet- NO_ID: Invalid value of 1.19069 found for variable DAKOTA_RC_2.  Corrected to 1.25163.
12:47:27: quiet- NO_ID: Invalid value of 1.51265 found for variable DAKOTA_RC_5.  Corrected to 1.33958.
12:47:27: quiet- NO_ID: Invalid value of 1.50154 found for variable DAKOTA_RC_7.  Corrected to 1.31349.
12:47:27: quiet- NO_ID: Invalid value of 12.1109 found for variable DAKOTA_EP_2.  Corrected to 7.39808.
12:47:27: quiet- NO_ID: Invalid value of 1.05118 found for variable DAKOTA_RC_3.  Corrected to 1.10766.
12:47:27: quiet- NO_ID: Invalid value of 1.25732 found for variable DAKOTA_RC_7.  Corrected to 1.44479.
12:47:27: quiet- NO_ID: Invalid value of 1.29788 found for variable DAKOTA_RC_7.  Corrected to 1.34727.
12:47:27: quiet- NO_ID: Invalid value of 1.08753 found for variable DAKOTA_RC_3.  Corrected to 1.12899.
12:47:27: quiet- NO_ID: Invalid value of 1.09546 found for variable DAKOTA_RC_3.  Corrected to 1.13222.
12:47:27: quiet- NO_ID: Invalid value of 1.09751 found for variable DAKOTA_RC_3.  Corrected to 1.25889.
12:47:27: quiet- NO_ID: Invalid value of 1.51008 found for variable DAKOTA_RC_5.  Corrected to 1.40934.
12:47:27: quiet- NO_ID: Invalid value of 1.40546 found for variable DAKOTA_RC_2.  Corrected to 1.30539.
12:47:27: quiet- NO_ID: Invalid value of 1.0877 found for variable DAKOTA_RC_3.  Corrected to 1.27535.
12:47:27: quiet- NO_ID: Invalid value of 1.09941 found for variable DAKOTA_RC_3.  Corrected to 1.29153.
12:47:27: quiet- NO_ID: Invalid value of 1.51065 found for variable DAKOTA_RC_5.  Corrected to 1.34111.
12:47:27: quiet- NO_ID: Invalid value of 1.56833 found for variable DAKOTA_RC_5.  Corrected to 1.39345.
12:47:27: quiet- NO_ID: Invalid value of 1.28901 found for variable DAKOTA_RC_7.  Corrected to 1.46695.
12:47:27: quiet- NO_ID: Invalid value of 1.41311 found for variable DAKOTA_RC_2.  Corrected to 1.27473.
12:47:27: quiet- NO_ID: Invalid value of 1.06939 found for variable DAKOTA_RC_3.  Corrected to 1.21068.
12:47:27: quiet- NO_ID: Invalid value of 1.09794 found for variable DAKOTA_RC_3.  Corrected to 1.22744.
12:47:27: quiet- NO_ID: Invalid value of 1.07088 found for variable DAKOTA_RC_3.  Corrected to 1.25877.
12:47:27: quiet- NO_ID: Invalid value of 12.3194 found for variable DAKOTA_EP_2.  Corrected to 10.5228.
12:47:27: quiet- NO_ID: Invalid value of 1.28962 found for variable DAKOTA_RC_7.  Corrected to 1.41134.
15:38:19: verbose- below_limit: Performed 578 total selections.
15:38:19: verbose- NO_ID: 87 of 530 population members were not selected to continue.  183 of 318 offspring were immediately rejected.
15:38:19: verbose- metric_tracker: Operating on 578 total designs and 179 "best fitness" designs.
15:38:19: verbose- metric_tracker: Max "best fitness" expanse change of 0.029% found for objective "Non-Linear Minimize obj_fn_2".
15:38:19: verbose- metric_tracker: Population density decreased by 0.744%.
15:38:19: verbose- metric_tracker: 16.456% of the previous "best fitness" population is dominated by designs in the current "best fitness" population.
15:38:19: verbose- metric_tracker: Pushed metric value of 0.172294 onto the convergence stack.
15:38:19: verbose- metric_tracker: Current max percentage progress is 196.651%.
15:38:19: quiet- duplicate_free: 20 generations so far.
15:38:19: quiet- duplicate_free: 2697 evaluations so far.
15:38:19: verbose- duplicate_free: 578 members in population so far.
15:38:19: verbose- multi_point_parameterized_binary: 232 children created.
15:38:19: quiet- offset_normal: Produced invalid  variable representation 1.29597. Mutation performed without corrective action.
15:38:19: quiet- offset_normal: Produced invalid  variable representation 1.501. Mutation performed without corrective action.
15:38:19: verbose- offset_normal: Performed 116 total mutations.
15:38:19: quiet- NO_ID: Invalid value of 1.41307 found for variable DAKOTA_RC_2.  Corrected to 1.27671.
15:38:19: quiet- NO_ID: Invalid value of 1.40842 found for variable DAKOTA_RC_2.  Corrected to 1.32129.
15:38:19: quiet- NO_ID: Invalid value of 1.25974 found for variable DAKOTA_RC_4.  Corrected to 1.33019.
15:38:19: quiet- NO_ID: Invalid value of 1.29266 found for variable DAKOTA_RC_5.  Corrected to 1.36589.
15:38:19: quiet- NO_ID: Invalid value of 1.5655 found for variable DAKOTA_RC_7.  Corrected to 1.42515.
15:38:19: quiet- NO_ID: Invalid value of 1.4131 found for variable DAKOTA_RC_2.  Corrected to 1.32846.
15:38:19: quiet- NO_ID: Invalid value of 1.29223 found for variable DAKOTA_RC_4.  Corrected to 1.32055.
15:38:19: quiet- NO_ID: Invalid value of 1.27366 found for variable DAKOTA_RC_4.  Corrected to 1.47317.
15:38:19: quiet- NO_ID: Invalid value of 14.0044 found for variable DAKOTA_EP_2.  Corrected to 3.20719.
15:38:19: quiet- NO_ID: Invalid value of 1.57972 found for variable DAKOTA_RC_5.  Corrected to 1.48085.
15:38:19: quiet- NO_ID: Invalid value of 1.50978 found for variable DAKOTA_RC_7.  Corrected to 1.3746.
15:38:19: quiet- NO_ID: Invalid value of 1.41191 found for variable DAKOTA_RC_2.  Corrected to 1.24348.
15:38:19: quiet- NO_ID: Invalid value of 1.50405 found for variable DAKOTA_RC_7.  Corrected to 1.31946.
15:38:19: quiet- NO_ID: Invalid value of 1.29597 found for variable DAKOTA_RC_4.  Corrected to 1.3117.
15:38:19: quiet- NO_ID: Invalid value of 1.51747 found for variable DAKOTA_RC_7.  Corrected to 1.41867.
15:38:19: quiet- NO_ID: Invalid value of 1.55279 found for variable DAKOTA_RC_7.  Corrected to 1.41237.
15:38:19: quiet- NO_ID: Invalid value of 14.3977 found for variable DAKOTA_EP_2.  Corrected to 2.22765.
15:38:19: quiet- NO_ID: Invalid value of 1.51746 found for variable DAKOTA_RC_7.  Corrected to 1.35654.
15:38:19: quiet- NO_ID: Invalid value of 1.51628 found for variable DAKOTA_RC_4.  Corrected to 1.46576.
15:38:19: quiet- NO_ID: Invalid value of 1.501 found for variable DAKOTA_RC_4.  Corrected to 1.32766.
15:38:19: quiet- NO_ID: Invalid value of 1.2973 found for variable DAKOTA_RC_7.  Corrected to 1.30575.
15:38:19: quiet- NO_ID: Invalid value of 1.29937 found for variable DAKOTA_RC_7.  Corrected to 1.35052.
15:38:19: quiet- NO_ID: Invalid value of 1.19081 found for variable DAKOTA_RC_7.  Corrected to 1.47556.
15:38:19: quiet- NO_ID: Invalid value of 1.1983 found for variable DAKOTA_RC_4.  Corrected to 1.36491.
15:38:19: quiet- NO_ID: Invalid value of 1.51419 found for variable DAKOTA_RC_5.  Corrected to 1.30771.
15:38:19: quiet- NO_ID: Invalid value of 1.40977 found for variable DAKOTA_RC_2.  Corrected to 1.31119.
15:38:19: quiet- NO_ID: Invalid value of 1.07703 found for variable DAKOTA_RC_3.  Corrected to 1.29393.
15:38:19: quiet- NO_ID: Invalid value of 1.26141 found for variable DAKOTA_RC_7.  Corrected to 1.33373.
15:38:19: quiet- NO_ID: Invalid value of 1.40532 found for variable DAKOTA_RC_2.  Corrected to 1.29768.
15:38:19: quiet- NO_ID: Invalid value of 1.56284 found for variable DAKOTA_RC_7.  Corrected to 1.46172.
15:38:19: quiet- NO_ID: Invalid value of 1.56754 found for variable DAKOTA_RC_6.  Corrected to 1.49709.
15:38:19: quiet- NO_ID: Invalid value of 1.16263 found for variable DAKOTA_RC_2.  Corrected to 1.37438.
15:38:19: quiet- NO_ID: Invalid value of 1.28959 found for variable DAKOTA_RC_7.  Corrected to 1.383.
15:38:19: quiet- NO_ID: Invalid value of 1.5677 found for variable DAKOTA_RC_7.  Corrected to 1.32728.
15:38:19: quiet- NO_ID: Invalid value of 1.54078 found for variable DAKOTA_RC_5.  Corrected to 1.34028.
15:38:19: quiet- NO_ID: Invalid value of 1.51747 found for variable DAKOTA_RC_7.  Corrected to 1.30815.
15:38:19: quiet- NO_ID: Invalid value of 1.50169 found for variable DAKOTA_RC_7.  Corrected to 1.45575.
15:38:19: quiet- NO_ID: Invalid value of 1.50133 found for variable DAKOTA_RC_7.  Corrected to 1.36083.
15:38:19: quiet- NO_ID: Invalid value of 1.05941 found for variable DAKOTA_RC_3.  Corrected to 1.28131.
15:38:19: quiet- NO_ID: Invalid value of 1.58329 found for variable DAKOTA_RC_5.  Corrected to 1.3092.
15:38:19: quiet- NO_ID: Invalid value of 1.5621 found for variable DAKOTA_RC_7.  Corrected to 1.34168.
15:38:19: quiet- NO_ID: Invalid value of 1.08952 found for variable DAKOTA_RC_3.  Corrected to 1.15592.
15:38:19: quiet- NO_ID: Invalid value of 1.41309 found for variable DAKOTA_RC_2.  Corrected to 1.25268.
15:38:19: quiet- NO_ID: Invalid value of 1.50503 found for variable DAKOTA_RC_4.  Corrected to 1.36114.
15:38:19: quiet- NO_ID: Invalid value of 14.9226 found for variable DAKOTA_EP_2.  Corrected to 4.05706.
15:38:19: quiet- NO_ID: Invalid value of 1.501 found for variable DAKOTA_RC_4.  Corrected to 1.47135.
15:38:19: quiet- NO_ID: Invalid value of 1.57741 found for variable DAKOTA_RC_4.  Corrected to 1.47351.
15:38:19: quiet- NO_ID: Invalid value of 1.52349 found for variable DAKOTA_RC_5.  Corrected to 1.40475.
18:41:42: verbose- below_limit: Performed 611 total selections.
18:41:42: verbose- NO_ID: 94 of 578 population members were not selected to continue.  221 of 348 offspring were immediately rejected.
18:41:42: verbose- metric_tracker: Operating on 611 total designs and 188 "best fitness" designs.
18:41:42: verbose- metric_tracker: No "best fitness" expansion or contraction occurred this generation.
18:41:42: verbose- metric_tracker: Population density increased by 5.709%.
18:41:42: verbose- metric_tracker: 15.084% of the previous "best fitness" population is dominated by designs in the current "best fitness" population.
18:41:42: verbose- metric_tracker: Pushed metric value of 0.207931 onto the convergence stack.
18:41:42: verbose- metric_tracker: Current max percentage progress is 46.089%.
18:41:42: verbose- metric_tracker: Convergence attained.
18:41:42: quiet- duplicate_free: 21 generations so far.
18:41:42: quiet- duplicate_free: 3045 evaluations so far.
18:41:42: verbose- duplicate_free: 611 members in population so far.
18:41:42: verbose- NO_ID: Reclaimed 0 optimal designs from the discards.
18:41:42: quiet- NO_ID: Reclaimed 0 optimal designs that had been selected out.
18:41:42: verbose- NO_ID: Flushed 423 dominated designs from the population.
18:41:42: quiet- NO_ID: Ran 21 total generations.
18:41:42: quiet- NO_ID: Final population size = 188
18:41:42: verbose- NO_ID: Wrote designs file ".//finaldata1.dat".
18:41:42: verbose- NO_ID: Wrote designs file ".//discards.dat".
18:41:42: quiet- JEGA Front End: NO_ID execution took 30.28 seconds.
18:41:42: quiet- JEGA Front End: Execution took 30.28 seconds.
18:41:42: verbose- NO_ID: algorithm execution completed. 188 solutions found. Passing them back to DAKOTA.
18:41:42: quiet- NO_ID: find optimum completed and all results have been passed back to DAKOTA.


18:41:42: quiet- NO_ID: goodbye!


