  1.7690627899978528E-03 obj_fn_1
  2.1318944852554639E-03 obj_fn_2
  5.5361827487810278E-04 obj_fn_3
  2.4353498267825108E-03 obj_fn_4
  2.1911841432781572E-03 obj_fn_5
  4.4588575399334444E-03 obj_fn_6
  2.9689418559482664E-03 obj_fn_7
  2.3665003502469622E-03 obj_fn_8
  4.6444290610654455E-03 obj_fn_9
  1.8190991005233358E-04 obj_fn_10
  8.5772135891347603E-03 obj_fn_11
  2.8983534849163898E-04 obj_fn_12
  6.1795422318480656E-04 obj_fn_13
  1.2251569162498113E-03 obj_fn_14
  1.4292095189638663E-03 obj_fn_15
  8.5337846005077555E-03 obj_fn_16
  1.9523545664781377E-03 obj_fn_17
  1.6403979720287712E-01 obj_fn_18
  1.4362978371106267E-02 obj_fn_19
  4.7365416834983270E-02 obj_fn_20
