JEGA Genetic Algorithm Optimization Software v2.7.0
Run started Thu Jun 13 15:01:22 2019

Global Log initialized using "verbose" as default level.
Global Log logging to file JEGAGlobal.log
Global Log logging to console window
15:01:22: quiet- JEGA Front End: Random seed = 1560512482
15:01:22: verbose- Design Target: Design variable DAKOTA_RC_1 added.  1 design variables now in target.
15:01:22: verbose- Design Target: Design variable DAKOTA_RC_2 added.  2 design variables now in target.
15:01:22: verbose- Design Target: Design variable DAKOTA_RC_3 added.  3 design variables now in target.
15:01:22: verbose- Design Target: Design variable DAKOTA_RC_4 added.  4 design variables now in target.
15:01:22: verbose- Design Target: Design variable DAKOTA_RC_5 added.  5 design variables now in target.
15:01:22: verbose- Design Target: Design variable DAKOTA_RC_6 added.  6 design variables now in target.
15:01:22: verbose- Design Target: Design variable DAKOTA_RC_7 added.  7 design variables now in target.
15:01:22: verbose- Design Target: Design variable DAKOTA_RC_8 added.  8 design variables now in target.
15:01:22: verbose- Design Target: Design variable DAKOTA_RC_9 added.  9 design variables now in target.
15:01:22: verbose- Design Target: Design variable DAKOTA_EP_1 added.  10 design variables now in target.
15:01:22: verbose- Design Target: Design variable DAKOTA_EP_2 added.  11 design variables now in target.
15:01:22: verbose- Design Target: Objective Non-Linear Minimize obj_fn_1 added.  1 objectives now in target.
15:01:22: verbose- Design Target: Objective Non-Linear Minimize obj_fn_2 added.  2 objectives now in target.
15:01:22: verbose- Design Target: Objective Non-Linear Minimize obj_fn_3 added.  3 objectives now in target.
15:01:22: verbose- JEGA Front End: Creating a MOGA
15:01:22: debug-  Matching Group: Trying "Domination Count Operator Group".
15:01:22: verbose- Domination Count Operator Group: Contains Converger "metric_tracker".
15:01:22: verbose- Domination Count Operator Group: Contains Crosser "multi_point_parameterized_binary".
15:01:22: verbose- Domination Count Operator Group: Contains FitnessAssessor "domination_count".
15:01:22: verbose- Domination Count Operator Group: Contains Initializer "unique_random".
15:01:22: verbose- Domination Count Operator Group: Contains MainLoop "duplicate_free".
15:01:22: verbose- Domination Count Operator Group: Contains Mutator "offset_normal".
15:01:22: verbose- Domination Count Operator Group: Contains Selector "below_limit".
15:01:22: verbose- Domination Count Operator Group: Contains PostProcessor "null_postprocessor".
15:01:22: verbose- Domination Count Operator Group: Contains NichePressureApplicator "null_niching".
15:01:22: debug-  Matching Group: "Domination Count Operator Group" match succeeded.
15:01:22: quiet- : Matched new set to a group that is not the current group.  Adopting the new group.
15:01:22: verbose- Domination Count Operator Group: Contains Converger "metric_tracker".
15:01:22: verbose- Domination Count Operator Group: Contains Crosser "multi_point_parameterized_binary".
15:01:22: verbose- Domination Count Operator Group: Contains FitnessAssessor "domination_count".
15:01:22: verbose- Domination Count Operator Group: Contains Initializer "unique_random".
15:01:22: verbose- Domination Count Operator Group: Contains MainLoop "duplicate_free".
15:01:22: verbose- Domination Count Operator Group: Contains Mutator "offset_normal".
15:01:22: verbose- Domination Count Operator Group: Contains Selector "below_limit".
15:01:22: verbose- Domination Count Operator Group: Contains PostProcessor "null_postprocessor".
15:01:22: verbose- Domination Count Operator Group: Contains NichePressureApplicator "null_niching".
15:01:22: verbose- NO_ID: The name of this GA is now NO_ID
15:01:22: verbose- NO_ID: The print each population flag is now set to 0
15:01:22: verbose- NO_ID: The print final data flag is now set to 1
15:01:22: verbose- NO_ID: The print discards flag is now set to 1
15:01:22: verbose- NO_ID: The name of the file to which final data will be written is now finaldata1.dat
15:01:22: verbose- NO_ID: The data directory is now set to ./
15:01:22: verbose- metric_tracker: Number of generations tracked now = 10
15:01:22: verbose- metric_tracker: Max allowable % change now = 1
15:01:22: verbose- metric_tracker: Maximum allowable generations now = 100
15:01:22: verbose- metric_tracker: Maximum allowable evaluations now = 20000
15:01:22: quiet- Error encountered while retrieving parameter named "method.max_time" of type "d" from parameter database reading: Parameter not found for tag: method.max_time
15:01:22: verbose- metric_tracker: The maximum allowable amount of time was not found in the parameter database.  Using the current value of 1.79769e+308
15:01:22: verbose- metric_tracker: Maximum allowable time now = 1.79769e+308 seconds 
15:01:22: quiet- Error encountered while retrieving parameter named "method.jega.num_cross_points" of type "St6vectorIiSaIiEE" from parameter database reading: Parameter not found for tag: method.jega.num_cross_points
15:01:22: verbose- multi_point_parameterized_binary: The number of crossover points for each variable were not found in the parameter database.  Checking for a single value.
15:01:22: verbose- multi_point_parameterized_binary: Number of crossover points now = 2
15:01:22: verbose- multi_point_parameterized_binary: Crossover rate now = 0.4
15:01:22: verbose- multi_point_parameterized_binary: Number of crossover points for variable "DAKOTA_RC_1" now = 2.
15:01:22: verbose- multi_point_parameterized_binary: Number of crossover points for variable "DAKOTA_RC_2" now = 2.
15:01:22: verbose- multi_point_parameterized_binary: Number of crossover points for variable "DAKOTA_RC_3" now = 2.
15:01:22: verbose- multi_point_parameterized_binary: Number of crossover points for variable "DAKOTA_RC_4" now = 2.
15:01:22: verbose- multi_point_parameterized_binary: Number of crossover points for variable "DAKOTA_RC_5" now = 2.
15:01:22: verbose- multi_point_parameterized_binary: Number of crossover points for variable "DAKOTA_RC_6" now = 2.
15:01:22: verbose- multi_point_parameterized_binary: Number of crossover points for variable "DAKOTA_RC_7" now = 2.
15:01:22: verbose- multi_point_parameterized_binary: Number of crossover points for variable "DAKOTA_RC_8" now = 2.
15:01:22: verbose- multi_point_parameterized_binary: Number of crossover points for variable "DAKOTA_RC_9" now = 2.
15:01:22: verbose- multi_point_parameterized_binary: Number of crossover points for variable "DAKOTA_EP_1" now = 2.
15:01:22: verbose- multi_point_parameterized_binary: Number of crossover points for variable "DAKOTA_EP_2" now = 2.
15:01:22: verbose- DAKOTA JEGA Evaluator: Maximum allowable evaluations now = 20000
15:01:22: verbose- DAKOTA JEGA Evaluator: The evaluation concurrency is now 1
15:01:22: verbose- unique_random: Desired initial population size now = 250
15:01:22: verbose- null_niching: Niched design caching now set to true.
15:01:22: quiet- Error encountered while retrieving parameter named "method.jega.max_niche_cache_size" of type "m" from parameter database reading: Parameter not found for tag: method.jega.max_niche_cache_size
15:01:22: verbose- null_niching: The max niche cache size value was not found in the parameter database.  Using the current value of 1
15:01:22: verbose- null_niching: Niched design caching max size now set to 18446744073709551615.
15:01:22: verbose- offset_normal: Offset range now = 0.05
15:01:22: verbose- offset_normal: Mutation rate now = 0.2
15:01:22: verbose- below_limit: Limiting value now = 6
15:01:22: verbose- below_limit: Shrinkage percentage now = 0.3
15:01:22: verbose- below_limit: Minimum selections now = 2
15:01:22: verbose- NO_ID: About to perform algorithm execution.
15:01:22: verbose- unique_random: 250 unique random designs created.
09:23:22: verbose- below_limit: Performed 75 total selections.
09:23:22: verbose- NO_ID: 175 of 250 population members were not selected to continue.  0 of 0 offspring were immediately rejected.
09:23:22: verbose- metric_tracker: Operating on 75 total designs and 8 "best fitness" designs.
09:23:22: verbose- metric_tracker: Pushed metric value of 0 onto the convergence stack.
09:23:22: quiet- duplicate_free: 1 generation so far.
09:23:22: quiet- duplicate_free: 250 evaluations so far.
09:23:22: verbose- duplicate_free: 75 members in population so far.
09:23:22: verbose- multi_point_parameterized_binary: 30 children created.
09:23:22: quiet- offset_normal: Produced invalid  variable representation 1.64136. Mutation performed without corrective action.
09:23:22: quiet- offset_normal: Produced invalid  variable representation 12.8971. Mutation performed without corrective action.
09:23:22: verbose- offset_normal: Performed 15 total mutations.
09:23:22: quiet- NO_ID: Invalid value of 2.08389 found for variable DAKOTA_RC_7.  Corrected to 1.76812.
09:23:22: quiet- NO_ID: Invalid value of 2.23769 found for variable DAKOTA_RC_7.  Corrected to 1.63493.
09:23:22: quiet- NO_ID: Invalid value of 1.32293 found for variable DAKOTA_RC_7.  Corrected to 1.46798.
09:23:22: quiet- NO_ID: Invalid value of 2.42964 found for variable DAKOTA_RC_4.  Corrected to 1.79265.
09:23:22: quiet- NO_ID: Invalid value of 1.64136 found for variable DAKOTA_RC_4.  Corrected to 2.07591.
09:23:22: quiet- NO_ID: Invalid value of 2.30128 found for variable DAKOTA_RC_4.  Corrected to 1.84564.
09:23:22: quiet- NO_ID: Invalid value of 12.1176 found for variable DAKOTA_EP_1.  Corrected to 8.73604.
09:23:22: quiet- NO_ID: Invalid value of 12.8971 found for variable DAKOTA_EP_1.  Corrected to 11.8931.
09:23:22: quiet- NO_ID: Invalid value of 1.60595 found for variable DAKOTA_RC_4.  Corrected to 1.82843.
09:23:22: quiet- NO_ID: Invalid value of 12.1517 found for variable DAKOTA_EP_1.  Corrected to 6.55663.
09:23:22: quiet- NO_ID: Invalid value of 1.77234 found for variable DAKOTA_RC_2.  Corrected to 2.14568.
09:23:22: quiet- NO_ID: Invalid value of 1.24859 found for variable DAKOTA_RC_6.  Corrected to 1.99638.
09:23:22: quiet- NO_ID: Invalid value of 2.46574 found for variable DAKOTA_RC_4.  Corrected to 2.03392.
09:23:22: quiet- NO_ID: Invalid value of 2.47444 found for variable DAKOTA_RC_1.  Corrected to 2.25203.
09:23:22: quiet- NO_ID: Invalid value of 1.27588 found for variable DAKOTA_RC_7.  Corrected to 1.96987.
09:23:22: quiet- NO_ID: Invalid value of 2.53808 found for variable DAKOTA_RC_1.  Corrected to 2.33499.
09:23:22: quiet- NO_ID: Invalid value of 2.60123 found for variable DAKOTA_RC_1.  Corrected to 2.29217.
09:23:22: verbose- duplicate_free: flushed 1 duplicate offspring designs after application of the variational operators.
12:54:00: verbose- below_limit: Performed 32 total selections.
12:54:00: verbose- NO_ID: 55 of 75 population members were not selected to continue.  32 of 44 offspring were immediately rejected.
12:54:00: verbose- metric_tracker: Operating on 32 total designs and 12 "best fitness" designs.
12:54:00: verbose- metric_tracker: Max "best fitness" expanse change of 0.018% found for objective "Non-Linear Minimize obj_fn_2".
12:54:00: verbose- metric_tracker: Population density decreased by 57.341%.
12:54:00: verbose- metric_tracker: No "best fitness" designs from the previous population are dominated by "best fitness" designs in the current population.
12:54:00: verbose- metric_tracker: Pushed metric value of 0.573593 onto the convergence stack.
12:54:00: quiet- duplicate_free: 2 generations so far.
12:54:00: quiet- duplicate_free: 294 evaluations so far.
12:54:00: verbose- duplicate_free: 32 members in population so far.
12:54:00: verbose- multi_point_parameterized_binary: 12 children created.
12:54:00: verbose- offset_normal: Performed 6 total mutations.
12:54:00: quiet- NO_ID: Invalid value of 2.31524 found for variable DAKOTA_RC_8.  Corrected to 1.94381.
12:54:00: quiet- NO_ID: Invalid value of 2.30648 found for variable DAKOTA_RC_9.  Corrected to 1.8081.
12:54:00: quiet- NO_ID: Invalid value of 2.27008 found for variable DAKOTA_RC_2.  Corrected to 1.94185.
14:28:44: verbose- below_limit: Performed 39 total selections.
14:28:44: verbose- NO_ID: 5 of 32 population members were not selected to continue.  6 of 18 offspring were immediately rejected.
14:28:44: verbose- metric_tracker: Operating on 39 total designs and 15 "best fitness" designs.
14:28:44: verbose- metric_tracker: Max "best fitness" expanse change of 0.531% found for objective "Non-Linear Minimize obj_fn_3".
14:28:44: verbose- metric_tracker: Population density increased by 21.231%.
14:28:44: verbose- metric_tracker: 16.667% of the previous "best fitness" population is dominated by designs in the current "best fitness" population.
14:28:44: verbose- metric_tracker: Pushed metric value of 0.384289 onto the convergence stack.
14:28:44: quiet- duplicate_free: 3 generations so far.
14:28:44: quiet- duplicate_free: 312 evaluations so far.
14:28:44: verbose- duplicate_free: 39 members in population so far.
14:28:44: verbose- multi_point_parameterized_binary: 16 children created.
14:28:44: verbose- offset_normal: Performed 8 total mutations.
14:28:44: quiet- NO_ID: Invalid value of 2.22633 found for variable DAKOTA_RC_7.  Corrected to 1.56418.
14:28:44: quiet- NO_ID: Invalid value of 2.32336 found for variable DAKOTA_RC_8.  Corrected to 1.86858.
14:28:44: quiet- NO_ID: Invalid value of 2.26995 found for variable DAKOTA_RC_2.  Corrected to 2.13975.
14:28:44: quiet- NO_ID: Invalid value of 1.37446 found for variable DAKOTA_RC_6.  Corrected to 1.57191.
14:28:44: quiet- NO_ID: Invalid value of 1.36871 found for variable DAKOTA_RC_7.  Corrected to 1.94806.
14:28:44: quiet- NO_ID: Invalid value of 2.3884 found for variable DAKOTA_RC_9.  Corrected to 2.26325.
16:51:34: verbose- below_limit: Performed 46 total selections.
16:51:34: verbose- NO_ID: 8 of 39 population members were not selected to continue.  9 of 24 offspring were immediately rejected.
16:51:34: verbose- metric_tracker: Operating on 46 total designs and 21 "best fitness" designs.
16:51:34: verbose- metric_tracker: No "best fitness" expansion or contraction occurred this generation.
16:51:34: verbose- metric_tracker: Population density increased by 17.949%.
16:51:34: verbose- metric_tracker: No "best fitness" designs from the previous population are dominated by "best fitness" designs in the current population.
16:51:34: verbose- metric_tracker: Pushed metric value of 0.179487 onto the convergence stack.
16:51:34: quiet- duplicate_free: 4 generations so far.
16:51:34: quiet- duplicate_free: 336 evaluations so far.
16:51:34: verbose- duplicate_free: 46 members in population so far.
16:51:34: verbose- multi_point_parameterized_binary: 18 children created.
16:51:34: verbose- offset_normal: Performed 9 total mutations.
16:51:34: quiet- NO_ID: Invalid value of 1.61511 found for variable DAKOTA_RC_4.  Corrected to 1.76825.
16:51:34: quiet- NO_ID: Invalid value of 2.43293 found for variable DAKOTA_RC_4.  Corrected to 1.873.
16:51:34: quiet- NO_ID: Invalid value of 14.9836 found for variable DAKOTA_EP_1.  Corrected to 11.4558.
16:51:34: quiet- NO_ID: Invalid value of 1.37352 found for variable DAKOTA_RC_6.  Corrected to 1.40287.
16:51:34: quiet- NO_ID: Invalid value of 1.59495 found for variable DAKOTA_RC_9.  Corrected to 1.7926.
16:51:34: quiet- NO_ID: Invalid value of 1.79224 found for variable DAKOTA_RC_2.  Corrected to 2.12703.
16:51:34: quiet- NO_ID: Invalid value of 2.23315 found for variable DAKOTA_RC_2.  Corrected to 2.04449.
16:51:34: quiet- NO_ID: Invalid value of 2.45354 found for variable DAKOTA_RC_9.  Corrected to 1.98075.
16:51:34: quiet- NO_ID: Invalid value of 2.33106 found for variable DAKOTA_RC_9.  Corrected to 2.1956.
16:51:34: quiet- NO_ID: Invalid value of 2.40176 found for variable DAKOTA_RC_1.  Corrected to 2.10432.
19:14:14: verbose- below_limit: Performed 59 total selections.
19:14:14: verbose- NO_ID: 7 of 46 population members were not selected to continue.  7 of 27 offspring were immediately rejected.
19:14:14: verbose- metric_tracker: Operating on 59 total designs and 31 "best fitness" designs.
19:14:14: verbose- metric_tracker: Max "best fitness" expanse change of 5.924% found for objective "Non-Linear Minimize obj_fn_1".
19:14:14: verbose- metric_tracker: Population density increased by 20.738%.
19:14:14: verbose- metric_tracker: 4.762% of the previous "best fitness" population is dominated by designs in the current "best fitness" population.
19:14:14: verbose- metric_tracker: Pushed metric value of 0.314245 onto the convergence stack.
19:14:14: quiet- duplicate_free: 5 generations so far.
19:14:14: quiet- duplicate_free: 363 evaluations so far.
19:14:14: verbose- duplicate_free: 59 members in population so far.
19:14:14: verbose- multi_point_parameterized_binary: 24 children created.
19:14:14: verbose- offset_normal: Performed 12 total mutations.
19:14:14: quiet- NO_ID: Invalid value of 2.33999 found for variable DAKOTA_RC_4.  Corrected to 1.8406.
19:14:14: quiet- NO_ID: Invalid value of 2.15564 found for variable DAKOTA_RC_7.  Corrected to 1.74506.
19:14:14: quiet- NO_ID: Invalid value of 1.3102 found for variable DAKOTA_RC_7.  Corrected to 1.4065.
19:14:14: quiet- NO_ID: Invalid value of 1.38365 found for variable DAKOTA_RC_6.  Corrected to 1.89162.
19:14:14: quiet- NO_ID: Invalid value of 1.6465 found for variable DAKOTA_RC_4.  Corrected to 1.96816.
19:14:14: quiet- NO_ID: Invalid value of 1.30912 found for variable DAKOTA_RC_7.  Corrected to 1.41672.
19:14:14: quiet- NO_ID: Invalid value of 2.32292 found for variable DAKOTA_RC_8.  Corrected to 2.20183.
19:14:14: quiet- NO_ID: Invalid value of 2.11285 found for variable DAKOTA_RC_3.  Corrected to 1.60786.
19:14:14: quiet- NO_ID: Invalid value of 2.12068 found for variable DAKOTA_RC_3.  Corrected to 1.51092.
19:14:14: quiet- NO_ID: Invalid value of 1.37545 found for variable DAKOTA_RC_6.  Corrected to 1.96965.
19:14:14: quiet- NO_ID: Invalid value of 2.13379 found for variable DAKOTA_RC_7.  Corrected to 1.93438.
19:14:14: quiet- NO_ID: Invalid value of 1.58658 found for variable DAKOTA_RC_8.  Corrected to 1.90112.
19:14:14: quiet- NO_ID: Invalid value of 2.14216 found for variable DAKOTA_RC_3.  Corrected to 1.11002.
19:14:14: quiet- NO_ID: Invalid value of 2.60556 found for variable DAKOTA_RC_1.  Corrected to 2.33796.
19:14:14: verbose- duplicate_free: flushed 1 duplicate offspring designs after application of the variational operators.
22:16:11: verbose- below_limit: Performed 66 total selections.
22:16:11: verbose- NO_ID: 12 of 59 population members were not selected to continue.  16 of 35 offspring were immediately rejected.
22:16:11: verbose- metric_tracker: Operating on 66 total designs and 32 "best fitness" designs.
22:16:11: verbose- metric_tracker: No "best fitness" expansion or contraction occurred this generation.
22:16:11: verbose- metric_tracker: Population density increased by 11.864%.
22:16:11: verbose- metric_tracker: 16.129% of the previous "best fitness" population is dominated by designs in the current "best fitness" population.
22:16:11: verbose- metric_tracker: Pushed metric value of 0.279934 onto the convergence stack.
22:16:11: quiet- duplicate_free: 6 generations so far.
22:16:11: quiet- duplicate_free: 398 evaluations so far.
22:16:11: verbose- duplicate_free: 66 members in population so far.
22:16:11: verbose- multi_point_parameterized_binary: 26 children created.
22:16:11: verbose- offset_normal: Performed 13 total mutations.
22:16:11: quiet- NO_ID: Invalid value of 1.67478 found for variable DAKOTA_RC_9.  Corrected to 2.19629.
22:16:11: quiet- NO_ID: Invalid value of 1.37421 found for variable DAKOTA_RC_6.  Corrected to 1.53805.
22:16:11: quiet- NO_ID: Invalid value of 1.23757 found for variable DAKOTA_RC_7.  Corrected to 1.53008.
22:16:11: quiet- NO_ID: Invalid value of 1.55151 found for variable DAKOTA_RC_4.  Corrected to 2.22527.
22:16:11: quiet- NO_ID: Invalid value of 1.23113 found for variable DAKOTA_RC_6.  Corrected to 1.62998.
22:16:11: quiet- NO_ID: Invalid value of 2.45504 found for variable DAKOTA_RC_1.  Corrected to 2.33513.
22:16:11: quiet- NO_ID: Invalid value of 12.1899 found for variable DAKOTA_EP_1.  Corrected to 5.95944.
22:16:11: quiet- NO_ID: Invalid value of 2.49497 found for variable DAKOTA_RC_1.  Corrected to 2.30354.
22:16:11: quiet- NO_ID: Invalid value of 2.50681 found for variable DAKOTA_RC_1.  Corrected to 2.17095.
22:16:11: quiet- NO_ID: Invalid value of 2.39221 found for variable DAKOTA_RC_9.  Corrected to 1.97909.
01:58:25: verbose- below_limit: Performed 66 total selections.
01:58:25: verbose- NO_ID: 15 of 66 population members were not selected to continue.  24 of 39 offspring were immediately rejected.
01:58:25: verbose- metric_tracker: Operating on 66 total designs and 33 "best fitness" designs.
01:58:25: verbose- metric_tracker: No "best fitness" expansion or contraction occurred this generation.
01:58:25: verbose- metric_tracker: Population density did not change this generation.
01:58:25: verbose- metric_tracker: 21.875% of the previous "best fitness" population is dominated by designs in the current "best fitness" population.
01:58:25: verbose- metric_tracker: Pushed metric value of 0.21875 onto the convergence stack.
01:58:25: quiet- duplicate_free: 7 generations so far.
01:58:25: quiet- duplicate_free: 437 evaluations so far.
01:58:25: verbose- duplicate_free: 66 members in population so far.
01:58:25: verbose- multi_point_parameterized_binary: 26 children created.
01:58:25: quiet- offset_normal: Produced invalid  variable representation 2.30494. Mutation performed without corrective action.
01:58:25: verbose- offset_normal: Performed 13 total mutations.
01:58:25: quiet- NO_ID: Invalid value of 1.31368 found for variable DAKOTA_RC_7.  Corrected to 1.44704.
01:58:25: quiet- NO_ID: Invalid value of 1.31185 found for variable DAKOTA_RC_7.  Corrected to 1.50346.
01:58:25: quiet- NO_ID: Invalid value of 1.78043 found for variable DAKOTA_RC_2.  Corrected to 1.93292.
01:58:25: quiet- NO_ID: Invalid value of 1.30943 found for variable DAKOTA_RC_7.  Corrected to 1.79021.
01:58:25: quiet- NO_ID: Invalid value of 1.49344 found for variable DAKOTA_RC_9.  Corrected to 2.2387.
01:58:25: quiet- NO_ID: Invalid value of 1.78658 found for variable DAKOTA_RC_2.  Corrected to 1.95493.
01:58:25: quiet- NO_ID: Invalid value of 1.38185 found for variable DAKOTA_RC_6.  Corrected to 1.69275.
01:58:25: quiet- NO_ID: Invalid value of 2.2102 found for variable DAKOTA_RC_7.  Corrected to 1.89427.
01:58:25: quiet- NO_ID: Invalid value of 12.3806 found for variable DAKOTA_EP_2.  Corrected to 0.439932.
01:58:25: quiet- NO_ID: Invalid value of 2.30494 found for variable DAKOTA_RC_5.  Corrected to 2.29014.
01:58:25: quiet- NO_ID: Invalid value of 2.15542 found for variable DAKOTA_RC_7.  Corrected to 1.92144.
01:58:25: quiet- NO_ID: Invalid value of 2.33239 found for variable DAKOTA_RC_9.  Corrected to 2.28846.
01:58:25: quiet- NO_ID: Invalid value of 2.30634 found for variable DAKOTA_RC_9.  Corrected to 2.03456.
01:58:25: quiet- NO_ID: Invalid value of 2.41096 found for variable DAKOTA_RC_1.  Corrected to 2.16073.
01:58:25: quiet- NO_ID: Invalid value of 2.54217 found for variable DAKOTA_RC_1.  Corrected to 2.2544.
01:58:25: verbose- duplicate_free: flushed 1 duplicate offspring designs after application of the variational operators.
05:15:21: verbose- below_limit: Performed 87 total selections.
05:15:21: verbose- NO_ID: 1 of 66 population members were not selected to continue.  16 of 38 offspring were immediately rejected.
05:15:21: verbose- metric_tracker: Operating on 87 total designs and 37 "best fitness" designs.
05:15:21: verbose- metric_tracker: No "best fitness" expansion or contraction occurred this generation.
05:15:21: verbose- metric_tracker: Population density increased by 31.773%.
05:15:21: verbose- metric_tracker: 9.091% of the previous "best fitness" population is dominated by designs in the current "best fitness" population.
05:15:21: verbose- metric_tracker: Pushed metric value of 0.408643 onto the convergence stack.
05:15:21: quiet- duplicate_free: 8 generations so far.
05:15:21: quiet- duplicate_free: 475 evaluations so far.
05:15:21: verbose- duplicate_free: 87 members in population so far.
05:15:21: verbose- multi_point_parameterized_binary: 34 children created.
05:15:21: quiet- offset_normal: Produced invalid  variable representation 2.31641. Mutation performed without corrective action.
05:15:21: quiet- offset_normal: Produced invalid  variable representation 1.36844. Mutation performed without corrective action.
05:15:21: verbose- offset_normal: Performed 17 total mutations.
05:15:21: quiet- NO_ID: Invalid value of 2.37737 found for variable DAKOTA_RC_8.  Corrected to 1.79604.
05:15:21: quiet- NO_ID: Invalid value of 1.23535 found for variable DAKOTA_RC_7.  Corrected to 1.67303.
05:15:21: quiet- NO_ID: Invalid value of 1.67907 found for variable DAKOTA_RC_9.  Corrected to 1.93586.
05:15:21: quiet- NO_ID: Invalid value of 2.31641 found for variable DAKOTA_RC_8.  Corrected to 1.81896.
05:15:21: quiet- NO_ID: Invalid value of 2.14225 found for variable DAKOTA_RC_3.  Corrected to 1.58761.
05:15:21: quiet- NO_ID: Invalid value of 1.37095 found for variable DAKOTA_RC_6.  Corrected to 1.80312.
05:15:21: quiet- NO_ID: Invalid value of 2.11253 found for variable DAKOTA_RC_3.  Corrected to 1.60368.
05:15:21: quiet- NO_ID: Invalid value of 2.06121 found for variable DAKOTA_RC_7.  Corrected to 1.72703.
05:15:21: quiet- NO_ID: Invalid value of 2.38954 found for variable DAKOTA_RC_9.  Corrected to 1.95041.
05:15:21: quiet- NO_ID: Invalid value of 2.45449 found for variable DAKOTA_RC_5.  Corrected to 2.21274.
05:15:21: quiet- NO_ID: Invalid value of 1.36844 found for variable DAKOTA_RC_6.  Corrected to 1.49837.
05:15:21: quiet- NO_ID: Invalid value of 1.80907 found for variable DAKOTA_RC_2.  Corrected to 1.91053.
05:15:21: quiet- NO_ID: Invalid value of 1.30395 found for variable DAKOTA_RC_7.  Corrected to 1.40272.
05:15:21: quiet- NO_ID: Invalid value of 2.31357 found for variable DAKOTA_RC_9.  Corrected to 2.29479.
05:15:21: quiet- NO_ID: Invalid value of 2.41811 found for variable DAKOTA_RC_1.  Corrected to 2.31621.
10:28:22: verbose- below_limit: Performed 98 total selections.
10:28:22: verbose- NO_ID: 11 of 87 population members were not selected to continue.  29 of 51 offspring were immediately rejected.
10:28:22: verbose- metric_tracker: Operating on 98 total designs and 44 "best fitness" designs.
10:28:22: verbose- metric_tracker: No "best fitness" expansion or contraction occurred this generation.
10:28:22: verbose- metric_tracker: Population density increased by 12.597%.
10:28:22: verbose- metric_tracker: 5.405% of the previous "best fitness" population is dominated by designs in the current "best fitness" population.
10:28:22: verbose- metric_tracker: Pushed metric value of 0.180024 onto the convergence stack.
10:28:22: quiet- duplicate_free: 9 generations so far.
10:28:22: quiet- duplicate_free: 526 evaluations so far.
10:28:22: verbose- duplicate_free: 98 members in population so far.
10:28:22: verbose- multi_point_parameterized_binary: 40 children created.
10:28:22: verbose- offset_normal: Performed 20 total mutations.
10:28:22: quiet- NO_ID: Invalid value of 2.3231 found for variable DAKOTA_RC_8.  Corrected to 1.8974.
10:28:22: quiet- NO_ID: Invalid value of 2.26992 found for variable DAKOTA_RC_2.  Corrected to 2.19071.
10:28:22: quiet- NO_ID: Invalid value of 1.37045 found for variable DAKOTA_RC_7.  Corrected to 1.7738.
10:28:22: quiet- NO_ID: Invalid value of 1.66782 found for variable DAKOTA_RC_8.  Corrected to 2.22754.
10:28:22: quiet- NO_ID: Invalid value of 1.30758 found for variable DAKOTA_RC_7.  Corrected to 1.84854.
10:28:22: quiet- NO_ID: Invalid value of 2.32052 found for variable DAKOTA_RC_9.  Corrected to 2.16221.
10:28:22: quiet- NO_ID: Invalid value of 12.4002 found for variable DAKOTA_EP_1.  Corrected to 5.77541.
10:28:22: quiet- NO_ID: Invalid value of 2.07165 found for variable DAKOTA_RC_3.  Corrected to 1.68922.
10:28:22: quiet- NO_ID: Invalid value of 2.34999 found for variable DAKOTA_RC_4.  Corrected to 1.84301.
10:28:22: quiet- NO_ID: Invalid value of 1.37134 found for variable DAKOTA_RC_6.  Corrected to 1.66754.
10:28:22: quiet- NO_ID: Invalid value of 2.06164 found for variable DAKOTA_RC_7.  Corrected to 1.51096.
10:28:22: quiet- NO_ID: Invalid value of 1.49578 found for variable DAKOTA_RC_8.  Corrected to 2.29309.
10:28:22: quiet- NO_ID: Invalid value of 2.15561 found for variable DAKOTA_RC_7.  Corrected to 1.43484.
10:28:22: quiet- NO_ID: Invalid value of 1.46161 found for variable DAKOTA_RC_9.  Corrected to 1.9722.
10:28:22: quiet- NO_ID: Invalid value of 2.32345 found for variable DAKOTA_RC_8.  Corrected to 1.94992.
10:28:22: quiet- NO_ID: Invalid value of 1.63505 found for variable DAKOTA_RC_8.  Corrected to 1.93841.
10:28:22: quiet- NO_ID: Invalid value of 1.8091 found for variable DAKOTA_RC_2.  Corrected to 2.03553.
10:28:22: quiet- NO_ID: Invalid value of 15.3629 found for variable DAKOTA_EP_1.  Corrected to 4.67861.
10:28:22: quiet- NO_ID: Invalid value of 1.2886 found for variable DAKOTA_RC_7.  Corrected to 1.91318.
10:28:22: quiet- NO_ID: Invalid value of 2.47143 found for variable DAKOTA_RC_1.  Corrected to 2.2185.
15:20:21: verbose- below_limit: Performed 128 total selections.
15:20:21: verbose- NO_ID: 3 of 98 population members were not selected to continue.  27 of 60 offspring were immediately rejected.
15:20:21: verbose- metric_tracker: Operating on 128 total designs and 50 "best fitness" designs.
15:20:21: verbose- metric_tracker: Max "best fitness" expanse change of 0.003% found for objective "Non-Linear Minimize obj_fn_2".
15:20:21: verbose- metric_tracker: Population density increased by 30.404%.
15:20:21: verbose- metric_tracker: 9.091% of the previous "best fitness" population is dominated by designs in the current "best fitness" population.
15:20:21: verbose- metric_tracker: Pushed metric value of 0.394983 onto the convergence stack.
15:20:21: verbose- metric_tracker: Current max percentage progress is 57.359%.
15:20:21: verbose- metric_tracker: Convergence attained.
15:20:21: quiet- duplicate_free: 10 generations so far.
15:20:21: quiet- duplicate_free: 586 evaluations so far.
15:20:21: verbose- duplicate_free: 128 members in population so far.
15:20:21: verbose- NO_ID: Reclaimed 0 optimal designs from the discards.
15:20:21: quiet- NO_ID: Reclaimed 0 optimal designs that had been selected out.
15:20:21: verbose- NO_ID: Flushed 78 dominated designs from the population.
15:20:21: quiet- NO_ID: Ran 10 total generations.
15:20:21: quiet- NO_ID: Final population size = 50
15:20:21: verbose- NO_ID: Wrote designs file ".//finaldata1.dat".
15:20:21: verbose- NO_ID: Wrote designs file ".//discards.dat".
15:20:21: quiet- JEGA Front End: NO_ID execution took 9.89 seconds.
15:20:21: quiet- JEGA Front End: Execution took 9.89 seconds.
15:20:21: verbose- NO_ID: algorithm execution completed. 50 solutions found. Passing them back to DAKOTA.
15:20:21: quiet- NO_ID: find optimum completed and all results have been passed back to DAKOTA.


15:20:21: quiet- NO_ID: goodbye!


