JEGA Genetic Algorithm Optimization Software v2.7.0
Run started Thu Jun 13 16:33:45 2019

Global Log initialized using "verbose" as default level.
Global Log logging to file JEGAGlobal.log
Global Log logging to console window
16:33:45: quiet- JEGA Front End: Random seed = 1560518025
16:33:45: verbose- Design Target: Design variable DAKOTA_RC_1 added.  1 design variables now in target.
16:33:45: verbose- Design Target: Design variable DAKOTA_RC_2 added.  2 design variables now in target.
16:33:45: verbose- Design Target: Design variable DAKOTA_RC_3 added.  3 design variables now in target.
16:33:45: verbose- Design Target: Design variable DAKOTA_RC_4 added.  4 design variables now in target.
16:33:45: verbose- Design Target: Design variable DAKOTA_RC_5 added.  5 design variables now in target.
16:33:45: verbose- Design Target: Design variable DAKOTA_RC_6 added.  6 design variables now in target.
16:33:45: verbose- Design Target: Design variable DAKOTA_RC_7 added.  7 design variables now in target.
16:33:45: verbose- Design Target: Design variable DAKOTA_RC_8 added.  8 design variables now in target.
16:33:45: verbose- Design Target: Design variable DAKOTA_RC_9 added.  9 design variables now in target.
16:33:45: verbose- Design Target: Design variable DAKOTA_EP_1 added.  10 design variables now in target.
16:33:45: verbose- Design Target: Design variable DAKOTA_EP_2 added.  11 design variables now in target.
16:33:45: verbose- Design Target: Design variable DAKOTA_EP_3 added.  12 design variables now in target.
16:33:45: verbose- Design Target: Objective Non-Linear Minimize obj_fn_1 added.  1 objectives now in target.
16:33:45: verbose- Design Target: Objective Non-Linear Minimize obj_fn_2 added.  2 objectives now in target.
16:33:45: verbose- Design Target: Objective Non-Linear Minimize obj_fn_3 added.  3 objectives now in target.
16:33:45: verbose- JEGA Front End: Creating a MOGA
16:33:45: debug-  Matching Group: Trying "Domination Count Operator Group".
16:33:45: verbose- Domination Count Operator Group: Contains Converger "metric_tracker".
16:33:45: verbose- Domination Count Operator Group: Contains Crosser "multi_point_parameterized_binary".
16:33:45: verbose- Domination Count Operator Group: Contains FitnessAssessor "domination_count".
16:33:45: verbose- Domination Count Operator Group: Contains Initializer "unique_random".
16:33:45: verbose- Domination Count Operator Group: Contains MainLoop "duplicate_free".
16:33:45: verbose- Domination Count Operator Group: Contains Mutator "offset_normal".
16:33:45: verbose- Domination Count Operator Group: Contains Selector "below_limit".
16:33:45: verbose- Domination Count Operator Group: Contains PostProcessor "null_postprocessor".
16:33:45: verbose- Domination Count Operator Group: Contains NichePressureApplicator "null_niching".
16:33:45: debug-  Matching Group: "Domination Count Operator Group" match succeeded.
16:33:45: quiet- : Matched new set to a group that is not the current group.  Adopting the new group.
16:33:45: verbose- Domination Count Operator Group: Contains Converger "metric_tracker".
16:33:45: verbose- Domination Count Operator Group: Contains Crosser "multi_point_parameterized_binary".
16:33:45: verbose- Domination Count Operator Group: Contains FitnessAssessor "domination_count".
16:33:45: verbose- Domination Count Operator Group: Contains Initializer "unique_random".
16:33:45: verbose- Domination Count Operator Group: Contains MainLoop "duplicate_free".
16:33:45: verbose- Domination Count Operator Group: Contains Mutator "offset_normal".
16:33:45: verbose- Domination Count Operator Group: Contains Selector "below_limit".
16:33:45: verbose- Domination Count Operator Group: Contains PostProcessor "null_postprocessor".
16:33:45: verbose- Domination Count Operator Group: Contains NichePressureApplicator "null_niching".
16:33:45: verbose- NO_ID: The name of this GA is now NO_ID
16:33:45: verbose- NO_ID: The print each population flag is now set to 0
16:33:45: verbose- NO_ID: The print final data flag is now set to 1
16:33:45: verbose- NO_ID: The print discards flag is now set to 1
16:33:45: verbose- NO_ID: The name of the file to which final data will be written is now finaldata1.dat
16:33:45: verbose- NO_ID: The data directory is now set to ./
16:33:45: verbose- metric_tracker: Number of generations tracked now = 10
16:33:45: verbose- metric_tracker: Max allowable % change now = 1
16:33:45: verbose- metric_tracker: Maximum allowable generations now = 100
16:33:45: verbose- metric_tracker: Maximum allowable evaluations now = 20000
16:33:45: quiet- Error encountered while retrieving parameter named "method.max_time" of type "d" from parameter database reading: Parameter not found for tag: method.max_time
16:33:45: verbose- metric_tracker: The maximum allowable amount of time was not found in the parameter database.  Using the current value of 1.79769e+308
16:33:45: verbose- metric_tracker: Maximum allowable time now = 1.79769e+308 seconds 
16:33:45: quiet- Error encountered while retrieving parameter named "method.jega.num_cross_points" of type "St6vectorIiSaIiEE" from parameter database reading: Parameter not found for tag: method.jega.num_cross_points
16:33:45: verbose- multi_point_parameterized_binary: The number of crossover points for each variable were not found in the parameter database.  Checking for a single value.
16:33:45: verbose- multi_point_parameterized_binary: Number of crossover points now = 2
16:33:45: verbose- multi_point_parameterized_binary: Crossover rate now = 0.4
16:33:45: verbose- multi_point_parameterized_binary: Number of crossover points for variable "DAKOTA_RC_1" now = 2.
16:33:45: verbose- multi_point_parameterized_binary: Number of crossover points for variable "DAKOTA_RC_2" now = 2.
16:33:45: verbose- multi_point_parameterized_binary: Number of crossover points for variable "DAKOTA_RC_3" now = 2.
16:33:45: verbose- multi_point_parameterized_binary: Number of crossover points for variable "DAKOTA_RC_4" now = 2.
16:33:45: verbose- multi_point_parameterized_binary: Number of crossover points for variable "DAKOTA_RC_5" now = 2.
16:33:45: verbose- multi_point_parameterized_binary: Number of crossover points for variable "DAKOTA_RC_6" now = 2.
16:33:45: verbose- multi_point_parameterized_binary: Number of crossover points for variable "DAKOTA_RC_7" now = 2.
16:33:45: verbose- multi_point_parameterized_binary: Number of crossover points for variable "DAKOTA_RC_8" now = 2.
16:33:45: verbose- multi_point_parameterized_binary: Number of crossover points for variable "DAKOTA_RC_9" now = 2.
16:33:45: verbose- multi_point_parameterized_binary: Number of crossover points for variable "DAKOTA_EP_1" now = 2.
16:33:45: verbose- multi_point_parameterized_binary: Number of crossover points for variable "DAKOTA_EP_2" now = 2.
16:33:45: verbose- multi_point_parameterized_binary: Number of crossover points for variable "DAKOTA_EP_3" now = 2.
16:33:45: verbose- DAKOTA JEGA Evaluator: Maximum allowable evaluations now = 20000
16:33:45: verbose- DAKOTA JEGA Evaluator: The evaluation concurrency is now 1
16:33:45: verbose- unique_random: Desired initial population size now = 250
16:33:45: verbose- null_niching: Niched design caching now set to true.
16:33:45: quiet- Error encountered while retrieving parameter named "method.jega.max_niche_cache_size" of type "m" from parameter database reading: Parameter not found for tag: method.jega.max_niche_cache_size
16:33:45: verbose- null_niching: The max niche cache size value was not found in the parameter database.  Using the current value of 1
16:33:45: verbose- null_niching: Niched design caching max size now set to 18446744073709551615.
16:33:45: verbose- offset_normal: Offset range now = 0.05
16:33:45: verbose- offset_normal: Mutation rate now = 0.2
16:33:45: verbose- below_limit: Limiting value now = 6
16:33:45: verbose- below_limit: Shrinkage percentage now = 0.3
16:33:45: verbose- below_limit: Minimum selections now = 2
16:33:45: verbose- NO_ID: About to perform algorithm execution.
16:33:45: verbose- unique_random: 250 unique random designs created.
22:03:48: verbose- below_limit: Performed 75 total selections.
22:03:48: verbose- NO_ID: 175 of 250 population members were not selected to continue.  0 of 0 offspring were immediately rejected.
22:03:48: verbose- metric_tracker: Operating on 75 total designs and 7 "best fitness" designs.
22:03:48: verbose- metric_tracker: Pushed metric value of 0 onto the convergence stack.
22:03:48: quiet- duplicate_free: 1 generation so far.
22:03:48: quiet- duplicate_free: 250 evaluations so far.
22:03:48: verbose- duplicate_free: 75 members in population so far.
22:03:48: verbose- multi_point_parameterized_binary: 30 children created.
22:03:48: verbose- offset_normal: Performed 15 total mutations.
22:03:48: quiet- NO_ID: Invalid value of 2.13535 found for variable DAKOTA_RC_1.  Corrected to 2.39814.
22:03:48: quiet- NO_ID: Invalid value of 1.95916 found for variable DAKOTA_RC_8.  Corrected to 2.35429.
22:03:48: quiet- NO_ID: Invalid value of 1.83062 found for variable DAKOTA_RC_5.  Corrected to 2.17528.
22:03:48: quiet- NO_ID: Invalid value of 1.76467 found for variable DAKOTA_RC_7.  Corrected to 2.23754.
22:03:48: quiet- NO_ID: Invalid value of 1.92053 found for variable DAKOTA_RC_5.  Corrected to 2.02846.
22:03:48: quiet- NO_ID: Invalid value of 12.0351 found for variable DAKOTA_EP_3.  Corrected to 10.8155.
22:03:48: quiet- NO_ID: Invalid value of 1.9636 found for variable DAKOTA_RC_8.  Corrected to 2.65974.
22:03:48: quiet- NO_ID: Invalid value of 2.73244 found for variable DAKOTA_RC_1.  Corrected to 2.30989.
22:03:48: quiet- NO_ID: Invalid value of 2.71458 found for variable DAKOTA_RC_4.  Corrected to 2.69323.
22:03:48: quiet- NO_ID: Invalid value of 2.74979 found for variable DAKOTA_RC_1.  Corrected to 2.36128.
23:04:49: verbose- below_limit: Performed 40 total selections.
23:04:49: verbose- NO_ID: 53 of 75 population members were not selected to continue.  27 of 45 offspring were immediately rejected.
23:04:49: verbose- metric_tracker: Operating on 40 total designs and 9 "best fitness" designs.
23:04:49: verbose- metric_tracker: Max "best fitness" expanse change of 1.992% found for objective "Non-Linear Minimize obj_fn_1".
23:04:49: verbose- metric_tracker: Population density decreased by 48.003%.
23:04:49: verbose- metric_tracker: 28.571% of the previous "best fitness" population is dominated by designs in the current "best fitness" population.
23:04:49: verbose- metric_tracker: Pushed metric value of 0.78567 onto the convergence stack.
23:04:49: quiet- duplicate_free: 2 generations so far.
23:04:49: quiet- duplicate_free: 295 evaluations so far.
23:04:49: verbose- duplicate_free: 40 members in population so far.
23:04:49: verbose- multi_point_parameterized_binary: 16 children created.
23:04:49: quiet- offset_normal: Produced invalid  variable representation -0.384302. Mutation performed without corrective action.
23:04:49: verbose- offset_normal: Performed 8 total mutations.
23:04:49: quiet- NO_ID: Invalid value of 2.05491 found for variable DAKOTA_RC_1.  Corrected to 2.64254.
23:04:49: quiet- NO_ID: Invalid value of 1.99544 found for variable DAKOTA_RC_4.  Corrected to 2.69991.
23:04:49: quiet- NO_ID: Invalid value of 16.2074 found for variable DAKOTA_EP_3.  Corrected to 6.32491.
23:04:49: quiet- NO_ID: Invalid value of 1.90334 found for variable DAKOTA_RC_6.  Corrected to 2.02961.
23:04:49: quiet- NO_ID: Invalid value of 1.78051 found for variable DAKOTA_RC_7.  Corrected to 2.69454.
23:04:49: quiet- NO_ID: Invalid value of 1.99886 found for variable DAKOTA_RC_9.  Corrected to 2.54235.
23:04:49: quiet- NO_ID: Invalid value of 13.7046 found for variable DAKOTA_EP_2.  Corrected to 0.0243575.
23:04:49: quiet- NO_ID: Invalid value of -0.384302 found for variable DAKOTA_EP_2.  Corrected to 4.18939.
23:04:49: quiet- NO_ID: Invalid value of 2.75798 found for variable DAKOTA_RC_1.  Corrected to 2.50507.
23:39:11: verbose- below_limit: Performed 43 total selections.
23:39:11: verbose- NO_ID: 9 of 40 population members were not selected to continue.  12 of 24 offspring were immediately rejected.
23:39:11: verbose- metric_tracker: Operating on 43 total designs and 11 "best fitness" designs.
23:39:11: verbose- metric_tracker: Max "best fitness" expanse change of -61.501% found for objective "Non-Linear Minimize obj_fn_3".
23:39:11: verbose- metric_tracker: Population density increased by 179.634%.
23:39:11: verbose- metric_tracker: 11.111% of the previous "best fitness" population is dominated by designs in the current "best fitness" population.
23:39:11: verbose- metric_tracker: Pushed metric value of 2.52246 onto the convergence stack.
23:39:11: quiet- duplicate_free: 3 generations so far.
23:39:11: quiet- duplicate_free: 319 evaluations so far.
23:39:11: verbose- duplicate_free: 43 members in population so far.
23:39:11: verbose- multi_point_parameterized_binary: 18 children created.
23:39:11: verbose- offset_normal: Performed 9 total mutations.
23:39:11: quiet- NO_ID: Invalid value of 12.8897 found for variable DAKOTA_EP_1.  Corrected to 7.36306.
00:15:44: verbose- below_limit: Performed 52 total selections.
00:15:44: verbose- NO_ID: 2 of 43 population members were not selected to continue.  16 of 27 offspring were immediately rejected.
00:15:44: verbose- metric_tracker: Operating on 52 total designs and 11 "best fitness" designs.
00:15:44: verbose- metric_tracker: No "best fitness" expansion or contraction occurred this generation.
00:15:44: verbose- metric_tracker: Population density increased by 20.93%.
00:15:44: verbose- metric_tracker: 9.091% of the previous "best fitness" population is dominated by designs in the current "best fitness" population.
00:15:44: verbose- metric_tracker: Pushed metric value of 0.300211 onto the convergence stack.
00:15:44: quiet- duplicate_free: 4 generations so far.
00:15:44: quiet- duplicate_free: 346 evaluations so far.
00:15:44: verbose- duplicate_free: 52 members in population so far.
00:15:44: verbose- multi_point_parameterized_binary: 20 children created.
00:15:44: verbose- offset_normal: Performed 10 total mutations.
00:15:44: quiet- NO_ID: Invalid value of 1.79812 found for variable DAKOTA_RC_7.  Corrected to 2.16801.
00:15:44: quiet- NO_ID: Invalid value of 2.21146 found for variable DAKOTA_RC_3.  Corrected to 1.81396.
00:15:44: quiet- NO_ID: Invalid value of 2.70459 found for variable DAKOTA_RC_7.  Corrected to 2.30771.
00:57:28: verbose- below_limit: Performed 54 total selections.
00:57:28: verbose- NO_ID: 7 of 52 population members were not selected to continue.  21 of 30 offspring were immediately rejected.
00:57:28: verbose- metric_tracker: Operating on 54 total designs and 13 "best fitness" designs.
00:57:28: verbose- metric_tracker: Max "best fitness" expanse change of -43.949% found for objective "Non-Linear Minimize obj_fn_1".
00:57:28: verbose- metric_tracker: Population density increased by 3.831%.
00:57:28: verbose- metric_tracker: 9.091% of the previous "best fitness" population is dominated by designs in the current "best fitness" population.
00:57:28: verbose- metric_tracker: Pushed metric value of 0.56871 onto the convergence stack.
00:57:28: quiet- duplicate_free: 5 generations so far.
00:57:28: quiet- duplicate_free: 376 evaluations so far.
00:57:28: verbose- duplicate_free: 54 members in population so far.
00:57:28: verbose- multi_point_parameterized_binary: 22 children created.
00:57:28: verbose- offset_normal: Performed 11 total mutations.
00:57:28: quiet- NO_ID: Invalid value of 2.70708 found for variable DAKOTA_RC_6.  Corrected to 2.59991.
00:57:28: quiet- NO_ID: Invalid value of 2.70803 found for variable DAKOTA_RC_6.  Corrected to 2.58117.
00:57:28: quiet- NO_ID: Invalid value of 2.20821 found for variable DAKOTA_RC_3.  Corrected to 2.03058.
00:57:28: quiet- NO_ID: Invalid value of 2.2206 found for variable DAKOTA_RC_3.  Corrected to 1.86183.
00:57:28: quiet- NO_ID: Invalid value of 1.95043 found for variable DAKOTA_RC_5.  Corrected to 2.04762.
00:57:28: quiet- NO_ID: Invalid value of 1.9366 found for variable DAKOTA_RC_8.  Corrected to 2.05668.
00:57:28: quiet- NO_ID: Invalid value of 13.1291 found for variable DAKOTA_EP_3.  Corrected to 11.889.
01:42:31: verbose- below_limit: Performed 48 total selections.
01:42:31: verbose- NO_ID: 19 of 54 population members were not selected to continue.  20 of 33 offspring were immediately rejected.
01:42:31: verbose- metric_tracker: Operating on 48 total designs and 18 "best fitness" designs.
01:42:31: verbose- metric_tracker: Max "best fitness" expanse change of 1409.17% found for objective "Non-Linear Minimize obj_fn_3".
01:42:31: verbose- metric_tracker: Population density decreased by 7.453%.
01:42:31: verbose- metric_tracker: 15.385% of the previous "best fitness" population is dominated by designs in the current "best fitness" population.
01:42:31: verbose- metric_tracker: Pushed metric value of 14.32 onto the convergence stack.
01:42:31: quiet- duplicate_free: 6 generations so far.
01:42:31: quiet- duplicate_free: 409 evaluations so far.
01:42:31: verbose- duplicate_free: 48 members in population so far.
01:42:31: verbose- multi_point_parameterized_binary: 20 children created.
01:42:31: verbose- offset_normal: Performed 10 total mutations.
01:42:31: quiet- NO_ID: Invalid value of 1.95861 found for variable DAKOTA_RC_5.  Corrected to 2.38424.
01:42:31: quiet- NO_ID: Invalid value of 2.70316 found for variable DAKOTA_RC_4.  Corrected to 2.22984.
01:42:31: quiet- NO_ID: Invalid value of 1.72693 found for variable DAKOTA_RC_7.  Corrected to 2.6874.
02:21:11: verbose- below_limit: Performed 46 total selections.
02:21:11: verbose- NO_ID: 16 of 48 population members were not selected to continue.  16 of 30 offspring were immediately rejected.
02:21:11: verbose- metric_tracker: Operating on 46 total designs and 25 "best fitness" designs.
02:21:11: verbose- metric_tracker: Max "best fitness" expanse change of 17.689% found for objective "Non-Linear Minimize obj_fn_1".
02:21:11: verbose- metric_tracker: Population density decreased by 4.259%.
02:21:11: verbose- metric_tracker: No "best fitness" designs from the previous population are dominated by "best fitness" designs in the current population.
02:21:11: verbose- metric_tracker: Pushed metric value of 0.219489 onto the convergence stack.
02:21:11: quiet- duplicate_free: 7 generations so far.
02:21:11: quiet- duplicate_free: 439 evaluations so far.
02:21:11: verbose- duplicate_free: 46 members in population so far.
02:21:11: verbose- multi_point_parameterized_binary: 18 children created.
02:21:11: verbose- offset_normal: Performed 9 total mutations.
02:21:11: quiet- NO_ID: Invalid value of 1.73179 found for variable DAKOTA_RC_9.  Corrected to 2.2433.
02:21:11: quiet- NO_ID: Invalid value of 1.96756 found for variable DAKOTA_RC_9.  Corrected to 2.16625.
02:58:33: verbose- below_limit: Performed 54 total selections.
02:58:33: verbose- NO_ID: 1 of 46 population members were not selected to continue.  18 of 27 offspring were immediately rejected.
02:58:33: verbose- metric_tracker: Operating on 54 total designs and 29 "best fitness" designs.
02:58:33: verbose- metric_tracker: Max "best fitness" expanse change of 0% found for objective "Non-Linear Minimize obj_fn_2".
02:58:33: verbose- metric_tracker: Population density increased by 17.391%.
02:58:33: verbose- metric_tracker: 4% of the previous "best fitness" population is dominated by designs in the current "best fitness" population.
02:58:33: verbose- metric_tracker: Pushed metric value of 0.213913 onto the convergence stack.
02:58:33: quiet- duplicate_free: 8 generations so far.
02:58:33: quiet- duplicate_free: 466 evaluations so far.
02:58:33: verbose- duplicate_free: 54 members in population so far.
02:58:33: verbose- multi_point_parameterized_binary: 22 children created.
02:58:33: quiet- offset_normal: Produced invalid  variable representation 2.21764. Mutation performed without corrective action.
02:58:33: verbose- offset_normal: Performed 11 total mutations.
02:58:33: quiet- NO_ID: Invalid value of 2.71432 found for variable DAKOTA_RC_7.  Corrected to 2.29337.
02:58:33: quiet- NO_ID: Invalid value of 1.99772 found for variable DAKOTA_RC_8.  Corrected to 2.48724.
02:58:33: quiet- NO_ID: Invalid value of 1.81335 found for variable DAKOTA_RC_6.  Corrected to 2.15166.
02:58:33: quiet- NO_ID: Invalid value of 1.94105 found for variable DAKOTA_RC_6.  Corrected to 2.68607.
02:58:33: quiet- NO_ID: Invalid value of 1.94024 found for variable DAKOTA_RC_9.  Corrected to 2.07323.
02:58:33: quiet- NO_ID: Invalid value of 1.99788 found for variable DAKOTA_RC_6.  Corrected to 2.10211.
02:58:33: quiet- NO_ID: Invalid value of 2.21764 found for variable DAKOTA_RC_3.  Corrected to 2.18693.
02:58:33: quiet- NO_ID: Invalid value of 1.72501 found for variable DAKOTA_RC_6.  Corrected to 2.16353.
02:58:33: quiet- NO_ID: Invalid value of 1.94619 found for variable DAKOTA_RC_6.  Corrected to 2.52968.
02:58:33: quiet- NO_ID: Invalid value of 2.73554 found for variable DAKOTA_RC_1.  Corrected to 2.59703.
02:58:33: quiet- NO_ID: Invalid value of 1.94488 found for variable DAKOTA_RC_7.  Corrected to 2.50081.
03:44:37: verbose- below_limit: Performed 61 total selections.
03:44:37: verbose- NO_ID: 6 of 54 population members were not selected to continue.  20 of 33 offspring were immediately rejected.
03:44:37: verbose- metric_tracker: Operating on 61 total designs and 32 "best fitness" designs.
03:44:37: verbose- metric_tracker: Max "best fitness" expanse change of -83.038% found for objective "Non-Linear Minimize obj_fn_3".
03:44:37: verbose- metric_tracker: Population density increased by 13.271%.
03:44:37: verbose- metric_tracker: 3.448% of the previous "best fitness" population is dominated by designs in the current "best fitness" population.
03:44:37: verbose- metric_tracker: Pushed metric value of 0.997576 onto the convergence stack.
03:44:37: quiet- duplicate_free: 9 generations so far.
03:44:37: quiet- duplicate_free: 499 evaluations so far.
03:44:37: verbose- duplicate_free: 61 members in population so far.
03:44:37: verbose- multi_point_parameterized_binary: 24 children created.
03:44:37: quiet- offset_normal: Produced invalid  variable representation 2.70163. Mutation performed without corrective action.
03:44:37: verbose- offset_normal: Performed 12 total mutations.
03:44:37: quiet- NO_ID: Invalid value of 2.70163 found for variable DAKOTA_RC_5.  Corrected to 2.50306.
03:44:37: quiet- NO_ID: Invalid value of 2.70245 found for variable DAKOTA_RC_6.  Corrected to 2.21749.
03:44:37: quiet- NO_ID: Invalid value of 1.67806 found for variable DAKOTA_RC_9.  Corrected to 2.63288.
03:44:37: quiet- NO_ID: Invalid value of 1.71923 found for variable DAKOTA_RC_7.  Corrected to 2.37752.
03:44:37: quiet- NO_ID: Invalid value of 1.72693 found for variable DAKOTA_RC_8.  Corrected to 2.31842.
03:44:37: quiet- NO_ID: Invalid value of 2.71432 found for variable DAKOTA_RC_7.  Corrected to 2.23964.
04:31:20: verbose- below_limit: Performed 66 total selections.
04:31:20: verbose- NO_ID: 7 of 61 population members were not selected to continue.  24 of 36 offspring were immediately rejected.
04:31:20: verbose- metric_tracker: Operating on 66 total designs and 41 "best fitness" designs.
04:31:20: verbose- metric_tracker: No "best fitness" expansion or contraction occurred this generation.
04:31:20: verbose- metric_tracker: Population density increased by 8.197%.
04:31:20: verbose- metric_tracker: 3.125% of the previous "best fitness" population is dominated by designs in the current "best fitness" population.
04:31:20: verbose- metric_tracker: Pushed metric value of 0.113217 onto the convergence stack.
04:31:20: verbose- metric_tracker: Current max percentage progress is 1432%.
04:31:20: quiet- duplicate_free: 10 generations so far.
04:31:20: quiet- duplicate_free: 535 evaluations so far.
04:31:20: verbose- duplicate_free: 66 members in population so far.
04:31:20: verbose- multi_point_parameterized_binary: 26 children created.
04:31:20: verbose- offset_normal: Performed 13 total mutations.
04:31:20: quiet- NO_ID: Invalid value of 1.70574 found for variable DAKOTA_RC_4.  Corrected to 2.13604.
04:31:20: quiet- NO_ID: Invalid value of 1.99944 found for variable DAKOTA_RC_6.  Corrected to 2.18235.
04:31:20: quiet- NO_ID: Invalid value of 2.75233 found for variable DAKOTA_RC_1.  Corrected to 2.29918.
04:31:20: quiet- NO_ID: Invalid value of 16.7391 found for variable DAKOTA_EP_3.  Corrected to 3.42346.
04:31:20: quiet- NO_ID: Invalid value of 2.75391 found for variable DAKOTA_RC_1.  Corrected to 2.56777.
05:18:59: verbose- below_limit: Performed 82 total selections.
05:18:59: verbose- NO_ID: 0 of 66 population members were not selected to continue.  23 of 39 offspring were immediately rejected.
05:18:59: verbose- metric_tracker: Operating on 82 total designs and 44 "best fitness" designs.
05:18:59: verbose- metric_tracker: No "best fitness" expansion or contraction occurred this generation.
05:18:59: verbose- metric_tracker: Population density increased by 24.242%.
05:18:59: verbose- metric_tracker: 2.439% of the previous "best fitness" population is dominated by designs in the current "best fitness" population.
05:18:59: verbose- metric_tracker: Pushed metric value of 0.266814 onto the convergence stack.
05:18:59: verbose- metric_tracker: Current max percentage progress is 1432%.
05:18:59: quiet- duplicate_free: 11 generations so far.
05:18:59: quiet- duplicate_free: 574 evaluations so far.
05:18:59: verbose- duplicate_free: 82 members in population so far.
05:18:59: verbose- multi_point_parameterized_binary: 32 children created.
05:18:59: quiet- offset_normal: Produced invalid  variable representation 2.73155. Mutation performed without corrective action.
05:18:59: verbose- offset_normal: Performed 16 total mutations.
05:18:59: quiet- NO_ID: Invalid value of 1.98574 found for variable DAKOTA_RC_9.  Corrected to 2.31723.
05:18:59: quiet- NO_ID: Invalid value of 2.73155 found for variable DAKOTA_RC_4.  Corrected to 2.06957.
05:18:59: quiet- NO_ID: Invalid value of 2.70985 found for variable DAKOTA_RC_4.  Corrected to 2.51529.
06:22:28: verbose- below_limit: Performed 88 total selections.
06:22:28: verbose- NO_ID: 11 of 82 population members were not selected to continue.  31 of 48 offspring were immediately rejected.
06:22:28: verbose- metric_tracker: Operating on 88 total designs and 52 "best fitness" designs.
06:22:28: verbose- metric_tracker: No "best fitness" expansion or contraction occurred this generation.
06:22:28: verbose- metric_tracker: Population density increased by 11.602%.
06:22:28: verbose- metric_tracker: 2.273% of the previous "best fitness" population is dominated by designs in the current "best fitness" population.
06:22:28: verbose- metric_tracker: Pushed metric value of 0.138745 onto the convergence stack.
06:22:28: verbose- metric_tracker: Current max percentage progress is 1432%.
06:22:28: quiet- duplicate_free: 12 generations so far.
06:22:28: quiet- duplicate_free: 622 evaluations so far.
06:22:28: verbose- duplicate_free: 88 members in population so far.
06:22:28: verbose- multi_point_parameterized_binary: 36 children created.
06:22:28: quiet- offset_normal: Produced invalid  variable representation 2.21116. Mutation performed without corrective action.
06:22:28: quiet- offset_normal: Produced invalid  variable representation 2.20389. Mutation performed without corrective action.
06:22:28: quiet- offset_normal: Produced invalid  variable representation 1.9839. Mutation performed without corrective action.
06:22:28: verbose- offset_normal: Performed 18 total mutations.
06:22:28: quiet- NO_ID: Invalid value of 2.21116 found for variable DAKOTA_RC_2.  Corrected to 2.07846.
06:22:28: quiet- NO_ID: Invalid value of 1.97719 found for variable DAKOTA_RC_6.  Corrected to 2.65701.
06:22:28: quiet- NO_ID: Invalid value of 1.78488 found for variable DAKOTA_RC_4.  Corrected to 2.11421.
06:22:28: quiet- NO_ID: Invalid value of 2.23156 found for variable DAKOTA_RC_2.  Corrected to 2.02134.
06:22:28: quiet- NO_ID: Invalid value of 1.79569 found for variable DAKOTA_RC_7.  Corrected to 2.42783.
06:22:28: quiet- NO_ID: Invalid value of 2.20389 found for variable DAKOTA_RC_3.  Corrected to 2.01924.
06:22:28: quiet- NO_ID: Invalid value of 2.70383 found for variable DAKOTA_RC_4.  Corrected to 2.4241.
06:22:28: quiet- NO_ID: Invalid value of 1.9839 found for variable DAKOTA_RC_8.  Corrected to 2.60563.
06:22:28: quiet- NO_ID: Invalid value of 2.70805 found for variable DAKOTA_RC_1.  Corrected to 2.56892.
07:33:10: verbose- below_limit: Performed 104 total selections.
07:33:10: verbose- NO_ID: 4 of 88 population members were not selected to continue.  34 of 54 offspring were immediately rejected.
07:33:10: verbose- metric_tracker: Operating on 104 total designs and 61 "best fitness" designs.
07:33:10: verbose- metric_tracker: Max "best fitness" expanse change of 0.104% found for objective "Non-Linear Minimize obj_fn_3".
07:33:10: verbose- metric_tracker: Population density increased by 18.163%.
07:33:10: verbose- metric_tracker: 7.692% of the previous "best fitness" population is dominated by designs in the current "best fitness" population.
07:33:10: verbose- metric_tracker: Pushed metric value of 0.259595 onto the convergence stack.
07:33:10: verbose- metric_tracker: Current max percentage progress is 1432%.
07:33:10: quiet- duplicate_free: 13 generations so far.
07:33:10: quiet- duplicate_free: 676 evaluations so far.
07:33:10: verbose- duplicate_free: 104 members in population so far.
07:33:10: verbose- multi_point_parameterized_binary: 42 children created.
07:33:10: quiet- offset_normal: Produced invalid  variable representation -0.514453. Mutation performed without corrective action.
07:33:10: verbose- offset_normal: Performed 21 total mutations.
07:33:10: quiet- NO_ID: Invalid value of 1.77048 found for variable DAKOTA_RC_8.  Corrected to 2.14099.
07:33:10: quiet- NO_ID: Invalid value of 2.20729 found for variable DAKOTA_RC_2.  Corrected to 2.04345.
07:33:10: quiet- NO_ID: Invalid value of 2.22226 found for variable DAKOTA_RC_3.  Corrected to 1.97817.
07:33:10: quiet- NO_ID: Invalid value of 1.85436 found for variable DAKOTA_RC_7.  Corrected to 2.61429.
07:33:10: quiet- NO_ID: Invalid value of -0.514453 found for variable DAKOTA_EP_2.  Corrected to 9.81975.
07:33:10: quiet- NO_ID: Invalid value of 2.7052 found for variable DAKOTA_RC_7.  Corrected to 2.14862.
07:33:10: quiet- NO_ID: Invalid value of 1.71536 found for variable DAKOTA_RC_7.  Corrected to 2.53155.
07:33:10: quiet- NO_ID: Invalid value of 1.83388 found for variable DAKOTA_RC_8.  Corrected to 2.68438.
08:57:57: verbose- below_limit: Performed 126 total selections.
08:57:57: verbose- NO_ID: 4 of 104 population members were not selected to continue.  37 of 63 offspring were immediately rejected.
08:57:57: verbose- metric_tracker: Operating on 126 total designs and 61 "best fitness" designs.
08:57:57: verbose- metric_tracker: No "best fitness" expansion or contraction occurred this generation.
08:57:57: verbose- metric_tracker: Population density increased by 21.154%.
08:57:57: verbose- metric_tracker: 21.311% of the previous "best fitness" population is dominated by designs in the current "best fitness" population.
08:57:57: verbose- metric_tracker: Pushed metric value of 0.424653 onto the convergence stack.
08:57:57: verbose- metric_tracker: Current max percentage progress is 1432%.
08:57:57: quiet- duplicate_free: 14 generations so far.
08:57:57: quiet- duplicate_free: 739 evaluations so far.
08:57:57: verbose- duplicate_free: 126 members in population so far.
08:57:57: verbose- multi_point_parameterized_binary: 50 children created.
08:57:57: quiet- offset_normal: Produced invalid  variable representation 2.74337. Mutation performed without corrective action.
08:57:57: verbose- offset_normal: Performed 25 total mutations.
08:57:57: quiet- NO_ID: Invalid value of 1.93966 found for variable DAKOTA_RC_9.  Corrected to 2.03516.
08:57:57: quiet- NO_ID: Invalid value of 2.71415 found for variable DAKOTA_RC_6.  Corrected to 2.64517.
08:57:57: quiet- NO_ID: Invalid value of 2.71422 found for variable DAKOTA_RC_6.  Corrected to 2.40906.
08:57:57: quiet- NO_ID: Invalid value of 1.87653 found for variable DAKOTA_RC_5.  Corrected to 2.53287.
08:57:57: quiet- NO_ID: Invalid value of 12.5527 found for variable DAKOTA_EP_1.  Corrected to 2.19108.
08:57:57: quiet- NO_ID: Invalid value of 1.77211 found for variable DAKOTA_RC_6.  Corrected to 2.52342.
08:57:57: quiet- NO_ID: Invalid value of 1.68847 found for variable DAKOTA_RC_7.  Corrected to 2.58042.
08:57:57: quiet- NO_ID: Invalid value of 2.74337 found for variable DAKOTA_RC_4.  Corrected to 2.11546.
10:34:40: verbose- below_limit: Performed 143 total selections.
10:34:40: verbose- NO_ID: 16 of 126 population members were not selected to continue.  42 of 75 offspring were immediately rejected.
10:34:40: verbose- metric_tracker: Operating on 143 total designs and 65 "best fitness" designs.
10:34:40: verbose- metric_tracker: Max "best fitness" expanse change of -23.028% found for objective "Non-Linear Minimize obj_fn_1".
10:34:40: verbose- metric_tracker: Population density increased by 80.791%.
10:34:40: verbose- metric_tracker: 26.23% of the previous "best fitness" population is dominated by designs in the current "best fitness" population.
10:34:40: verbose- metric_tracker: Pushed metric value of 1.30049 onto the convergence stack.
10:34:40: verbose- metric_tracker: Current max percentage progress is 1432%.
10:34:40: quiet- duplicate_free: 15 generations so far.
10:34:40: quiet- duplicate_free: 814 evaluations so far.
10:34:40: verbose- duplicate_free: 143 members in population so far.
10:34:40: verbose- multi_point_parameterized_binary: 58 children created.
10:34:40: quiet- offset_normal: Produced invalid  variable representation 2.70696. Mutation performed without corrective action.
10:34:40: quiet- offset_normal: Produced invalid  variable representation 1.97906. Mutation performed without corrective action.
10:34:40: quiet- offset_normal: Produced invalid  variable representation -0.116046. Mutation performed without corrective action.
10:34:40: verbose- offset_normal: Performed 29 total mutations.
10:34:40: quiet- NO_ID: Invalid value of 1.93915 found for variable DAKOTA_RC_8.  Corrected to 2.69362.
10:34:40: quiet- NO_ID: Invalid value of 2.70737 found for variable DAKOTA_RC_7.  Corrected to 2.41242.
10:34:40: quiet- NO_ID: Invalid value of 2.70696 found for variable DAKOTA_RC_6.  Corrected to 2.05117.
10:34:40: quiet- NO_ID: Invalid value of 2.20274 found for variable DAKOTA_RC_3.  Corrected to 1.86441.
10:34:40: quiet- NO_ID: Invalid value of 2.20823 found for variable DAKOTA_RC_3.  Corrected to 1.81896.
10:34:40: quiet- NO_ID: Invalid value of 1.81845 found for variable DAKOTA_RC_8.  Corrected to 2.20832.
10:34:40: quiet- NO_ID: Invalid value of 1.78516 found for variable DAKOTA_RC_8.  Corrected to 2.0476.
10:34:40: quiet- NO_ID: Invalid value of 1.72112 found for variable DAKOTA_RC_7.  Corrected to 2.45635.
10:34:40: quiet- NO_ID: Invalid value of 1.7192 found for variable DAKOTA_RC_7.  Corrected to 2.17986.
10:34:40: quiet- NO_ID: Invalid value of 1.99843 found for variable DAKOTA_RC_6.  Corrected to 2.10648.
10:34:40: quiet- NO_ID: Invalid value of 1.97906 found for variable DAKOTA_RC_6.  Corrected to 2.63478.
10:34:40: quiet- NO_ID: Invalid value of 1.81824 found for variable DAKOTA_RC_5.  Corrected to 2.33084.
10:34:40: quiet- NO_ID: Invalid value of -0.116046 found for variable DAKOTA_EP_2.  Corrected to 8.70059.
10:34:40: quiet- NO_ID: Invalid value of 2.21331 found for variable DAKOTA_RC_2.  Corrected to 2.05896.
10:34:40: quiet- NO_ID: Invalid value of 1.98854 found for variable DAKOTA_RC_7.  Corrected to 2.44878.
10:34:40: quiet- NO_ID: Invalid value of 1.77207 found for variable DAKOTA_RC_6.  Corrected to 2.18114.
12:27:55: verbose- below_limit: Performed 177 total selections.
12:27:55: verbose- NO_ID: 6 of 143 population members were not selected to continue.  47 of 87 offspring were immediately rejected.
12:27:55: verbose- metric_tracker: Operating on 177 total designs and 65 "best fitness" designs.
12:27:55: verbose- metric_tracker: Max "best fitness" expanse change of 566.107% found for objective "Non-Linear Minimize obj_fn_3".
12:27:55: verbose- metric_tracker: Population density increased by 51.002%.
12:27:55: verbose- metric_tracker: 23.077% of the previous "best fitness" population is dominated by designs in the current "best fitness" population.
12:27:55: verbose- metric_tracker: Pushed metric value of 6.40186 onto the convergence stack.
12:27:55: verbose- metric_tracker: Current max percentage progress is 640.186%.
12:27:55: quiet- duplicate_free: 16 generations so far.
12:27:55: quiet- duplicate_free: 901 evaluations so far.
12:27:55: verbose- duplicate_free: 177 members in population so far.
12:27:55: verbose- multi_point_parameterized_binary: 70 children created.
12:27:55: quiet- offset_normal: Produced invalid  variable representation 2.71517. Mutation performed without corrective action.
12:27:55: quiet- offset_normal: Produced invalid  variable representation -0.251105. Mutation performed without corrective action.
12:27:55: quiet- offset_normal: Produced invalid  variable representation -1.07826. Mutation performed without corrective action.
12:27:55: verbose- offset_normal: Performed 35 total mutations.
12:27:55: quiet- NO_ID: Invalid value of 2.71517 found for variable DAKOTA_RC_6.  Corrected to 2.40851.
12:27:55: quiet- NO_ID: Invalid value of 1.98134 found for variable DAKOTA_RC_7.  Corrected to 2.61683.
12:27:55: quiet- NO_ID: Invalid value of 1.99998 found for variable DAKOTA_RC_6.  Corrected to 2.68669.
12:27:55: quiet- NO_ID: Invalid value of 2.22226 found for variable DAKOTA_RC_3.  Corrected to 1.87718.
12:27:55: quiet- NO_ID: Invalid value of 1.93915 found for variable DAKOTA_RC_8.  Corrected to 2.24639.
12:27:55: quiet- NO_ID: Invalid value of 2.71622 found for variable DAKOTA_RC_6.  Corrected to 2.12487.
12:27:55: quiet- NO_ID: Invalid value of 1.98132 found for variable DAKOTA_RC_7.  Corrected to 2.03025.
12:27:55: quiet- NO_ID: Invalid value of 1.82482 found for variable DAKOTA_RC_5.  Corrected to 2.30587.
12:27:55: quiet- NO_ID: Invalid value of 1.71919 found for variable DAKOTA_RC_7.  Corrected to 2.01435.
12:27:55: quiet- NO_ID: Invalid value of 1.9754 found for variable DAKOTA_RC_7.  Corrected to 2.42845.
12:27:55: quiet- NO_ID: Invalid value of -0.251105 found for variable DAKOTA_EP_2.  Corrected to 7.86441.
12:27:55: quiet- NO_ID: Invalid value of 1.98174 found for variable DAKOTA_RC_7.  Corrected to 2.17569.
12:27:55: quiet- NO_ID: Invalid value of 1.92585 found for variable DAKOTA_RC_5.  Corrected to 2.45156.
12:27:55: quiet- NO_ID: Invalid value of 1.93999 found for variable DAKOTA_RC_8.  Corrected to 2.48108.
12:27:55: quiet- NO_ID: Invalid value of -1.07826 found for variable DAKOTA_EP_3.  Corrected to 9.8212.
14:47:45: verbose- below_limit: Performed 205 total selections.
14:47:45: verbose- NO_ID: 18 of 177 population members were not selected to continue.  59 of 105 offspring were immediately rejected.
14:47:45: verbose- metric_tracker: Operating on 205 total designs and 77 "best fitness" designs.
14:47:45: verbose- metric_tracker: No "best fitness" expansion or contraction occurred this generation.
14:47:45: verbose- metric_tracker: Population density increased by 15.819%.
14:47:45: verbose- metric_tracker: 4.615% of the previous "best fitness" population is dominated by designs in the current "best fitness" population.
14:47:45: verbose- metric_tracker: Pushed metric value of 0.204346 onto the convergence stack.
14:47:45: verbose- metric_tracker: Current max percentage progress is 640.186%.
14:47:45: quiet- duplicate_free: 17 generations so far.
14:47:45: quiet- duplicate_free: 1006 evaluations so far.
14:47:45: verbose- duplicate_free: 205 members in population so far.
14:47:45: verbose- multi_point_parameterized_binary: 82 children created.
14:47:45: quiet- offset_normal: Produced invalid  variable representation -0.194784. Mutation performed without corrective action.
14:47:45: quiet- offset_normal: Produced invalid  variable representation 1.9496. Mutation performed without corrective action.
14:47:45: verbose- offset_normal: Performed 41 total mutations.
14:47:45: quiet- NO_ID: Invalid value of 2.71122 found for variable DAKOTA_RC_5.  Corrected to 2.03258.
14:47:45: quiet- NO_ID: Invalid value of 1.97751 found for variable DAKOTA_RC_7.  Corrected to 2.61769.
14:47:45: quiet- NO_ID: Invalid value of 1.71392 found for variable DAKOTA_RC_7.  Corrected to 2.62687.
14:47:45: quiet- NO_ID: Invalid value of 1.77512 found for variable DAKOTA_RC_8.  Corrected to 2.03195.
14:47:45: quiet- NO_ID: Invalid value of 1.99957 found for variable DAKOTA_RC_8.  Corrected to 2.31387.
14:47:45: quiet- NO_ID: Invalid value of 1.97711 found for variable DAKOTA_RC_7.  Corrected to 2.05274.
14:47:45: quiet- NO_ID: Invalid value of -0.194784 found for variable DAKOTA_EP_2.  Corrected to 9.97817.
14:47:45: quiet- NO_ID: Invalid value of 1.9496 found for variable DAKOTA_RC_6.  Corrected to 2.56395.
14:47:45: quiet- NO_ID: Invalid value of 1.92585 found for variable DAKOTA_RC_5.  Corrected to 2.20909.
14:47:45: quiet- NO_ID: Invalid value of 1.94615 found for variable DAKOTA_RC_6.  Corrected to 2.29078.
14:47:45: quiet- NO_ID: Invalid value of 1.72296 found for variable DAKOTA_RC_8.  Corrected to 2.68717.
14:47:45: quiet- NO_ID: Invalid value of 1.82485 found for variable DAKOTA_RC_5.  Corrected to 2.00141.
14:47:45: quiet- NO_ID: Invalid value of 1.72558 found for variable DAKOTA_RC_7.  Corrected to 2.642.
14:47:45: quiet- NO_ID: Invalid value of 1.99944 found for variable DAKOTA_RC_6.  Corrected to 2.50911.
14:47:45: quiet- NO_ID: Invalid value of 1.93914 found for variable DAKOTA_RC_8.  Corrected to 2.26342.
14:47:45: quiet- NO_ID: Invalid value of 2.75228 found for variable DAKOTA_RC_1.  Corrected to 2.42053.
14:47:45: quiet- NO_ID: Invalid value of 1.76589 found for variable DAKOTA_RC_8.  Corrected to 2.08115.
17:32:16: verbose- below_limit: Performed 244 total selections.
17:32:16: verbose- NO_ID: 18 of 205 population members were not selected to continue.  66 of 123 offspring were immediately rejected.
17:32:16: verbose- metric_tracker: Operating on 244 total designs and 92 "best fitness" designs.
17:32:16: verbose- metric_tracker: Max "best fitness" expanse change of 6.165% found for objective "Non-Linear Minimize obj_fn_1".
17:32:16: verbose- metric_tracker: Population density increased by 19.011%.
17:32:16: verbose- metric_tracker: 10.39% of the previous "best fitness" population is dominated by designs in the current "best fitness" population.
17:32:16: verbose- metric_tracker: Pushed metric value of 0.355657 onto the convergence stack.
17:32:16: verbose- metric_tracker: Current max percentage progress is 640.186%.
17:32:16: quiet- duplicate_free: 18 generations so far.
17:32:16: quiet- duplicate_free: 1129 evaluations so far.
17:32:16: verbose- duplicate_free: 244 members in population so far.
17:32:16: verbose- multi_point_parameterized_binary: 98 children created.
17:32:16: verbose- offset_normal: Performed 49 total mutations.
17:32:16: quiet- NO_ID: Invalid value of 1.98655 found for variable DAKOTA_RC_8.  Corrected to 2.66297.
17:32:16: quiet- NO_ID: Invalid value of 2.20293 found for variable DAKOTA_RC_3.  Corrected to 2.13678.
17:32:16: quiet- NO_ID: Invalid value of 2.70641 found for variable DAKOTA_RC_8.  Corrected to 2.21259.
17:32:16: quiet- NO_ID: Invalid value of 2.71371 found for variable DAKOTA_RC_6.  Corrected to 2.23063.
17:32:16: quiet- NO_ID: Invalid value of 2.70603 found for variable DAKOTA_RC_6.  Corrected to 2.65152.
17:32:16: quiet- NO_ID: Invalid value of 2.70363 found for variable DAKOTA_RC_7.  Corrected to 2.36229.
17:32:16: quiet- NO_ID: Invalid value of 1.77416 found for variable DAKOTA_RC_6.  Corrected to 2.19503.
17:32:16: quiet- NO_ID: Invalid value of 2.20247 found for variable DAKOTA_RC_3.  Corrected to 1.769.
17:32:16: quiet- NO_ID: Invalid value of 1.99869 found for variable DAKOTA_RC_8.  Corrected to 2.35806.
17:32:16: quiet- NO_ID: Invalid value of 1.94962 found for variable DAKOTA_RC_6.  Corrected to 2.54184.
17:32:16: quiet- NO_ID: Invalid value of 1.9933 found for variable DAKOTA_RC_6.  Corrected to 2.69244.
17:32:16: quiet- NO_ID: Invalid value of 1.78024 found for variable DAKOTA_RC_8.  Corrected to 2.2718.
17:32:16: quiet- NO_ID: Invalid value of 1.94414 found for variable DAKOTA_RC_6.  Corrected to 2.4449.
17:32:16: quiet- NO_ID: Invalid value of 1.99807 found for variable DAKOTA_RC_6.  Corrected to 2.51527.
17:32:16: quiet- NO_ID: Invalid value of 1.68691 found for variable DAKOTA_RC_7.  Corrected to 2.36458.
17:32:16: quiet- NO_ID: Invalid value of 1.94905 found for variable DAKOTA_RC_7.  Corrected to 2.11488.
17:32:16: quiet- NO_ID: Invalid value of 1.96046 found for variable DAKOTA_RC_6.  Corrected to 2.25789.
17:32:16: quiet- NO_ID: Invalid value of 2.71253 found for variable DAKOTA_RC_7.  Corrected to 2.37508.
17:32:16: quiet- NO_ID: Invalid value of 2.20293 found for variable DAKOTA_RC_3.  Corrected to 1.8917.
17:32:16: quiet- NO_ID: Invalid value of 1.94134 found for variable DAKOTA_RC_8.  Corrected to 2.62758.
17:32:16: quiet- NO_ID: Invalid value of 1.69701 found for variable DAKOTA_RC_5.  Corrected to 2.23837.
17:32:16: quiet- NO_ID: Invalid value of 1.99944 found for variable DAKOTA_RC_6.  Corrected to 2.16735.
17:32:16: quiet- NO_ID: Invalid value of 1.94612 found for variable DAKOTA_RC_8.  Corrected to 2.0021.
17:32:16: quiet- NO_ID: Invalid value of 2.75569 found for variable DAKOTA_RC_1.  Corrected to 2.23958.
17:32:16: quiet- NO_ID: Invalid value of 1.92483 found for variable DAKOTA_RC_5.  Corrected to 2.3925.
20:40:24: verbose- below_limit: Performed 292 total selections.
20:40:24: verbose- NO_ID: 14 of 244 population members were not selected to continue.  85 of 147 offspring were immediately rejected.
20:40:24: verbose- metric_tracker: Operating on 292 total designs and 110 "best fitness" designs.
20:40:24: verbose- metric_tracker: No "best fitness" expansion or contraction occurred this generation.
20:40:24: verbose- metric_tracker: Population density increased by 11.791%.
20:40:24: verbose- metric_tracker: No "best fitness" designs from the previous population are dominated by "best fitness" designs in the current population.
20:40:24: verbose- metric_tracker: Pushed metric value of 0.117914 onto the convergence stack.
20:40:24: verbose- metric_tracker: Current max percentage progress is 640.186%.
20:40:24: quiet- duplicate_free: 19 generations so far.
20:40:24: quiet- duplicate_free: 1276 evaluations so far.
20:40:24: verbose- duplicate_free: 292 members in population so far.
20:40:24: verbose- multi_point_parameterized_binary: 116 children created.
20:40:24: quiet- offset_normal: Produced invalid  variable representation 1.94624. Mutation performed without corrective action.
20:40:24: verbose- offset_normal: Performed 58 total mutations.
20:40:24: quiet- NO_ID: Invalid value of 1.98772 found for variable DAKOTA_RC_7.  Corrected to 2.31582.
20:40:24: quiet- NO_ID: Invalid value of 1.99842 found for variable DAKOTA_RC_6.  Corrected to 2.33899.
20:40:24: quiet- NO_ID: Invalid value of 1.98277 found for variable DAKOTA_RC_7.  Corrected to 2.54856.
20:40:24: quiet- NO_ID: Invalid value of 1.94624 found for variable DAKOTA_RC_6.  Corrected to 2.48822.
20:40:24: quiet- NO_ID: Invalid value of 1.92483 found for variable DAKOTA_RC_5.  Corrected to 2.5695.
20:40:24: quiet- NO_ID: Invalid value of 1.99806 found for variable DAKOTA_RC_6.  Corrected to 2.42673.
20:40:24: quiet- NO_ID: Invalid value of 1.71449 found for variable DAKOTA_RC_7.  Corrected to 2.49326.
20:40:24: quiet- NO_ID: Invalid value of 1.7741 found for variable DAKOTA_RC_8.  Corrected to 2.62994.
20:40:24: quiet- NO_ID: Invalid value of 1.99919 found for variable DAKOTA_RC_8.  Corrected to 2.05452.
20:40:24: quiet- NO_ID: Invalid value of 1.92675 found for variable DAKOTA_RC_5.  Corrected to 2.44916.
20:40:24: quiet- NO_ID: Invalid value of 1.71923 found for variable DAKOTA_RC_7.  Corrected to 2.37917.
20:40:24: quiet- NO_ID: Invalid value of 1.72453 found for variable DAKOTA_RC_8.  Corrected to 2.23827.
20:40:24: quiet- NO_ID: Invalid value of 1.77237 found for variable DAKOTA_RC_8.  Corrected to 2.23856.
20:40:24: quiet- NO_ID: Invalid value of 1.9822 found for variable DAKOTA_RC_7.  Corrected to 2.61735.
20:40:24: quiet- NO_ID: Invalid value of 1.99023 found for variable DAKOTA_RC_6.  Corrected to 2.56069.
20:40:24: verbose- duplicate_free: flushed 1 duplicate offspring designs after application of the variational operators.
20:40:24: verbose- duplicate_free: flushed 1 offspring designs that duplicate existing population members.
00:27:07: verbose- below_limit: Performed 331 total selections.
00:27:07: verbose- NO_ID: 30 of 292 population members were not selected to continue.  103 of 172 offspring were immediately rejected.
00:27:07: verbose- metric_tracker: Operating on 331 total designs and 127 "best fitness" designs.
00:27:07: verbose- metric_tracker: No "best fitness" expansion or contraction occurred this generation.
00:27:07: verbose- metric_tracker: Population density increased by 13.356%.
00:27:07: verbose- metric_tracker: 10.909% of the previous "best fitness" population is dominated by designs in the current "best fitness" population.
00:27:07: verbose- metric_tracker: Pushed metric value of 0.242653 onto the convergence stack.
00:27:07: verbose- metric_tracker: Current max percentage progress is 640.186%.
00:27:07: quiet- duplicate_free: 20 generations so far.
00:27:07: quiet- duplicate_free: 1448 evaluations so far.
00:27:07: verbose- duplicate_free: 331 members in population so far.
00:27:07: verbose- multi_point_parameterized_binary: 132 children created.
00:27:07: quiet- offset_normal: Produced invalid  variable representation 1.68968. Mutation performed without corrective action.
00:27:07: quiet- offset_normal: Produced invalid  variable representation -0.576838. Mutation performed without corrective action.
00:27:07: verbose- offset_normal: Performed 66 total mutations.
00:27:07: quiet- NO_ID: Invalid value of 1.91493 found for variable DAKOTA_RC_5.  Corrected to 2.161.
00:27:07: quiet- NO_ID: Invalid value of 1.98219 found for variable DAKOTA_RC_7.  Corrected to 2.60445.
00:27:07: quiet- NO_ID: Invalid value of 2.70962 found for variable DAKOTA_RC_6.  Corrected to 2.67774.
00:27:07: quiet- NO_ID: Invalid value of 1.68968 found for variable DAKOTA_RC_3.  Corrected to 1.78295.
00:27:07: quiet- NO_ID: Invalid value of 1.71439 found for variable DAKOTA_RC_7.  Corrected to 2.36887.
00:27:07: quiet- NO_ID: Invalid value of 1.99325 found for variable DAKOTA_RC_6.  Corrected to 2.11197.
00:27:07: quiet- NO_ID: Invalid value of 2.20293 found for variable DAKOTA_RC_3.  Corrected to 1.98763.
00:27:07: quiet- NO_ID: Invalid value of 1.77748 found for variable DAKOTA_RC_8.  Corrected to 2.43561.
00:27:07: quiet- NO_ID: Invalid value of 2.70326 found for variable DAKOTA_RC_7.  Corrected to 2.062.
00:27:07: quiet- NO_ID: Invalid value of 1.81936 found for variable DAKOTA_RC_5.  Corrected to 2.15707.
00:27:07: quiet- NO_ID: Invalid value of 2.2316 found for variable DAKOTA_RC_3.  Corrected to 2.1348.
00:27:07: quiet- NO_ID: Invalid value of 1.97077 found for variable DAKOTA_RC_6.  Corrected to 2.66801.
00:27:07: quiet- NO_ID: Invalid value of 1.88398 found for variable DAKOTA_RC_5.  Corrected to 2.46453.
00:27:07: quiet- NO_ID: Invalid value of 1.91151 found for variable DAKOTA_RC_5.  Corrected to 2.30222.
00:27:07: quiet- NO_ID: Invalid value of 1.99142 found for variable DAKOTA_RC_6.  Corrected to 2.05081.
00:27:07: quiet- NO_ID: Invalid value of -0.576838 found for variable DAKOTA_EP_2.  Corrected to 11.2026.
00:27:07: quiet- NO_ID: Invalid value of 1.94615 found for variable DAKOTA_RC_6.  Corrected to 2.2233.
00:27:07: quiet- NO_ID: Invalid value of 12.5527 found for variable DAKOTA_EP_1.  Corrected to 6.66493.
00:27:07: quiet- NO_ID: Invalid value of 1.70147 found for variable DAKOTA_RC_7.  Corrected to 2.26538.
00:27:07: quiet- NO_ID: Invalid value of 12.8886 found for variable DAKOTA_EP_1.  Corrected to 2.11692.
00:27:07: quiet- NO_ID: Invalid value of 2.71951 found for variable DAKOTA_RC_1.  Corrected to 2.32551.
00:27:07: quiet- NO_ID: Invalid value of 2.7597 found for variable DAKOTA_RC_1.  Corrected to 2.65509.
04:39:12: verbose- below_limit: Performed 353 total selections.
04:39:12: verbose- NO_ID: 58 of 331 population members were not selected to continue.  118 of 198 offspring were immediately rejected.
04:39:12: verbose- metric_tracker: Operating on 353 total designs and 110 "best fitness" designs.
04:39:12: verbose- metric_tracker: Max "best fitness" expanse change of 0.006% found for objective "Non-Linear Minimize obj_fn_2".
04:39:12: verbose- metric_tracker: Population density increased by 22.888%.
04:39:12: verbose- metric_tracker: 33.858% of the previous "best fitness" population is dominated by designs in the current "best fitness" population.
04:39:12: verbose- metric_tracker: Pushed metric value of 0.567517 onto the convergence stack.
04:39:12: verbose- metric_tracker: Current max percentage progress is 640.186%.
04:39:12: quiet- duplicate_free: 21 generations so far.
04:39:12: quiet- duplicate_free: 1646 evaluations so far.
04:39:12: verbose- duplicate_free: 353 members in population so far.
04:39:12: verbose- multi_point_parameterized_binary: 142 children created.
04:39:12: quiet- offset_normal: Produced invalid  variable representation 2.72427. Mutation performed without corrective action.
04:39:12: quiet- offset_normal: Produced invalid  variable representation 2.73506. Mutation performed without corrective action.
04:39:12: quiet- offset_normal: Produced invalid  variable representation -0.599021. Mutation performed without corrective action.
04:39:12: quiet- offset_normal: Produced invalid  variable representation 1.96969. Mutation performed without corrective action.
04:39:12: quiet- offset_normal: Produced invalid  variable representation 1.98065. Mutation performed without corrective action.
04:39:12: verbose- offset_normal: Performed 71 total mutations.
04:39:12: quiet- NO_ID: Invalid value of 2.71133 found for variable DAKOTA_RC_5.  Corrected to 2.191.
04:39:12: quiet- NO_ID: Invalid value of 2.72427 found for variable DAKOTA_RC_6.  Corrected to 2.6469.
04:39:12: quiet- NO_ID: Invalid value of 2.73506 found for variable DAKOTA_RC_6.  Corrected to 2.31944.
04:39:12: quiet- NO_ID: Invalid value of 1.99939 found for variable DAKOTA_RC_6.  Corrected to 2.05646.
04:39:12: quiet- NO_ID: Invalid value of 2.70798 found for variable DAKOTA_RC_8.  Corrected to 2.51933.
04:39:12: quiet- NO_ID: Invalid value of 1.98549 found for variable DAKOTA_RC_8.  Corrected to 2.34569.
04:39:12: quiet- NO_ID: Invalid value of 1.77397 found for variable DAKOTA_RC_8.  Corrected to 2.29847.
04:39:12: quiet- NO_ID: Invalid value of 1.90537 found for variable DAKOTA_RC_5.  Corrected to 2.11629.
04:39:12: quiet- NO_ID: Invalid value of 12.7339 found for variable DAKOTA_EP_1.  Corrected to 2.11475.
04:39:12: quiet- NO_ID: Invalid value of 1.99382 found for variable DAKOTA_RC_6.  Corrected to 2.49208.
04:39:12: quiet- NO_ID: Invalid value of -0.599021 found for variable DAKOTA_EP_2.  Corrected to 4.52307.
04:39:12: quiet- NO_ID: Invalid value of 1.72557 found for variable DAKOTA_RC_7.  Corrected to 2.08154.
04:39:12: quiet- NO_ID: Invalid value of 1.92457 found for variable DAKOTA_RC_5.  Corrected to 2.05569.
04:39:12: quiet- NO_ID: Invalid value of 1.98201 found for variable DAKOTA_RC_7.  Corrected to 2.25816.
04:39:12: quiet- NO_ID: Invalid value of 1.89348 found for variable DAKOTA_RC_7.  Corrected to 2.29789.
04:39:12: quiet- NO_ID: Invalid value of 2.20293 found for variable DAKOTA_RC_3.  Corrected to 2.19824.
04:39:12: quiet- NO_ID: Invalid value of 1.94568 found for variable DAKOTA_RC_6.  Corrected to 2.32037.
04:39:12: quiet- NO_ID: Invalid value of 1.96969 found for variable DAKOTA_RC_6.  Corrected to 2.07801.
04:39:12: quiet- NO_ID: Invalid value of 1.98065 found for variable DAKOTA_RC_6.  Corrected to 2.09749.
04:39:12: quiet- NO_ID: Invalid value of 1.99896 found for variable DAKOTA_RC_8.  Corrected to 2.39362.
04:39:12: quiet- NO_ID: Invalid value of 1.9279 found for variable DAKOTA_RC_5.  Corrected to 2.289.
04:39:12: quiet- NO_ID: Invalid value of 1.89441 found for variable DAKOTA_RC_7.  Corrected to 2.4018.
04:39:12: quiet- NO_ID: Invalid value of 1.7554 found for variable DAKOTA_RC_7.  Corrected to 2.36492.
04:39:12: quiet- NO_ID: Invalid value of 1.96866 found for variable DAKOTA_RC_8.  Corrected to 2.09235.
04:39:12: quiet- NO_ID: Invalid value of 2.70101 found for variable DAKOTA_RC_8.  Corrected to 2.00241.
04:39:12: quiet- NO_ID: Invalid value of 1.90883 found for variable DAKOTA_RC_5.  Corrected to 2.3774.
04:39:12: quiet- NO_ID: Invalid value of 2.7123 found for variable DAKOTA_RC_7.  Corrected to 2.40334.
04:39:12: quiet- NO_ID: Invalid value of 1.94945 found for variable DAKOTA_RC_8.  Corrected to 2.56299.
04:39:12: quiet- NO_ID: Invalid value of 2.70804 found for variable DAKOTA_RC_1.  Corrected to 2.60398.
04:39:12: quiet- NO_ID: Invalid value of 13.5427 found for variable DAKOTA_EP_3.  Corrected to 0.656284.
04:39:12: quiet- NO_ID: Invalid value of 2.72105 found for variable DAKOTA_RC_1.  Corrected to 2.28012.
04:39:12: quiet- NO_ID: Invalid value of 2.74869 found for variable DAKOTA_RC_1.  Corrected to 2.24041.
04:39:12: quiet- NO_ID: Invalid value of 2.75801 found for variable DAKOTA_RC_1.  Corrected to 2.68941.
04:39:12: quiet- NO_ID: Invalid value of 1.96913 found for variable DAKOTA_RC_8.  Corrected to 2.43161.
04:39:12: quiet- NO_ID: Invalid value of 2.71395 found for variable DAKOTA_RC_9.  Corrected to 2.11303.
09:24:48: verbose- below_limit: Performed 392 total selections.
09:24:48: verbose- NO_ID: 42 of 353 population members were not selected to continue.  132 of 213 offspring were immediately rejected.
09:24:48: verbose- metric_tracker: Operating on 392 total designs and 126 "best fitness" designs.
09:24:48: verbose- metric_tracker: Max "best fitness" expanse change of 0.001% found for objective "Non-Linear Minimize obj_fn_2".
09:24:48: verbose- metric_tracker: Population density increased by 11.047%.
09:24:48: verbose- metric_tracker: 8.182% of the previous "best fitness" population is dominated by designs in the current "best fitness" population.
09:24:48: verbose- metric_tracker: Pushed metric value of 0.1923 onto the convergence stack.
09:24:48: verbose- metric_tracker: Current max percentage progress is 640.186%.
09:24:48: quiet- duplicate_free: 22 generations so far.
09:24:48: quiet- duplicate_free: 1859 evaluations so far.
09:24:48: verbose- duplicate_free: 392 members in population so far.
09:24:48: verbose- multi_point_parameterized_binary: 156 children created.
09:24:48: quiet- offset_normal: Produced invalid  variable representation 2.2311. Mutation performed without corrective action.
09:24:48: quiet- offset_normal: Produced invalid  variable representation 1.98371. Mutation performed without corrective action.
09:24:48: quiet- offset_normal: Produced invalid  variable representation -0.18813. Mutation performed without corrective action.
09:24:48: quiet- offset_normal: Produced invalid  variable representation 2.21013. Mutation performed without corrective action.
09:24:48: quiet- offset_normal: Produced invalid  variable representation -1.18751. Mutation performed without corrective action.
09:24:48: verbose- offset_normal: Performed 78 total mutations.
09:24:48: quiet- NO_ID: Invalid value of 2.70797 found for variable DAKOTA_RC_8.  Corrected to 2.4069.
09:24:48: quiet- NO_ID: Invalid value of 2.71418 found for variable DAKOTA_RC_6.  Corrected to 2.65212.
09:24:48: quiet- NO_ID: Invalid value of 2.711 found for variable DAKOTA_RC_5.  Corrected to 2.10929.
09:24:48: quiet- NO_ID: Invalid value of 2.71422 found for variable DAKOTA_RC_6.  Corrected to 2.41338.
09:24:48: quiet- NO_ID: Invalid value of 2.22564 found for variable DAKOTA_RC_3.  Corrected to 1.99466.
09:24:48: quiet- NO_ID: Invalid value of 2.2311 found for variable DAKOTA_RC_2.  Corrected to 1.76024.
09:24:48: quiet- NO_ID: Invalid value of 1.74448 found for variable DAKOTA_RC_5.  Corrected to 2.51664.
09:24:48: quiet- NO_ID: Invalid value of 1.82486 found for variable DAKOTA_RC_5.  Corrected to 2.69627.
09:24:48: quiet- NO_ID: Invalid value of 1.91155 found for variable DAKOTA_RC_5.  Corrected to 2.46524.
09:24:48: quiet- NO_ID: Invalid value of 12.3843 found for variable DAKOTA_EP_1.  Corrected to 9.00973.
09:24:48: quiet- NO_ID: Invalid value of 1.6991 found for variable DAKOTA_RC_7.  Corrected to 2.57135.
09:24:48: quiet- NO_ID: Invalid value of 1.77237 found for variable DAKOTA_RC_8.  Corrected to 2.38121.
09:24:48: quiet- NO_ID: Invalid value of 1.98371 found for variable DAKOTA_RC_6.  Corrected to 2.06434.
09:24:48: quiet- NO_ID: Invalid value of 1.79542 found for variable DAKOTA_RC_7.  Corrected to 2.66982.
09:24:48: quiet- NO_ID: Invalid value of 1.72217 found for variable DAKOTA_RC_7.  Corrected to 2.13519.
09:24:48: quiet- NO_ID: Invalid value of 2.20242 found for variable DAKOTA_RC_3.  Corrected to 2.08374.
09:24:48: quiet- NO_ID: Invalid value of 2.7092 found for variable DAKOTA_RC_7.  Corrected to 2.52792.
09:24:48: quiet- NO_ID: Invalid value of 1.91637 found for variable DAKOTA_RC_5.  Corrected to 2.1531.
09:24:48: quiet- NO_ID: Invalid value of 2.20293 found for variable DAKOTA_RC_3.  Corrected to 1.97172.
09:24:48: quiet- NO_ID: Invalid value of -0.18813 found for variable DAKOTA_EP_2.  Corrected to 9.09266.
09:24:48: quiet- NO_ID: Invalid value of 2.21013 found for variable DAKOTA_RC_3.  Corrected to 1.92579.
09:24:48: quiet- NO_ID: Invalid value of 1.77186 found for variable DAKOTA_RC_8.  Corrected to 2.05219.
09:24:48: quiet- NO_ID: Invalid value of 1.71325 found for variable DAKOTA_RC_7.  Corrected to 2.47422.
09:24:48: quiet- NO_ID: Invalid value of -1.18751 found for variable DAKOTA_EP_2.  Corrected to 7.74697.
09:24:48: quiet- NO_ID: Invalid value of 12.8882 found for variable DAKOTA_EP_1.  Corrected to 9.06808.
09:24:48: quiet- NO_ID: Invalid value of 1.84399 found for variable DAKOTA_RC_5.  Corrected to 2.48933.
09:24:48: quiet- NO_ID: Invalid value of 1.97753 found for variable DAKOTA_RC_8.  Corrected to 2.00728.
09:24:48: quiet- NO_ID: Invalid value of 2.70825 found for variable DAKOTA_RC_1.  Corrected to 2.60586.
09:24:48: quiet- NO_ID: Invalid value of 1.97732 found for variable DAKOTA_RC_8.  Corrected to 2.42633.
09:24:48: verbose- duplicate_free: flushed 1 duplicate offspring designs after application of the variational operators.
09:24:48: verbose- duplicate_free: flushed 1 offspring designs that duplicate existing population members.
14:30:15: verbose- below_limit: Performed 448 total selections.
14:30:15: verbose- NO_ID: 36 of 392 population members were not selected to continue.  140 of 232 offspring were immediately rejected.
14:30:15: verbose- metric_tracker: Operating on 448 total designs and 127 "best fitness" designs.
14:30:15: verbose- metric_tracker: No "best fitness" expansion or contraction occurred this generation.
14:30:15: verbose- metric_tracker: Population density increased by 12.417%.
14:30:15: verbose- metric_tracker: 19.841% of the previous "best fitness" population is dominated by designs in the current "best fitness" population.
14:30:15: verbose- metric_tracker: Pushed metric value of 0.322584 onto the convergence stack.
14:30:15: verbose- metric_tracker: Current max percentage progress is 640.186%.
14:30:15: quiet- duplicate_free: 23 generations so far.
14:30:15: quiet- duplicate_free: 2091 evaluations so far.
14:30:15: verbose- duplicate_free: 448 members in population so far.
14:30:15: verbose- multi_point_parameterized_binary: 180 children created.
14:30:15: quiet- offset_normal: Produced invalid  variable representation -1.19667. Mutation performed without corrective action.
14:30:15: quiet- offset_normal: Produced invalid  variable representation 2.23059. Mutation performed without corrective action.
14:30:15: verbose- offset_normal: Performed 90 total mutations.
14:30:15: quiet- NO_ID: Invalid value of 2.70374 found for variable DAKOTA_RC_6.  Corrected to 2.31335.
14:30:15: quiet- NO_ID: Invalid value of 1.97455 found for variable DAKOTA_RC_7.  Corrected to 2.19327.
14:30:15: quiet- NO_ID: Invalid value of 12.8898 found for variable DAKOTA_EP_1.  Corrected to 10.5904.
14:30:15: quiet- NO_ID: Invalid value of 2.70344 found for variable DAKOTA_RC_7.  Corrected to 2.1186.
14:30:15: quiet- NO_ID: Invalid value of 1.99842 found for variable DAKOTA_RC_6.  Corrected to 2.22747.
14:30:15: quiet- NO_ID: Invalid value of 1.98132 found for variable DAKOTA_RC_7.  Corrected to 2.47681.
14:30:15: quiet- NO_ID: Invalid value of 1.98135 found for variable DAKOTA_RC_7.  Corrected to 2.34474.
14:30:15: quiet- NO_ID: Invalid value of 1.98136 found for variable DAKOTA_RC_7.  Corrected to 2.07157.
14:30:15: quiet- NO_ID: Invalid value of 2.21015 found for variable DAKOTA_RC_2.  Corrected to 1.9093.
14:30:15: quiet- NO_ID: Invalid value of 1.98649 found for variable DAKOTA_RC_7.  Corrected to 2.55868.
14:30:15: quiet- NO_ID: Invalid value of -1.19667 found for variable DAKOTA_EP_2.  Corrected to 9.06912.
14:30:15: quiet- NO_ID: Invalid value of 2.71125 found for variable DAKOTA_RC_5.  Corrected to 2.40595.
14:30:15: quiet- NO_ID: Invalid value of 2.23059 found for variable DAKOTA_RC_3.  Corrected to 1.83015.
14:30:15: quiet- NO_ID: Invalid value of 2.23119 found for variable DAKOTA_RC_2.  Corrected to 2.04208.
14:30:15: quiet- NO_ID: Invalid value of 1.94619 found for variable DAKOTA_RC_6.  Corrected to 2.56796.
14:30:15: quiet- NO_ID: Invalid value of 12.8882 found for variable DAKOTA_EP_1.  Corrected to 2.65689.
14:30:15: quiet- NO_ID: Invalid value of 1.99257 found for variable DAKOTA_RC_8.  Corrected to 2.27122.
14:30:15: quiet- NO_ID: Invalid value of 2.71503 found for variable DAKOTA_RC_4.  Corrected to 2.11823.
20:13:59: verbose- below_limit: Performed 494 total selections.
20:13:59: verbose- NO_ID: 49 of 448 population members were not selected to continue.  175 of 270 offspring were immediately rejected.
20:13:59: verbose- metric_tracker: Operating on 494 total designs and 137 "best fitness" designs.
20:13:59: verbose- metric_tracker: No "best fitness" expansion or contraction occurred this generation.
20:13:59: verbose- metric_tracker: Population density increased by 10.268%.
20:13:59: verbose- metric_tracker: 12.598% of the previous "best fitness" population is dominated by designs in the current "best fitness" population.
20:13:59: verbose- metric_tracker: Pushed metric value of 0.228663 onto the convergence stack.
20:13:59: verbose- metric_tracker: Current max percentage progress is 640.186%.
20:13:59: quiet- duplicate_free: 24 generations so far.
20:13:59: quiet- duplicate_free: 2361 evaluations so far.
20:13:59: verbose- duplicate_free: 494 members in population so far.
20:13:59: verbose- multi_point_parameterized_binary: 198 children created.
20:13:59: quiet- offset_normal: Produced invalid  variable representation 2.22811. Mutation performed without corrective action.
20:13:59: quiet- offset_normal: Produced invalid  variable representation 2.71465. Mutation performed without corrective action.
20:13:59: quiet- offset_normal: Produced invalid  variable representation 2.72991. Mutation performed without corrective action.
20:13:59: quiet- offset_normal: Produced invalid  variable representation 2.71476. Mutation performed without corrective action.
20:13:59: quiet- offset_normal: Produced invalid  variable representation -0.904167. Mutation performed without corrective action.
20:13:59: quiet- offset_normal: Produced invalid  variable representation 2.20658. Mutation performed without corrective action.
20:13:59: quiet- offset_normal: Produced invalid  variable representation 1.97342. Mutation performed without corrective action.
20:13:59: quiet- offset_normal: Produced invalid  variable representation 1.9891. Mutation performed without corrective action.
20:13:59: quiet- offset_normal: Produced invalid  variable representation 1.94359. Mutation performed without corrective action.
20:13:59: quiet- offset_normal: Produced invalid  variable representation -0.511173. Mutation performed without corrective action.
20:13:59: quiet- offset_normal: Produced invalid  variable representation 1.90886. Mutation performed without corrective action.
20:13:59: quiet- offset_normal: Produced invalid  variable representation -1.0357. Mutation performed without corrective action.
20:13:59: quiet- offset_normal: Produced invalid  variable representation -0.473426. Mutation performed without corrective action.
20:13:59: verbose- offset_normal: Performed 99 total mutations.
20:13:59: quiet- NO_ID: Invalid value of 2.22811 found for variable DAKOTA_RC_2.  Corrected to 2.13805.
20:13:59: quiet- NO_ID: Invalid value of 2.71465 found for variable DAKOTA_RC_6.  Corrected to 2.47108.
20:13:59: quiet- NO_ID: Invalid value of 2.70633 found for variable DAKOTA_RC_7.  Corrected to 2.32165.
20:13:59: quiet- NO_ID: Invalid value of 2.20838 found for variable DAKOTA_RC_3.  Corrected to 1.91335.
20:13:59: quiet- NO_ID: Invalid value of 2.71476 found for variable DAKOTA_RC_5.  Corrected to 2.08656.
20:13:59: quiet- NO_ID: Invalid value of 2.72991 found for variable DAKOTA_RC_5.  Corrected to 2.09756.
20:13:59: quiet- NO_ID: Invalid value of 1.98244 found for variable DAKOTA_RC_7.  Corrected to 2.30529.
20:13:59: quiet- NO_ID: Invalid value of 1.99979 found for variable DAKOTA_RC_6.  Corrected to 2.22736.
20:13:59: quiet- NO_ID: Invalid value of 2.22288 found for variable DAKOTA_RC_2.  Corrected to 1.92374.
20:13:59: quiet- NO_ID: Invalid value of 1.96327 found for variable DAKOTA_RC_7.  Corrected to 2.58735.
20:13:59: quiet- NO_ID: Invalid value of 1.97742 found for variable DAKOTA_RC_6.  Corrected to 2.29561.
20:13:59: quiet- NO_ID: Invalid value of -0.904167 found for variable DAKOTA_EP_2.  Corrected to 9.90658.
20:13:59: quiet- NO_ID: Invalid value of 1.88624 found for variable DAKOTA_RC_5.  Corrected to 2.01761.
20:13:59: quiet- NO_ID: Invalid value of 2.20658 found for variable DAKOTA_RC_3.  Corrected to 1.77118.
20:13:59: quiet- NO_ID: Invalid value of 1.97638 found for variable DAKOTA_RC_7.  Corrected to 2.40382.
20:13:59: quiet- NO_ID: Invalid value of 1.97342 found for variable DAKOTA_RC_8.  Corrected to 2.32748.
20:13:59: quiet- NO_ID: Invalid value of 1.82482 found for variable DAKOTA_RC_5.  Corrected to 2.10028.
20:13:59: quiet- NO_ID: Invalid value of 1.83796 found for variable DAKOTA_RC_7.  Corrected to 2.32357.
20:13:59: quiet- NO_ID: Invalid value of 1.9891 found for variable DAKOTA_RC_6.  Corrected to 2.29113.
20:13:59: quiet- NO_ID: Invalid value of 1.94359 found for variable DAKOTA_RC_6.  Corrected to 2.39382.
20:13:59: quiet- NO_ID: Invalid value of -0.511173 found for variable DAKOTA_EP_2.  Corrected to 0.818321.
20:13:59: quiet- NO_ID: Invalid value of 1.90886 found for variable DAKOTA_RC_6.  Corrected to 2.38804.
20:13:59: quiet- NO_ID: Invalid value of -1.0357 found for variable DAKOTA_EP_2.  Corrected to 2.0376.
20:13:59: quiet- NO_ID: Invalid value of 1.92477 found for variable DAKOTA_RC_5.  Corrected to 2.26754.
20:13:59: quiet- NO_ID: Invalid value of 2.71117 found for variable DAKOTA_RC_5.  Corrected to 2.58034.
20:13:59: quiet- NO_ID: Invalid value of 1.98133 found for variable DAKOTA_RC_7.  Corrected to 2.06342.
20:13:59: quiet- NO_ID: Invalid value of 1.95124 found for variable DAKOTA_RC_6.  Corrected to 2.63823.
20:13:59: quiet- NO_ID: Invalid value of 1.7206 found for variable DAKOTA_RC_7.  Corrected to 2.57524.
20:13:59: quiet- NO_ID: Invalid value of 1.98168 found for variable DAKOTA_RC_7.  Corrected to 2.30776.
20:13:59: quiet- NO_ID: Invalid value of -0.473426 found for variable DAKOTA_EP_2.  Corrected to 4.05554.
20:13:59: quiet- NO_ID: Invalid value of 1.88622 found for variable DAKOTA_RC_5.  Corrected to 2.08874.
20:13:59: quiet- NO_ID: Invalid value of 1.91502 found for variable DAKOTA_RC_5.  Corrected to 2.22102.
20:13:59: quiet- NO_ID: Invalid value of 1.92494 found for variable DAKOTA_RC_5.  Corrected to 2.00766.
20:13:59: quiet- NO_ID: Invalid value of 2.70383 found for variable DAKOTA_RC_4.  Corrected to 2.41039.
02:58:13: verbose- below_limit: Performed 521 total selections.
02:58:13: verbose- NO_ID: 78 of 494 population members were not selected to continue.  192 of 297 offspring were immediately rejected.
02:58:13: verbose- metric_tracker: Operating on 521 total designs and 151 "best fitness" designs.
02:58:13: verbose- metric_tracker: No "best fitness" expansion or contraction occurred this generation.
02:58:13: verbose- metric_tracker: Population density increased by 5.466%.
02:58:13: verbose- metric_tracker: 17.518% of the previous "best fitness" population is dominated by designs in the current "best fitness" population.
02:58:13: verbose- metric_tracker: Pushed metric value of 0.229838 onto the convergence stack.
02:58:13: verbose- metric_tracker: Current max percentage progress is 640.186%.
02:58:13: quiet- duplicate_free: 25 generations so far.
02:58:13: quiet- duplicate_free: 2658 evaluations so far.
02:58:13: verbose- duplicate_free: 521 members in population so far.
02:58:13: verbose- multi_point_parameterized_binary: 208 children created.
02:58:13: quiet- offset_normal: Produced invalid  variable representation 1.98984. Mutation performed without corrective action.
02:58:13: quiet- offset_normal: Produced invalid  variable representation -0.0383879. Mutation performed without corrective action.
02:58:13: quiet- offset_normal: Produced invalid  variable representation -0.247458. Mutation performed without corrective action.
02:58:13: quiet- offset_normal: Produced invalid  variable representation -0.965408. Mutation performed without corrective action.
02:58:13: verbose- offset_normal: Performed 104 total mutations.
02:58:13: quiet- NO_ID: Invalid value of 2.71773 found for variable DAKOTA_RC_5.  Corrected to 2.63694.
02:58:13: quiet- NO_ID: Invalid value of 2.70329 found for variable DAKOTA_RC_7.  Corrected to 2.39526.
02:58:13: quiet- NO_ID: Invalid value of 1.94676 found for variable DAKOTA_RC_6.  Corrected to 2.14753.
02:58:13: quiet- NO_ID: Invalid value of 1.98134 found for variable DAKOTA_RC_7.  Corrected to 2.64303.
02:58:13: quiet- NO_ID: Invalid value of 1.9814 found for variable DAKOTA_RC_7.  Corrected to 2.63687.
02:58:13: quiet- NO_ID: Invalid value of 2.23147 found for variable DAKOTA_RC_2.  Corrected to 2.13565.
02:58:13: quiet- NO_ID: Invalid value of 1.9773 found for variable DAKOTA_RC_8.  Corrected to 2.56792.
02:58:13: quiet- NO_ID: Invalid value of 2.71422 found for variable DAKOTA_RC_6.  Corrected to 2.4192.
02:58:13: quiet- NO_ID: Invalid value of 1.72227 found for variable DAKOTA_RC_7.  Corrected to 2.21014.
02:58:13: quiet- NO_ID: Invalid value of 1.79569 found for variable DAKOTA_RC_7.  Corrected to 2.20449.
02:58:13: quiet- NO_ID: Invalid value of 2.71269 found for variable DAKOTA_RC_6.  Corrected to 2.01685.
02:58:13: quiet- NO_ID: Invalid value of 1.98158 found for variable DAKOTA_RC_9.  Corrected to 2.35552.
02:58:13: quiet- NO_ID: Invalid value of 2.71651 found for variable DAKOTA_RC_6.  Corrected to 2.19128.
02:58:13: quiet- NO_ID: Invalid value of 1.71944 found for variable DAKOTA_RC_7.  Corrected to 2.22155.
02:58:13: quiet- NO_ID: Invalid value of 1.74448 found for variable DAKOTA_RC_5.  Corrected to 2.67795.
02:58:13: quiet- NO_ID: Invalid value of 2.7019 found for variable DAKOTA_RC_6.  Corrected to 2.48962.
02:58:13: quiet- NO_ID: Invalid value of 2.20841 found for variable DAKOTA_RC_3.  Corrected to 1.7595.
02:58:13: quiet- NO_ID: Invalid value of 1.71923 found for variable DAKOTA_RC_7.  Corrected to 2.08595.
02:58:13: quiet- NO_ID: Invalid value of 1.9815 found for variable DAKOTA_RC_7.  Corrected to 2.3584.
02:58:13: quiet- NO_ID: Invalid value of 1.90947 found for variable DAKOTA_RC_5.  Corrected to 2.17393.
02:58:13: quiet- NO_ID: Invalid value of 1.98483 found for variable DAKOTA_RC_7.  Corrected to 2.10459.
02:58:13: quiet- NO_ID: Invalid value of 2.70326 found for variable DAKOTA_RC_7.  Corrected to 2.42688.
02:58:13: quiet- NO_ID: Invalid value of 1.68987 found for variable DAKOTA_RC_7.  Corrected to 2.57036.
02:58:13: quiet- NO_ID: Invalid value of 1.99406 found for variable DAKOTA_RC_6.  Corrected to 2.01424.
02:58:13: quiet- NO_ID: Invalid value of 1.9933 found for variable DAKOTA_RC_6.  Corrected to 2.3514.
02:58:13: quiet- NO_ID: Invalid value of 1.98984 found for variable DAKOTA_RC_6.  Corrected to 2.62173.
02:58:13: quiet- NO_ID: Invalid value of 1.97654 found for variable DAKOTA_RC_7.  Corrected to 2.3049.
02:58:13: quiet- NO_ID: Invalid value of -0.0383879 found for variable DAKOTA_EP_2.  Corrected to 0.861281.
02:58:13: quiet- NO_ID: Invalid value of 1.99807 found for variable DAKOTA_RC_6.  Corrected to 2.0419.
02:58:13: quiet- NO_ID: Invalid value of 1.82346 found for variable DAKOTA_RC_5.  Corrected to 2.65686.
02:58:13: quiet- NO_ID: Invalid value of 1.99361 found for variable DAKOTA_RC_6.  Corrected to 2.20129.
02:58:13: quiet- NO_ID: Invalid value of 1.938 found for variable DAKOTA_RC_6.  Corrected to 2.67884.
02:58:13: quiet- NO_ID: Invalid value of 1.89341 found for variable DAKOTA_RC_7.  Corrected to 2.35212.
02:58:13: quiet- NO_ID: Invalid value of 1.92449 found for variable DAKOTA_RC_7.  Corrected to 2.34882.
02:58:13: quiet- NO_ID: Invalid value of -0.247458 found for variable DAKOTA_EP_2.  Corrected to 10.6605.
02:58:13: quiet- NO_ID: Invalid value of -0.965408 found for variable DAKOTA_EP_2.  Corrected to 4.95411.
02:58:13: quiet- NO_ID: Invalid value of 1.77204 found for variable DAKOTA_RC_8.  Corrected to 2.25873.
02:58:13: quiet- NO_ID: Invalid value of 2.70837 found for variable DAKOTA_RC_7.  Corrected to 2.48978.
02:58:13: quiet- NO_ID: Invalid value of 1.98631 found for variable DAKOTA_RC_8.  Corrected to 2.00819.
02:58:13: quiet- NO_ID: Invalid value of 2.70294 found for variable DAKOTA_RC_1.  Corrected to 2.53491.
02:58:13: quiet- NO_ID: Invalid value of 2.70492 found for variable DAKOTA_RC_1.  Corrected to 2.69591.
02:58:13: quiet- NO_ID: Invalid value of 2.7393 found for variable DAKOTA_RC_1.  Corrected to 2.21789.
09:12:01: verbose- below_limit: Performed 544 total selections.
09:12:01: verbose- NO_ID: 71 of 521 population members were not selected to continue.  218 of 312 offspring were immediately rejected.
09:12:01: verbose- metric_tracker: Operating on 544 total designs and 156 "best fitness" designs.
09:12:01: verbose- metric_tracker: No "best fitness" expansion or contraction occurred this generation.
09:12:01: verbose- metric_tracker: Population density increased by 4.415%.
09:12:01: verbose- metric_tracker: 23.179% of the previous "best fitness" population is dominated by designs in the current "best fitness" population.
09:12:01: verbose- metric_tracker: Pushed metric value of 0.275934 onto the convergence stack.
09:12:01: verbose- metric_tracker: Current max percentage progress is 56.752%.
09:12:01: verbose- metric_tracker: Convergence attained.
09:12:01: quiet- duplicate_free: 26 generations so far.
09:12:01: quiet- duplicate_free: 2970 evaluations so far.
09:12:01: verbose- duplicate_free: 544 members in population so far.
09:12:01: verbose- NO_ID: Reclaimed 0 optimal designs from the discards.
09:12:01: quiet- NO_ID: Reclaimed 0 optimal designs that had been selected out.
09:12:01: verbose- NO_ID: Flushed 388 dominated designs from the population.
09:12:01: quiet- NO_ID: Ran 26 total generations.
09:12:01: quiet- NO_ID: Final population size = 156
09:12:01: verbose- NO_ID: Wrote designs file ".//finaldata1.dat".
09:12:01: verbose- NO_ID: Wrote designs file ".//discards.dat".
09:12:01: quiet- JEGA Front End: NO_ID execution took 41.34 seconds.
09:12:01: quiet- JEGA Front End: Execution took 41.34 seconds.
09:12:01: verbose- NO_ID: algorithm execution completed. 156 solutions found. Passing them back to DAKOTA.
09:12:01: quiet- NO_ID: find optimum completed and all results have been passed back to DAKOTA.


09:12:01: quiet- NO_ID: goodbye!


