JEGA Genetic Algorithm Optimization Software v2.7.0
Run started Mon Jun 10 10:50:59 2019

Global Log initialized using "verbose" as default level.
Global Log logging to file JEGAGlobal.log
Global Log logging to console window
10:50:59: quiet- JEGA Front End: Random seed = 1560248259
10:50:59: verbose- Design Target: Design variable DAKOTA_RC_1 added.  1 design variables now in target.
10:50:59: verbose- Design Target: Design variable DAKOTA_RC_2 added.  2 design variables now in target.
10:50:59: verbose- Design Target: Design variable DAKOTA_RC_3 added.  3 design variables now in target.
10:50:59: verbose- Design Target: Design variable DAKOTA_RC_4 added.  4 design variables now in target.
10:50:59: verbose- Design Target: Design variable DAKOTA_RC_5 added.  5 design variables now in target.
10:50:59: verbose- Design Target: Design variable DAKOTA_RC_6 added.  6 design variables now in target.
10:50:59: verbose- Design Target: Design variable DAKOTA_RC_7 added.  7 design variables now in target.
10:50:59: verbose- Design Target: Design variable DAKOTA_RC_8 added.  8 design variables now in target.
10:50:59: verbose- Design Target: Design variable DAKOTA_EP_1 added.  9 design variables now in target.
10:50:59: verbose- Design Target: Objective Non-Linear Minimize obj_fn_1 added.  1 objectives now in target.
10:50:59: verbose- Design Target: Objective Non-Linear Minimize obj_fn_2 added.  2 objectives now in target.
10:50:59: verbose- Design Target: Objective Non-Linear Minimize obj_fn_3 added.  3 objectives now in target.
10:50:59: verbose- JEGA Front End: Creating a MOGA
10:50:59: debug-  Matching Group: Trying "Domination Count Operator Group".
10:50:59: verbose- Domination Count Operator Group: Contains Converger "metric_tracker".
10:50:59: verbose- Domination Count Operator Group: Contains Crosser "multi_point_parameterized_binary".
10:50:59: verbose- Domination Count Operator Group: Contains FitnessAssessor "domination_count".
10:50:59: verbose- Domination Count Operator Group: Contains Initializer "unique_random".
10:50:59: verbose- Domination Count Operator Group: Contains MainLoop "duplicate_free".
10:50:59: verbose- Domination Count Operator Group: Contains Mutator "offset_normal".
10:50:59: verbose- Domination Count Operator Group: Contains Selector "below_limit".
10:50:59: verbose- Domination Count Operator Group: Contains PostProcessor "null_postprocessor".
10:50:59: verbose- Domination Count Operator Group: Contains NichePressureApplicator "null_niching".
10:50:59: debug-  Matching Group: "Domination Count Operator Group" match succeeded.
10:50:59: quiet- : Matched new set to a group that is not the current group.  Adopting the new group.
10:50:59: verbose- Domination Count Operator Group: Contains Converger "metric_tracker".
10:50:59: verbose- Domination Count Operator Group: Contains Crosser "multi_point_parameterized_binary".
10:50:59: verbose- Domination Count Operator Group: Contains FitnessAssessor "domination_count".
10:50:59: verbose- Domination Count Operator Group: Contains Initializer "unique_random".
10:50:59: verbose- Domination Count Operator Group: Contains MainLoop "duplicate_free".
10:50:59: verbose- Domination Count Operator Group: Contains Mutator "offset_normal".
10:50:59: verbose- Domination Count Operator Group: Contains Selector "below_limit".
10:50:59: verbose- Domination Count Operator Group: Contains PostProcessor "null_postprocessor".
10:50:59: verbose- Domination Count Operator Group: Contains NichePressureApplicator "null_niching".
10:50:59: verbose- NO_ID: The name of this GA is now NO_ID
10:50:59: verbose- NO_ID: The print each population flag is now set to 0
10:50:59: verbose- NO_ID: The print final data flag is now set to 1
10:50:59: verbose- NO_ID: The print discards flag is now set to 1
10:50:59: verbose- NO_ID: The name of the file to which final data will be written is now finaldata1.dat
10:50:59: verbose- NO_ID: The data directory is now set to ./
10:50:59: verbose- metric_tracker: Number of generations tracked now = 10
10:50:59: verbose- metric_tracker: Max allowable % change now = 1
10:50:59: verbose- metric_tracker: Maximum allowable generations now = 100
10:50:59: verbose- metric_tracker: Maximum allowable evaluations now = 20000
10:50:59: quiet- Error encountered while retrieving parameter named "method.max_time" of type "d" from parameter database reading: Parameter not found for tag: method.max_time
10:50:59: verbose- metric_tracker: The maximum allowable amount of time was not found in the parameter database.  Using the current value of 1.79769e+308
10:50:59: verbose- metric_tracker: Maximum allowable time now = 1.79769e+308 seconds 
10:50:59: quiet- Error encountered while retrieving parameter named "method.jega.num_cross_points" of type "St6vectorIiSaIiEE" from parameter database reading: Parameter not found for tag: method.jega.num_cross_points
10:50:59: verbose- multi_point_parameterized_binary: The number of crossover points for each variable were not found in the parameter database.  Checking for a single value.
10:50:59: verbose- multi_point_parameterized_binary: Number of crossover points now = 2
10:50:59: verbose- multi_point_parameterized_binary: Crossover rate now = 0.4
10:50:59: verbose- multi_point_parameterized_binary: Number of crossover points for variable "DAKOTA_RC_1" now = 2.
10:50:59: verbose- multi_point_parameterized_binary: Number of crossover points for variable "DAKOTA_RC_2" now = 2.
10:50:59: verbose- multi_point_parameterized_binary: Number of crossover points for variable "DAKOTA_RC_3" now = 2.
10:50:59: verbose- multi_point_parameterized_binary: Number of crossover points for variable "DAKOTA_RC_4" now = 2.
10:50:59: verbose- multi_point_parameterized_binary: Number of crossover points for variable "DAKOTA_RC_5" now = 2.
10:50:59: verbose- multi_point_parameterized_binary: Number of crossover points for variable "DAKOTA_RC_6" now = 2.
10:50:59: verbose- multi_point_parameterized_binary: Number of crossover points for variable "DAKOTA_RC_7" now = 2.
10:50:59: verbose- multi_point_parameterized_binary: Number of crossover points for variable "DAKOTA_RC_8" now = 2.
10:50:59: verbose- multi_point_parameterized_binary: Number of crossover points for variable "DAKOTA_EP_1" now = 2.
10:50:59: verbose- DAKOTA JEGA Evaluator: Maximum allowable evaluations now = 20000
10:50:59: verbose- DAKOTA JEGA Evaluator: The evaluation concurrency is now 1
10:50:59: verbose- unique_random: Desired initial population size now = 250
10:50:59: verbose- null_niching: Niched design caching now set to true.
10:50:59: quiet- Error encountered while retrieving parameter named "method.jega.max_niche_cache_size" of type "m" from parameter database reading: Parameter not found for tag: method.jega.max_niche_cache_size
10:50:59: verbose- null_niching: The max niche cache size value was not found in the parameter database.  Using the current value of 1
10:50:59: verbose- null_niching: Niched design caching max size now set to 18446744073709551615.
10:50:59: verbose- offset_normal: Offset range now = 0.05
10:50:59: verbose- offset_normal: Mutation rate now = 0.2
10:50:59: verbose- below_limit: Limiting value now = 6
10:50:59: verbose- below_limit: Shrinkage percentage now = 0.3
10:50:59: verbose- below_limit: Minimum selections now = 2
10:50:59: verbose- NO_ID: About to perform algorithm execution.
10:50:59: verbose- unique_random: 250 unique random designs created.
17:24:46: verbose- below_limit: Performed 75 total selections.
17:24:46: verbose- NO_ID: 175 of 250 population members were not selected to continue.  0 of 0 offspring were immediately rejected.
17:24:46: verbose- metric_tracker: Operating on 75 total designs and 3 "best fitness" designs.
17:24:46: verbose- metric_tracker: Pushed metric value of 0 onto the convergence stack.
17:24:46: quiet- duplicate_free: 1 generation so far.
17:24:46: quiet- duplicate_free: 250 evaluations so far.
17:24:46: verbose- duplicate_free: 75 members in population so far.
17:24:46: verbose- multi_point_parameterized_binary: 30 children created.
17:24:46: verbose- offset_normal: Performed 15 total mutations.
17:24:46: quiet- NO_ID: Invalid value of 1.79609 found for variable DAKOTA_RC_2.  Corrected to 1.87996.
17:24:46: quiet- NO_ID: Invalid value of 1.81223 found for variable DAKOTA_RC_4.  Corrected to 1.98636.
17:24:46: quiet- NO_ID: Invalid value of 1.75526 found for variable DAKOTA_RC_3.  Corrected to 2.02159.
17:24:46: quiet- NO_ID: Invalid value of 2.4015 found for variable DAKOTA_RC_1.  Corrected to 1.90633.
19:48:26: verbose- below_limit: Performed 39 total selections.
19:48:26: verbose- NO_ID: 51 of 75 population members were not selected to continue.  30 of 45 offspring were immediately rejected.
19:48:26: verbose- metric_tracker: Operating on 39 total designs and 3 "best fitness" designs.
19:48:26: verbose- metric_tracker: No "best fitness" expansion or contraction occurred this generation.
19:48:26: verbose- metric_tracker: Population density decreased by 32.322%.
19:48:26: verbose- metric_tracker: No "best fitness" designs from the previous population are dominated by "best fitness" designs in the current population.
19:48:26: verbose- metric_tracker: Pushed metric value of 0.323224 onto the convergence stack.
19:48:26: quiet- duplicate_free: 2 generations so far.
19:48:26: quiet- duplicate_free: 295 evaluations so far.
19:48:26: verbose- duplicate_free: 39 members in population so far.
19:48:26: verbose- multi_point_parameterized_binary: 16 children created.
19:48:26: quiet- offset_normal: Produced invalid  variable representation 1.86769. Mutation performed without corrective action.
19:48:26: verbose- offset_normal: Performed 8 total mutations.
19:48:26: quiet- NO_ID: Invalid value of 1.86769 found for variable DAKOTA_RC_8.  Corrected to 2.22011.
19:48:26: quiet- NO_ID: Invalid value of 1.84628 found for variable DAKOTA_RC_4.  Corrected to 2.16894.
19:48:26: quiet- NO_ID: Invalid value of 2.36765 found for variable DAKOTA_RC_6.  Corrected to 2.01238.
19:48:26: quiet- NO_ID: Invalid value of 1.83935 found for variable DAKOTA_RC_7.  Corrected to 2.09115.
19:48:26: quiet- NO_ID: Invalid value of 1.88152 found for variable DAKOTA_RC_5.  Corrected to 2.22959.
19:48:26: quiet- NO_ID: Invalid value of 2.10837 found for variable DAKOTA_RC_2.  Corrected to 1.85886.
21:05:12: verbose- below_limit: Performed 46 total selections.
21:05:12: verbose- NO_ID: 9 of 39 population members were not selected to continue.  8 of 24 offspring were immediately rejected.
21:05:12: verbose- metric_tracker: Operating on 46 total designs and 5 "best fitness" designs.
21:05:12: verbose- metric_tracker: Max "best fitness" expanse change of 616.436% found for objective "Non-Linear Minimize obj_fn_2".
21:05:12: verbose- metric_tracker: Population density increased by 22.396%.
21:05:12: verbose- metric_tracker: 33.333% of the previous "best fitness" population is dominated by designs in the current "best fitness" population.
21:05:12: verbose- metric_tracker: Pushed metric value of 6.72166 onto the convergence stack.
21:05:12: quiet- duplicate_free: 3 generations so far.
21:05:12: quiet- duplicate_free: 319 evaluations so far.
21:05:12: verbose- duplicate_free: 46 members in population so far.
21:05:12: verbose- multi_point_parameterized_binary: 18 children created.
21:05:12: verbose- offset_normal: Performed 9 total mutations.
22:32:36: verbose- below_limit: Performed 42 total selections.
22:32:36: verbose- NO_ID: 21 of 46 population members were not selected to continue.  10 of 27 offspring were immediately rejected.
22:32:36: verbose- metric_tracker: Operating on 42 total designs and 9 "best fitness" designs.
22:32:36: verbose- metric_tracker: Max "best fitness" expanse change of 1.364% found for objective "Non-Linear Minimize obj_fn_3".
22:32:36: verbose- metric_tracker: Population density increased by 101.158%.
22:32:36: verbose- metric_tracker: 20% of the previous "best fitness" population is dominated by designs in the current "best fitness" population.
22:32:36: verbose- metric_tracker: Pushed metric value of 1.22523 onto the convergence stack.
22:32:36: quiet- duplicate_free: 4 generations so far.
22:32:36: quiet- duplicate_free: 346 evaluations so far.
22:32:36: verbose- duplicate_free: 42 members in population so far.
22:32:36: verbose- multi_point_parameterized_binary: 16 children created.
22:32:36: verbose- offset_normal: Performed 8 total mutations.
22:32:36: quiet- NO_ID: Invalid value of 1.65295 found for variable DAKOTA_RC_2.  Corrected to 1.86535.
22:32:36: quiet- NO_ID: Invalid value of 1.83042 found for variable DAKOTA_RC_5.  Corrected to 2.12189.
22:32:36: quiet- NO_ID: Invalid value of 1.83933 found for variable DAKOTA_RC_7.  Corrected to 2.1907.
22:32:36: verbose- duplicate_free: flushed 1 duplicate offspring designs after application of the variational operators.
22:32:36: verbose- duplicate_free: flushed 1 offspring designs that duplicate existing population members.
23:43:18: verbose- below_limit: Performed 43 total selections.
23:43:18: verbose- NO_ID: 10 of 42 population members were not selected to continue.  11 of 22 offspring were immediately rejected.
23:43:18: verbose- metric_tracker: Operating on 43 total designs and 13 "best fitness" designs.
23:43:18: verbose- metric_tracker: Max "best fitness" expanse change of 61.694% found for objective "Non-Linear Minimize obj_fn_1".
23:43:18: verbose- metric_tracker: Population density decreased by 30.252%.
23:43:18: verbose- metric_tracker: No "best fitness" designs from the previous population are dominated by "best fitness" designs in the current population.
23:43:18: verbose- metric_tracker: Pushed metric value of 0.919458 onto the convergence stack.
23:43:18: quiet- duplicate_free: 5 generations so far.
23:43:18: quiet- duplicate_free: 368 evaluations so far.
23:43:18: verbose- duplicate_free: 43 members in population so far.
23:43:18: verbose- multi_point_parameterized_binary: 18 children created.
23:43:18: verbose- offset_normal: Performed 9 total mutations.
23:43:18: quiet- NO_ID: Invalid value of 1.82883 found for variable DAKOTA_RC_7.  Corrected to 2.0785.
23:43:18: quiet- NO_ID: Invalid value of 1.7683 found for variable DAKOTA_RC_3.  Corrected to 1.9902.
01:06:53: verbose- below_limit: Performed 34 total selections.
01:06:53: verbose- NO_ID: 19 of 43 population members were not selected to continue.  17 of 27 offspring were immediately rejected.
01:06:53: verbose- metric_tracker: Operating on 34 total designs and 16 "best fitness" designs.
01:06:53: verbose- metric_tracker: Max "best fitness" expanse change of 2.729% found for objective "Non-Linear Minimize obj_fn_1".
01:06:53: verbose- metric_tracker: Population density decreased by 23.031%.
01:06:53: verbose- metric_tracker: 7.692% of the previous "best fitness" population is dominated by designs in the current "best fitness" population.
01:06:53: verbose- metric_tracker: Pushed metric value of 0.334519 onto the convergence stack.
01:06:53: quiet- duplicate_free: 6 generations so far.
01:06:53: quiet- duplicate_free: 395 evaluations so far.
01:06:53: verbose- duplicate_free: 34 members in population so far.
01:06:53: verbose- multi_point_parameterized_binary: 14 children created.
01:06:53: verbose- offset_normal: Performed 7 total mutations.
01:06:53: quiet- NO_ID: Invalid value of 1.63061 found for variable DAKOTA_RC_2.  Corrected to 1.81081.
01:06:53: quiet- NO_ID: Invalid value of 1.89973 found for variable DAKOTA_RC_8.  Corrected to 2.0931.
01:06:53: quiet- NO_ID: Invalid value of 2.11171 found for variable DAKOTA_RC_2.  Corrected to 2.08781.
02:13:24: verbose- below_limit: Performed 46 total selections.
02:13:24: verbose- NO_ID: 3 of 34 population members were not selected to continue.  6 of 21 offspring were immediately rejected.
02:13:24: verbose- metric_tracker: Operating on 46 total designs and 23 "best fitness" designs.
02:13:24: verbose- metric_tracker: No "best fitness" expansion or contraction occurred this generation.
02:13:24: verbose- metric_tracker: Population density increased by 58.481%.
02:13:24: verbose- metric_tracker: 6.25% of the previous "best fitness" population is dominated by designs in the current "best fitness" population.
02:13:24: verbose- metric_tracker: Pushed metric value of 0.647309 onto the convergence stack.
02:13:24: quiet- duplicate_free: 7 generations so far.
02:13:24: quiet- duplicate_free: 416 evaluations so far.
02:13:24: verbose- duplicate_free: 46 members in population so far.
02:13:24: verbose- multi_point_parameterized_binary: 18 children created.
02:13:24: quiet- offset_normal: Produced invalid  variable representation 2.31669. Mutation performed without corrective action.
02:13:24: verbose- offset_normal: Performed 9 total mutations.
02:13:24: quiet- NO_ID: Invalid value of 2.31669 found for variable DAKOTA_RC_5.  Corrected to 2.23448.
02:13:24: quiet- NO_ID: Invalid value of 1.81293 found for variable DAKOTA_RC_7.  Corrected to 2.00196.
02:13:24: quiet- NO_ID: Invalid value of 1.66233 found for variable DAKOTA_RC_3.  Corrected to 1.94581.
02:13:24: quiet- NO_ID: Invalid value of 1.7986 found for variable DAKOTA_RC_3.  Corrected to 2.09252.
02:13:24: quiet- NO_ID: Invalid value of 1.78202 found for variable DAKOTA_RC_7.  Corrected to 2.00235.
02:13:24: quiet- NO_ID: Invalid value of 2.36375 found for variable DAKOTA_RC_1.  Corrected to 1.93212.
02:13:24: verbose- duplicate_free: flushed 1 offspring designs that duplicate existing population members.
03:36:53: verbose- below_limit: Performed 54 total selections.
03:36:53: verbose- NO_ID: 3 of 46 population members were not selected to continue.  15 of 26 offspring were immediately rejected.
03:36:53: verbose- metric_tracker: Operating on 54 total designs and 28 "best fitness" designs.
03:36:53: verbose- metric_tracker: Max "best fitness" expanse change of 8.852% found for objective "Non-Linear Minimize obj_fn_1".
03:36:53: verbose- metric_tracker: Population density increased by 7.845%.
03:36:53: verbose- metric_tracker: 13.043% of the previous "best fitness" population is dominated by designs in the current "best fitness" population.
03:36:53: verbose- metric_tracker: Pushed metric value of 0.297404 onto the convergence stack.
03:36:53: quiet- duplicate_free: 8 generations so far.
03:36:53: quiet- duplicate_free: 442 evaluations so far.
03:36:53: verbose- duplicate_free: 54 members in population so far.
03:36:53: verbose- multi_point_parameterized_binary: 22 children created.
03:36:53: verbose- offset_normal: Performed 11 total mutations.
03:36:53: quiet- NO_ID: Invalid value of 2.107 found for variable DAKOTA_RC_2.  Corrected to 1.81059.
03:36:53: quiet- NO_ID: Invalid value of 1.70137 found for variable DAKOTA_RC_2.  Corrected to 1.99223.
03:36:53: quiet- NO_ID: Invalid value of 1.75884 found for variable DAKOTA_RC_2.  Corrected to 2.03347.
03:36:53: quiet- NO_ID: Invalid value of 1.76596 found for variable DAKOTA_RC_3.  Corrected to 2.00874.
03:36:53: quiet- NO_ID: Invalid value of 2.30999 found for variable DAKOTA_RC_1.  Corrected to 2.25842.
05:28:56: verbose- below_limit: Performed 73 total selections.
05:28:56: verbose- NO_ID: 9 of 54 population members were not selected to continue.  5 of 33 offspring were immediately rejected.
05:28:56: verbose- metric_tracker: Operating on 73 total designs and 34 "best fitness" designs.
05:28:56: verbose- metric_tracker: No "best fitness" expansion or contraction occurred this generation.
05:28:56: verbose- metric_tracker: Population density increased by 34.527%.
05:28:56: verbose- metric_tracker: 21.429% of the previous "best fitness" population is dominated by designs in the current "best fitness" population.
05:28:56: verbose- metric_tracker: Pushed metric value of 0.559553 onto the convergence stack.
05:28:56: quiet- duplicate_free: 9 generations so far.
05:28:56: quiet- duplicate_free: 475 evaluations so far.
05:28:56: verbose- duplicate_free: 73 members in population so far.
05:28:56: verbose- multi_point_parameterized_binary: 30 children created.
05:28:56: verbose- offset_normal: Performed 15 total mutations.
05:28:56: quiet- NO_ID: Invalid value of 1.78103 found for variable DAKOTA_RC_7.  Corrected to 2.03066.
05:28:56: quiet- NO_ID: Invalid value of 1.70185 found for variable DAKOTA_RC_2.  Corrected to 2.07775.
05:28:56: quiet- NO_ID: Invalid value of 2.11199 found for variable DAKOTA_RC_2.  Corrected to 2.03338.
05:28:56: quiet- NO_ID: Invalid value of 1.80588 found for variable DAKOTA_RC_5.  Corrected to 2.24336.
05:28:56: quiet- NO_ID: Invalid value of 1.74233 found for variable DAKOTA_RC_2.  Corrected to 1.99187.
05:28:56: quiet- NO_ID: Invalid value of 1.79896 found for variable DAKOTA_RC_4.  Corrected to 2.08912.
05:28:56: quiet- NO_ID: Invalid value of 1.70787 found for variable DAKOTA_RC_2.  Corrected to 2.00438.
05:28:56: quiet- NO_ID: Invalid value of 2.39075 found for variable DAKOTA_RC_1.  Corrected to 1.93736.
07:42:44: verbose- below_limit: Performed 98 total selections.
07:42:44: verbose- NO_ID: 7 of 73 population members were not selected to continue.  13 of 45 offspring were immediately rejected.
07:42:44: verbose- metric_tracker: Operating on 98 total designs and 50 "best fitness" designs.
07:42:44: verbose- metric_tracker: Max "best fitness" expanse change of 3.339% found for objective "Non-Linear Minimize obj_fn_1".
07:42:44: verbose- metric_tracker: Population density increased by 26.793%.
07:42:44: verbose- metric_tracker: No "best fitness" designs from the previous population are dominated by "best fitness" designs in the current population.
07:42:44: verbose- metric_tracker: Pushed metric value of 0.301321 onto the convergence stack.
07:42:44: verbose- metric_tracker: Current max percentage progress is 672.166%.
07:42:44: quiet- duplicate_free: 10 generations so far.
07:42:44: quiet- duplicate_free: 520 evaluations so far.
07:42:44: verbose- duplicate_free: 98 members in population so far.
07:42:44: verbose- multi_point_parameterized_binary: 40 children created.
07:42:44: verbose- offset_normal: Performed 20 total mutations.
07:42:44: quiet- NO_ID: Invalid value of 1.63058 found for variable DAKOTA_RC_2.  Corrected to 2.04702.
07:42:44: quiet- NO_ID: Invalid value of 2.10785 found for variable DAKOTA_RC_3.  Corrected to 1.98452.
07:42:44: quiet- NO_ID: Invalid value of 1.82964 found for variable DAKOTA_RC_6.  Corrected to 2.05401.
07:42:44: quiet- NO_ID: Invalid value of 1.79193 found for variable DAKOTA_RC_3.  Corrected to 1.94557.
07:42:44: quiet- NO_ID: Invalid value of 1.83753 found for variable DAKOTA_RC_6.  Corrected to 2.25615.
07:42:44: quiet- NO_ID: Invalid value of 2.10703 found for variable DAKOTA_RC_2.  Corrected to 2.09398.
07:42:44: quiet- NO_ID: Invalid value of 2.30007 found for variable DAKOTA_RC_1.  Corrected to 2.21311.
07:42:44: quiet- NO_ID: Invalid value of 1.63173 found for variable DAKOTA_RC_2.  Corrected to 1.98599.
07:42:44: quiet- NO_ID: Invalid value of 2.30128 found for variable DAKOTA_RC_1.  Corrected to 2.26482.
07:42:44: quiet- NO_ID: Invalid value of 2.30231 found for variable DAKOTA_RC_1.  Corrected to 2.09524.
07:42:44: quiet- NO_ID: Invalid value of 2.39255 found for variable DAKOTA_RC_1.  Corrected to 2.28497.
10:56:17: verbose- below_limit: Performed 126 total selections.
10:56:17: verbose- NO_ID: 11 of 98 population members were not selected to continue.  21 of 60 offspring were immediately rejected.
10:56:17: verbose- metric_tracker: Operating on 126 total designs and 62 "best fitness" designs.
10:56:17: verbose- metric_tracker: Max "best fitness" expanse change of 0.005% found for objective "Non-Linear Minimize obj_fn_2".
10:56:17: verbose- metric_tracker: Population density increased by 26.71%.
10:56:17: verbose- metric_tracker: 18% of the previous "best fitness" population is dominated by designs in the current "best fitness" population.
10:56:17: verbose- metric_tracker: Pushed metric value of 0.447149 onto the convergence stack.
10:56:17: verbose- metric_tracker: Current max percentage progress is 672.166%.
10:56:17: quiet- duplicate_free: 11 generations so far.
10:56:17: quiet- duplicate_free: 580 evaluations so far.
10:56:17: verbose- duplicate_free: 126 members in population so far.
10:56:17: verbose- multi_point_parameterized_binary: 50 children created.
10:56:17: quiet- offset_normal: Produced invalid  variable representation 1.79889. Mutation performed without corrective action.
10:56:17: verbose- offset_normal: Performed 25 total mutations.
10:56:17: quiet- NO_ID: Invalid value of 1.74528 found for variable DAKOTA_RC_2.  Corrected to 1.99755.
10:56:17: quiet- NO_ID: Invalid value of 1.64701 found for variable DAKOTA_RC_2.  Corrected to 2.0272.
10:56:17: quiet- NO_ID: Invalid value of 1.86821 found for variable DAKOTA_RC_6.  Corrected to 1.96724.
10:56:17: quiet- NO_ID: Invalid value of 1.79413 found for variable DAKOTA_RC_4.  Corrected to 2.06023.
10:56:17: quiet- NO_ID: Invalid value of 2.12069 found for variable DAKOTA_RC_2.  Corrected to 1.98785.
10:56:17: quiet- NO_ID: Invalid value of 2.11264 found for variable DAKOTA_RC_2.  Corrected to 1.89309.
10:56:17: quiet- NO_ID: Invalid value of 1.79889 found for variable DAKOTA_RC_2.  Corrected to 1.96354.
15:06:30: verbose- below_limit: Performed 168 total selections.
15:06:30: verbose- NO_ID: 9 of 126 population members were not selected to continue.  24 of 75 offspring were immediately rejected.
15:06:30: verbose- metric_tracker: Operating on 168 total designs and 68 "best fitness" designs.
15:06:30: verbose- metric_tracker: Max "best fitness" expanse change of 4.928% found for objective "Non-Linear Minimize obj_fn_1".
15:06:30: verbose- metric_tracker: Population density increased by 28.932%.
15:06:30: verbose- metric_tracker: 24.194% of the previous "best fitness" population is dominated by designs in the current "best fitness" population.
15:06:30: verbose- metric_tracker: Pushed metric value of 0.580533 onto the convergence stack.
15:06:30: verbose- metric_tracker: Current max percentage progress is 672.166%.
15:06:30: quiet- duplicate_free: 12 generations so far.
15:06:30: quiet- duplicate_free: 655 evaluations so far.
15:06:30: verbose- duplicate_free: 168 members in population so far.
15:06:30: verbose- multi_point_parameterized_binary: 68 children created.
15:06:30: quiet- offset_normal: Produced invalid  variable representation 2.31543. Mutation performed without corrective action.
15:06:30: quiet- offset_normal: Produced invalid  variable representation 1.89234. Mutation performed without corrective action.
15:06:30: verbose- offset_normal: Performed 34 total mutations.
15:06:30: quiet- NO_ID: Invalid value of 1.77385 found for variable DAKOTA_RC_4.  Corrected to 1.93033.
15:06:30: quiet- NO_ID: Invalid value of 2.31543 found for variable DAKOTA_RC_5.  Corrected to 2.15565.
15:06:30: quiet- NO_ID: Invalid value of 1.84529 found for variable DAKOTA_RC_4.  Corrected to 2.21142.
15:06:30: quiet- NO_ID: Invalid value of 1.77894 found for variable DAKOTA_RC_7.  Corrected to 2.20158.
15:06:30: quiet- NO_ID: Invalid value of 1.89234 found for variable DAKOTA_RC_7.  Corrected to 2.19706.
15:06:30: quiet- NO_ID: Invalid value of 2.30106 found for variable DAKOTA_RC_1.  Corrected to 2.20007.
15:06:30: quiet- NO_ID: Invalid value of 1.61421 found for variable DAKOTA_RC_2.  Corrected to 2.05494.
15:06:30: quiet- NO_ID: Invalid value of 2.30245 found for variable DAKOTA_RC_1.  Corrected to 2.02775.
15:06:30: quiet- NO_ID: Invalid value of 2.30679 found for variable DAKOTA_RC_1.  Corrected to 2.21383.
15:06:30: quiet- NO_ID: Invalid value of 2.31907 found for variable DAKOTA_RC_1.  Corrected to 2.21499.
15:06:30: quiet- NO_ID: Invalid value of 2.36375 found for variable DAKOTA_RC_1.  Corrected to 2.11054.
15:06:30: quiet- NO_ID: Invalid value of 2.38013 found for variable DAKOTA_RC_1.  Corrected to 2.20107.
15:06:30: verbose- duplicate_free: flushed 1 duplicate offspring designs after application of the variational operators.
20:45:48: verbose- below_limit: Performed 209 total selections.
20:45:48: verbose- NO_ID: 18 of 168 population members were not selected to continue.  42 of 101 offspring were immediately rejected.
20:45:48: verbose- metric_tracker: Operating on 209 total designs and 88 "best fitness" designs.
20:45:48: verbose- metric_tracker: Max "best fitness" expanse change of -2.224% found for objective "Non-Linear Minimize obj_fn_1".
20:45:48: verbose- metric_tracker: Population density increased by 16.177%.
20:45:48: verbose- metric_tracker: 5.882% of the previous "best fitness" population is dominated by designs in the current "best fitness" population.
20:45:48: verbose- metric_tracker: Pushed metric value of 0.242833 onto the convergence stack.
20:45:48: verbose- metric_tracker: Current max percentage progress is 122.523%.
20:45:48: quiet- duplicate_free: 13 generations so far.
20:45:48: quiet- duplicate_free: 756 evaluations so far.
20:45:48: verbose- duplicate_free: 209 members in population so far.
20:45:48: verbose- multi_point_parameterized_binary: 84 children created.
20:45:48: quiet- offset_normal: Produced invalid  variable representation 1.89872. Mutation performed without corrective action.
20:45:48: quiet- offset_normal: Produced invalid  variable representation 1.86859. Mutation performed without corrective action.
20:45:48: quiet- offset_normal: Produced invalid  variable representation 2.30801. Mutation performed without corrective action.
20:45:48: quiet- offset_normal: Produced invalid  variable representation 1.79294. Mutation performed without corrective action.
20:45:48: verbose- offset_normal: Performed 42 total mutations.
20:45:48: quiet- NO_ID: Invalid value of 1.72957 found for variable DAKOTA_RC_2.  Corrected to 1.80538.
20:45:48: quiet- NO_ID: Invalid value of 1.89872 found for variable DAKOTA_RC_4.  Corrected to 1.90759.
20:45:48: quiet- NO_ID: Invalid value of 1.86859 found for variable DAKOTA_RC_7.  Corrected to 2.05126.
20:45:48: quiet- NO_ID: Invalid value of 2.30801 found for variable DAKOTA_RC_5.  Corrected to 2.20546.
20:45:48: quiet- NO_ID: Invalid value of 1.8288 found for variable DAKOTA_RC_6.  Corrected to 2.02961.
20:45:48: quiet- NO_ID: Invalid value of 1.80135 found for variable DAKOTA_RC_5.  Corrected to 1.9472.
20:45:48: quiet- NO_ID: Invalid value of 2.107 found for variable DAKOTA_RC_2.  Corrected to 1.80892.
20:45:48: quiet- NO_ID: Invalid value of 1.82865 found for variable DAKOTA_RC_6.  Corrected to 2.2953.
20:45:48: quiet- NO_ID: Invalid value of 2.1127 found for variable DAKOTA_RC_2.  Corrected to 2.01571.
20:45:48: quiet- NO_ID: Invalid value of 2.1207 found for variable DAKOTA_RC_2.  Corrected to 1.98484.
20:45:48: quiet- NO_ID: Invalid value of 1.795 found for variable DAKOTA_RC_3.  Corrected to 2.0292.
20:45:48: quiet- NO_ID: Invalid value of 1.79294 found for variable DAKOTA_RC_2.  Corrected to 1.97971.
20:45:48: quiet- NO_ID: Invalid value of 2.30013 found for variable DAKOTA_RC_1.  Corrected to 2.08054.
20:45:48: quiet- NO_ID: Invalid value of 2.36586 found for variable DAKOTA_RC_1.  Corrected to 2.02314.
03:53:08: verbose- below_limit: Performed 256 total selections.
03:53:08: verbose- NO_ID: 26 of 209 population members were not selected to continue.  53 of 126 offspring were immediately rejected.
03:53:08: verbose- metric_tracker: Operating on 256 total designs and 110 "best fitness" designs.
03:53:08: verbose- metric_tracker: Max "best fitness" expanse change of 0.044% found for objective "Non-Linear Minimize obj_fn_3".
03:53:08: verbose- metric_tracker: Population density increased by 31.767%.
03:53:08: verbose- metric_tracker: 12.5% of the previous "best fitness" population is dominated by designs in the current "best fitness" population.
03:53:08: verbose- metric_tracker: Pushed metric value of 0.443112 onto the convergence stack.
03:53:08: verbose- metric_tracker: Current max percentage progress is 91.946%.
03:53:08: verbose- metric_tracker: Convergence attained.
03:53:08: quiet- duplicate_free: 14 generations so far.
03:53:08: quiet- duplicate_free: 882 evaluations so far.
03:53:08: verbose- duplicate_free: 256 members in population so far.
03:53:08: verbose- NO_ID: Reclaimed 0 optimal designs from the discards.
03:53:08: quiet- NO_ID: Reclaimed 0 optimal designs that had been selected out.
03:53:08: verbose- NO_ID: Flushed 146 dominated designs from the population.
03:53:08: quiet- NO_ID: Ran 14 total generations.
03:53:08: quiet- NO_ID: Final population size = 110
03:53:08: verbose- NO_ID: Wrote designs file ".//finaldata1.dat".
03:53:08: verbose- NO_ID: Wrote designs file ".//discards.dat".
03:53:08: quiet- JEGA Front End: NO_ID execution took 11.21 seconds.
03:53:08: quiet- JEGA Front End: Execution took 11.21 seconds.
03:53:08: verbose- NO_ID: algorithm execution completed. 110 solutions found. Passing them back to DAKOTA.
03:53:08: quiet- NO_ID: find optimum completed and all results have been passed back to DAKOTA.


03:53:08: quiet- NO_ID: goodbye!


