JEGA Genetic Algorithm Optimization Software v2.7.0
Run started Sun Jun  9 10:22:07 2019

Global Log initialized using "verbose" as default level.
Global Log logging to file JEGAGlobal.log
Global Log logging to console window
10:22:07: quiet- JEGA Front End: Random seed = 1560190127
10:22:07: verbose- Design Target: Design variable DAKOTA_RC_1 added.  1 design variables now in target.
10:22:07: verbose- Design Target: Design variable DAKOTA_RC_2 added.  2 design variables now in target.
10:22:07: verbose- Design Target: Design variable DAKOTA_RC_3 added.  3 design variables now in target.
10:22:07: verbose- Design Target: Design variable DAKOTA_RC_4 added.  4 design variables now in target.
10:22:07: verbose- Design Target: Design variable DAKOTA_RC_5 added.  5 design variables now in target.
10:22:07: verbose- Design Target: Design variable DAKOTA_RC_6 added.  6 design variables now in target.
10:22:07: verbose- Design Target: Design variable DAKOTA_RC_7 added.  7 design variables now in target.
10:22:07: verbose- Design Target: Design variable DAKOTA_EP_1 added.  8 design variables now in target.
10:22:07: verbose- Design Target: Design variable DAKOTA_EP_2 added.  9 design variables now in target.
10:22:07: verbose- Design Target: Objective Non-Linear Minimize obj_fn_1 added.  1 objectives now in target.
10:22:07: verbose- Design Target: Objective Non-Linear Minimize obj_fn_2 added.  2 objectives now in target.
10:22:07: verbose- Design Target: Objective Non-Linear Minimize obj_fn_3 added.  3 objectives now in target.
10:22:07: verbose- JEGA Front End: Creating a MOGA
10:22:07: debug-  Matching Group: Trying "Domination Count Operator Group".
10:22:07: verbose- Domination Count Operator Group: Contains Converger "metric_tracker".
10:22:07: verbose- Domination Count Operator Group: Contains Crosser "multi_point_parameterized_binary".
10:22:07: verbose- Domination Count Operator Group: Contains FitnessAssessor "domination_count".
10:22:07: verbose- Domination Count Operator Group: Contains Initializer "unique_random".
10:22:07: verbose- Domination Count Operator Group: Contains MainLoop "duplicate_free".
10:22:07: verbose- Domination Count Operator Group: Contains Mutator "offset_normal".
10:22:07: verbose- Domination Count Operator Group: Contains Selector "below_limit".
10:22:07: verbose- Domination Count Operator Group: Contains PostProcessor "null_postprocessor".
10:22:07: verbose- Domination Count Operator Group: Contains NichePressureApplicator "null_niching".
10:22:07: debug-  Matching Group: "Domination Count Operator Group" match succeeded.
10:22:07: quiet- : Matched new set to a group that is not the current group.  Adopting the new group.
10:22:07: verbose- Domination Count Operator Group: Contains Converger "metric_tracker".
10:22:07: verbose- Domination Count Operator Group: Contains Crosser "multi_point_parameterized_binary".
10:22:07: verbose- Domination Count Operator Group: Contains FitnessAssessor "domination_count".
10:22:07: verbose- Domination Count Operator Group: Contains Initializer "unique_random".
10:22:07: verbose- Domination Count Operator Group: Contains MainLoop "duplicate_free".
10:22:07: verbose- Domination Count Operator Group: Contains Mutator "offset_normal".
10:22:07: verbose- Domination Count Operator Group: Contains Selector "below_limit".
10:22:07: verbose- Domination Count Operator Group: Contains PostProcessor "null_postprocessor".
10:22:07: verbose- Domination Count Operator Group: Contains NichePressureApplicator "null_niching".
10:22:07: verbose- NO_ID: The name of this GA is now NO_ID
10:22:07: verbose- NO_ID: The print each population flag is now set to 0
10:22:07: verbose- NO_ID: The print final data flag is now set to 1
10:22:07: verbose- NO_ID: The print discards flag is now set to 1
10:22:07: verbose- NO_ID: The name of the file to which final data will be written is now finaldata1.dat
10:22:07: verbose- NO_ID: The data directory is now set to ./
10:22:07: verbose- metric_tracker: Number of generations tracked now = 10
10:22:07: verbose- metric_tracker: Max allowable % change now = 1
10:22:07: verbose- metric_tracker: Maximum allowable generations now = 100
10:22:07: verbose- metric_tracker: Maximum allowable evaluations now = 20000
10:22:07: quiet- Error encountered while retrieving parameter named "method.max_time" of type "d" from parameter database reading: Parameter not found for tag: method.max_time
10:22:07: verbose- metric_tracker: The maximum allowable amount of time was not found in the parameter database.  Using the current value of 1.79769e+308
10:22:07: verbose- metric_tracker: Maximum allowable time now = 1.79769e+308 seconds 
10:22:07: quiet- Error encountered while retrieving parameter named "method.jega.num_cross_points" of type "St6vectorIiSaIiEE" from parameter database reading: Parameter not found for tag: method.jega.num_cross_points
10:22:07: verbose- multi_point_parameterized_binary: The number of crossover points for each variable were not found in the parameter database.  Checking for a single value.
10:22:07: verbose- multi_point_parameterized_binary: Number of crossover points now = 2
10:22:07: verbose- multi_point_parameterized_binary: Crossover rate now = 0.4
10:22:07: verbose- multi_point_parameterized_binary: Number of crossover points for variable "DAKOTA_RC_1" now = 2.
10:22:07: verbose- multi_point_parameterized_binary: Number of crossover points for variable "DAKOTA_RC_2" now = 2.
10:22:07: verbose- multi_point_parameterized_binary: Number of crossover points for variable "DAKOTA_RC_3" now = 2.
10:22:07: verbose- multi_point_parameterized_binary: Number of crossover points for variable "DAKOTA_RC_4" now = 2.
10:22:07: verbose- multi_point_parameterized_binary: Number of crossover points for variable "DAKOTA_RC_5" now = 2.
10:22:07: verbose- multi_point_parameterized_binary: Number of crossover points for variable "DAKOTA_RC_6" now = 2.
10:22:07: verbose- multi_point_parameterized_binary: Number of crossover points for variable "DAKOTA_RC_7" now = 2.
10:22:07: verbose- multi_point_parameterized_binary: Number of crossover points for variable "DAKOTA_EP_1" now = 2.
10:22:07: verbose- multi_point_parameterized_binary: Number of crossover points for variable "DAKOTA_EP_2" now = 2.
10:22:07: verbose- DAKOTA JEGA Evaluator: Maximum allowable evaluations now = 20000
10:22:07: verbose- DAKOTA JEGA Evaluator: The evaluation concurrency is now 1
10:22:07: verbose- unique_random: Desired initial population size now = 250
10:22:07: verbose- null_niching: Niched design caching now set to true.
10:22:07: quiet- Error encountered while retrieving parameter named "method.jega.max_niche_cache_size" of type "m" from parameter database reading: Parameter not found for tag: method.jega.max_niche_cache_size
10:22:07: verbose- null_niching: The max niche cache size value was not found in the parameter database.  Using the current value of 1
10:22:07: verbose- null_niching: Niched design caching max size now set to 18446744073709551615.
10:22:07: verbose- offset_normal: Offset range now = 0.05
10:22:07: verbose- offset_normal: Mutation rate now = 0.2
10:22:07: verbose- below_limit: Limiting value now = 6
10:22:07: verbose- below_limit: Shrinkage percentage now = 0.3
10:22:07: verbose- below_limit: Minimum selections now = 2
10:22:07: verbose- NO_ID: About to perform algorithm execution.
10:22:07: verbose- unique_random: 250 unique random designs created.
11:48:24: verbose- below_limit: Performed 75 total selections.
11:48:24: verbose- NO_ID: 175 of 250 population members were not selected to continue.  0 of 0 offspring were immediately rejected.
11:48:24: verbose- metric_tracker: Operating on 75 total designs and 17 "best fitness" designs.
11:48:24: verbose- metric_tracker: Pushed metric value of 0 onto the convergence stack.
11:48:24: quiet- duplicate_free: 1 generation so far.
11:48:24: quiet- duplicate_free: 250 evaluations so far.
11:48:24: verbose- duplicate_free: 75 members in population so far.
11:48:24: verbose- multi_point_parameterized_binary: 30 children created.
11:48:24: verbose- offset_normal: Performed 15 total mutations.
11:48:24: quiet- NO_ID: Invalid value of 2.13227 found for variable DAKOTA_RC_5.  Corrected to 1.88659.
11:48:24: quiet- NO_ID: Invalid value of 1.81876 found for variable DAKOTA_RC_3.  Corrected to 1.44842.
11:48:24: quiet- NO_ID: Invalid value of 2.11868 found for variable DAKOTA_RC_5.  Corrected to 1.82673.
11:48:24: quiet- NO_ID: Invalid value of 2.10889 found for variable DAKOTA_RC_6.  Corrected to 1.92469.
11:48:24: quiet- NO_ID: Invalid value of 2.18311 found for variable DAKOTA_RC_1.  Corrected to 2.02903.
12:08:37: verbose- below_limit: Performed 36 total selections.
12:08:37: verbose- NO_ID: 48 of 75 population members were not selected to continue.  36 of 45 offspring were immediately rejected.
12:08:37: verbose- metric_tracker: Operating on 36 total designs and 21 "best fitness" designs.
12:08:37: verbose- metric_tracker: No "best fitness" expansion or contraction occurred this generation.
12:08:37: verbose- metric_tracker: Population density increased by 16810.9%.
12:08:37: verbose- metric_tracker: No "best fitness" designs from the previous population are dominated by "best fitness" designs in the current population.
12:08:37: verbose- metric_tracker: Pushed metric value of 168.109 onto the convergence stack.
12:08:37: quiet- duplicate_free: 2 generations so far.
12:08:37: quiet- duplicate_free: 295 evaluations so far.
12:08:37: verbose- duplicate_free: 36 members in population so far.
12:08:37: verbose- multi_point_parameterized_binary: 14 children created.
12:08:37: verbose- offset_normal: Performed 7 total mutations.
12:08:37: quiet- NO_ID: Invalid value of 13.0069 found for variable DAKOTA_EP_1.  Corrected to 3.11932.
12:18:35: verbose- below_limit: Performed 47 total selections.
12:18:35: verbose- NO_ID: 3 of 36 population members were not selected to continue.  7 of 21 offspring were immediately rejected.
12:18:35: verbose- metric_tracker: Operating on 47 total designs and 26 "best fitness" designs.
12:18:35: verbose- metric_tracker: Max "best fitness" expanse change of 8.535% found for objective "Non-Linear Minimize obj_fn_3".
12:18:35: verbose- metric_tracker: Population density decreased by 3.575%.
12:18:35: verbose- metric_tracker: 9.524% of the previous "best fitness" population is dominated by designs in the current "best fitness" population.
12:18:35: verbose- metric_tracker: Pushed metric value of 0.21634 onto the convergence stack.
12:18:35: quiet- duplicate_free: 3 generations so far.
12:18:35: quiet- duplicate_free: 316 evaluations so far.
12:18:35: verbose- duplicate_free: 47 members in population so far.
12:18:35: verbose- multi_point_parameterized_binary: 18 children created.
12:18:35: verbose- offset_normal: Performed 9 total mutations.
12:18:35: quiet- NO_ID: Invalid value of 1.81606 found for variable DAKOTA_RC_3.  Corrected to 1.68088.
12:18:35: quiet- NO_ID: Invalid value of 12.0108 found for variable DAKOTA_EP_1.  Corrected to 8.9557.
12:31:24: verbose- below_limit: Performed 59 total selections.
12:31:24: verbose- NO_ID: 5 of 47 population members were not selected to continue.  10 of 27 offspring were immediately rejected.
12:31:24: verbose- metric_tracker: Operating on 59 total designs and 32 "best fitness" designs.
12:31:24: verbose- metric_tracker: No "best fitness" expansion or contraction occurred this generation.
12:31:24: verbose- metric_tracker: Population density increased by 63.744%.
12:31:24: verbose- metric_tracker: 11.538% of the previous "best fitness" population is dominated by designs in the current "best fitness" population.
12:31:24: verbose- metric_tracker: Pushed metric value of 0.752828 onto the convergence stack.
12:31:24: quiet- duplicate_free: 4 generations so far.
12:31:24: quiet- duplicate_free: 343 evaluations so far.
12:31:24: verbose- duplicate_free: 59 members in population so far.
12:31:24: verbose- multi_point_parameterized_binary: 24 children created.
12:31:24: quiet- offset_normal: Produced invalid  variable representation 1.90644. Mutation performed without corrective action.
12:31:24: verbose- offset_normal: Performed 12 total mutations.
12:31:24: quiet- NO_ID: Invalid value of 1.90644 found for variable DAKOTA_RC_2.  Corrected to 1.80409.
12:31:24: quiet- NO_ID: Invalid value of 2.01044 found for variable DAKOTA_RC_3.  Corrected to 1.73337.
12:31:24: quiet- NO_ID: Invalid value of 1.02756 found for variable DAKOTA_RC_3.  Corrected to 1.58098.
12:31:24: quiet- NO_ID: Invalid value of 2.19009 found for variable DAKOTA_RC_1.  Corrected to 1.9476.
12:48:26: verbose- below_limit: Performed 75 total selections.
12:48:26: verbose- NO_ID: 8 of 59 population members were not selected to continue.  12 of 36 offspring were immediately rejected.
12:48:26: verbose- metric_tracker: Operating on 75 total designs and 29 "best fitness" designs.
12:48:26: verbose- metric_tracker: Max "best fitness" expanse change of 2830.14% found for objective "Non-Linear Minimize obj_fn_1".
12:48:26: verbose- metric_tracker: Population density decreased by 95.956%.
12:48:26: verbose- metric_tracker: 46.875% of the previous "best fitness" population is dominated by designs in the current "best fitness" population.
12:48:26: verbose- metric_tracker: Pushed metric value of 29.7297 onto the convergence stack.
12:48:26: quiet- duplicate_free: 5 generations so far.
12:48:26: quiet- duplicate_free: 379 evaluations so far.
12:48:26: verbose- duplicate_free: 75 members in population so far.
12:48:26: verbose- multi_point_parameterized_binary: 30 children created.
12:48:26: quiet- offset_normal: Produced invalid  variable representation -0.959521. Mutation performed without corrective action.
12:48:26: verbose- offset_normal: Performed 15 total mutations.
12:48:26: quiet- NO_ID: Invalid value of 1.41738 found for variable DAKOTA_RC_2.  Corrected to 1.86407.
12:48:26: quiet- NO_ID: Invalid value of -0.959521 found for variable DAKOTA_EP_1.  Corrected to 4.5388.
12:48:26: quiet- NO_ID: Invalid value of 1.90345 found for variable DAKOTA_RC_2.  Corrected to 1.71922.
12:48:26: quiet- NO_ID: Invalid value of 1.90017 found for variable DAKOTA_RC_2.  Corrected to 1.843.
12:48:26: quiet- NO_ID: Invalid value of 2.18566 found for variable DAKOTA_RC_1.  Corrected to 2.02478.
12:48:26: verbose- duplicate_free: flushed 1 duplicate offspring designs after application of the variational operators.
12:48:26: verbose- duplicate_free: flushed 1 offspring designs that duplicate existing population members.
13:08:23: verbose- below_limit: Performed 95 total selections.
13:08:23: verbose- NO_ID: 6 of 75 population members were not selected to continue.  17 of 43 offspring were immediately rejected.
13:08:23: verbose- metric_tracker: Operating on 95 total designs and 30 "best fitness" designs.
13:08:23: verbose- metric_tracker: No "best fitness" expansion or contraction occurred this generation.
13:08:23: verbose- metric_tracker: Population density increased by 26.667%.
13:08:23: verbose- metric_tracker: 27.586% of the previous "best fitness" population is dominated by designs in the current "best fitness" population.
13:08:23: verbose- metric_tracker: Pushed metric value of 0.542529 onto the convergence stack.
13:08:23: quiet- duplicate_free: 6 generations so far.
13:08:23: quiet- duplicate_free: 422 evaluations so far.
13:08:23: verbose- duplicate_free: 95 members in population so far.
13:08:23: verbose- multi_point_parameterized_binary: 38 children created.
13:08:23: verbose- offset_normal: Performed 19 total mutations.
13:08:23: quiet- NO_ID: Invalid value of 2.20562 found for variable DAKOTA_RC_5.  Corrected to 2.00466.
13:08:23: quiet- NO_ID: Invalid value of 2.16829 found for variable DAKOTA_RC_4.  Corrected to 2.01696.
13:08:23: quiet- NO_ID: Invalid value of 1.90344 found for variable DAKOTA_RC_2.  Corrected to 1.72229.
13:08:23: quiet- NO_ID: Invalid value of 1.93676 found for variable DAKOTA_RC_3.  Corrected to 1.51655.
13:08:23: quiet- NO_ID: Invalid value of 1.02887 found for variable DAKOTA_RC_3.  Corrected to 1.56704.
13:08:23: quiet- NO_ID: Invalid value of 2.17923 found for variable DAKOTA_RC_4.  Corrected to 1.82912.
13:08:23: quiet- NO_ID: Invalid value of 1.49577 found for variable DAKOTA_RC_2.  Corrected to 1.64807.
13:08:23: quiet- NO_ID: Invalid value of 2.10032 found for variable DAKOTA_RC_1.  Corrected to 1.89596.
13:35:35: verbose- below_limit: Performed 125 total selections.
13:35:35: verbose- NO_ID: 11 of 95 population members were not selected to continue.  16 of 57 offspring were immediately rejected.
13:35:35: verbose- metric_tracker: Operating on 125 total designs and 33 "best fitness" designs.
13:35:35: verbose- metric_tracker: Max "best fitness" expanse change of 2.77% found for objective "Non-Linear Minimize obj_fn_2".
13:35:35: verbose- metric_tracker: Population density increased by 28.032%.
13:35:35: verbose- metric_tracker: 30% of the previous "best fitness" population is dominated by designs in the current "best fitness" population.
13:35:35: verbose- metric_tracker: Pushed metric value of 0.608023 onto the convergence stack.
13:35:35: quiet- duplicate_free: 7 generations so far.
13:35:35: quiet- duplicate_free: 479 evaluations so far.
13:35:35: verbose- duplicate_free: 125 members in population so far.
13:35:35: verbose- multi_point_parameterized_binary: 50 children created.
13:35:35: quiet- offset_normal: Produced invalid  variable representation 1.67822. Mutation performed without corrective action.
13:35:35: verbose- offset_normal: Performed 25 total mutations.
13:35:35: quiet- NO_ID: Invalid value of 2.10066 found for variable DAKOTA_RC_5.  Corrected to 1.75983.
13:35:35: quiet- NO_ID: Invalid value of 1.94381 found for variable DAKOTA_RC_3.  Corrected to 1.51638.
13:35:35: quiet- NO_ID: Invalid value of 1.67822 found for variable DAKOTA_RC_5.  Corrected to 1.70976.
13:35:35: quiet- NO_ID: Invalid value of 1.90478 found for variable DAKOTA_RC_2.  Corrected to 1.58535.
13:35:35: quiet- NO_ID: Invalid value of 2.18704 found for variable DAKOTA_RC_1.  Corrected to 1.98581.
13:35:35: verbose- duplicate_free: flushed 1 duplicate offspring designs after application of the variational operators.
14:11:00: verbose- below_limit: Performed 150 total selections.
14:11:00: verbose- NO_ID: 23 of 125 population members were not selected to continue.  26 of 74 offspring were immediately rejected.
14:11:00: verbose- metric_tracker: Operating on 150 total designs and 42 "best fitness" designs.
14:11:00: verbose- metric_tracker: Max "best fitness" expanse change of -6.082% found for objective "Non-Linear Minimize obj_fn_2".
14:11:00: verbose- metric_tracker: Population density increased by 19.959%.
14:11:00: verbose- metric_tracker: 6.061% of the previous "best fitness" population is dominated by designs in the current "best fitness" population.
14:11:00: verbose- metric_tracker: Pushed metric value of 0.321013 onto the convergence stack.
14:11:00: quiet- duplicate_free: 8 generations so far.
14:11:00: quiet- duplicate_free: 553 evaluations so far.
14:11:00: verbose- duplicate_free: 150 members in population so far.
14:11:00: verbose- multi_point_parameterized_binary: 60 children created.
14:11:00: verbose- offset_normal: Performed 30 total mutations.
14:11:00: quiet- NO_ID: Invalid value of 15.5881 found for variable DAKOTA_EP_1.  Corrected to 2.49532.
14:11:00: quiet- NO_ID: Invalid value of 2.22575 found for variable DAKOTA_RC_6.  Corrected to 2.04183.
14:11:00: quiet- NO_ID: Invalid value of 2.21218 found for variable DAKOTA_RC_4.  Corrected to 1.98677.
14:11:00: quiet- NO_ID: Invalid value of 1.0734 found for variable DAKOTA_RC_3.  Corrected to 1.78465.
14:11:00: quiet- NO_ID: Invalid value of 1.69795 found for variable DAKOTA_RC_6.  Corrected to 1.90376.
14:11:00: quiet- NO_ID: Invalid value of 1.46506 found for variable DAKOTA_RC_6.  Corrected to 1.95069.
14:51:22: verbose- below_limit: Performed 203 total selections.
14:51:22: verbose- NO_ID: 9 of 150 population members were not selected to continue.  28 of 90 offspring were immediately rejected.
14:51:22: verbose- metric_tracker: Operating on 203 total designs and 56 "best fitness" designs.
14:51:22: verbose- metric_tracker: Max "best fitness" expanse change of 0.001% found for objective "Non-Linear Minimize obj_fn_1".
14:51:22: verbose- metric_tracker: Population density increased by 10.506%.
14:51:22: verbose- metric_tracker: 9.524% of the previous "best fitness" population is dominated by designs in the current "best fitness" population.
14:51:22: verbose- metric_tracker: Pushed metric value of 0.200301 onto the convergence stack.
14:51:22: quiet- duplicate_free: 9 generations so far.
14:51:22: quiet- duplicate_free: 643 evaluations so far.
14:51:22: verbose- duplicate_free: 203 members in population so far.
14:51:22: verbose- multi_point_parameterized_binary: 82 children created.
14:51:22: verbose- offset_normal: Performed 41 total mutations.
14:51:22: quiet- NO_ID: Invalid value of 2.23024 found for variable DAKOTA_RC_6.  Corrected to 1.76448.
14:51:22: quiet- NO_ID: Invalid value of 2.00312 found for variable DAKOTA_RC_3.  Corrected to 1.72463.
14:51:22: quiet- NO_ID: Invalid value of 1.51773 found for variable DAKOTA_RC_6.  Corrected to 1.78836.
14:51:22: quiet- NO_ID: Invalid value of 1.61661 found for variable DAKOTA_RC_6.  Corrected to 1.90572.
14:51:22: quiet- NO_ID: Invalid value of 1.90526 found for variable DAKOTA_RC_2.  Corrected to 1.74801.
14:51:22: quiet- NO_ID: Invalid value of 2.17923 found for variable DAKOTA_RC_4.  Corrected to 1.93502.
14:51:22: quiet- NO_ID: Invalid value of 1.09658 found for variable DAKOTA_RC_3.  Corrected to 1.56683.
14:51:22: quiet- NO_ID: Invalid value of 2.16602 found for variable DAKOTA_RC_1.  Corrected to 1.71405.
15:49:19: verbose- below_limit: Performed 250 total selections.
15:49:19: verbose- NO_ID: 29 of 203 population members were not selected to continue.  47 of 123 offspring were immediately rejected.
15:49:19: verbose- metric_tracker: Operating on 250 total designs and 82 "best fitness" designs.
15:49:19: verbose- metric_tracker: No "best fitness" expansion or contraction occurred this generation.
15:49:19: verbose- metric_tracker: Population density increased by 23.153%.
15:49:19: verbose- metric_tracker: 5.357% of the previous "best fitness" population is dominated by designs in the current "best fitness" population.
15:49:19: verbose- metric_tracker: Pushed metric value of 0.285099 onto the convergence stack.
15:49:19: verbose- metric_tracker: Current max percentage progress is 16810.9%.
15:49:19: quiet- duplicate_free: 10 generations so far.
15:49:19: quiet- duplicate_free: 766 evaluations so far.
15:49:19: verbose- duplicate_free: 250 members in population so far.
15:49:19: verbose- multi_point_parameterized_binary: 100 children created.
15:49:19: quiet- offset_normal: Produced invalid  variable representation 2.10112. Mutation performed without corrective action.
15:49:19: quiet- offset_normal: Produced invalid  variable representation 2.10883. Mutation performed without corrective action.
15:49:19: verbose- offset_normal: Performed 50 total mutations.
15:49:19: quiet- NO_ID: Invalid value of 2.22605 found for variable DAKOTA_RC_5.  Corrected to 1.947.
15:49:19: quiet- NO_ID: Invalid value of 2.19161 found for variable DAKOTA_RC_5.  Corrected to 1.80863.
15:49:19: quiet- NO_ID: Invalid value of 2.10112 found for variable DAKOTA_RC_5.  Corrected to 1.97619.
15:49:19: quiet- NO_ID: Invalid value of 1.03857 found for variable DAKOTA_RC_3.  Corrected to 1.44905.
15:49:19: quiet- NO_ID: Invalid value of 2.2077 found for variable DAKOTA_RC_7.  Corrected to 2.06794.
15:49:19: quiet- NO_ID: Invalid value of 2.00559 found for variable DAKOTA_RC_3.  Corrected to 1.57078.
15:49:19: quiet- NO_ID: Invalid value of 1.06103 found for variable DAKOTA_RC_3.  Corrected to 1.52817.
15:49:19: quiet- NO_ID: Invalid value of 1.99302 found for variable DAKOTA_RC_3.  Corrected to 1.73078.
15:49:19: quiet- NO_ID: Invalid value of 1.04215 found for variable DAKOTA_RC_3.  Corrected to 1.72946.
15:49:19: quiet- NO_ID: Invalid value of 12.5505 found for variable DAKOTA_EP_1.  Corrected to 9.21092.
15:49:19: quiet- NO_ID: Invalid value of 1.03934 found for variable DAKOTA_RC_3.  Corrected to 1.58094.
15:49:19: quiet- NO_ID: Invalid value of 1.0428 found for variable DAKOTA_RC_3.  Corrected to 1.2267.
15:49:19: quiet- NO_ID: Invalid value of 2.10883 found for variable DAKOTA_RC_1.  Corrected to 1.96439.
16:54:45: verbose- below_limit: Performed 248 total selections.
16:54:45: verbose- NO_ID: 70 of 250 population members were not selected to continue.  82 of 150 offspring were immediately rejected.
16:54:45: verbose- metric_tracker: Operating on 248 total designs and 89 "best fitness" designs.
16:54:45: verbose- metric_tracker: Max "best fitness" expanse change of 4.1% found for objective "Non-Linear Minimize obj_fn_2".
16:54:45: verbose- metric_tracker: Population density decreased by 1.498%.
16:54:45: verbose- metric_tracker: 25.61% of the previous "best fitness" population is dominated by designs in the current "best fitness" population.
16:54:45: verbose- metric_tracker: Pushed metric value of 0.312072 onto the convergence stack.
16:54:45: verbose- metric_tracker: Current max percentage progress is 16810.9%.
16:54:45: quiet- duplicate_free: 11 generations so far.
16:54:45: quiet- duplicate_free: 916 evaluations so far.
16:54:45: verbose- duplicate_free: 248 members in population so far.
16:54:45: verbose- multi_point_parameterized_binary: 100 children created.
16:54:45: quiet- offset_normal: Produced invalid  variable representation 1.90113. Mutation performed without corrective action.
16:54:45: quiet- offset_normal: Produced invalid  variable representation -0.285375. Mutation performed without corrective action.
16:54:45: verbose- offset_normal: Performed 50 total mutations.
16:54:45: quiet- NO_ID: Invalid value of 2.1102 found for variable DAKOTA_RC_7.  Corrected to 1.72548.
16:54:45: quiet- NO_ID: Invalid value of 2.22767 found for variable DAKOTA_RC_4.  Corrected to 1.91887.
16:54:45: quiet- NO_ID: Invalid value of 1.90237 found for variable DAKOTA_RC_2.  Corrected to 1.87094.
16:54:45: quiet- NO_ID: Invalid value of 1.90113 found for variable DAKOTA_RC_2.  Corrected to 1.8491.
16:54:45: quiet- NO_ID: Invalid value of 1.67338 found for variable DAKOTA_RC_6.  Corrected to 1.94949.
16:54:45: quiet- NO_ID: Invalid value of 1.6439 found for variable DAKOTA_RC_6.  Corrected to 2.04404.
16:54:45: quiet- NO_ID: Invalid value of 2.19258 found for variable DAKOTA_RC_4.  Corrected to 1.96708.
16:54:45: quiet- NO_ID: Invalid value of -0.285375 found for variable DAKOTA_EP_1.  Corrected to 2.69683.
16:54:45: quiet- NO_ID: Invalid value of 1.66064 found for variable DAKOTA_RC_6.  Corrected to 1.70682.
16:54:45: quiet- NO_ID: Invalid value of 1.6569 found for variable DAKOTA_RC_5.  Corrected to 1.93789.
16:54:45: quiet- NO_ID: Invalid value of 2.15269 found for variable DAKOTA_RC_1.  Corrected to 2.00332.
18:01:38: verbose- below_limit: Performed 265 total selections.
18:01:38: verbose- NO_ID: 66 of 248 population members were not selected to continue.  67 of 150 offspring were immediately rejected.
18:01:38: verbose- metric_tracker: Operating on 265 total designs and 112 "best fitness" designs.
18:01:38: verbose- metric_tracker: Max "best fitness" expanse change of 336.98% found for objective "Non-Linear Minimize obj_fn_1".
18:01:38: verbose- metric_tracker: Population density decreased by 69.361%.
18:01:38: verbose- metric_tracker: 16.854% of the previous "best fitness" population is dominated by designs in the current "best fitness" population.
18:01:38: verbose- metric_tracker: Pushed metric value of 4.23195 onto the convergence stack.
18:01:38: verbose- metric_tracker: Current max percentage progress is 2972.97%.
18:01:38: quiet- duplicate_free: 12 generations so far.
18:01:38: quiet- duplicate_free: 1066 evaluations so far.
18:01:38: verbose- duplicate_free: 265 members in population so far.
18:01:38: verbose- multi_point_parameterized_binary: 106 children created.
18:01:38: quiet- offset_normal: Produced invalid  variable representation 2.10395. Mutation performed without corrective action.
18:01:38: quiet- offset_normal: Produced invalid  variable representation 1.69485. Mutation performed without corrective action.
18:01:38: verbose- offset_normal: Performed 53 total mutations.
18:01:38: quiet- NO_ID: Invalid value of 2.22233 found for variable DAKOTA_RC_7.  Corrected to 1.86213.
18:01:38: quiet- NO_ID: Invalid value of 2.20349 found for variable DAKOTA_RC_4.  Corrected to 1.97689.
18:01:38: quiet- NO_ID: Invalid value of 2.21381 found for variable DAKOTA_RC_5.  Corrected to 2.06234.
18:01:38: quiet- NO_ID: Invalid value of 2.10042 found for variable DAKOTA_RC_4.  Corrected to 1.84393.
18:01:38: quiet- NO_ID: Invalid value of 2.10395 found for variable DAKOTA_RC_5.  Corrected to 2.0662.
18:01:38: quiet- NO_ID: Invalid value of 2.20909 found for variable DAKOTA_RC_4.  Corrected to 2.09564.
18:01:38: quiet- NO_ID: Invalid value of 2.19051 found for variable DAKOTA_RC_5.  Corrected to 2.02059.
18:01:38: quiet- NO_ID: Invalid value of 2.20438 found for variable DAKOTA_RC_5.  Corrected to 1.85877.
18:01:38: quiet- NO_ID: Invalid value of 1.09181 found for variable DAKOTA_RC_3.  Corrected to 1.31906.
18:01:38: quiet- NO_ID: Invalid value of 2.10763 found for variable DAKOTA_RC_6.  Corrected to 2.09012.
18:01:38: quiet- NO_ID: Invalid value of 1.58634 found for variable DAKOTA_RC_6.  Corrected to 1.90613.
18:01:38: quiet- NO_ID: Invalid value of 1.69485 found for variable DAKOTA_RC_6.  Corrected to 1.7422.
18:01:38: quiet- NO_ID: Invalid value of 1.65699 found for variable DAKOTA_RC_6.  Corrected to 1.71648.
18:01:38: quiet- NO_ID: Invalid value of 1.90454 found for variable DAKOTA_RC_2.  Corrected to 1.68364.
18:01:38: quiet- NO_ID: Invalid value of 1.02008 found for variable DAKOTA_RC_3.  Corrected to 1.40614.
18:01:38: quiet- NO_ID: Invalid value of 1.97271 found for variable DAKOTA_RC_3.  Corrected to 1.64953.
18:01:38: quiet- NO_ID: Invalid value of 1.08511 found for variable DAKOTA_RC_3.  Corrected to 1.11216.
18:01:38: quiet- NO_ID: Invalid value of 2.18633 found for variable DAKOTA_RC_1.  Corrected to 1.95522.
18:01:38: quiet- NO_ID: Invalid value of 1.65912 found for variable DAKOTA_RC_6.  Corrected to 2.02114.
18:01:38: verbose- duplicate_free: flushed 1 duplicate offspring designs after application of the variational operators.
19:10:29: verbose- below_limit: Performed 308 total selections.
19:10:29: verbose- NO_ID: 40 of 265 population members were not selected to continue.  75 of 158 offspring were immediately rejected.
19:10:29: verbose- metric_tracker: Operating on 308 total designs and 140 "best fitness" designs.
19:10:29: verbose- metric_tracker: Max "best fitness" expanse change of 0.02% found for objective "Non-Linear Minimize obj_fn_2".
19:10:29: verbose- metric_tracker: Population density increased by 16.203%.
19:10:29: verbose- metric_tracker: 8.929% of the previous "best fitness" population is dominated by designs in the current "best fitness" population.
19:10:29: verbose- metric_tracker: Pushed metric value of 0.251518 onto the convergence stack.
19:10:29: verbose- metric_tracker: Current max percentage progress is 2972.97%.
19:10:29: quiet- duplicate_free: 13 generations so far.
19:10:29: quiet- duplicate_free: 1224 evaluations so far.
19:10:29: verbose- duplicate_free: 308 members in population so far.
19:10:29: verbose- multi_point_parameterized_binary: 124 children created.
19:10:29: quiet- offset_normal: Produced invalid  variable representation 2.10402. Mutation performed without corrective action.
19:10:29: verbose- offset_normal: Performed 62 total mutations.
19:10:29: quiet- NO_ID: Invalid value of 2.04566 found for variable DAKOTA_RC_3.  Corrected to 1.23301.
19:10:29: quiet- NO_ID: Invalid value of 2.22872 found for variable DAKOTA_RC_5.  Corrected to 1.95652.
19:10:29: quiet- NO_ID: Invalid value of 2.22752 found for variable DAKOTA_RC_4.  Corrected to 2.08146.
19:10:29: quiet- NO_ID: Invalid value of 2.1 found for variable DAKOTA_RC_5.  Corrected to 1.73627.
19:10:29: quiet- NO_ID: Invalid value of 2.20943 found for variable DAKOTA_RC_7.  Corrected to 1.86873.
19:10:29: quiet- NO_ID: Invalid value of 2.10402 found for variable DAKOTA_RC_7.  Corrected to 1.78284.
19:10:29: quiet- NO_ID: Invalid value of 1.68952 found for variable DAKOTA_RC_5.  Corrected to 1.7097.
19:10:29: quiet- NO_ID: Invalid value of 1.97477 found for variable DAKOTA_RC_3.  Corrected to 1.63893.
19:10:29: quiet- NO_ID: Invalid value of 2.22754 found for variable DAKOTA_RC_4.  Corrected to 1.80873.
19:10:29: quiet- NO_ID: Invalid value of 1.46866 found for variable DAKOTA_RC_2.  Corrected to 1.65277.
19:10:29: quiet- NO_ID: Invalid value of 2.11784 found for variable DAKOTA_RC_6.  Corrected to 2.00275.
19:10:29: quiet- NO_ID: Invalid value of 2.10879 found for variable DAKOTA_RC_6.  Corrected to 1.7918.
19:10:29: quiet- NO_ID: Invalid value of 2.20766 found for variable DAKOTA_RC_5.  Corrected to 1.7581.
19:10:29: quiet- NO_ID: Invalid value of 1.09181 found for variable DAKOTA_RC_3.  Corrected to 1.78427.
19:10:29: quiet- NO_ID: Invalid value of 1.6672 found for variable DAKOTA_RC_6.  Corrected to 2.04616.
19:10:29: quiet- NO_ID: Invalid value of 2.14646 found for variable DAKOTA_RC_4.  Corrected to 1.96412.
19:10:29: quiet- NO_ID: Invalid value of 2.17156 found for variable DAKOTA_RC_7.  Corrected to 1.77009.
19:10:29: quiet- NO_ID: Invalid value of 1.98004 found for variable DAKOTA_RC_3.  Corrected to 1.70757.
19:10:29: quiet- NO_ID: Invalid value of 1.55347 found for variable DAKOTA_RC_5.  Corrected to 1.86565.
19:10:29: quiet- NO_ID: Invalid value of 2.19067 found for variable DAKOTA_RC_4.  Corrected to 1.86513.
20:38:59: verbose- below_limit: Performed 381 total selections.
20:38:59: verbose- NO_ID: 40 of 308 population members were not selected to continue.  73 of 186 offspring were immediately rejected.
20:38:59: verbose- metric_tracker: Operating on 381 total designs and 193 "best fitness" designs.
20:38:59: verbose- metric_tracker: Max "best fitness" expanse change of 0.543% found for objective "Non-Linear Minimize obj_fn_2".
20:38:59: verbose- metric_tracker: Population density increased by 22.851%.
20:38:59: verbose- metric_tracker: 6.429% of the previous "best fitness" population is dominated by designs in the current "best fitness" population.
20:38:59: verbose- metric_tracker: Pushed metric value of 0.298227 onto the convergence stack.
20:38:59: verbose- metric_tracker: Current max percentage progress is 2972.97%.
20:38:59: quiet- duplicate_free: 14 generations so far.
20:38:59: quiet- duplicate_free: 1410 evaluations so far.
20:38:59: verbose- duplicate_free: 381 members in population so far.
20:38:59: verbose- multi_point_parameterized_binary: 152 children created.
20:38:59: quiet- offset_normal: Produced invalid  variable representation 1.69985. Mutation performed without corrective action.
20:38:59: quiet- offset_normal: Produced invalid  variable representation 2.10791. Mutation performed without corrective action.
20:38:59: verbose- offset_normal: Performed 76 total mutations.
20:38:59: quiet- NO_ID: Invalid value of 1.69985 found for variable DAKOTA_RC_1.  Corrected to 1.71219.
20:38:59: quiet- NO_ID: Invalid value of 2.22487 found for variable DAKOTA_RC_6.  Corrected to 2.02662.
20:38:59: quiet- NO_ID: Invalid value of 2.10104 found for variable DAKOTA_RC_5.  Corrected to 2.09467.
20:38:59: quiet- NO_ID: Invalid value of 2.00736 found for variable DAKOTA_RC_3.  Corrected to 1.13671.
20:38:59: quiet- NO_ID: Invalid value of 2.11133 found for variable DAKOTA_RC_6.  Corrected to 2.00769.
20:38:59: quiet- NO_ID: Invalid value of 2.10791 found for variable DAKOTA_RC_7.  Corrected to 1.95126.
20:38:59: quiet- NO_ID: Invalid value of 2.19988 found for variable DAKOTA_RC_4.  Corrected to 1.83112.
20:38:59: quiet- NO_ID: Invalid value of 1.90528 found for variable DAKOTA_RC_2.  Corrected to 1.78193.
20:38:59: quiet- NO_ID: Invalid value of 2.2032 found for variable DAKOTA_RC_4.  Corrected to 1.79148.
20:38:59: quiet- NO_ID: Invalid value of 2.16165 found for variable DAKOTA_RC_4.  Corrected to 1.78093.
20:38:59: quiet- NO_ID: Invalid value of 1.46286 found for variable DAKOTA_RC_6.  Corrected to 1.85183.
20:38:59: quiet- NO_ID: Invalid value of 2.15282 found for variable DAKOTA_RC_6.  Corrected to 2.00311.
20:38:59: quiet- NO_ID: Invalid value of 2.11787 found for variable DAKOTA_RC_4.  Corrected to 1.80949.
20:38:59: quiet- NO_ID: Invalid value of 1.66371 found for variable DAKOTA_RC_6.  Corrected to 1.98053.
20:38:59: quiet- NO_ID: Invalid value of 1.6847 found for variable DAKOTA_RC_6.  Corrected to 1.90122.
20:38:59: quiet- NO_ID: Invalid value of 2.21554 found for variable DAKOTA_RC_7.  Corrected to 2.09766.
20:38:59: quiet- NO_ID: Invalid value of 2.14399 found for variable DAKOTA_RC_1.  Corrected to 1.87744.
22:16:22: verbose- below_limit: Performed 464 total selections.
22:16:22: verbose- NO_ID: 44 of 381 population members were not selected to continue.  101 of 228 offspring were immediately rejected.
22:16:22: verbose- metric_tracker: Operating on 464 total designs and 222 "best fitness" designs.
22:16:22: verbose- metric_tracker: No "best fitness" expansion or contraction occurred this generation.
22:16:22: verbose- metric_tracker: Population density increased by 21.785%.
22:16:22: verbose- metric_tracker: 18.135% of the previous "best fitness" population is dominated by designs in the current "best fitness" population.
22:16:22: verbose- metric_tracker: Pushed metric value of 0.399195 onto the convergence stack.
22:16:22: verbose- metric_tracker: Current max percentage progress is 423.195%.
22:16:22: quiet- duplicate_free: 15 generations so far.
22:16:22: quiet- duplicate_free: 1638 evaluations so far.
22:16:22: verbose- duplicate_free: 464 members in population so far.
22:16:22: verbose- multi_point_parameterized_binary: 186 children created.
22:16:22: quiet- offset_normal: Produced invalid  variable representation 2.10288. Mutation performed without corrective action.
22:16:22: quiet- offset_normal: Produced invalid  variable representation 1.69682. Mutation performed without corrective action.
22:16:22: verbose- offset_normal: Performed 93 total mutations.
22:16:22: quiet- NO_ID: Invalid value of 1.90347 found for variable DAKOTA_RC_2.  Corrected to 1.87481.
22:16:22: quiet- NO_ID: Invalid value of 2.16546 found for variable DAKOTA_RC_6.  Corrected to 1.86518.
22:16:22: quiet- NO_ID: Invalid value of 2.10034 found for variable DAKOTA_RC_4.  Corrected to 2.0784.
22:16:22: quiet- NO_ID: Invalid value of 2.10043 found for variable DAKOTA_RC_4.  Corrected to 1.97414.
22:16:22: quiet- NO_ID: Invalid value of 2.11946 found for variable DAKOTA_RC_4.  Corrected to 1.9603.
22:16:22: quiet- NO_ID: Invalid value of 2.10288 found for variable DAKOTA_RC_6.  Corrected to 1.70379.
22:16:22: quiet- NO_ID: Invalid value of 2.17863 found for variable DAKOTA_RC_4.  Corrected to 2.09442.
22:16:22: quiet- NO_ID: Invalid value of 2.16814 found for variable DAKOTA_RC_4.  Corrected to 1.86723.
22:16:22: quiet- NO_ID: Invalid value of 2.19476 found for variable DAKOTA_RC_4.  Corrected to 2.03098.
22:16:22: quiet- NO_ID: Invalid value of 1.66547 found for variable DAKOTA_RC_5.  Corrected to 1.81346.
22:16:22: quiet- NO_ID: Invalid value of 1.69386 found for variable DAKOTA_RC_6.  Corrected to 2.05848.
22:16:22: quiet- NO_ID: Invalid value of 2.17112 found for variable DAKOTA_RC_7.  Corrected to 1.75084.
22:16:22: quiet- NO_ID: Invalid value of 1.05324 found for variable DAKOTA_RC_3.  Corrected to 1.4544.
22:16:22: quiet- NO_ID: Invalid value of 1.69682 found for variable DAKOTA_RC_6.  Corrected to 1.81732.
22:16:22: quiet- NO_ID: Invalid value of 2.18497 found for variable DAKOTA_RC_4.  Corrected to 2.07543.
22:16:22: quiet- NO_ID: Invalid value of 1.47747 found for variable DAKOTA_RC_2.  Corrected to 1.84774.
22:16:22: quiet- NO_ID: Invalid value of 1.04669 found for variable DAKOTA_RC_3.  Corrected to 1.23773.
22:16:22: quiet- NO_ID: Invalid value of 2.02553 found for variable DAKOTA_RC_3.  Corrected to 1.6407.
22:16:22: quiet- NO_ID: Invalid value of 1.08952 found for variable DAKOTA_RC_3.  Corrected to 1.68313.
22:16:22: quiet- NO_ID: Invalid value of 2.1272 found for variable DAKOTA_RC_4.  Corrected to 2.03446.
22:16:22: quiet- NO_ID: Invalid value of 1.67431 found for variable DAKOTA_RC_5.  Corrected to 1.90371.
22:16:22: quiet- NO_ID: Invalid value of 2.00798 found for variable DAKOTA_RC_3.  Corrected to 1.24929.
22:16:22: quiet- NO_ID: Invalid value of 1.09959 found for variable DAKOTA_RC_3.  Corrected to 1.4722.
22:16:22: quiet- NO_ID: Invalid value of 2.16576 found for variable DAKOTA_RC_1.  Corrected to 2.09156.
22:16:22: verbose- duplicate_free: flushed 1 duplicate offspring designs after application of the variational operators.
00:11:55: verbose- below_limit: Performed 565 total selections.
00:11:55: verbose- NO_ID: 54 of 464 population members were not selected to continue.  123 of 278 offspring were immediately rejected.
00:11:55: verbose- metric_tracker: Operating on 565 total designs and 238 "best fitness" designs.
00:11:55: verbose- metric_tracker: Max "best fitness" expanse change of 2.797% found for objective "Non-Linear Minimize obj_fn_2".
00:11:55: verbose- metric_tracker: Population density increased by 18.291%.
00:11:55: verbose- metric_tracker: 23.423% of the previous "best fitness" population is dominated by designs in the current "best fitness" population.
00:11:55: verbose- metric_tracker: Pushed metric value of 0.445114 onto the convergence stack.
00:11:55: verbose- metric_tracker: Current max percentage progress is 423.195%.
00:11:55: quiet- duplicate_free: 16 generations so far.
00:11:55: quiet- duplicate_free: 1916 evaluations so far.
00:11:55: verbose- duplicate_free: 565 members in population so far.
00:11:55: verbose- multi_point_parameterized_binary: 226 children created.
00:11:55: quiet- offset_normal: Produced invalid  variable representation -0.407869. Mutation performed without corrective action.
00:11:55: verbose- offset_normal: Performed 113 total mutations.
00:11:55: quiet- NO_ID: Invalid value of 1.90343 found for variable DAKOTA_RC_2.  Corrected to 1.56624.
00:11:55: quiet- NO_ID: Invalid value of 1.40775 found for variable DAKOTA_RC_2.  Corrected to 1.79823.
00:11:55: quiet- NO_ID: Invalid value of 2.21509 found for variable DAKOTA_RC_5.  Corrected to 2.09025.
00:11:55: quiet- NO_ID: Invalid value of 2.10005 found for variable DAKOTA_RC_5.  Corrected to 2.09214.
00:11:55: quiet- NO_ID: Invalid value of 1.46409 found for variable DAKOTA_RC_2.  Corrected to 1.53707.
00:11:55: quiet- NO_ID: Invalid value of 2.15693 found for variable DAKOTA_RC_7.  Corrected to 2.07032.
00:11:55: quiet- NO_ID: Invalid value of 1.60579 found for variable DAKOTA_RC_5.  Corrected to 1.83239.
00:11:55: quiet- NO_ID: Invalid value of 1.47749 found for variable DAKOTA_RC_2.  Corrected to 1.52581.
00:11:55: quiet- NO_ID: Invalid value of -0.407869 found for variable DAKOTA_EP_1.  Corrected to 5.57733.
00:11:55: quiet- NO_ID: Invalid value of 1.69825 found for variable DAKOTA_RC_5.  Corrected to 2.01666.
00:11:55: quiet- NO_ID: Invalid value of 1.90353 found for variable DAKOTA_RC_2.  Corrected to 1.76493.
00:11:55: quiet- NO_ID: Invalid value of 2.12394 found for variable DAKOTA_RC_6.  Corrected to 2.05424.
00:11:55: quiet- NO_ID: Invalid value of 1.47817 found for variable DAKOTA_RC_2.  Corrected to 1.8503.
00:11:55: quiet- NO_ID: Invalid value of 1.6999 found for variable DAKOTA_RC_5.  Corrected to 2.00599.
00:11:55: quiet- NO_ID: Invalid value of 1.69408 found for variable DAKOTA_RC_6.  Corrected to 1.77199.
00:11:55: quiet- NO_ID: Invalid value of 2.17159 found for variable DAKOTA_RC_7.  Corrected to 2.03331.
00:11:55: quiet- NO_ID: Invalid value of 1.09791 found for variable DAKOTA_RC_3.  Corrected to 1.17818.
00:11:55: quiet- NO_ID: Invalid value of 2.10075 found for variable DAKOTA_RC_1.  Corrected to 2.03104.
00:11:55: quiet- NO_ID: Invalid value of 2.15249 found for variable DAKOTA_RC_1.  Corrected to 2.05713.
00:11:55: quiet- NO_ID: Invalid value of 2.18574 found for variable DAKOTA_RC_1.  Corrected to 1.79114.
02:50:27: verbose- below_limit: Performed 680 total selections.
02:50:27: verbose- NO_ID: 80 of 565 population members were not selected to continue.  144 of 339 offspring were immediately rejected.
02:50:27: verbose- metric_tracker: Operating on 680 total designs and 311 "best fitness" designs.
02:50:27: verbose- metric_tracker: Max "best fitness" expanse change of 0.215% found for objective "Non-Linear Minimize obj_fn_3".
02:50:27: verbose- metric_tracker: Population density increased by 19.898%.
02:50:27: verbose- metric_tracker: 9.244% of the previous "best fitness" population is dominated by designs in the current "best fitness" population.
02:50:27: verbose- metric_tracker: Pushed metric value of 0.293562 onto the convergence stack.
02:50:27: verbose- metric_tracker: Current max percentage progress is 423.195%.
02:50:27: quiet- duplicate_free: 17 generations so far.
02:50:27: quiet- duplicate_free: 2255 evaluations so far.
02:50:27: verbose- duplicate_free: 680 members in population so far.
02:50:27: verbose- multi_point_parameterized_binary: 272 children created.
02:50:27: quiet- offset_normal: Produced invalid  variable representation -0.0382704. Mutation performed without corrective action.
02:50:27: quiet- offset_normal: Produced invalid  variable representation 2.11192. Mutation performed without corrective action.
02:50:27: quiet- offset_normal: Produced invalid  variable representation 2.11775. Mutation performed without corrective action.
02:50:27: quiet- offset_normal: Produced invalid  variable representation 2.11176. Mutation performed without corrective action.
02:50:27: quiet- offset_normal: Produced invalid  variable representation 1.69414. Mutation performed without corrective action.
02:50:27: quiet- offset_normal: Produced invalid  variable representation 2.10366. Mutation performed without corrective action.
02:50:27: quiet- offset_normal: Produced invalid  variable representation -0.702012. Mutation performed without corrective action.
02:50:27: verbose- offset_normal: Performed 136 total mutations.
02:50:27: quiet- NO_ID: Invalid value of -0.0382704 found for variable DAKOTA_EP_1.  Corrected to 8.36973.
02:50:27: quiet- NO_ID: Invalid value of 1.90542 found for variable DAKOTA_RC_2.  Corrected to 1.59404.
02:50:27: quiet- NO_ID: Invalid value of 1.46663 found for variable DAKOTA_RC_2.  Corrected to 1.76101.
02:50:27: quiet- NO_ID: Invalid value of 2.11944 found for variable DAKOTA_RC_4.  Corrected to 1.72002.
02:50:27: quiet- NO_ID: Invalid value of 2.11192 found for variable DAKOTA_RC_4.  Corrected to 1.84602.
02:50:27: quiet- NO_ID: Invalid value of 2.1015 found for variable DAKOTA_RC_7.  Corrected to 2.03671.
02:50:27: quiet- NO_ID: Invalid value of 2.12028 found for variable DAKOTA_RC_6.  Corrected to 1.79753.
02:50:27: quiet- NO_ID: Invalid value of 2.20914 found for variable DAKOTA_RC_5.  Corrected to 1.85932.
02:50:27: quiet- NO_ID: Invalid value of 1.46274 found for variable DAKOTA_RC_2.  Corrected to 1.83491.
02:50:27: quiet- NO_ID: Invalid value of 1.90535 found for variable DAKOTA_RC_2.  Corrected to 1.65129.
02:50:27: quiet- NO_ID: Invalid value of 2.17615 found for variable DAKOTA_RC_7.  Corrected to 1.86917.
02:50:27: quiet- NO_ID: Invalid value of 2.10753 found for variable DAKOTA_RC_6.  Corrected to 1.92324.
02:50:27: quiet- NO_ID: Invalid value of 1.38857 found for variable DAKOTA_RC_2.  Corrected to 1.85454.
02:50:27: quiet- NO_ID: Invalid value of 1.4615 found for variable DAKOTA_RC_2.  Corrected to 1.60877.
02:50:27: quiet- NO_ID: Invalid value of 2.11775 found for variable DAKOTA_RC_4.  Corrected to 1.74619.
02:50:27: quiet- NO_ID: Invalid value of 2.1649 found for variable DAKOTA_RC_6.  Corrected to 1.77138.
02:50:27: quiet- NO_ID: Invalid value of 2.11132 found for variable DAKOTA_RC_6.  Corrected to 2.03187.
02:50:27: quiet- NO_ID: Invalid value of 2.21037 found for variable DAKOTA_RC_7.  Corrected to 1.7976.
02:50:27: quiet- NO_ID: Invalid value of 2.21913 found for variable DAKOTA_RC_7.  Corrected to 1.9333.
02:50:27: quiet- NO_ID: Invalid value of 1.97419 found for variable DAKOTA_RC_3.  Corrected to 1.31695.
02:50:27: quiet- NO_ID: Invalid value of 2.21558 found for variable DAKOTA_RC_7.  Corrected to 1.98486.
02:50:27: quiet- NO_ID: Invalid value of 1.48687 found for variable DAKOTA_RC_2.  Corrected to 1.7383.
02:50:27: quiet- NO_ID: Invalid value of 2.11176 found for variable DAKOTA_RC_4.  Corrected to 1.94622.
02:50:27: quiet- NO_ID: Invalid value of 1.69304 found for variable DAKOTA_RC_5.  Corrected to 1.70263.
02:50:27: quiet- NO_ID: Invalid value of 1.69414 found for variable DAKOTA_RC_5.  Corrected to 2.04549.
02:50:27: quiet- NO_ID: Invalid value of 2.1122 found for variable DAKOTA_RC_4.  Corrected to 1.94439.
02:50:27: quiet- NO_ID: Invalid value of 2.22296 found for variable DAKOTA_RC_6.  Corrected to 1.9849.
02:50:27: quiet- NO_ID: Invalid value of 2.17158 found for variable DAKOTA_RC_7.  Corrected to 1.89605.
02:50:27: quiet- NO_ID: Invalid value of 2.10366 found for variable DAKOTA_RC_4.  Corrected to 1.71759.
02:50:27: quiet- NO_ID: Invalid value of 2.11939 found for variable DAKOTA_RC_6.  Corrected to 2.03195.
02:50:27: quiet- NO_ID: Invalid value of 2.10095 found for variable DAKOTA_RC_5.  Corrected to 2.00393.
02:50:27: quiet- NO_ID: Invalid value of 2.11944 found for variable DAKOTA_RC_4.  Corrected to 1.99658.
02:50:27: quiet- NO_ID: Invalid value of 1.6521 found for variable DAKOTA_RC_6.  Corrected to 1.72599.
02:50:27: quiet- NO_ID: Invalid value of 1.59578 found for variable DAKOTA_RC_6.  Corrected to 1.86493.
02:50:27: quiet- NO_ID: Invalid value of 1.06142 found for variable DAKOTA_RC_3.  Corrected to 1.65404.
02:50:27: quiet- NO_ID: Invalid value of 1.45856 found for variable DAKOTA_RC_2.  Corrected to 1.67201.
02:50:27: quiet- NO_ID: Invalid value of 2.21224 found for variable DAKOTA_RC_4.  Corrected to 1.80164.
02:50:27: quiet- NO_ID: Invalid value of 15.6865 found for variable DAKOTA_EP_1.  Corrected to 0.423717.
02:50:27: quiet- NO_ID: Invalid value of 2.1192 found for variable DAKOTA_RC_4.  Corrected to 2.03133.
02:50:27: quiet- NO_ID: Invalid value of -0.702012 found for variable DAKOTA_EP_1.  Corrected to 1.09647.
02:50:27: quiet- NO_ID: Invalid value of 1.09662 found for variable DAKOTA_RC_3.  Corrected to 1.38947.
02:50:27: quiet- NO_ID: Invalid value of 1.90736 found for variable DAKOTA_RC_2.  Corrected to 1.6005.
02:50:27: quiet- NO_ID: Invalid value of 1.09657 found for variable DAKOTA_RC_3.  Corrected to 1.55464.
02:50:27: quiet- NO_ID: Invalid value of 1.09292 found for variable DAKOTA_RC_3.  Corrected to 1.30991.
02:50:27: quiet- NO_ID: Invalid value of 2.10022 found for variable DAKOTA_RC_1.  Corrected to 1.90927.
02:50:27: quiet- NO_ID: Invalid value of 2.15402 found for variable DAKOTA_RC_1.  Corrected to 2.00598.
02:50:27: quiet- NO_ID: Invalid value of 2.15943 found for variable DAKOTA_RC_1.  Corrected to 1.89133.
02:50:27: quiet- NO_ID: Invalid value of 1.0983 found for variable DAKOTA_RC_3.  Corrected to 1.347.
02:50:27: quiet- NO_ID: Invalid value of 2.16089 found for variable DAKOTA_RC_1.  Corrected to 1.70358.
02:50:27: quiet- NO_ID: Invalid value of 2.18525 found for variable DAKOTA_RC_1.  Corrected to 1.72463.
05:40:43: verbose- below_limit: Performed 829 total selections.
05:40:43: verbose- NO_ID: 67 of 680 population members were not selected to continue.  192 of 408 offspring were immediately rejected.
05:40:43: verbose- metric_tracker: Operating on 829 total designs and 358 "best fitness" designs.
05:40:43: verbose- metric_tracker: Max "best fitness" expanse change of 3.937% found for objective "Non-Linear Minimize obj_fn_2".
05:40:43: verbose- metric_tracker: Population density increased by 17.566%.
05:40:43: verbose- metric_tracker: 15.113% of the previous "best fitness" population is dominated by designs in the current "best fitness" population.
05:40:43: verbose- metric_tracker: Pushed metric value of 0.366157 onto the convergence stack.
05:40:43: verbose- metric_tracker: Current max percentage progress is 423.195%.
05:40:43: quiet- duplicate_free: 18 generations so far.
05:40:43: quiet- duplicate_free: 2663 evaluations so far.
05:40:43: verbose- duplicate_free: 829 members in population so far.
05:40:43: verbose- multi_point_parameterized_binary: 332 children created.
05:40:43: quiet- offset_normal: Produced invalid  variable representation 2.10409. Mutation performed without corrective action.
05:40:43: quiet- offset_normal: Produced invalid  variable representation 2.11165. Mutation performed without corrective action.
05:40:43: quiet- offset_normal: Produced invalid  variable representation 1.69086. Mutation performed without corrective action.
05:40:43: quiet- offset_normal: Produced invalid  variable representation -0.693446. Mutation performed without corrective action.
05:40:43: quiet- offset_normal: Produced invalid  variable representation 1.07908. Mutation performed without corrective action.
05:40:43: quiet- offset_normal: Produced invalid  variable representation 2.11061. Mutation performed without corrective action.
05:40:43: verbose- offset_normal: Performed 166 total mutations.
05:40:43: quiet- NO_ID: Invalid value of 2.18943 found for variable DAKOTA_RC_6.  Corrected to 1.96743.
05:40:43: quiet- NO_ID: Invalid value of 2.10409 found for variable DAKOTA_RC_4.  Corrected to 1.78828.
05:40:43: quiet- NO_ID: Invalid value of 2.12155 found for variable DAKOTA_RC_6.  Corrected to 1.77411.
05:40:43: quiet- NO_ID: Invalid value of 1.46509 found for variable DAKOTA_RC_2.  Corrected to 1.60471.
05:40:43: quiet- NO_ID: Invalid value of 2.10042 found for variable DAKOTA_RC_4.  Corrected to 1.80425.
05:40:43: quiet- NO_ID: Invalid value of 2.13544 found for variable DAKOTA_RC_6.  Corrected to 2.02006.
05:40:43: quiet- NO_ID: Invalid value of 1.45266 found for variable DAKOTA_RC_2.  Corrected to 1.60135.
05:40:43: quiet- NO_ID: Invalid value of 2.15287 found for variable DAKOTA_RC_6.  Corrected to 2.00073.
05:40:43: quiet- NO_ID: Invalid value of 2.17132 found for variable DAKOTA_RC_7.  Corrected to 2.05103.
05:40:43: quiet- NO_ID: Invalid value of 2.11784 found for variable DAKOTA_RC_6.  Corrected to 1.83905.
05:40:43: quiet- NO_ID: Invalid value of 2.11165 found for variable DAKOTA_RC_5.  Corrected to 1.93769.
05:40:43: quiet- NO_ID: Invalid value of 1.47472 found for variable DAKOTA_RC_2.  Corrected to 1.67326.
05:40:43: quiet- NO_ID: Invalid value of 2.11042 found for variable DAKOTA_RC_6.  Corrected to 1.97582.
05:40:43: quiet- NO_ID: Invalid value of 2.20771 found for variable DAKOTA_RC_7.  Corrected to 1.97769.
05:40:43: quiet- NO_ID: Invalid value of 2.15014 found for variable DAKOTA_RC_6.  Corrected to 1.78996.
05:40:43: quiet- NO_ID: Invalid value of 2.21626 found for variable DAKOTA_RC_4.  Corrected to 1.90955.
05:40:43: quiet- NO_ID: Invalid value of 2.16675 found for variable DAKOTA_RC_7.  Corrected to 1.84279.
05:40:43: quiet- NO_ID: Invalid value of 2.15312 found for variable DAKOTA_RC_6.  Corrected to 1.99163.
05:40:43: quiet- NO_ID: Invalid value of 1.90339 found for variable DAKOTA_RC_2.  Corrected to 1.83664.
05:40:43: quiet- NO_ID: Invalid value of 1.90042 found for variable DAKOTA_RC_2.  Corrected to 1.60243.
05:40:43: quiet- NO_ID: Invalid value of 1.09943 found for variable DAKOTA_RC_3.  Corrected to 1.73402.
05:40:43: quiet- NO_ID: Invalid value of 1.69344 found for variable DAKOTA_RC_6.  Corrected to 1.83565.
05:40:43: quiet- NO_ID: Invalid value of 1.69086 found for variable DAKOTA_RC_5.  Corrected to 2.00651.
05:40:43: quiet- NO_ID: Invalid value of 1.08509 found for variable DAKOTA_RC_3.  Corrected to 1.50263.
05:40:43: quiet- NO_ID: Invalid value of 1.46218 found for variable DAKOTA_RC_2.  Corrected to 1.7503.
05:40:43: quiet- NO_ID: Invalid value of -0.693446 found for variable DAKOTA_EP_2.  Corrected to 4.62838.
05:40:43: quiet- NO_ID: Invalid value of 1.07908 found for variable DAKOTA_RC_3.  Corrected to 1.71877.
05:40:43: quiet- NO_ID: Invalid value of 1.09667 found for variable DAKOTA_RC_3.  Corrected to 1.16987.
05:40:43: quiet- NO_ID: Invalid value of 1.89795 found for variable DAKOTA_RC_3.  Corrected to 1.51599.
05:40:43: quiet- NO_ID: Invalid value of 1.03938 found for variable DAKOTA_RC_3.  Corrected to 1.57546.
05:40:43: quiet- NO_ID: Invalid value of 1.09786 found for variable DAKOTA_RC_3.  Corrected to 1.39368.
05:40:43: quiet- NO_ID: Invalid value of 2.11061 found for variable DAKOTA_RC_1.  Corrected to 1.80514.
05:40:43: quiet- NO_ID: Invalid value of 2.15373 found for variable DAKOTA_RC_1.  Corrected to 2.05997.
05:40:43: quiet- NO_ID: Invalid value of 2.16396 found for variable DAKOTA_RC_1.  Corrected to 1.94192.
05:40:43: quiet- NO_ID: Invalid value of 1.08479 found for variable DAKOTA_RC_3.  Corrected to 1.46724.
05:40:43: quiet- NO_ID: Invalid value of 2.16536 found for variable DAKOTA_RC_1.  Corrected to 1.76422.
05:40:43: quiet- NO_ID: Invalid value of 2.17762 found for variable DAKOTA_RC_1.  Corrected to 1.86198.
05:40:43: verbose- duplicate_free: flushed 1 duplicate offspring designs after application of the variational operators.
05:40:43: verbose- duplicate_free: flushed 1 offspring designs that duplicate existing population members.
09:01:04: verbose- below_limit: Performed 1000 total selections.
09:01:04: verbose- NO_ID: 95 of 829 population members were not selected to continue.  230 of 496 offspring were immediately rejected.
09:01:04: verbose- metric_tracker: Operating on 1000 total designs and 409 "best fitness" designs.
09:01:04: verbose- metric_tracker: No "best fitness" expansion or contraction occurred this generation.
09:01:04: verbose- metric_tracker: Population density increased by 20.627%.
09:01:04: verbose- metric_tracker: 19.553% of the previous "best fitness" population is dominated by designs in the current "best fitness" population.
09:01:04: verbose- metric_tracker: Pushed metric value of 0.401803 onto the convergence stack.
09:01:04: verbose- metric_tracker: Current max percentage progress is 423.195%.
09:01:04: quiet- duplicate_free: 19 generations so far.
09:01:04: quiet- duplicate_free: 3159 evaluations so far.
09:01:04: verbose- duplicate_free: 1000 members in population so far.
09:01:04: verbose- multi_point_parameterized_binary: 400 children created.
09:01:04: quiet- offset_normal: Produced invalid  variable representation -0.0532533. Mutation performed without corrective action.
09:01:04: quiet- offset_normal: Produced invalid  variable representation 2.10695. Mutation performed without corrective action.
09:01:04: quiet- offset_normal: Produced invalid  variable representation 1.69855. Mutation performed without corrective action.
09:01:04: quiet- offset_normal: Produced invalid  variable representation 2.10281. Mutation performed without corrective action.
09:01:04: quiet- offset_normal: Produced invalid  variable representation 2.105. Mutation performed without corrective action.
09:01:04: quiet- offset_normal: Produced invalid  variable representation 2.11991. Mutation performed without corrective action.
09:01:04: quiet- offset_normal: Produced invalid  variable representation 2.10441. Mutation performed without corrective action.
09:01:04: quiet- offset_normal: Produced invalid  variable representation 2.10554. Mutation performed without corrective action.
09:01:04: quiet- offset_normal: Produced invalid  variable representation -0.0807921. Mutation performed without corrective action.
09:01:04: quiet- offset_normal: Produced invalid  variable representation -0.193537. Mutation performed without corrective action.
09:01:04: quiet- offset_normal: Produced invalid  variable representation 2.10752. Mutation performed without corrective action.
09:01:04: quiet- offset_normal: Produced invalid  variable representation 2.10255. Mutation performed without corrective action.
09:01:04: verbose- offset_normal: Performed 200 total mutations.
09:01:04: quiet- NO_ID: Invalid value of 2.16488 found for variable DAKOTA_RC_6.  Corrected to 1.71965.
09:01:04: quiet- NO_ID: Invalid value of 1.47933 found for variable DAKOTA_RC_2.  Corrected to 1.735.
09:01:04: quiet- NO_ID: Invalid value of 2.21509 found for variable DAKOTA_RC_7.  Corrected to 1.98267.
09:01:04: quiet- NO_ID: Invalid value of 2.21048 found for variable DAKOTA_RC_4.  Corrected to 1.83474.
09:01:04: quiet- NO_ID: Invalid value of 2.10097 found for variable DAKOTA_RC_5.  Corrected to 1.70918.
09:01:04: quiet- NO_ID: Invalid value of 1.41428 found for variable DAKOTA_RC_2.  Corrected to 1.77887.
09:01:04: quiet- NO_ID: Invalid value of 2.19268 found for variable DAKOTA_RC_4.  Corrected to 1.73985.
09:01:04: quiet- NO_ID: Invalid value of 2.15497 found for variable DAKOTA_RC_7.  Corrected to 1.81409.
09:01:04: quiet- NO_ID: Invalid value of 1.67907 found for variable DAKOTA_RC_5.  Corrected to 1.74735.
09:01:04: quiet- NO_ID: Invalid value of 2.1649 found for variable DAKOTA_RC_6.  Corrected to 1.95255.
09:01:04: quiet- NO_ID: Invalid value of -0.0532533 found for variable DAKOTA_EP_1.  Corrected to 2.75962.
09:01:04: quiet- NO_ID: Invalid value of 2.10695 found for variable DAKOTA_RC_4.  Corrected to 1.7394.
09:01:04: quiet- NO_ID: Invalid value of 2.16813 found for variable DAKOTA_RC_4.  Corrected to 1.90173.
09:01:04: quiet- NO_ID: Invalid value of 2.21042 found for variable DAKOTA_RC_4.  Corrected to 2.08922.
09:01:04: quiet- NO_ID: Invalid value of 2.12026 found for variable DAKOTA_RC_6.  Corrected to 2.03907.
09:01:04: quiet- NO_ID: Invalid value of 1.69855 found for variable DAKOTA_RC_5.  Corrected to 1.71859.
09:01:04: quiet- NO_ID: Invalid value of 2.10281 found for variable DAKOTA_RC_7.  Corrected to 2.07598.
09:01:04: quiet- NO_ID: Invalid value of 2.21567 found for variable DAKOTA_RC_7.  Corrected to 1.85008.
09:01:04: quiet- NO_ID: Invalid value of 1.56907 found for variable DAKOTA_RC_5.  Corrected to 1.86794.
09:01:04: quiet- NO_ID: Invalid value of 2.11104 found for variable DAKOTA_RC_6.  Corrected to 1.83108.
09:01:04: quiet- NO_ID: Invalid value of 2.20855 found for variable DAKOTA_RC_7.  Corrected to 2.09082.
09:01:04: quiet- NO_ID: Invalid value of 2.11052 found for variable DAKOTA_RC_6.  Corrected to 1.94979.
09:01:04: quiet- NO_ID: Invalid value of 2.105 found for variable DAKOTA_RC_7.  Corrected to 1.8354.
09:01:04: quiet- NO_ID: Invalid value of 2.22554 found for variable DAKOTA_RC_6.  Corrected to 1.91112.
09:01:04: quiet- NO_ID: Invalid value of 2.23038 found for variable DAKOTA_RC_6.  Corrected to 2.04884.
09:01:04: quiet- NO_ID: Invalid value of 2.11991 found for variable DAKOTA_RC_5.  Corrected to 1.83616.
09:01:04: quiet- NO_ID: Invalid value of 2.10103 found for variable DAKOTA_RC_5.  Corrected to 1.85063.
09:01:04: quiet- NO_ID: Invalid value of 1.09989 found for variable DAKOTA_RC_3.  Corrected to 1.27158.
09:01:04: quiet- NO_ID: Invalid value of 2.10299 found for variable DAKOTA_RC_6.  Corrected to 1.79114.
09:01:04: quiet- NO_ID: Invalid value of 2.10441 found for variable DAKOTA_RC_5.  Corrected to 1.9212.
09:01:04: quiet- NO_ID: Invalid value of 1.48624 found for variable DAKOTA_RC_6.  Corrected to 2.07882.
09:01:04: quiet- NO_ID: Invalid value of 2.10554 found for variable DAKOTA_RC_4.  Corrected to 1.81079.
09:01:04: quiet- NO_ID: Invalid value of 2.16846 found for variable DAKOTA_RC_6.  Corrected to 1.75619.
09:01:04: quiet- NO_ID: Invalid value of 1.69917 found for variable DAKOTA_RC_6.  Corrected to 1.96149.
09:01:04: quiet- NO_ID: Invalid value of 1.46515 found for variable DAKOTA_RC_2.  Corrected to 1.74554.
09:01:04: quiet- NO_ID: Invalid value of 1.4968 found for variable DAKOTA_RC_2.  Corrected to 1.56538.
09:01:04: quiet- NO_ID: Invalid value of 1.41234 found for variable DAKOTA_RC_2.  Corrected to 1.64036.
09:01:04: quiet- NO_ID: Invalid value of 2.12717 found for variable DAKOTA_RC_4.  Corrected to 1.98539.
09:01:04: quiet- NO_ID: Invalid value of 1.09651 found for variable DAKOTA_RC_3.  Corrected to 1.41407.
09:01:04: quiet- NO_ID: Invalid value of 1.4624 found for variable DAKOTA_RC_6.  Corrected to 1.88771.
09:01:04: quiet- NO_ID: Invalid value of -0.0807921 found for variable DAKOTA_EP_2.  Corrected to 4.13817.
09:01:04: quiet- NO_ID: Invalid value of 1.49467 found for variable DAKOTA_RC_2.  Corrected to 1.77145.
09:01:04: quiet- NO_ID: Invalid value of -0.193537 found for variable DAKOTA_EP_2.  Corrected to 6.81321.
09:01:04: quiet- NO_ID: Invalid value of 1.90557 found for variable DAKOTA_RC_2.  Corrected to 1.83967.
09:01:04: quiet- NO_ID: Invalid value of 2.15589 found for variable DAKOTA_RC_6.  Corrected to 1.96067.
09:01:04: quiet- NO_ID: Invalid value of 1.90553 found for variable DAKOTA_RC_2.  Corrected to 1.66618.
09:01:04: quiet- NO_ID: Invalid value of 2.11468 found for variable DAKOTA_RC_7.  Corrected to 2.05826.
09:01:04: quiet- NO_ID: Invalid value of 1.02392 found for variable DAKOTA_RC_3.  Corrected to 1.51414.
09:01:04: quiet- NO_ID: Invalid value of 1.69373 found for variable DAKOTA_RC_5.  Corrected to 2.01626.
09:01:04: quiet- NO_ID: Invalid value of 1.49494 found for variable DAKOTA_RC_2.  Corrected to 1.6262.
09:01:04: quiet- NO_ID: Invalid value of 2.10255 found for variable DAKOTA_RC_1.  Corrected to 2.06773.
09:01:04: quiet- NO_ID: Invalid value of 2.10752 found for variable DAKOTA_RC_1.  Corrected to 2.00708.
09:01:04: quiet- NO_ID: Invalid value of 2.15477 found for variable DAKOTA_RC_1.  Corrected to 2.076.
09:01:04: quiet- NO_ID: Invalid value of 2.22687 found for variable DAKOTA_RC_1.  Corrected to 1.80313.
13:17:33: verbose- below_limit: Performed 1194 total selections.
13:17:33: verbose- NO_ID: 122 of 1000 population members were not selected to continue.  284 of 600 offspring were immediately rejected.
13:17:33: verbose- metric_tracker: Operating on 1194 total designs and 472 "best fitness" designs.
13:17:33: verbose- metric_tracker: No "best fitness" expansion or contraction occurred this generation.
13:17:33: verbose- metric_tracker: Population density increased by 19.4%.
13:17:33: verbose- metric_tracker: 17.115% of the previous "best fitness" population is dominated by designs in the current "best fitness" population.
13:17:33: verbose- metric_tracker: Pushed metric value of 0.365149 onto the convergence stack.
13:17:33: verbose- metric_tracker: Current max percentage progress is 423.195%.
13:17:33: quiet- duplicate_free: 20 generations so far.
13:17:33: quiet- duplicate_free: 3759 evaluations so far.
13:17:33: verbose- duplicate_free: 1194 members in population so far.
13:17:33: verbose- multi_point_parameterized_binary: 478 children created.
13:17:33: quiet- offset_normal: Produced invalid  variable representation 2.10186. Mutation performed without corrective action.
13:17:33: quiet- offset_normal: Produced invalid  variable representation 2.1234. Mutation performed without corrective action.
13:17:33: quiet- offset_normal: Produced invalid  variable representation 2.11594. Mutation performed without corrective action.
13:17:33: quiet- offset_normal: Produced invalid  variable representation 2.10291. Mutation performed without corrective action.
13:17:33: quiet- offset_normal: Produced invalid  variable representation -0.813242. Mutation performed without corrective action.
13:17:33: quiet- offset_normal: Produced invalid  variable representation 1.69915. Mutation performed without corrective action.
13:17:33: quiet- offset_normal: Produced invalid  variable representation 1.06062. Mutation performed without corrective action.
13:17:33: quiet- offset_normal: Produced invalid  variable representation 2.10213. Mutation performed without corrective action.
13:17:33: verbose- offset_normal: Performed 239 total mutations.
13:17:33: quiet- NO_ID: Invalid value of 2.22675 found for variable DAKOTA_RC_6.  Corrected to 1.85648.
13:17:33: quiet- NO_ID: Invalid value of 2.10186 found for variable DAKOTA_RC_5.  Corrected to 1.7871.
13:17:33: quiet- NO_ID: Invalid value of 2.1004 found for variable DAKOTA_RC_5.  Corrected to 1.79011.
13:17:33: quiet- NO_ID: Invalid value of 2.16826 found for variable DAKOTA_RC_4.  Corrected to 1.89013.
13:17:33: quiet- NO_ID: Invalid value of 2.12924 found for variable DAKOTA_RC_4.  Corrected to 1.81592.
13:17:33: quiet- NO_ID: Invalid value of 1.69976 found for variable DAKOTA_RC_5.  Corrected to 1.7349.
13:17:33: quiet- NO_ID: Invalid value of 2.20727 found for variable DAKOTA_RC_4.  Corrected to 2.01447.
13:17:33: quiet- NO_ID: Invalid value of 1.38722 found for variable DAKOTA_RC_2.  Corrected to 1.5812.
13:17:33: quiet- NO_ID: Invalid value of 2.17686 found for variable DAKOTA_RC_6.  Corrected to 1.88729.
13:17:33: quiet- NO_ID: Invalid value of 1.39699 found for variable DAKOTA_RC_2.  Corrected to 1.8241.
13:17:33: quiet- NO_ID: Invalid value of 1.48673 found for variable DAKOTA_RC_2.  Corrected to 1.76533.
13:17:33: quiet- NO_ID: Invalid value of 2.20715 found for variable DAKOTA_RC_5.  Corrected to 1.91743.
13:17:33: quiet- NO_ID: Invalid value of 1.47934 found for variable DAKOTA_RC_2.  Corrected to 1.78595.
13:17:33: quiet- NO_ID: Invalid value of 2.21561 found for variable DAKOTA_RC_7.  Corrected to 1.77355.
13:17:33: quiet- NO_ID: Invalid value of 2.20963 found for variable DAKOTA_RC_6.  Corrected to 1.86703.
13:17:33: quiet- NO_ID: Invalid value of 2.23016 found for variable DAKOTA_RC_6.  Corrected to 2.06718.
13:17:33: quiet- NO_ID: Invalid value of 2.11023 found for variable DAKOTA_RC_7.  Corrected to 1.79113.
13:17:33: quiet- NO_ID: Invalid value of 2.14844 found for variable DAKOTA_RC_6.  Corrected to 1.75671.
13:17:33: quiet- NO_ID: Invalid value of 2.10969 found for variable DAKOTA_RC_7.  Corrected to 2.06047.
13:17:33: quiet- NO_ID: Invalid value of 2.23142 found for variable DAKOTA_RC_5.  Corrected to 1.89741.
13:17:33: quiet- NO_ID: Invalid value of 2.13498 found for variable DAKOTA_RC_4.  Corrected to 1.93232.
13:17:33: quiet- NO_ID: Invalid value of 2.17377 found for variable DAKOTA_RC_4.  Corrected to 1.78284.
13:17:33: quiet- NO_ID: Invalid value of 2.11918 found for variable DAKOTA_RC_4.  Corrected to 1.95467.
13:17:33: quiet- NO_ID: Invalid value of 2.22548 found for variable DAKOTA_RC_4.  Corrected to 1.89782.
13:17:33: quiet- NO_ID: Invalid value of 2.10102 found for variable DAKOTA_RC_4.  Corrected to 2.00437.
13:17:33: quiet- NO_ID: Invalid value of 2.20771 found for variable DAKOTA_RC_7.  Corrected to 1.83392.
13:17:33: quiet- NO_ID: Invalid value of 1.90533 found for variable DAKOTA_RC_2.  Corrected to 1.55869.
13:17:33: quiet- NO_ID: Invalid value of 1.90636 found for variable DAKOTA_RC_2.  Corrected to 1.71401.
13:17:33: quiet- NO_ID: Invalid value of 2.1234 found for variable DAKOTA_RC_7.  Corrected to 1.83818.
13:17:33: quiet- NO_ID: Invalid value of 1.53221 found for variable DAKOTA_RC_5.  Corrected to 1.91121.
13:17:33: quiet- NO_ID: Invalid value of 2.11594 found for variable DAKOTA_RC_4.  Corrected to 2.05815.
13:17:33: quiet- NO_ID: Invalid value of 1.66833 found for variable DAKOTA_RC_5.  Corrected to 1.99466.
13:17:33: quiet- NO_ID: Invalid value of 2.10291 found for variable DAKOTA_RC_7.  Corrected to 1.99832.
13:17:33: quiet- NO_ID: Invalid value of 2.16741 found for variable DAKOTA_RC_7.  Corrected to 1.74827.
13:17:33: quiet- NO_ID: Invalid value of 2.22959 found for variable DAKOTA_RC_6.  Corrected to 1.78479.
13:17:33: quiet- NO_ID: Invalid value of 2.20918 found for variable DAKOTA_RC_5.  Corrected to 1.71424.
13:17:33: quiet- NO_ID: Invalid value of 2.16699 found for variable DAKOTA_RC_6.  Corrected to 1.78317.
13:17:33: quiet- NO_ID: Invalid value of 2.22604 found for variable DAKOTA_RC_5.  Corrected to 2.09926.
13:17:33: quiet- NO_ID: Invalid value of 2.19783 found for variable DAKOTA_RC_4.  Corrected to 1.79544.
13:17:33: quiet- NO_ID: Invalid value of 2.18499 found for variable DAKOTA_RC_4.  Corrected to 1.97046.
13:17:33: quiet- NO_ID: Invalid value of 1.09164 found for variable DAKOTA_RC_3.  Corrected to 1.66587.
13:17:33: quiet- NO_ID: Invalid value of 1.69493 found for variable DAKOTA_RC_6.  Corrected to 2.06077.
13:17:33: quiet- NO_ID: Invalid value of 1.68896 found for variable DAKOTA_RC_6.  Corrected to 1.78788.
13:17:33: quiet- NO_ID: Invalid value of 1.60294 found for variable DAKOTA_RC_6.  Corrected to 1.90931.
13:17:33: quiet- NO_ID: Invalid value of 1.01817 found for variable DAKOTA_RC_3.  Corrected to 1.16006.
13:17:33: quiet- NO_ID: Invalid value of 1.69306 found for variable DAKOTA_RC_6.  Corrected to 1.95491.
13:17:33: quiet- NO_ID: Invalid value of 2.19698 found for variable DAKOTA_RC_4.  Corrected to 1.87649.
13:17:33: quiet- NO_ID: Invalid value of 2.19317 found for variable DAKOTA_RC_4.  Corrected to 1.82545.
13:17:33: quiet- NO_ID: Invalid value of 1.39045 found for variable DAKOTA_RC_2.  Corrected to 1.81162.
13:17:33: quiet- NO_ID: Invalid value of 1.09996 found for variable DAKOTA_RC_3.  Corrected to 1.33968.
13:17:33: quiet- NO_ID: Invalid value of 1.46291 found for variable DAKOTA_RC_2.  Corrected to 1.82286.
13:17:33: quiet- NO_ID: Invalid value of 1.0978 found for variable DAKOTA_RC_3.  Corrected to 1.35189.
13:17:33: quiet- NO_ID: Invalid value of 1.09661 found for variable DAKOTA_RC_3.  Corrected to 1.48464.
13:17:33: quiet- NO_ID: Invalid value of -0.813242 found for variable DAKOTA_EP_2.  Corrected to 5.32591.
13:17:33: quiet- NO_ID: Invalid value of 1.66166 found for variable DAKOTA_RC_6.  Corrected to 2.04175.
13:17:33: quiet- NO_ID: Invalid value of 1.46295 found for variable DAKOTA_RC_2.  Corrected to 1.62416.
13:17:33: quiet- NO_ID: Invalid value of 1.45792 found for variable DAKOTA_RC_2.  Corrected to 1.81145.
13:17:33: quiet- NO_ID: Invalid value of 1.69376 found for variable DAKOTA_RC_6.  Corrected to 1.70044.
13:17:33: quiet- NO_ID: Invalid value of 1.09942 found for variable DAKOTA_RC_3.  Corrected to 1.6918.
13:17:33: quiet- NO_ID: Invalid value of 2.17535 found for variable DAKOTA_RC_7.  Corrected to 1.74963.
13:17:33: quiet- NO_ID: Invalid value of 1.90345 found for variable DAKOTA_RC_2.  Corrected to 1.71166.
13:17:33: quiet- NO_ID: Invalid value of 1.46332 found for variable DAKOTA_RC_2.  Corrected to 1.79632.
13:17:33: quiet- NO_ID: Invalid value of 1.69915 found for variable DAKOTA_RC_5.  Corrected to 2.04429.
13:17:33: quiet- NO_ID: Invalid value of 1.06062 found for variable DAKOTA_RC_3.  Corrected to 1.29245.
13:17:33: quiet- NO_ID: Invalid value of 1.05975 found for variable DAKOTA_RC_3.  Corrected to 1.70303.
13:17:33: quiet- NO_ID: Invalid value of 1.09988 found for variable DAKOTA_RC_3.  Corrected to 1.15089.
13:17:33: quiet- NO_ID: Invalid value of 2.16874 found for variable DAKOTA_RC_7.  Corrected to 1.82421.
13:17:33: quiet- NO_ID: Invalid value of 1.03888 found for variable DAKOTA_RC_3.  Corrected to 1.14857.
13:17:33: quiet- NO_ID: Invalid value of 2.10213 found for variable DAKOTA_RC_1.  Corrected to 1.72834.
13:17:33: quiet- NO_ID: Invalid value of 2.1312 found for variable DAKOTA_RC_1.  Corrected to 1.91965.
13:17:33: quiet- NO_ID: Invalid value of 1.09606 found for variable DAKOTA_RC_3.  Corrected to 1.62187.
13:17:33: quiet- NO_ID: Invalid value of 1.52567 found for variable DAKOTA_RC_5.  Corrected to 2.05169.
13:17:33: quiet- NO_ID: Invalid value of 2.1566 found for variable DAKOTA_RC_1.  Corrected to 1.88041.
13:17:33: quiet- NO_ID: Invalid value of 2.15976 found for variable DAKOTA_RC_1.  Corrected to 2.0861.
13:17:33: quiet- NO_ID: Invalid value of 2.16464 found for variable DAKOTA_RC_1.  Corrected to 1.861.
13:17:33: quiet- NO_ID: Invalid value of 2.18881 found for variable DAKOTA_RC_4.  Corrected to 1.91473.
13:17:33: quiet- NO_ID: Invalid value of 2.16522 found for variable DAKOTA_RC_1.  Corrected to 1.94101.
13:17:33: quiet- NO_ID: Invalid value of 2.16539 found for variable DAKOTA_RC_1.  Corrected to 2.03749.
13:17:33: quiet- NO_ID: Invalid value of 2.16549 found for variable DAKOTA_RC_1.  Corrected to 2.04018.
18:59:43: verbose- below_limit: Performed 1392 total selections.
18:59:43: verbose- NO_ID: 166 of 1194 population members were not selected to continue.  353 of 717 offspring were immediately rejected.
18:59:43: verbose- metric_tracker: Operating on 1392 total designs and 464 "best fitness" designs.
18:59:43: verbose- metric_tracker: Max "best fitness" expanse change of 0.009% found for objective "Non-Linear Minimize obj_fn_1".
18:59:43: verbose- metric_tracker: Population density increased by 16.572%.
18:59:43: verbose- metric_tracker: 28.178% of the previous "best fitness" population is dominated by designs in the current "best fitness" population.
18:59:43: verbose- metric_tracker: Pushed metric value of 0.447594 onto the convergence stack.
18:59:43: verbose- metric_tracker: Current max percentage progress is 423.195%.
18:59:43: quiet- duplicate_free: 21 generations so far.
18:59:43: quiet- duplicate_free: 4476 evaluations so far.
18:59:43: verbose- duplicate_free: 1392 members in population so far.
18:59:43: verbose- multi_point_parameterized_binary: 556 children created.
18:59:43: quiet- offset_normal: Produced invalid  variable representation 2.11432. Mutation performed without corrective action.
18:59:43: quiet- offset_normal: Produced invalid  variable representation 1.6937. Mutation performed without corrective action.
18:59:43: quiet- offset_normal: Produced invalid  variable representation 2.15082. Mutation performed without corrective action.
18:59:43: quiet- offset_normal: Produced invalid  variable representation -0.660301. Mutation performed without corrective action.
18:59:43: quiet- offset_normal: Produced invalid  variable representation 1.90224. Mutation performed without corrective action.
18:59:43: quiet- offset_normal: Produced invalid  variable representation 1.67665. Mutation performed without corrective action.
18:59:43: quiet- offset_normal: Produced invalid  variable representation 2.10213. Mutation performed without corrective action.
18:59:43: quiet- offset_normal: Produced invalid  variable representation 2.1344. Mutation performed without corrective action.
18:59:43: quiet- offset_normal: Produced invalid  variable representation 1.0611. Mutation performed without corrective action.
18:59:43: verbose- offset_normal: Performed 278 total mutations.
18:59:43: quiet- NO_ID: Invalid value of 2.20792 found for variable DAKOTA_RC_6.  Corrected to 1.99615.
18:59:43: quiet- NO_ID: Invalid value of 1.39751 found for variable DAKOTA_RC_2.  Corrected to 1.77644.
18:59:43: quiet- NO_ID: Invalid value of 2.15323 found for variable DAKOTA_RC_6.  Corrected to 1.86744.
18:59:43: quiet- NO_ID: Invalid value of 1.39761 found for variable DAKOTA_RC_2.  Corrected to 1.61737.
18:59:43: quiet- NO_ID: Invalid value of 1.4743 found for variable DAKOTA_RC_2.  Corrected to 1.51433.
18:59:43: quiet- NO_ID: Invalid value of 2.12028 found for variable DAKOTA_RC_6.  Corrected to 1.85989.
18:59:43: quiet- NO_ID: Invalid value of 2.11074 found for variable DAKOTA_RC_6.  Corrected to 1.76491.
18:59:43: quiet- NO_ID: Invalid value of 2.17157 found for variable DAKOTA_RC_7.  Corrected to 2.06206.
18:59:43: quiet- NO_ID: Invalid value of 1.41314 found for variable DAKOTA_RC_2.  Corrected to 1.83483.
18:59:43: quiet- NO_ID: Invalid value of 2.16384 found for variable DAKOTA_RC_7.  Corrected to 1.72782.
18:59:43: quiet- NO_ID: Invalid value of 2.2257 found for variable DAKOTA_RC_4.  Corrected to 2.00832.
18:59:43: quiet- NO_ID: Invalid value of 2.11123 found for variable DAKOTA_RC_6.  Corrected to 1.85625.
18:59:43: quiet- NO_ID: Invalid value of 2.19983 found for variable DAKOTA_RC_5.  Corrected to 2.06511.
18:59:43: quiet- NO_ID: Invalid value of 2.11432 found for variable DAKOTA_RC_4.  Corrected to 1.75691.
18:59:43: quiet- NO_ID: Invalid value of 2.197 found for variable DAKOTA_RC_4.  Corrected to 1.99677.
18:59:43: quiet- NO_ID: Invalid value of 2.101 found for variable DAKOTA_RC_6.  Corrected to 1.94254.
18:59:43: quiet- NO_ID: Invalid value of 2.10096 found for variable DAKOTA_RC_5.  Corrected to 2.07446.
18:59:43: quiet- NO_ID: Invalid value of 2.19063 found for variable DAKOTA_RC_4.  Corrected to 1.91126.
18:59:43: quiet- NO_ID: Invalid value of 2.2105 found for variable DAKOTA_RC_4.  Corrected to 1.72151.
18:59:43: quiet- NO_ID: Invalid value of 1.6937 found for variable DAKOTA_RC_5.  Corrected to 2.07577.
18:59:43: quiet- NO_ID: Invalid value of 2.11943 found for variable DAKOTA_RC_4.  Corrected to 1.85593.
18:59:43: quiet- NO_ID: Invalid value of 2.10686 found for variable DAKOTA_RC_4.  Corrected to 2.0802.
18:59:43: quiet- NO_ID: Invalid value of 2.10018 found for variable DAKOTA_RC_5.  Corrected to 1.87916.
18:59:43: quiet- NO_ID: Invalid value of 2.18695 found for variable DAKOTA_RC_4.  Corrected to 1.90189.
18:59:43: quiet- NO_ID: Invalid value of 2.21826 found for variable DAKOTA_RC_6.  Corrected to 1.94003.
18:59:43: quiet- NO_ID: Invalid value of 2.15082 found for variable DAKOTA_RC_7.  Corrected to 1.79948.
18:59:43: quiet- NO_ID: Invalid value of 1.47937 found for variable DAKOTA_RC_2.  Corrected to 1.64329.
18:59:43: quiet- NO_ID: Invalid value of 2.10933 found for variable DAKOTA_RC_6.  Corrected to 1.95062.
18:59:43: quiet- NO_ID: Invalid value of 2.11945 found for variable DAKOTA_RC_4.  Corrected to 1.83545.
18:59:43: quiet- NO_ID: Invalid value of 2.2077 found for variable DAKOTA_RC_7.  Corrected to 1.94706.
18:59:43: quiet- NO_ID: Invalid value of 2.21774 found for variable DAKOTA_RC_4.  Corrected to 1.92124.
18:59:43: quiet- NO_ID: Invalid value of 1.90346 found for variable DAKOTA_RC_2.  Corrected to 1.53159.
18:59:43: quiet- NO_ID: Invalid value of 1.45329 found for variable DAKOTA_RC_5.  Corrected to 1.8235.
18:59:43: quiet- NO_ID: Invalid value of 2.1449 found for variable DAKOTA_RC_7.  Corrected to 2.08868.
18:59:43: quiet- NO_ID: Invalid value of 2.20212 found for variable DAKOTA_RC_4.  Corrected to 1.84896.
18:59:43: quiet- NO_ID: Invalid value of 1.9054 found for variable DAKOTA_RC_2.  Corrected to 1.63783.
18:59:43: quiet- NO_ID: Invalid value of 1.47936 found for variable DAKOTA_RC_2.  Corrected to 1.64858.
18:59:43: quiet- NO_ID: Invalid value of 2.20218 found for variable DAKOTA_RC_4.  Corrected to 1.91387.
18:59:43: quiet- NO_ID: Invalid value of -0.660301 found for variable DAKOTA_EP_1.  Corrected to 2.99664.
18:59:43: quiet- NO_ID: Invalid value of 2.11938 found for variable DAKOTA_RC_6.  Corrected to 1.78341.
18:59:43: quiet- NO_ID: Invalid value of 2.1092 found for variable DAKOTA_RC_6.  Corrected to 1.94169.
18:59:43: quiet- NO_ID: Invalid value of 2.16485 found for variable DAKOTA_RC_6.  Corrected to 1.70821.
18:59:43: quiet- NO_ID: Invalid value of 2.20643 found for variable DAKOTA_RC_5.  Corrected to 1.93966.
18:59:43: quiet- NO_ID: Invalid value of 2.11938 found for variable DAKOTA_RC_6.  Corrected to 1.90679.
18:59:43: quiet- NO_ID: Invalid value of 2.18363 found for variable DAKOTA_RC_6.  Corrected to 1.76512.
18:59:43: quiet- NO_ID: Invalid value of 1.0842 found for variable DAKOTA_RC_3.  Corrected to 1.33874.
18:59:43: quiet- NO_ID: Invalid value of 2.12123 found for variable DAKOTA_RC_4.  Corrected to 1.74934.
18:59:43: quiet- NO_ID: Invalid value of 1.44499 found for variable DAKOTA_RC_2.  Corrected to 1.53958.
18:59:43: quiet- NO_ID: Invalid value of 2.18145 found for variable DAKOTA_RC_4.  Corrected to 2.04768.
18:59:43: quiet- NO_ID: Invalid value of 1.47644 found for variable DAKOTA_RC_2.  Corrected to 1.57085.
18:59:43: quiet- NO_ID: Invalid value of 2.17103 found for variable DAKOTA_RC_4.  Corrected to 1.71534.
18:59:43: quiet- NO_ID: Invalid value of 1.90224 found for variable DAKOTA_RC_2.  Corrected to 1.60361.
18:59:43: quiet- NO_ID: Invalid value of 2.22181 found for variable DAKOTA_RC_4.  Corrected to 1.75105.
18:59:43: quiet- NO_ID: Invalid value of 1.90439 found for variable DAKOTA_RC_2.  Corrected to 1.6945.
18:59:43: quiet- NO_ID: Invalid value of 1.67665 found for variable DAKOTA_RC_6.  Corrected to 2.0055.
18:59:43: quiet- NO_ID: Invalid value of 1.69307 found for variable DAKOTA_RC_6.  Corrected to 1.99107.
18:59:43: quiet- NO_ID: Invalid value of 1.0611 found for variable DAKOTA_RC_3.  Corrected to 1.61448.
18:59:43: quiet- NO_ID: Invalid value of 1.66067 found for variable DAKOTA_RC_6.  Corrected to 1.74879.
18:59:43: quiet- NO_ID: Invalid value of 2.10005 found for variable DAKOTA_RC_1.  Corrected to 1.84169.
18:59:43: quiet- NO_ID: Invalid value of 2.10015 found for variable DAKOTA_RC_1.  Corrected to 1.72943.
18:59:43: quiet- NO_ID: Invalid value of 2.10213 found for variable DAKOTA_RC_1.  Corrected to 1.99584.
18:59:43: quiet- NO_ID: Invalid value of 2.1344 found for variable DAKOTA_RC_1.  Corrected to 2.06293.
18:59:43: quiet- NO_ID: Invalid value of 2.15565 found for variable DAKOTA_RC_1.  Corrected to 1.76103.
18:59:43: quiet- NO_ID: Invalid value of 2.15636 found for variable DAKOTA_RC_1.  Corrected to 1.71934.
18:59:43: quiet- NO_ID: Invalid value of 2.16396 found for variable DAKOTA_RC_1.  Corrected to 2.05162.
18:59:43: quiet- NO_ID: Invalid value of 2.16536 found for variable DAKOTA_RC_1.  Corrected to 1.90998.
18:59:43: quiet- NO_ID: Invalid value of 2.17881 found for variable DAKOTA_RC_1.  Corrected to 1.85717.
18:59:43: quiet- NO_ID: Invalid value of 2.19054 found for variable DAKOTA_RC_1.  Corrected to 1.80019.
01:16:55: verbose- below_limit: Performed 1594 total selections.
01:16:55: verbose- NO_ID: 217 of 1392 population members were not selected to continue.  415 of 834 offspring were immediately rejected.
01:16:55: verbose- metric_tracker: Operating on 1594 total designs and 473 "best fitness" designs.
01:16:55: verbose- metric_tracker: Max "best fitness" expanse change of -34.015% found for objective "Non-Linear Minimize obj_fn_3".
01:16:55: verbose- metric_tracker: Population density increased by 3.505%.
01:16:55: verbose- metric_tracker: 26.078% of the previous "best fitness" population is dominated by designs in the current "best fitness" population.
01:16:55: verbose- metric_tracker: Pushed metric value of 0.635978 onto the convergence stack.
01:16:55: verbose- metric_tracker: Current max percentage progress is 63.598%.
01:16:55: verbose- metric_tracker: Convergence attained.
01:16:55: quiet- duplicate_free: 22 generations so far.
01:16:55: quiet- duplicate_free: 5310 evaluations so far.
01:16:55: verbose- duplicate_free: 1594 members in population so far.
01:16:55: verbose- NO_ID: Reclaimed 0 optimal designs from the discards.
01:16:55: quiet- NO_ID: Reclaimed 0 optimal designs that had been selected out.
01:16:55: verbose- NO_ID: Flushed 1121 dominated designs from the population.
01:16:55: quiet- NO_ID: Ran 22 total generations.
01:16:55: quiet- NO_ID: Final population size = 473
01:16:55: verbose- NO_ID: Wrote designs file ".//finaldata1.dat".
01:16:55: verbose- NO_ID: Wrote designs file ".//discards.dat".
01:16:55: quiet- JEGA Front End: NO_ID execution took 51.52 seconds.
01:16:55: quiet- JEGA Front End: Execution took 51.52 seconds.
01:16:55: verbose- NO_ID: algorithm execution completed. 473 solutions found. Passing them back to DAKOTA.
01:16:55: quiet- NO_ID: find optimum completed and all results have been passed back to DAKOTA.


01:16:55: quiet- NO_ID: goodbye!


