JEGA Genetic Algorithm Optimization Software v2.7.0
Run started Tue Jun 11 09:42:53 2019

Global Log initialized using "verbose" as default level.
Global Log logging to file JEGAGlobal.log
Global Log logging to console window
09:42:53: quiet- JEGA Front End: Random seed = 1560320573
09:42:53: verbose- Design Target: Design variable DAKOTA_RC_1 added.  1 design variables now in target.
09:42:53: verbose- Design Target: Design variable DAKOTA_RC_2 added.  2 design variables now in target.
09:42:53: verbose- Design Target: Design variable DAKOTA_RC_3 added.  3 design variables now in target.
09:42:53: verbose- Design Target: Design variable DAKOTA_RC_4 added.  4 design variables now in target.
09:42:53: verbose- Design Target: Design variable DAKOTA_RC_5 added.  5 design variables now in target.
09:42:53: verbose- Design Target: Design variable DAKOTA_RC_6 added.  6 design variables now in target.
09:42:53: verbose- Design Target: Design variable DAKOTA_RC_7 added.  7 design variables now in target.
09:42:53: verbose- Design Target: Design variable DAKOTA_RC_8 added.  8 design variables now in target.
09:42:53: verbose- Design Target: Design variable DAKOTA_RC_9 added.  9 design variables now in target.
09:42:53: verbose- Design Target: Design variable DAKOTA_EP_1 added.  10 design variables now in target.
09:42:53: verbose- Design Target: Design variable DAKOTA_EP_2 added.  11 design variables now in target.
09:42:53: verbose- Design Target: Objective Non-Linear Minimize obj_fn_1 added.  1 objectives now in target.
09:42:53: verbose- Design Target: Objective Non-Linear Minimize obj_fn_2 added.  2 objectives now in target.
09:42:53: verbose- Design Target: Objective Non-Linear Minimize obj_fn_3 added.  3 objectives now in target.
09:42:53: verbose- JEGA Front End: Creating a MOGA
09:42:53: debug-  Matching Group: Trying "Domination Count Operator Group".
09:42:53: verbose- Domination Count Operator Group: Contains Converger "metric_tracker".
09:42:53: verbose- Domination Count Operator Group: Contains Crosser "multi_point_parameterized_binary".
09:42:53: verbose- Domination Count Operator Group: Contains FitnessAssessor "domination_count".
09:42:53: verbose- Domination Count Operator Group: Contains Initializer "unique_random".
09:42:53: verbose- Domination Count Operator Group: Contains MainLoop "duplicate_free".
09:42:53: verbose- Domination Count Operator Group: Contains Mutator "offset_normal".
09:42:53: verbose- Domination Count Operator Group: Contains Selector "below_limit".
09:42:53: verbose- Domination Count Operator Group: Contains PostProcessor "null_postprocessor".
09:42:53: verbose- Domination Count Operator Group: Contains NichePressureApplicator "null_niching".
09:42:53: debug-  Matching Group: "Domination Count Operator Group" match succeeded.
09:42:53: quiet- : Matched new set to a group that is not the current group.  Adopting the new group.
09:42:53: verbose- Domination Count Operator Group: Contains Converger "metric_tracker".
09:42:53: verbose- Domination Count Operator Group: Contains Crosser "multi_point_parameterized_binary".
09:42:53: verbose- Domination Count Operator Group: Contains FitnessAssessor "domination_count".
09:42:53: verbose- Domination Count Operator Group: Contains Initializer "unique_random".
09:42:53: verbose- Domination Count Operator Group: Contains MainLoop "duplicate_free".
09:42:53: verbose- Domination Count Operator Group: Contains Mutator "offset_normal".
09:42:53: verbose- Domination Count Operator Group: Contains Selector "below_limit".
09:42:53: verbose- Domination Count Operator Group: Contains PostProcessor "null_postprocessor".
09:42:53: verbose- Domination Count Operator Group: Contains NichePressureApplicator "null_niching".
09:42:53: verbose- NO_ID: The name of this GA is now NO_ID
09:42:53: verbose- NO_ID: The print each population flag is now set to 0
09:42:53: verbose- NO_ID: The print final data flag is now set to 1
09:42:53: verbose- NO_ID: The print discards flag is now set to 1
09:42:53: verbose- NO_ID: The name of the file to which final data will be written is now finaldata1.dat
09:42:53: verbose- NO_ID: The data directory is now set to ./
09:42:53: verbose- metric_tracker: Number of generations tracked now = 10
09:42:53: verbose- metric_tracker: Max allowable % change now = 1
09:42:53: verbose- metric_tracker: Maximum allowable generations now = 100
09:42:53: verbose- metric_tracker: Maximum allowable evaluations now = 20000
09:42:53: quiet- Error encountered while retrieving parameter named "method.max_time" of type "d" from parameter database reading: Parameter not found for tag: method.max_time
09:42:53: verbose- metric_tracker: The maximum allowable amount of time was not found in the parameter database.  Using the current value of 1.79769e+308
09:42:53: verbose- metric_tracker: Maximum allowable time now = 1.79769e+308 seconds 
09:42:53: quiet- Error encountered while retrieving parameter named "method.jega.num_cross_points" of type "St6vectorIiSaIiEE" from parameter database reading: Parameter not found for tag: method.jega.num_cross_points
09:42:53: verbose- multi_point_parameterized_binary: The number of crossover points for each variable were not found in the parameter database.  Checking for a single value.
09:42:53: verbose- multi_point_parameterized_binary: Number of crossover points now = 2
09:42:53: verbose- multi_point_parameterized_binary: Crossover rate now = 0.4
09:42:53: verbose- multi_point_parameterized_binary: Number of crossover points for variable "DAKOTA_RC_1" now = 2.
09:42:53: verbose- multi_point_parameterized_binary: Number of crossover points for variable "DAKOTA_RC_2" now = 2.
09:42:53: verbose- multi_point_parameterized_binary: Number of crossover points for variable "DAKOTA_RC_3" now = 2.
09:42:53: verbose- multi_point_parameterized_binary: Number of crossover points for variable "DAKOTA_RC_4" now = 2.
09:42:53: verbose- multi_point_parameterized_binary: Number of crossover points for variable "DAKOTA_RC_5" now = 2.
09:42:53: verbose- multi_point_parameterized_binary: Number of crossover points for variable "DAKOTA_RC_6" now = 2.
09:42:53: verbose- multi_point_parameterized_binary: Number of crossover points for variable "DAKOTA_RC_7" now = 2.
09:42:53: verbose- multi_point_parameterized_binary: Number of crossover points for variable "DAKOTA_RC_8" now = 2.
09:42:53: verbose- multi_point_parameterized_binary: Number of crossover points for variable "DAKOTA_RC_9" now = 2.
09:42:53: verbose- multi_point_parameterized_binary: Number of crossover points for variable "DAKOTA_EP_1" now = 2.
09:42:53: verbose- multi_point_parameterized_binary: Number of crossover points for variable "DAKOTA_EP_2" now = 2.
09:42:53: verbose- DAKOTA JEGA Evaluator: Maximum allowable evaluations now = 20000
09:42:53: verbose- DAKOTA JEGA Evaluator: The evaluation concurrency is now 1
09:42:53: verbose- unique_random: Desired initial population size now = 250
09:42:53: verbose- null_niching: Niched design caching now set to true.
09:42:53: quiet- Error encountered while retrieving parameter named "method.jega.max_niche_cache_size" of type "m" from parameter database reading: Parameter not found for tag: method.jega.max_niche_cache_size
09:42:53: verbose- null_niching: The max niche cache size value was not found in the parameter database.  Using the current value of 1
09:42:53: verbose- null_niching: Niched design caching max size now set to 18446744073709551615.
09:42:53: verbose- offset_normal: Offset range now = 0.05
09:42:53: verbose- offset_normal: Mutation rate now = 0.2
09:42:53: verbose- below_limit: Limiting value now = 6
09:42:53: verbose- below_limit: Shrinkage percentage now = 0.3
09:42:53: verbose- below_limit: Minimum selections now = 2
09:42:53: verbose- NO_ID: About to perform algorithm execution.
09:42:53: verbose- unique_random: 250 unique random designs created.
18:40:00: verbose- below_limit: Performed 75 total selections.
18:40:00: verbose- NO_ID: 175 of 250 population members were not selected to continue.  0 of 0 offspring were immediately rejected.
18:40:00: verbose- metric_tracker: Operating on 75 total designs and 29 "best fitness" designs.
18:40:00: verbose- metric_tracker: Pushed metric value of 0 onto the convergence stack.
18:40:00: quiet- duplicate_free: 1 generation so far.
18:40:00: quiet- duplicate_free: 250 evaluations so far.
18:40:00: verbose- duplicate_free: 75 members in population so far.
18:40:00: verbose- multi_point_parameterized_binary: 30 children created.
18:40:00: verbose- offset_normal: Performed 15 total mutations.
18:40:00: quiet- NO_ID: Invalid value of 1.78487 found for variable DAKOTA_RC_1.  Corrected to 1.86014.
18:40:00: quiet- NO_ID: Invalid value of 1.78873 found for variable DAKOTA_RC_1.  Corrected to 2.04951.
18:40:00: quiet- NO_ID: Invalid value of 0.63722 found for variable DAKOTA_RC_3.  Corrected to 0.983405.
18:40:00: quiet- NO_ID: Invalid value of 2.00024 found for variable DAKOTA_RC_5.  Corrected to 1.61582.
18:40:00: quiet- NO_ID: Invalid value of 2.20053 found for variable DAKOTA_RC_6.  Corrected to 1.76281.
18:40:00: quiet- NO_ID: Invalid value of 2.00147 found for variable DAKOTA_RC_4.  Corrected to 1.86644.
18:40:00: quiet- NO_ID: Invalid value of 1.56617 found for variable DAKOTA_RC_4.  Corrected to 1.74564.
18:40:00: quiet- NO_ID: Invalid value of 2.219 found for variable DAKOTA_RC_8.  Corrected to 2.04973.
20:04:55: verbose- below_limit: Performed 87 total selections.
20:04:55: verbose- NO_ID: 21 of 75 population members were not selected to continue.  12 of 45 offspring were immediately rejected.
20:04:55: verbose- metric_tracker: Operating on 87 total designs and 38 "best fitness" designs.
20:04:55: verbose- metric_tracker: Max "best fitness" expanse change of 55.408% found for objective "Non-Linear Minimize obj_fn_3".
20:04:55: verbose- metric_tracker: Population density increased by 2101.27%.
20:04:55: verbose- metric_tracker: 13.793% of the previous "best fitness" population is dominated by designs in the current "best fitness" population.
20:04:55: verbose- metric_tracker: Pushed metric value of 21.7047 onto the convergence stack.
20:04:55: quiet- duplicate_free: 2 generations so far.
20:04:55: quiet- duplicate_free: 295 evaluations so far.
20:04:55: verbose- duplicate_free: 87 members in population so far.
20:04:55: verbose- multi_point_parameterized_binary: 34 children created.
20:04:55: quiet- offset_normal: Produced invalid  variable representation -0.637078. Mutation performed without corrective action.
20:04:55: quiet- offset_normal: Produced invalid  variable representation -0.329865. Mutation performed without corrective action.
20:04:55: quiet- offset_normal: Produced invalid  variable representation 0.694208. Mutation performed without corrective action.
20:04:55: verbose- offset_normal: Performed 17 total mutations.
20:04:55: quiet- NO_ID: Invalid value of 2.20243 found for variable DAKOTA_RC_8.  Corrected to 2.17463.
20:04:55: quiet- NO_ID: Invalid value of 2.00029 found for variable DAKOTA_RC_5.  Corrected to 1.66829.
20:04:55: quiet- NO_ID: Invalid value of 2.20629 found for variable DAKOTA_RC_9.  Corrected to 2.05082.
20:04:55: quiet- NO_ID: Invalid value of 2.01114 found for variable DAKOTA_RC_5.  Corrected to 1.76711.
20:04:55: quiet- NO_ID: Invalid value of 2.20055 found for variable DAKOTA_RC_9.  Corrected to 2.16366.
20:04:55: quiet- NO_ID: Invalid value of 1.58967 found for variable DAKOTA_RC_5.  Corrected to 1.89803.
20:04:55: quiet- NO_ID: Invalid value of -0.637078 found for variable DAKOTA_EP_2.  Corrected to 2.40856.
20:04:55: quiet- NO_ID: Invalid value of 2.20039 found for variable DAKOTA_RC_6.  Corrected to 2.19906.
20:04:55: quiet- NO_ID: Invalid value of 2.00313 found for variable DAKOTA_RC_4.  Corrected to 1.76297.
20:04:55: quiet- NO_ID: Invalid value of -0.329865 found for variable DAKOTA_EP_1.  Corrected to 5.53807.
20:04:55: quiet- NO_ID: Invalid value of 1.68144 found for variable DAKOTA_RC_6.  Corrected to 1.87589.
20:04:55: quiet- NO_ID: Invalid value of 0.694208 found for variable DAKOTA_RC_3.  Corrected to 1.28035.
20:04:55: quiet- NO_ID: Invalid value of 0.696653 found for variable DAKOTA_RC_3.  Corrected to 0.861721.
21:41:26: verbose- below_limit: Performed 121 total selections.
21:41:26: verbose- NO_ID: 4 of 87 population members were not selected to continue.  13 of 51 offspring were immediately rejected.
21:41:26: verbose- metric_tracker: Operating on 121 total designs and 47 "best fitness" designs.
21:41:26: verbose- metric_tracker: Max "best fitness" expanse change of 8.013% found for objective "Non-Linear Minimize obj_fn_2".
21:41:26: verbose- metric_tracker: Population density increased by 37.113%.
21:41:26: verbose- metric_tracker: 7.895% of the previous "best fitness" population is dominated by designs in the current "best fitness" population.
21:41:26: verbose- metric_tracker: Pushed metric value of 0.53021 onto the convergence stack.
21:41:26: quiet- duplicate_free: 3 generations so far.
21:41:26: quiet- duplicate_free: 346 evaluations so far.
21:41:26: verbose- duplicate_free: 121 members in population so far.
21:41:26: verbose- multi_point_parameterized_binary: 48 children created.
21:41:26: quiet- offset_normal: Produced invalid  variable representation 1.55309. Mutation performed without corrective action.
21:41:26: quiet- offset_normal: Produced invalid  variable representation 1.67501. Mutation performed without corrective action.
21:41:26: verbose- offset_normal: Performed 24 total mutations.
21:41:26: quiet- NO_ID: Invalid value of 1.78609 found for variable DAKOTA_RC_1.  Corrected to 1.96452.
21:41:26: quiet- NO_ID: Invalid value of 1.78855 found for variable DAKOTA_RC_1.  Corrected to 1.85939.
21:41:26: quiet- NO_ID: Invalid value of 1.59795 found for variable DAKOTA_RC_4.  Corrected to 1.81761.
21:41:26: quiet- NO_ID: Invalid value of 2.22449 found for variable DAKOTA_RC_9.  Corrected to 1.96327.
21:41:26: quiet- NO_ID: Invalid value of 1.55309 found for variable DAKOTA_RC_3.  Corrected to 1.22037.
21:41:26: quiet- NO_ID: Invalid value of 0.500062 found for variable DAKOTA_RC_3.  Corrected to 0.708618.
21:41:26: quiet- NO_ID: Invalid value of 0.712733 found for variable DAKOTA_RC_2.  Corrected to 1.18786.
21:41:26: quiet- NO_ID: Invalid value of 0.934941 found for variable DAKOTA_RC_2.  Corrected to 1.32015.
21:41:26: quiet- NO_ID: Invalid value of 1.63274 found for variable DAKOTA_RC_9.  Corrected to 1.97324.
21:41:26: quiet- NO_ID: Invalid value of 1.55358 found for variable DAKOTA_RC_5.  Corrected to 1.97095.
21:41:26: quiet- NO_ID: Invalid value of 1.6538 found for variable DAKOTA_RC_9.  Corrected to 2.06603.
21:41:26: quiet- NO_ID: Invalid value of 2.06412 found for variable DAKOTA_RC_5.  Corrected to 1.61327.
21:41:26: quiet- NO_ID: Invalid value of 1.59087 found for variable DAKOTA_RC_4.  Corrected to 1.89843.
21:41:26: quiet- NO_ID: Invalid value of 0.891643 found for variable DAKOTA_RC_2.  Corrected to 1.67676.
21:41:26: quiet- NO_ID: Invalid value of 1.55849 found for variable DAKOTA_RC_5.  Corrected to 1.83623.
21:41:26: quiet- NO_ID: Invalid value of 1.67501 found for variable DAKOTA_RC_6.  Corrected to 1.82319.
21:41:26: quiet- NO_ID: Invalid value of 2.00697 found for variable DAKOTA_RC_4.  Corrected to 1.90653.
21:41:26: quiet- NO_ID: Invalid value of 1.80917 found for variable DAKOTA_RC_2.  Corrected to 1.04002.
21:41:26: quiet- NO_ID: Invalid value of 2.04979 found for variable DAKOTA_RC_4.  Corrected to 1.71148.
21:41:26: quiet- NO_ID: Invalid value of 1.60399 found for variable DAKOTA_RC_3.  Corrected to 1.36168.
00:02:58: verbose- below_limit: Performed 164 total selections.
00:02:58: verbose- NO_ID: 10 of 121 population members were not selected to continue.  19 of 72 offspring were immediately rejected.
00:02:58: verbose- metric_tracker: Operating on 164 total designs and 47 "best fitness" designs.
00:02:58: verbose- metric_tracker: Max "best fitness" expanse change of -6.834% found for objective "Non-Linear Minimize obj_fn_1".
00:02:58: verbose- metric_tracker: Population density increased by 33.846%.
00:02:58: verbose- metric_tracker: 29.787% of the previous "best fitness" population is dominated by designs in the current "best fitness" population.
00:02:58: verbose- metric_tracker: Pushed metric value of 0.704675 onto the convergence stack.
00:02:58: quiet- duplicate_free: 4 generations so far.
00:02:58: quiet- duplicate_free: 418 evaluations so far.
00:02:58: verbose- duplicate_free: 164 members in population so far.
00:02:58: verbose- multi_point_parameterized_binary: 66 children created.
00:02:58: quiet- offset_normal: Produced invalid  variable representation 0.942894. Mutation performed without corrective action.
00:02:58: verbose- offset_normal: Performed 33 total mutations.
00:02:58: quiet- NO_ID: Invalid value of 1.63112 found for variable DAKOTA_RC_1.  Corrected to 2.19906.
00:02:58: quiet- NO_ID: Invalid value of 2.22615 found for variable DAKOTA_RC_8.  Corrected to 2.07487.
00:02:58: quiet- NO_ID: Invalid value of 1.76203 found for variable DAKOTA_RC_1.  Corrected to 2.07493.
00:02:58: quiet- NO_ID: Invalid value of 1.79304 found for variable DAKOTA_RC_1.  Corrected to 1.91693.
00:02:58: quiet- NO_ID: Invalid value of 2.03959 found for variable DAKOTA_RC_4.  Corrected to 1.72646.
00:02:58: quiet- NO_ID: Invalid value of 2.20243 found for variable DAKOTA_RC_8.  Corrected to 1.88577.
00:02:58: quiet- NO_ID: Invalid value of 0.390538 found for variable DAKOTA_RC_3.  Corrected to 1.43502.
00:02:58: quiet- NO_ID: Invalid value of 0.694632 found for variable DAKOTA_RC_3.  Corrected to 1.0944.
00:02:58: quiet- NO_ID: Invalid value of 1.55484 found for variable DAKOTA_RC_5.  Corrected to 1.86408.
00:02:58: quiet- NO_ID: Invalid value of 2.23183 found for variable DAKOTA_RC_6.  Corrected to 1.94085.
00:02:58: quiet- NO_ID: Invalid value of 0.697704 found for variable DAKOTA_RC_3.  Corrected to 1.0052.
00:02:58: quiet- NO_ID: Invalid value of 1.59957 found for variable DAKOTA_RC_4.  Corrected to 1.88979.
00:02:58: quiet- NO_ID: Invalid value of 0.942894 found for variable DAKOTA_RC_2.  Corrected to 1.28978.
00:02:58: quiet- NO_ID: Invalid value of 1.50072 found for variable DAKOTA_RC_3.  Corrected to 0.774468.
00:02:58: quiet- NO_ID: Invalid value of 1.75719 found for variable DAKOTA_RC_3.  Corrected to 0.886814.
00:02:58: quiet- NO_ID: Invalid value of 1.67965 found for variable DAKOTA_RC_6.  Corrected to 1.82163.
03:08:58: verbose- below_limit: Performed 184 total selections.
03:08:58: verbose- NO_ID: 43 of 164 population members were not selected to continue.  36 of 99 offspring were immediately rejected.
03:08:58: verbose- metric_tracker: Operating on 184 total designs and 48 "best fitness" designs.
03:08:58: verbose- metric_tracker: Max "best fitness" expanse change of -34.079% found for objective "Non-Linear Minimize obj_fn_3".
03:08:58: verbose- metric_tracker: Population density increased by 160.916%.
03:08:58: verbose- metric_tracker: 34.043% of the previous "best fitness" population is dominated by designs in the current "best fitness" population.
03:08:58: verbose- metric_tracker: Pushed metric value of 2.29038 onto the convergence stack.
03:08:58: quiet- duplicate_free: 5 generations so far.
03:08:58: quiet- duplicate_free: 517 evaluations so far.
03:08:58: verbose- duplicate_free: 184 members in population so far.
03:08:58: verbose- multi_point_parameterized_binary: 74 children created.
03:08:58: quiet- offset_normal: Produced invalid  variable representation 1.55744. Mutation performed without corrective action.
03:08:58: quiet- offset_normal: Produced invalid  variable representation 1.79882. Mutation performed without corrective action.
03:08:58: quiet- offset_normal: Produced invalid  variable representation 1.69722. Mutation performed without corrective action.
03:08:58: quiet- offset_normal: Produced invalid  variable representation 1.69629. Mutation performed without corrective action.
03:08:58: verbose- offset_normal: Performed 37 total mutations.
03:08:58: quiet- NO_ID: Invalid value of 1.63096 found for variable DAKOTA_RC_1.  Corrected to 2.03433.
03:08:58: quiet- NO_ID: Invalid value of 1.75608 found for variable DAKOTA_RC_1.  Corrected to 1.89334.
03:08:58: quiet- NO_ID: Invalid value of 0.506912 found for variable DAKOTA_RC_3.  Corrected to 1.06823.
03:08:58: quiet- NO_ID: Invalid value of 2.06965 found for variable DAKOTA_RC_5.  Corrected to 1.79428.
03:08:58: quiet- NO_ID: Invalid value of 1.79258 found for variable DAKOTA_RC_1.  Corrected to 1.82259.
03:08:58: quiet- NO_ID: Invalid value of 1.79335 found for variable DAKOTA_RC_1.  Corrected to 1.84213.
03:08:58: quiet- NO_ID: Invalid value of 1.79358 found for variable DAKOTA_RC_1.  Corrected to 1.81902.
03:08:58: quiet- NO_ID: Invalid value of 1.79882 found for variable DAKOTA_RC_1.  Corrected to 2.19963.
03:08:58: quiet- NO_ID: Invalid value of 1.55744 found for variable DAKOTA_RC_4.  Corrected to 1.65785.
03:08:58: quiet- NO_ID: Invalid value of 0.627492 found for variable DAKOTA_RC_3.  Corrected to 0.96165.
03:08:58: quiet- NO_ID: Invalid value of 1.50109 found for variable DAKOTA_RC_3.  Corrected to 0.84576.
03:08:58: quiet- NO_ID: Invalid value of 2.00686 found for variable DAKOTA_RC_4.  Corrected to 1.95367.
03:08:58: quiet- NO_ID: Invalid value of 2.06624 found for variable DAKOTA_RC_4.  Corrected to 1.84529.
03:08:58: quiet- NO_ID: Invalid value of 0.651805 found for variable DAKOTA_RC_2.  Corrected to 1.49778.
03:08:58: quiet- NO_ID: Invalid value of 0.969504 found for variable DAKOTA_RC_2.  Corrected to 1.02391.
03:08:58: quiet- NO_ID: Invalid value of 2.03926 found for variable DAKOTA_RC_5.  Corrected to 1.61805.
03:08:58: quiet- NO_ID: Invalid value of 1.69722 found for variable DAKOTA_RC_6.  Corrected to 1.94941.
03:08:58: quiet- NO_ID: Invalid value of 0.902237 found for variable DAKOTA_RC_2.  Corrected to 1.78953.
03:08:58: quiet- NO_ID: Invalid value of 1.69629 found for variable DAKOTA_RC_6.  Corrected to 2.15021.
03:08:58: quiet- NO_ID: Invalid value of 2.33876 found for variable DAKOTA_RC_1.  Corrected to 1.99497.
03:08:58: quiet- NO_ID: Invalid value of 2.12016 found for variable DAKOTA_RC_2.  Corrected to 1.16056.
06:24:23: verbose- below_limit: Performed 218 total selections.
06:24:23: verbose- NO_ID: 27 of 184 population members were not selected to continue.  50 of 111 offspring were immediately rejected.
06:24:23: verbose- metric_tracker: Operating on 218 total designs and 52 "best fitness" designs.
06:24:23: verbose- metric_tracker: Max "best fitness" expanse change of -45.358% found for objective "Non-Linear Minimize obj_fn_1".
06:24:23: verbose- metric_tracker: Population density increased by 20.996%.
06:24:23: verbose- metric_tracker: 16.667% of the previous "best fitness" population is dominated by designs in the current "best fitness" population.
06:24:23: verbose- metric_tracker: Pushed metric value of 0.830204 onto the convergence stack.
06:24:23: quiet- duplicate_free: 6 generations so far.
06:24:23: quiet- duplicate_free: 628 evaluations so far.
06:24:23: verbose- duplicate_free: 218 members in population so far.
06:24:23: verbose- multi_point_parameterized_binary: 88 children created.
06:24:23: verbose- offset_normal: Performed 44 total mutations.
06:24:23: quiet- NO_ID: Invalid value of 1.73757 found for variable DAKOTA_RC_1.  Corrected to 1.82056.
06:24:23: quiet- NO_ID: Invalid value of 2.22614 found for variable DAKOTA_RC_8.  Corrected to 1.72246.
06:24:23: quiet- NO_ID: Invalid value of 1.76218 found for variable DAKOTA_RC_1.  Corrected to 2.00873.
06:24:23: quiet- NO_ID: Invalid value of 1.76801 found for variable DAKOTA_RC_1.  Corrected to 1.92325.
06:24:23: quiet- NO_ID: Invalid value of 1.77373 found for variable DAKOTA_RC_1.  Corrected to 1.92342.
06:24:23: quiet- NO_ID: Invalid value of 1.79473 found for variable DAKOTA_RC_1.  Corrected to 2.04386.
06:24:23: quiet- NO_ID: Invalid value of 1.79722 found for variable DAKOTA_RC_1.  Corrected to 1.87553.
06:24:23: quiet- NO_ID: Invalid value of 1.59627 found for variable DAKOTA_RC_4.  Corrected to 1.72893.
06:24:23: quiet- NO_ID: Invalid value of 1.59879 found for variable DAKOTA_RC_4.  Corrected to 1.87965.
06:24:23: quiet- NO_ID: Invalid value of 2.04584 found for variable DAKOTA_RC_5.  Corrected to 1.78087.
06:24:23: quiet- NO_ID: Invalid value of 2.0616 found for variable DAKOTA_RC_5.  Corrected to 1.98474.
06:24:23: quiet- NO_ID: Invalid value of 2.20055 found for variable DAKOTA_RC_9.  Corrected to 1.89132.
06:24:23: quiet- NO_ID: Invalid value of 1.58109 found for variable DAKOTA_RC_5.  Corrected to 1.65279.
06:24:23: quiet- NO_ID: Invalid value of 0.644956 found for variable DAKOTA_RC_3.  Corrected to 0.986086.
06:24:23: quiet- NO_ID: Invalid value of 0.967737 found for variable DAKOTA_RC_2.  Corrected to 1.62652.
06:24:23: quiet- NO_ID: Invalid value of 0.646273 found for variable DAKOTA_RC_3.  Corrected to 1.26373.
06:24:23: quiet- NO_ID: Invalid value of 2.0162 found for variable DAKOTA_RC_4.  Corrected to 1.76632.
06:24:23: quiet- NO_ID: Invalid value of 1.55282 found for variable DAKOTA_RC_5.  Corrected to 1.89912.
06:24:23: quiet- NO_ID: Invalid value of 2.23067 found for variable DAKOTA_RC_9.  Corrected to 2.15199.
06:24:23: quiet- NO_ID: Invalid value of 2.06303 found for variable DAKOTA_RC_5.  Corrected to 1.89507.
06:24:23: quiet- NO_ID: Invalid value of 0.840435 found for variable DAKOTA_RC_2.  Corrected to 1.00441.
06:24:23: quiet- NO_ID: Invalid value of 2.01409 found for variable DAKOTA_RC_2.  Corrected to 1.34307.
06:24:23: quiet- NO_ID: Invalid value of 2.1222 found for variable DAKOTA_RC_2.  Corrected to 1.24225.
06:24:23: quiet- NO_ID: Invalid value of 0.377473 found for variable DAKOTA_RC_3.  Corrected to 0.80427.
06:24:23: quiet- NO_ID: Invalid value of 0.687417 found for variable DAKOTA_RC_3.  Corrected to 0.939744.
10:39:04: verbose- below_limit: Performed 245 total selections.
10:39:04: verbose- NO_ID: 49 of 218 population members were not selected to continue.  56 of 132 offspring were immediately rejected.
10:39:04: verbose- metric_tracker: Operating on 245 total designs and 64 "best fitness" designs.
10:39:04: verbose- metric_tracker: Max "best fitness" expanse change of 52.567% found for objective "Non-Linear Minimize obj_fn_3".
10:39:04: verbose- metric_tracker: Population density increased by 11.105%.
10:39:04: verbose- metric_tracker: 21.154% of the previous "best fitness" population is dominated by designs in the current "best fitness" population.
10:39:04: verbose- metric_tracker: Pushed metric value of 0.848251 onto the convergence stack.
10:39:04: quiet- duplicate_free: 7 generations so far.
10:39:04: quiet- duplicate_free: 760 evaluations so far.
10:39:04: verbose- duplicate_free: 245 members in population so far.
10:39:04: verbose- multi_point_parameterized_binary: 98 children created.
10:39:04: quiet- offset_normal: Produced invalid  variable representation 1.77969. Mutation performed without corrective action.
10:39:04: quiet- offset_normal: Produced invalid  variable representation -0.560828. Mutation performed without corrective action.
10:39:04: quiet- offset_normal: Produced invalid  variable representation 2.04385. Mutation performed without corrective action.
10:39:04: quiet- offset_normal: Produced invalid  variable representation 1.59203. Mutation performed without corrective action.
10:39:04: verbose- offset_normal: Performed 49 total mutations.
10:39:04: quiet- NO_ID: Invalid value of 1.6714 found for variable DAKOTA_RC_1.  Corrected to 2.02612.
10:39:04: quiet- NO_ID: Invalid value of 1.68297 found for variable DAKOTA_RC_1.  Corrected to 2.14332.
10:39:04: quiet- NO_ID: Invalid value of 1.68313 found for variable DAKOTA_RC_1.  Corrected to 1.87271.
10:39:04: quiet- NO_ID: Invalid value of 1.73192 found for variable DAKOTA_RC_1.  Corrected to 1.86031.
10:39:04: quiet- NO_ID: Invalid value of 1.73433 found for variable DAKOTA_RC_1.  Corrected to 2.04755.
10:39:04: quiet- NO_ID: Invalid value of 0.644132 found for variable DAKOTA_RC_3.  Corrected to 1.09209.
10:39:04: quiet- NO_ID: Invalid value of 1.76107 found for variable DAKOTA_RC_1.  Corrected to 1.89481.
10:39:04: quiet- NO_ID: Invalid value of 1.77886 found for variable DAKOTA_RC_1.  Corrected to 1.86977.
10:39:04: quiet- NO_ID: Invalid value of 1.77969 found for variable DAKOTA_RC_1.  Corrected to 2.09276.
10:39:04: quiet- NO_ID: Invalid value of 1.7913 found for variable DAKOTA_RC_1.  Corrected to 1.99696.
10:39:04: quiet- NO_ID: Invalid value of 0.8398 found for variable DAKOTA_RC_2.  Corrected to 1.48761.
10:39:04: quiet- NO_ID: Invalid value of 1.79387 found for variable DAKOTA_RC_1.  Corrected to 1.86143.
10:39:04: quiet- NO_ID: Invalid value of 0.905944 found for variable DAKOTA_RC_2.  Corrected to 1.47945.
10:39:04: quiet- NO_ID: Invalid value of 1.79765 found for variable DAKOTA_RC_1.  Corrected to 2.13095.
10:39:04: quiet- NO_ID: Invalid value of 0.95564 found for variable DAKOTA_RC_2.  Corrected to 1.26181.
10:39:04: quiet- NO_ID: Invalid value of 2.12288 found for variable DAKOTA_RC_2.  Corrected to 1.15.
10:39:04: quiet- NO_ID: Invalid value of 0.452544 found for variable DAKOTA_RC_3.  Corrected to 0.96456.
10:39:04: quiet- NO_ID: Invalid value of 2.00722 found for variable DAKOTA_RC_5.  Corrected to 1.7562.
10:39:04: quiet- NO_ID: Invalid value of -0.560828 found for variable DAKOTA_EP_1.  Corrected to 4.513.
10:39:04: quiet- NO_ID: Invalid value of 1.56509 found for variable DAKOTA_RC_5.  Corrected to 1.73003.
10:39:04: quiet- NO_ID: Invalid value of 1.59796 found for variable DAKOTA_RC_4.  Corrected to 1.62127.
10:39:04: quiet- NO_ID: Invalid value of 2.06173 found for variable DAKOTA_RC_5.  Corrected to 1.83334.
10:39:04: quiet- NO_ID: Invalid value of 1.59694 found for variable DAKOTA_RC_4.  Corrected to 1.83898.
10:39:04: quiet- NO_ID: Invalid value of 0.431677 found for variable DAKOTA_RC_3.  Corrected to 1.32708.
10:39:04: quiet- NO_ID: Invalid value of 1.86716 found for variable DAKOTA_RC_2.  Corrected to 1.69232.
10:39:04: quiet- NO_ID: Invalid value of 1.59932 found for variable DAKOTA_RC_4.  Corrected to 1.7944.
10:39:04: quiet- NO_ID: Invalid value of 0.671418 found for variable DAKOTA_RC_2.  Corrected to 1.01749.
10:39:04: quiet- NO_ID: Invalid value of 0.783771 found for variable DAKOTA_RC_2.  Corrected to 1.37307.
10:39:04: quiet- NO_ID: Invalid value of 2.06648 found for variable DAKOTA_RC_4.  Corrected to 1.86032.
10:39:04: quiet- NO_ID: Invalid value of 2.04385 found for variable DAKOTA_RC_4.  Corrected to 1.92135.
10:39:04: quiet- NO_ID: Invalid value of 1.59203 found for variable DAKOTA_RC_5.  Corrected to 1.71355.
10:39:04: quiet- NO_ID: Invalid value of 2.20429 found for variable DAKOTA_RC_9.  Corrected to 1.80806.
10:39:04: quiet- NO_ID: Invalid value of 2.20774 found for variable DAKOTA_RC_1.  Corrected to 2.06467.
10:39:04: quiet- NO_ID: Invalid value of 2.28026 found for variable DAKOTA_RC_1.  Corrected to 1.98625.
10:39:04: quiet- NO_ID: Invalid value of 2.28537 found for variable DAKOTA_RC_1.  Corrected to 1.94676.
10:39:04: verbose- duplicate_free: flushed 1 duplicate offspring designs after application of the variational operators.
15:22:55: verbose- below_limit: Performed 265 total selections.
15:22:55: verbose- NO_ID: 47 of 245 population members were not selected to continue.  79 of 146 offspring were immediately rejected.
15:22:55: verbose- metric_tracker: Operating on 265 total designs and 83 "best fitness" designs.
15:22:55: verbose- metric_tracker: Max "best fitness" expanse change of 5.933% found for objective "Non-Linear Minimize obj_fn_2".
15:22:55: verbose- metric_tracker: Population density increased by 8.163%.
15:22:55: verbose- metric_tracker: 4.688% of the previous "best fitness" population is dominated by designs in the current "best fitness" population.
15:22:55: verbose- metric_tracker: Pushed metric value of 0.187833 onto the convergence stack.
15:22:55: quiet- duplicate_free: 8 generations so far.
15:22:55: quiet- duplicate_free: 906 evaluations so far.
15:22:55: verbose- duplicate_free: 265 members in population so far.
15:22:55: verbose- multi_point_parameterized_binary: 106 children created.
15:22:55: quiet- offset_normal: Produced invalid  variable representation 0.978797. Mutation performed without corrective action.
15:22:55: quiet- offset_normal: Produced invalid  variable representation 1.7843. Mutation performed without corrective action.
15:22:55: quiet- offset_normal: Produced invalid  variable representation 1.59122. Mutation performed without corrective action.
15:22:55: verbose- offset_normal: Performed 53 total mutations.
15:22:55: quiet- NO_ID: Invalid value of 1.75572 found for variable DAKOTA_RC_1.  Corrected to 2.17574.
15:22:55: quiet- NO_ID: Invalid value of 1.75991 found for variable DAKOTA_RC_1.  Corrected to 2.14158.
15:22:55: quiet- NO_ID: Invalid value of 1.7843 found for variable DAKOTA_RC_1.  Corrected to 2.16519.
15:22:55: quiet- NO_ID: Invalid value of 1.78488 found for variable DAKOTA_RC_1.  Corrected to 1.83344.
15:22:55: quiet- NO_ID: Invalid value of 1.78494 found for variable DAKOTA_RC_1.  Corrected to 1.94121.
15:22:55: quiet- NO_ID: Invalid value of 1.78628 found for variable DAKOTA_RC_1.  Corrected to 1.83886.
15:22:55: quiet- NO_ID: Invalid value of 0.978797 found for variable DAKOTA_RC_2.  Corrected to 1.02267.
15:22:55: quiet- NO_ID: Invalid value of 2.00072 found for variable DAKOTA_RC_4.  Corrected to 1.72743.
15:22:55: quiet- NO_ID: Invalid value of 2.028 found for variable DAKOTA_RC_5.  Corrected to 1.761.
15:22:55: quiet- NO_ID: Invalid value of 2.22247 found for variable DAKOTA_RC_9.  Corrected to 2.11831.
15:22:55: quiet- NO_ID: Invalid value of 2.00024 found for variable DAKOTA_RC_5.  Corrected to 1.90705.
15:22:55: quiet- NO_ID: Invalid value of 0.42419 found for variable DAKOTA_RC_3.  Corrected to 1.32995.
15:22:55: quiet- NO_ID: Invalid value of 2.06625 found for variable DAKOTA_RC_4.  Corrected to 1.71473.
15:22:55: quiet- NO_ID: Invalid value of 2.04994 found for variable DAKOTA_RC_4.  Corrected to 1.81837.
15:22:55: quiet- NO_ID: Invalid value of 0.836393 found for variable DAKOTA_RC_2.  Corrected to 1.13164.
15:22:55: quiet- NO_ID: Invalid value of 0.977978 found for variable DAKOTA_RC_2.  Corrected to 1.79105.
15:22:55: quiet- NO_ID: Invalid value of 1.58653 found for variable DAKOTA_RC_4.  Corrected to 1.70744.
15:22:55: quiet- NO_ID: Invalid value of 0.693946 found for variable DAKOTA_RC_2.  Corrected to 1.2146.
15:22:55: quiet- NO_ID: Invalid value of 1.59746 found for variable DAKOTA_RC_4.  Corrected to 1.61413.
15:22:55: quiet- NO_ID: Invalid value of 0.993691 found for variable DAKOTA_RC_2.  Corrected to 1.71181.
15:22:55: quiet- NO_ID: Invalid value of 1.5666 found for variable DAKOTA_RC_5.  Corrected to 1.71646.
15:22:55: quiet- NO_ID: Invalid value of 1.59122 found for variable DAKOTA_RC_5.  Corrected to 1.76786.
15:22:55: quiet- NO_ID: Invalid value of 2.05546 found for variable DAKOTA_RC_5.  Corrected to 1.65124.
20:17:35: verbose- below_limit: Performed 310 total selections.
20:17:35: verbose- NO_ID: 48 of 265 population members were not selected to continue.  66 of 159 offspring were immediately rejected.
20:17:35: verbose- metric_tracker: Operating on 310 total designs and 90 "best fitness" designs.
20:17:35: verbose- metric_tracker: Max "best fitness" expanse change of -8.566% found for objective "Non-Linear Minimize obj_fn_3".
20:17:35: verbose- metric_tracker: Population density decreased by 64.684%.
20:17:35: verbose- metric_tracker: 34.94% of the previous "best fitness" population is dominated by designs in the current "best fitness" population.
20:17:35: verbose- metric_tracker: Pushed metric value of 1.0819 onto the convergence stack.
20:17:35: quiet- duplicate_free: 9 generations so far.
20:17:35: quiet- duplicate_free: 1065 evaluations so far.
20:17:35: verbose- duplicate_free: 310 members in population so far.
20:17:35: verbose- multi_point_parameterized_binary: 124 children created.
20:17:35: quiet- offset_normal: Produced invalid  variable representation 1.78057. Mutation performed without corrective action.
20:17:35: quiet- offset_normal: Produced invalid  variable representation 1.78789. Mutation performed without corrective action.
20:17:35: quiet- offset_normal: Produced invalid  variable representation -1.19859. Mutation performed without corrective action.
20:17:35: quiet- offset_normal: Produced invalid  variable representation 0.955362. Mutation performed without corrective action.
20:17:35: verbose- offset_normal: Performed 62 total mutations.
20:17:35: quiet- NO_ID: Invalid value of 1.69268 found for variable DAKOTA_RC_1.  Corrected to 1.88561.
20:17:35: quiet- NO_ID: Invalid value of 1.75217 found for variable DAKOTA_RC_1.  Corrected to 1.86309.
20:17:35: quiet- NO_ID: Invalid value of 1.78057 found for variable DAKOTA_RC_1.  Corrected to 2.10378.
20:17:35: quiet- NO_ID: Invalid value of 1.78789 found for variable DAKOTA_RC_1.  Corrected to 2.0635.
20:17:35: quiet- NO_ID: Invalid value of 2.05334 found for variable DAKOTA_RC_5.  Corrected to 1.91387.
20:17:35: quiet- NO_ID: Invalid value of 1.57569 found for variable DAKOTA_RC_4.  Corrected to 1.71519.
20:17:35: quiet- NO_ID: Invalid value of 2.13691 found for variable DAKOTA_RC_2.  Corrected to 1.29079.
20:17:35: quiet- NO_ID: Invalid value of 1.55791 found for variable DAKOTA_RC_5.  Corrected to 1.98008.
20:17:35: quiet- NO_ID: Invalid value of 1.62773 found for variable DAKOTA_RC_3.  Corrected to 1.19606.
20:17:35: quiet- NO_ID: Invalid value of 2.02178 found for variable DAKOTA_RC_5.  Corrected to 1.87186.
20:17:35: quiet- NO_ID: Invalid value of 2.00253 found for variable DAKOTA_RC_5.  Corrected to 1.65473.
20:17:35: quiet- NO_ID: Invalid value of -1.19859 found for variable DAKOTA_EP_2.  Corrected to 6.20295.
20:17:35: quiet- NO_ID: Invalid value of 1.57563 found for variable DAKOTA_RC_4.  Corrected to 1.94965.
20:17:35: quiet- NO_ID: Invalid value of 1.56829 found for variable DAKOTA_RC_5.  Corrected to 1.8522.
20:17:35: quiet- NO_ID: Invalid value of 2.20058 found for variable DAKOTA_RC_9.  Corrected to 2.11948.
20:17:35: quiet- NO_ID: Invalid value of 1.58864 found for variable DAKOTA_RC_5.  Corrected to 1.66378.
20:17:35: quiet- NO_ID: Invalid value of 2.0585 found for variable DAKOTA_RC_4.  Corrected to 1.96876.
20:17:35: quiet- NO_ID: Invalid value of 0.644029 found for variable DAKOTA_RC_3.  Corrected to 1.08596.
20:17:35: quiet- NO_ID: Invalid value of 0.6447 found for variable DAKOTA_RC_3.  Corrected to 1.08159.
20:17:35: quiet- NO_ID: Invalid value of 0.667436 found for variable DAKOTA_RC_3.  Corrected to 1.25688.
20:17:35: quiet- NO_ID: Invalid value of 0.362316 found for variable DAKOTA_RC_3.  Corrected to 1.2622.
20:17:35: quiet- NO_ID: Invalid value of 2.0535 found for variable DAKOTA_RC_4.  Corrected to 1.70585.
20:17:35: quiet- NO_ID: Invalid value of 0.5103 found for variable DAKOTA_RC_3.  Corrected to 1.15817.
20:17:35: quiet- NO_ID: Invalid value of 2.00777 found for variable DAKOTA_RC_4.  Corrected to 1.89247.
20:17:35: quiet- NO_ID: Invalid value of 2.21492 found for variable DAKOTA_RC_9.  Corrected to 2.0191.
20:17:35: quiet- NO_ID: Invalid value of 0.614074 found for variable DAKOTA_RC_2.  Corrected to 1.1184.
20:17:35: quiet- NO_ID: Invalid value of 0.955362 found for variable DAKOTA_RC_2.  Corrected to 1.32764.
20:17:35: quiet- NO_ID: Invalid value of 1.57156 found for variable DAKOTA_RC_4.  Corrected to 1.95586.
02:11:54: verbose- below_limit: Performed 332 total selections.
02:11:54: verbose- NO_ID: 79 of 310 population members were not selected to continue.  85 of 186 offspring were immediately rejected.
02:11:54: verbose- metric_tracker: Operating on 332 total designs and 102 "best fitness" designs.
02:11:54: verbose- metric_tracker: Max "best fitness" expanse change of -4.946% found for objective "Non-Linear Minimize obj_fn_1".
02:11:54: verbose- metric_tracker: Population density increased by 7.042%.
02:11:54: verbose- metric_tracker: 21.111% of the previous "best fitness" population is dominated by designs in the current "best fitness" population.
02:11:54: verbose- metric_tracker: Pushed metric value of 0.330987 onto the convergence stack.
02:11:54: verbose- metric_tracker: Current max percentage progress is 2170.47%.
02:11:54: quiet- duplicate_free: 10 generations so far.
02:11:54: quiet- duplicate_free: 1251 evaluations so far.
02:11:54: verbose- duplicate_free: 332 members in population so far.
02:11:54: verbose- multi_point_parameterized_binary: 132 children created.
02:11:54: quiet- offset_normal: Produced invalid  variable representation 2.23109. Mutation performed without corrective action.
02:11:54: quiet- offset_normal: Produced invalid  variable representation -0.0542432. Mutation performed without corrective action.
02:11:54: verbose- offset_normal: Performed 66 total mutations.
02:11:54: quiet- NO_ID: Invalid value of 1.63626 found for variable DAKOTA_RC_1.  Corrected to 1.91589.
02:11:54: quiet- NO_ID: Invalid value of 1.69428 found for variable DAKOTA_RC_1.  Corrected to 1.82816.
02:11:54: quiet- NO_ID: Invalid value of 1.71281 found for variable DAKOTA_RC_1.  Corrected to 2.05241.
02:11:54: quiet- NO_ID: Invalid value of 1.75822 found for variable DAKOTA_RC_1.  Corrected to 2.09603.
02:11:54: quiet- NO_ID: Invalid value of 2.00029 found for variable DAKOTA_RC_5.  Corrected to 1.80799.
02:11:54: quiet- NO_ID: Invalid value of 1.76605 found for variable DAKOTA_RC_1.  Corrected to 1.83331.
02:11:54: quiet- NO_ID: Invalid value of 1.76692 found for variable DAKOTA_RC_1.  Corrected to 1.95536.
02:11:54: quiet- NO_ID: Invalid value of 1.76801 found for variable DAKOTA_RC_1.  Corrected to 2.16081.
02:11:54: quiet- NO_ID: Invalid value of 0.73452 found for variable DAKOTA_RC_2.  Corrected to 1.71966.
02:11:54: quiet- NO_ID: Invalid value of 1.78122 found for variable DAKOTA_RC_1.  Corrected to 1.8857.
02:11:54: quiet- NO_ID: Invalid value of 1.79761 found for variable DAKOTA_RC_1.  Corrected to 2.11651.
02:11:54: quiet- NO_ID: Invalid value of 1.79855 found for variable DAKOTA_RC_1.  Corrected to 1.81671.
02:11:54: quiet- NO_ID: Invalid value of 1.56527 found for variable DAKOTA_RC_5.  Corrected to 1.98289.
02:11:54: quiet- NO_ID: Invalid value of 2.23109 found for variable DAKOTA_RC_9.  Corrected to 1.81616.
02:11:54: quiet- NO_ID: Invalid value of 1.59272 found for variable DAKOTA_RC_5.  Corrected to 1.72422.
02:11:54: quiet- NO_ID: Invalid value of 1.85514 found for variable DAKOTA_RC_2.  Corrected to 1.41997.
02:11:54: quiet- NO_ID: Invalid value of 2.00816 found for variable DAKOTA_RC_5.  Corrected to 1.71337.
02:11:54: quiet- NO_ID: Invalid value of 0.629992 found for variable DAKOTA_RC_3.  Corrected to 1.47656.
02:11:54: quiet- NO_ID: Invalid value of 1.58323 found for variable DAKOTA_RC_4.  Corrected to 1.69688.
02:11:54: quiet- NO_ID: Invalid value of 2.20673 found for variable DAKOTA_RC_6.  Corrected to 1.92251.
02:11:54: quiet- NO_ID: Invalid value of 0.644124 found for variable DAKOTA_RC_3.  Corrected to 0.939935.
02:11:54: quiet- NO_ID: Invalid value of 0.689756 found for variable DAKOTA_RC_3.  Corrected to 0.714402.
02:11:54: quiet- NO_ID: Invalid value of -0.0542432 found for variable DAKOTA_EP_1.  Corrected to 5.54305.
02:11:54: quiet- NO_ID: Invalid value of 2.04203 found for variable DAKOTA_RC_4.  Corrected to 1.79971.
02:11:54: quiet- NO_ID: Invalid value of 2.00401 found for variable DAKOTA_RC_4.  Corrected to 1.65257.
02:11:54: quiet- NO_ID: Invalid value of 1.56616 found for variable DAKOTA_RC_4.  Corrected to 1.82678.
02:11:54: quiet- NO_ID: Invalid value of 1.58311 found for variable DAKOTA_RC_4.  Corrected to 1.93294.
02:11:54: quiet- NO_ID: Invalid value of 2.22074 found for variable DAKOTA_RC_1.  Corrected to 2.10547.
02:11:54: quiet- NO_ID: Invalid value of 2.32508 found for variable DAKOTA_RC_1.  Corrected to 1.97895.
02:11:54: verbose- duplicate_free: flushed 1 duplicate offspring designs after application of the variational operators.
02:11:54: verbose- duplicate_free: flushed 1 offspring designs that duplicate existing population members.
08:25:58: verbose- below_limit: Performed 381 total selections.
08:25:58: verbose- NO_ID: 57 of 332 population members were not selected to continue.  90 of 196 offspring were immediately rejected.
08:25:58: verbose- metric_tracker: Operating on 381 total designs and 115 "best fitness" designs.
08:25:58: verbose- metric_tracker: Max "best fitness" expanse change of -7.572% found for objective "Non-Linear Minimize obj_fn_2".
08:25:58: verbose- metric_tracker: Population density increased by 14.759%.
08:25:58: verbose- metric_tracker: 28.431% of the previous "best fitness" population is dominated by designs in the current "best fitness" population.
08:25:58: verbose- metric_tracker: Pushed metric value of 0.507627 onto the convergence stack.
08:25:58: verbose- metric_tracker: Current max percentage progress is 2170.47%.
08:25:58: quiet- duplicate_free: 11 generations so far.
08:25:58: quiet- duplicate_free: 1447 evaluations so far.
08:25:58: verbose- duplicate_free: 381 members in population so far.
08:25:58: verbose- multi_point_parameterized_binary: 152 children created.
08:25:58: quiet- offset_normal: Produced invalid  variable representation -0.324887. Mutation performed without corrective action.
08:25:58: quiet- offset_normal: Produced invalid  variable representation 0.992859. Mutation performed without corrective action.
08:25:58: verbose- offset_normal: Performed 76 total mutations.
08:25:58: quiet- NO_ID: Invalid value of 1.73443 found for variable DAKOTA_RC_1.  Corrected to 1.9344.
08:25:58: quiet- NO_ID: Invalid value of 1.73782 found for variable DAKOTA_RC_1.  Corrected to 1.94747.
08:25:58: quiet- NO_ID: Invalid value of 1.76065 found for variable DAKOTA_RC_1.  Corrected to 2.03674.
08:25:58: quiet- NO_ID: Invalid value of 1.78596 found for variable DAKOTA_RC_1.  Corrected to 1.95882.
08:25:58: quiet- NO_ID: Invalid value of 1.79058 found for variable DAKOTA_RC_1.  Corrected to 1.96609.
08:25:58: quiet- NO_ID: Invalid value of 0.708216 found for variable DAKOTA_RC_2.  Corrected to 1.59601.
08:25:58: quiet- NO_ID: Invalid value of 2.00304 found for variable DAKOTA_RC_5.  Corrected to 1.84036.
08:25:58: quiet- NO_ID: Invalid value of 1.84432 found for variable DAKOTA_RC_2.  Corrected to 1.3362.
08:25:58: quiet- NO_ID: Invalid value of 2.001 found for variable DAKOTA_RC_5.  Corrected to 1.79072.
08:25:58: quiet- NO_ID: Invalid value of 2.20808 found for variable DAKOTA_RC_9.  Corrected to 1.90537.
08:25:58: quiet- NO_ID: Invalid value of 1.63012 found for variable DAKOTA_RC_3.  Corrected to 0.914668.
08:25:58: quiet- NO_ID: Invalid value of -0.324887 found for variable DAKOTA_EP_2.  Corrected to 4.27774.
08:25:58: quiet- NO_ID: Invalid value of 2.21635 found for variable DAKOTA_RC_8.  Corrected to 1.74789.
08:25:58: quiet- NO_ID: Invalid value of 1.57557 found for variable DAKOTA_RC_4.  Corrected to 1.96554.
08:25:58: quiet- NO_ID: Invalid value of 0.629132 found for variable DAKOTA_RC_3.  Corrected to 0.799548.
08:25:58: quiet- NO_ID: Invalid value of 2.05302 found for variable DAKOTA_RC_4.  Corrected to 1.85936.
08:25:58: quiet- NO_ID: Invalid value of 2.04758 found for variable DAKOTA_RC_4.  Corrected to 1.71484.
08:25:58: quiet- NO_ID: Invalid value of 0.679483 found for variable DAKOTA_RC_3.  Corrected to 1.05256.
08:25:58: quiet- NO_ID: Invalid value of 2.2091 found for variable DAKOTA_RC_7.  Corrected to 1.86414.
08:25:58: quiet- NO_ID: Invalid value of 0.992859 found for variable DAKOTA_RC_2.  Corrected to 1.47865.
08:25:58: quiet- NO_ID: Invalid value of 2.20059 found for variable DAKOTA_RC_9.  Corrected to 1.90766.
08:25:58: quiet- NO_ID: Invalid value of 2.00401 found for variable DAKOTA_RC_4.  Corrected to 1.65559.
08:25:58: quiet- NO_ID: Invalid value of 1.57346 found for variable DAKOTA_RC_4.  Corrected to 1.78186.
08:25:58: quiet- NO_ID: Invalid value of 1.56459 found for variable DAKOTA_RC_5.  Corrected to 1.91944.
08:25:58: quiet- NO_ID: Invalid value of 1.52001 found for variable DAKOTA_RC_3.  Corrected to 1.16138.
08:25:58: quiet- NO_ID: Invalid value of 2.22074 found for variable DAKOTA_RC_1.  Corrected to 1.97534.
08:25:58: quiet- NO_ID: Invalid value of 2.20465 found for variable DAKOTA_RC_9.  Corrected to 2.01219.
08:25:58: quiet- NO_ID: Invalid value of 2.26313 found for variable DAKOTA_RC_1.  Corrected to 2.02959.
08:25:58: verbose- duplicate_free: flushed 1 duplicate offspring designs after application of the variational operators.
08:25:58: verbose- duplicate_free: flushed 1 offspring designs that duplicate existing population members.
15:26:13: verbose- below_limit: Performed 413 total selections.
15:26:13: verbose- NO_ID: 81 of 381 population members were not selected to continue.  113 of 226 offspring were immediately rejected.
15:26:13: verbose- metric_tracker: Operating on 413 total designs and 142 "best fitness" designs.
15:26:13: verbose- metric_tracker: Max "best fitness" expanse change of 32.144% found for objective "Non-Linear Minimize obj_fn_1".
15:26:13: verbose- metric_tracker: Population density increased by 5.9%.
15:26:13: verbose- metric_tracker: 14.783% of the previous "best fitness" population is dominated by designs in the current "best fitness" population.
15:26:13: verbose- metric_tracker: Pushed metric value of 0.528263 onto the convergence stack.
15:26:13: verbose- metric_tracker: Current max percentage progress is 229.038%.
15:26:13: quiet- duplicate_free: 12 generations so far.
15:26:13: quiet- duplicate_free: 1673 evaluations so far.
15:26:13: verbose- duplicate_free: 413 members in population so far.
15:26:13: verbose- multi_point_parameterized_binary: 166 children created.
15:26:13: quiet- offset_normal: Produced invalid  variable representation 2.01293. Mutation performed without corrective action.
15:26:13: verbose- offset_normal: Performed 83 total mutations.
15:26:13: quiet- NO_ID: Invalid value of 1.73813 found for variable DAKOTA_RC_1.  Corrected to 2.00155.
15:26:13: quiet- NO_ID: Invalid value of 1.51965 found for variable DAKOTA_RC_3.  Corrected to 1.42386.
15:26:13: quiet- NO_ID: Invalid value of 1.56611 found for variable DAKOTA_RC_5.  Corrected to 1.79093.
15:26:13: quiet- NO_ID: Invalid value of 1.56053 found for variable DAKOTA_RC_5.  Corrected to 1.62557.
15:26:13: quiet- NO_ID: Invalid value of 0.645504 found for variable DAKOTA_RC_3.  Corrected to 1.46735.
15:26:13: quiet- NO_ID: Invalid value of 2.01293 found for variable DAKOTA_RC_4.  Corrected to 1.98463.
15:26:13: quiet- NO_ID: Invalid value of 1.57803 found for variable DAKOTA_RC_4.  Corrected to 1.80422.
15:26:13: quiet- NO_ID: Invalid value of 1.59712 found for variable DAKOTA_RC_4.  Corrected to 1.90297.
15:26:13: quiet- NO_ID: Invalid value of 1.55247 found for variable DAKOTA_RC_4.  Corrected to 1.96294.
15:26:13: quiet- NO_ID: Invalid value of 1.5836 found for variable DAKOTA_RC_4.  Corrected to 1.70469.
15:26:13: quiet- NO_ID: Invalid value of 0.544513 found for variable DAKOTA_RC_3.  Corrected to 0.973099.
15:26:13: quiet- NO_ID: Invalid value of 0.628961 found for variable DAKOTA_RC_3.  Corrected to 0.98141.
22:36:10: verbose- below_limit: Performed 475 total selections.
22:36:10: verbose- NO_ID: 75 of 413 population members were not selected to continue.  112 of 249 offspring were immediately rejected.
22:36:10: verbose- metric_tracker: Operating on 475 total designs and 132 "best fitness" designs.
22:36:10: verbose- metric_tracker: Max "best fitness" expanse change of -24.325% found for objective "Non-Linear Minimize obj_fn_1".
22:36:10: verbose- metric_tracker: Population density increased by 13.608%.
22:36:10: verbose- metric_tracker: 32.394% of the previous "best fitness" population is dominated by designs in the current "best fitness" population.
22:36:10: verbose- metric_tracker: Pushed metric value of 0.703269 onto the convergence stack.
22:36:10: verbose- metric_tracker: Current max percentage progress is 229.038%.
22:36:10: quiet- duplicate_free: 13 generations so far.
22:36:10: quiet- duplicate_free: 1922 evaluations so far.
22:36:10: verbose- duplicate_free: 475 members in population so far.
22:36:10: verbose- multi_point_parameterized_binary: 190 children created.
22:36:10: quiet- offset_normal: Produced invalid  variable representation -0.285293. Mutation performed without corrective action.
22:36:10: verbose- offset_normal: Performed 95 total mutations.
22:36:10: quiet- NO_ID: Invalid value of 1.67507 found for variable DAKOTA_RC_1.  Corrected to 1.93034.
22:36:10: quiet- NO_ID: Invalid value of 1.69884 found for variable DAKOTA_RC_1.  Corrected to 2.0852.
22:36:10: quiet- NO_ID: Invalid value of 1.79964 found for variable DAKOTA_RC_1.  Corrected to 2.16862.
22:36:10: quiet- NO_ID: Invalid value of 1.5675 found for variable DAKOTA_RC_5.  Corrected to 1.61884.
22:36:10: quiet- NO_ID: Invalid value of 2.04041 found for variable DAKOTA_RC_4.  Corrected to 1.92342.
22:36:10: quiet- NO_ID: Invalid value of -0.285293 found for variable DAKOTA_EP_2.  Corrected to 0.616722.
22:36:10: quiet- NO_ID: Invalid value of 1.56206 found for variable DAKOTA_RC_5.  Corrected to 1.65844.
22:36:10: quiet- NO_ID: Invalid value of 0.538179 found for variable DAKOTA_RC_3.  Corrected to 1.27013.
22:36:10: quiet- NO_ID: Invalid value of 2.0254 found for variable DAKOTA_RC_4.  Corrected to 1.8378.
22:36:10: quiet- NO_ID: Invalid value of 1.57634 found for variable DAKOTA_RC_4.  Corrected to 1.80077.
22:36:10: quiet- NO_ID: Invalid value of 2.06499 found for variable DAKOTA_RC_4.  Corrected to 1.99825.
22:36:10: quiet- NO_ID: Invalid value of 1.56053 found for variable DAKOTA_RC_5.  Corrected to 1.85423.
22:36:10: quiet- NO_ID: Invalid value of 2.00159 found for variable DAKOTA_RC_4.  Corrected to 1.72107.
22:36:10: quiet- NO_ID: Invalid value of 1.59242 found for variable DAKOTA_RC_5.  Corrected to 1.7682.
22:36:10: quiet- NO_ID: Invalid value of 0.67777 found for variable DAKOTA_RC_3.  Corrected to 1.32766.
22:36:10: quiet- NO_ID: Invalid value of 1.56656 found for variable DAKOTA_RC_5.  Corrected to 1.76377.
22:36:10: quiet- NO_ID: Invalid value of 1.58831 found for variable DAKOTA_RC_4.  Corrected to 1.76997.
22:36:10: quiet- NO_ID: Invalid value of 2.06053 found for variable DAKOTA_RC_5.  Corrected to 1.62617.
22:36:10: quiet- NO_ID: Invalid value of 0.648524 found for variable DAKOTA_RC_3.  Corrected to 0.746479.
22:36:10: quiet- NO_ID: Invalid value of 1.57295 found for variable DAKOTA_RC_4.  Corrected to 1.63762.
22:36:10: quiet- NO_ID: Invalid value of 2.02714 found for variable DAKOTA_RC_5.  Corrected to 1.97703.
22:36:10: quiet- NO_ID: Invalid value of 2.22946 found for variable DAKOTA_RC_8.  Corrected to 1.90007.
22:36:10: quiet- NO_ID: Invalid value of 2.0254 found for variable DAKOTA_RC_4.  Corrected to 1.93234.
22:36:10: quiet- NO_ID: Invalid value of 2.02718 found for variable DAKOTA_RC_5.  Corrected to 1.83583.
07:08:15: verbose- below_limit: Performed 547 total selections.
07:08:15: verbose- NO_ID: 83 of 475 population members were not selected to continue.  130 of 285 offspring were immediately rejected.
07:08:15: verbose- metric_tracker: Operating on 547 total designs and 155 "best fitness" designs.
07:08:15: verbose- metric_tracker: Max "best fitness" expanse change of -1.672% found for objective "Non-Linear Minimize obj_fn_1".
07:08:15: verbose- metric_tracker: Population density increased by 25.94%.
07:08:15: verbose- metric_tracker: 20.455% of the previous "best fitness" population is dominated by designs in the current "best fitness" population.
07:08:15: verbose- metric_tracker: Pushed metric value of 0.480668 onto the convergence stack.
07:08:15: verbose- metric_tracker: Current max percentage progress is 229.038%.
07:08:15: quiet- duplicate_free: 14 generations so far.
07:08:15: quiet- duplicate_free: 2207 evaluations so far.
07:08:15: verbose- duplicate_free: 547 members in population so far.
07:08:15: verbose- multi_point_parameterized_binary: 218 children created.
07:08:15: quiet- offset_normal: Produced invalid  variable representation 1.79617. Mutation performed without corrective action.
07:08:15: quiet- offset_normal: Produced invalid  variable representation -0.350939. Mutation performed without corrective action.
07:08:15: quiet- offset_normal: Produced invalid  variable representation 1.59286. Mutation performed without corrective action.
07:08:15: verbose- offset_normal: Performed 109 total mutations.
07:08:15: quiet- NO_ID: Invalid value of 1.68345 found for variable DAKOTA_RC_1.  Corrected to 1.81333.
07:08:15: quiet- NO_ID: Invalid value of 1.69124 found for variable DAKOTA_RC_1.  Corrected to 1.99348.
07:08:15: quiet- NO_ID: Invalid value of 1.52375 found for variable DAKOTA_RC_3.  Corrected to 0.989599.
07:08:15: quiet- NO_ID: Invalid value of 1.69615 found for variable DAKOTA_RC_1.  Corrected to 1.91047.
07:08:15: quiet- NO_ID: Invalid value of 1.70202 found for variable DAKOTA_RC_1.  Corrected to 2.07645.
07:08:15: quiet- NO_ID: Invalid value of 1.70386 found for variable DAKOTA_RC_1.  Corrected to 2.06301.
07:08:15: quiet- NO_ID: Invalid value of 1.72305 found for variable DAKOTA_RC_1.  Corrected to 2.0061.
07:08:15: quiet- NO_ID: Invalid value of 1.72892 found for variable DAKOTA_RC_1.  Corrected to 2.12153.
07:08:15: quiet- NO_ID: Invalid value of 1.73476 found for variable DAKOTA_RC_1.  Corrected to 1.83704.
07:08:15: quiet- NO_ID: Invalid value of 1.5717 found for variable DAKOTA_RC_4.  Corrected to 1.69727.
07:08:15: quiet- NO_ID: Invalid value of 1.79617 found for variable DAKOTA_RC_1.  Corrected to 1.95069.
07:08:15: quiet- NO_ID: Invalid value of 2.13691 found for variable DAKOTA_RC_2.  Corrected to 1.17164.
07:08:15: quiet- NO_ID: Invalid value of 2.22048 found for variable DAKOTA_RC_8.  Corrected to 2.17316.
07:08:15: quiet- NO_ID: Invalid value of 1.59648 found for variable DAKOTA_RC_4.  Corrected to 1.74039.
07:08:15: quiet- NO_ID: Invalid value of -0.350939 found for variable DAKOTA_EP_2.  Corrected to 4.10552.
07:08:15: quiet- NO_ID: Invalid value of 0.655708 found for variable DAKOTA_RC_3.  Corrected to 1.0187.
07:08:15: quiet- NO_ID: Invalid value of 1.54848 found for variable DAKOTA_RC_5.  Corrected to 1.87014.
07:08:15: quiet- NO_ID: Invalid value of 1.59286 found for variable DAKOTA_RC_5.  Corrected to 1.80618.
07:08:15: quiet- NO_ID: Invalid value of 0.644124 found for variable DAKOTA_RC_3.  Corrected to 1.47811.
07:08:15: quiet- NO_ID: Invalid value of 2.20037 found for variable DAKOTA_RC_8.  Corrected to 2.01375.
07:08:15: quiet- NO_ID: Invalid value of 0.925307 found for variable DAKOTA_RC_2.  Corrected to 1.7779.
07:08:15: quiet- NO_ID: Invalid value of 0.692764 found for variable DAKOTA_RC_3.  Corrected to 1.35426.
07:08:15: quiet- NO_ID: Invalid value of 2.00234 found for variable DAKOTA_RC_4.  Corrected to 1.91104.
07:08:15: quiet- NO_ID: Invalid value of 2.20156 found for variable DAKOTA_RC_9.  Corrected to 2.01631.
07:08:15: quiet- NO_ID: Invalid value of 0.806443 found for variable DAKOTA_RC_2.  Corrected to 1.07162.
07:08:15: quiet- NO_ID: Invalid value of 1.59244 found for variable DAKOTA_RC_5.  Corrected to 1.85167.
07:08:15: quiet- NO_ID: Invalid value of 1.57547 found for variable DAKOTA_RC_4.  Corrected to 1.6497.
07:08:15: quiet- NO_ID: Invalid value of 1.56792 found for variable DAKOTA_RC_4.  Corrected to 1.98388.
07:08:15: quiet- NO_ID: Invalid value of 1.50968 found for variable DAKOTA_RC_3.  Corrected to 1.41696.
07:08:15: quiet- NO_ID: Invalid value of 2.03872 found for variable DAKOTA_RC_4.  Corrected to 1.77998.
07:08:15: quiet- NO_ID: Invalid value of 1.55443 found for variable DAKOTA_RC_5.  Corrected to 1.81534.
07:08:15: quiet- NO_ID: Invalid value of 0.67094 found for variable DAKOTA_RC_3.  Corrected to 1.44362.
07:08:15: quiet- NO_ID: Invalid value of 12.1159 found for variable DAKOTA_EP_1.  Corrected to 11.2036.
07:08:15: quiet- NO_ID: Invalid value of 1.57282 found for variable DAKOTA_RC_5.  Corrected to 1.96013.
07:08:15: quiet- NO_ID: Invalid value of 14.0006 found for variable DAKOTA_EP_1.  Corrected to 2.46838.
07:08:15: quiet- NO_ID: Invalid value of 2.0016 found for variable DAKOTA_RC_4.  Corrected to 1.8499.
