JEGA Genetic Algorithm Optimization Software v2.7.0
Run started Sun Jun  9 15:06:45 2019

Global Log initialized using "verbose" as default level.
Global Log logging to file JEGAGlobal.log
Global Log logging to console window
15:06:45: quiet- JEGA Front End: Random seed = 1560167205
15:06:45: verbose- Design Target: Design variable DAKOTA_RC_1 added.  1 design variables now in target.
15:06:45: verbose- Design Target: Design variable DAKOTA_RC_2 added.  2 design variables now in target.
15:06:45: verbose- Design Target: Design variable DAKOTA_RC_3 added.  3 design variables now in target.
15:06:45: verbose- Design Target: Design variable DAKOTA_RC_4 added.  4 design variables now in target.
15:06:45: verbose- Design Target: Design variable DAKOTA_RC_5 added.  5 design variables now in target.
15:06:45: verbose- Design Target: Design variable DAKOTA_RC_6 added.  6 design variables now in target.
15:06:45: verbose- Design Target: Design variable DAKOTA_RC_7 added.  7 design variables now in target.
15:06:45: verbose- Design Target: Design variable DAKOTA_EP_1 added.  8 design variables now in target.
15:06:45: verbose- Design Target: Design variable DAKOTA_EP_2 added.  9 design variables now in target.
15:06:45: verbose- Design Target: Objective Non-Linear Minimize obj_fn_1 added.  1 objectives now in target.
15:06:45: verbose- Design Target: Objective Non-Linear Minimize obj_fn_2 added.  2 objectives now in target.
15:06:45: verbose- Design Target: Objective Non-Linear Minimize obj_fn_3 added.  3 objectives now in target.
15:06:45: verbose- JEGA Front End: Creating a MOGA
15:06:45: debug-  Matching Group: Trying "Domination Count Operator Group".
15:06:45: verbose- Domination Count Operator Group: Contains Converger "metric_tracker".
15:06:45: verbose- Domination Count Operator Group: Contains Crosser "multi_point_parameterized_binary".
15:06:45: verbose- Domination Count Operator Group: Contains FitnessAssessor "domination_count".
15:06:45: verbose- Domination Count Operator Group: Contains Initializer "unique_random".
15:06:45: verbose- Domination Count Operator Group: Contains MainLoop "duplicate_free".
15:06:45: verbose- Domination Count Operator Group: Contains Mutator "offset_normal".
15:06:45: verbose- Domination Count Operator Group: Contains Selector "below_limit".
15:06:45: verbose- Domination Count Operator Group: Contains PostProcessor "null_postprocessor".
15:06:45: verbose- Domination Count Operator Group: Contains NichePressureApplicator "null_niching".
15:06:45: debug-  Matching Group: "Domination Count Operator Group" match succeeded.
15:06:45: quiet- : Matched new set to a group that is not the current group.  Adopting the new group.
15:06:45: verbose- Domination Count Operator Group: Contains Converger "metric_tracker".
15:06:45: verbose- Domination Count Operator Group: Contains Crosser "multi_point_parameterized_binary".
15:06:45: verbose- Domination Count Operator Group: Contains FitnessAssessor "domination_count".
15:06:45: verbose- Domination Count Operator Group: Contains Initializer "unique_random".
15:06:45: verbose- Domination Count Operator Group: Contains MainLoop "duplicate_free".
15:06:45: verbose- Domination Count Operator Group: Contains Mutator "offset_normal".
15:06:45: verbose- Domination Count Operator Group: Contains Selector "below_limit".
15:06:45: verbose- Domination Count Operator Group: Contains PostProcessor "null_postprocessor".
15:06:45: verbose- Domination Count Operator Group: Contains NichePressureApplicator "null_niching".
15:06:45: verbose- NO_ID: The name of this GA is now NO_ID
15:06:45: verbose- NO_ID: The print each population flag is now set to 0
15:06:45: verbose- NO_ID: The print final data flag is now set to 1
15:06:45: verbose- NO_ID: The print discards flag is now set to 1
15:06:45: verbose- NO_ID: The name of the file to which final data will be written is now finaldata1.dat
15:06:45: verbose- NO_ID: The data directory is now set to ./
15:06:45: verbose- metric_tracker: Number of generations tracked now = 10
15:06:45: verbose- metric_tracker: Max allowable % change now = 1
15:06:45: verbose- metric_tracker: Maximum allowable generations now = 100
15:06:45: verbose- metric_tracker: Maximum allowable evaluations now = 20000
15:06:45: quiet- Error encountered while retrieving parameter named "method.max_time" of type "d" from parameter database reading: Parameter not found for tag: method.max_time
15:06:45: verbose- metric_tracker: The maximum allowable amount of time was not found in the parameter database.  Using the current value of 1.79769e+308
15:06:45: verbose- metric_tracker: Maximum allowable time now = 1.79769e+308 seconds 
15:06:45: quiet- Error encountered while retrieving parameter named "method.jega.num_cross_points" of type "St6vectorIiSaIiEE" from parameter database reading: Parameter not found for tag: method.jega.num_cross_points
15:06:45: verbose- multi_point_parameterized_binary: The number of crossover points for each variable were not found in the parameter database.  Checking for a single value.
15:06:45: verbose- multi_point_parameterized_binary: Number of crossover points now = 2
15:06:45: verbose- multi_point_parameterized_binary: Crossover rate now = 0.4
15:06:45: verbose- multi_point_parameterized_binary: Number of crossover points for variable "DAKOTA_RC_1" now = 2.
15:06:45: verbose- multi_point_parameterized_binary: Number of crossover points for variable "DAKOTA_RC_2" now = 2.
15:06:45: verbose- multi_point_parameterized_binary: Number of crossover points for variable "DAKOTA_RC_3" now = 2.
15:06:45: verbose- multi_point_parameterized_binary: Number of crossover points for variable "DAKOTA_RC_4" now = 2.
15:06:45: verbose- multi_point_parameterized_binary: Number of crossover points for variable "DAKOTA_RC_5" now = 2.
15:06:45: verbose- multi_point_parameterized_binary: Number of crossover points for variable "DAKOTA_RC_6" now = 2.
15:06:45: verbose- multi_point_parameterized_binary: Number of crossover points for variable "DAKOTA_RC_7" now = 2.
15:06:45: verbose- multi_point_parameterized_binary: Number of crossover points for variable "DAKOTA_EP_1" now = 2.
15:06:45: verbose- multi_point_parameterized_binary: Number of crossover points for variable "DAKOTA_EP_2" now = 2.
15:06:45: verbose- DAKOTA JEGA Evaluator: Maximum allowable evaluations now = 20000
15:06:45: verbose- DAKOTA JEGA Evaluator: The evaluation concurrency is now 1
15:06:45: verbose- unique_random: Desired initial population size now = 250
15:06:45: verbose- null_niching: Niched design caching now set to true.
15:06:45: quiet- Error encountered while retrieving parameter named "method.jega.max_niche_cache_size" of type "m" from parameter database reading: Parameter not found for tag: method.jega.max_niche_cache_size
15:06:45: verbose- null_niching: The max niche cache size value was not found in the parameter database.  Using the current value of 1
15:06:45: verbose- null_niching: Niched design caching max size now set to 18446744073709551615.
15:06:45: verbose- offset_normal: Offset range now = 0.05
15:06:45: verbose- offset_normal: Mutation rate now = 0.2
15:06:45: verbose- below_limit: Limiting value now = 6
15:06:45: verbose- below_limit: Shrinkage percentage now = 0.3
15:06:45: verbose- below_limit: Minimum selections now = 2
15:06:45: verbose- NO_ID: About to perform algorithm execution.
15:06:45: verbose- unique_random: 250 unique random designs created.
15:39:23: verbose- below_limit: Performed 250 total selections.
15:39:23: verbose- NO_ID: 0 of 250 population members were not selected to continue.  0 of 0 offspring were immediately rejected.
15:39:23: verbose- metric_tracker: Operating on 250 total designs and 1 "best fitness" designs.
15:39:23: verbose- metric_tracker: Pushed metric value of 0 onto the convergence stack.
15:39:23: quiet- duplicate_free: 1 generation so far.
15:39:23: quiet- duplicate_free: 250 evaluations so far.
15:39:23: verbose- duplicate_free: 250 members in population so far.
15:39:23: verbose- multi_point_parameterized_binary: 100 children created.
15:39:23: quiet- offset_normal: Produced invalid  variable representation 12.2239. Mutation performed without corrective action.
15:39:23: quiet- offset_normal: Produced invalid  variable representation 1.69861. Mutation performed without corrective action.
15:39:23: verbose- offset_normal: Performed 50 total mutations.
15:39:23: quiet- NO_ID: Invalid value of 1.59546 found for variable DAKOTA_RC_4.  Corrected to 2.04639.
15:39:23: quiet- NO_ID: Invalid value of 12.2239 found for variable DAKOTA_EP_2.  Corrected to 1.18049.
15:39:23: quiet- NO_ID: Invalid value of 2.20286 found for variable DAKOTA_RC_4.  Corrected to 1.79599.
15:39:23: quiet- NO_ID: Invalid value of 1.08897 found for variable DAKOTA_RC_3.  Corrected to 1.44561.
15:39:23: quiet- NO_ID: Invalid value of 1.06208 found for variable DAKOTA_RC_3.  Corrected to 1.26934.
15:39:23: quiet- NO_ID: Invalid value of 1.81117 found for variable DAKOTA_RC_3.  Corrected to 1.39717.
15:39:23: quiet- NO_ID: Invalid value of 2.15199 found for variable DAKOTA_RC_6.  Corrected to 1.72533.
15:39:23: quiet- NO_ID: Invalid value of 1.66414 found for variable DAKOTA_RC_5.  Corrected to 1.82574.
15:39:23: quiet- NO_ID: Invalid value of 1.05099 found for variable DAKOTA_RC_3.  Corrected to 1.35567.
15:39:23: quiet- NO_ID: Invalid value of 2.03306 found for variable DAKOTA_RC_3.  Corrected to 1.6907.
15:39:23: quiet- NO_ID: Invalid value of 14.8952 found for variable DAKOTA_EP_1.  Corrected to 6.27154.
15:39:23: quiet- NO_ID: Invalid value of 2.15832 found for variable DAKOTA_RC_4.  Corrected to 1.81596.
15:39:23: quiet- NO_ID: Invalid value of 1.69861 found for variable DAKOTA_RC_7.  Corrected to 1.82585.
15:39:23: quiet- NO_ID: Invalid value of 1.58425 found for variable DAKOTA_RC_7.  Corrected to 1.87704.
15:39:23: quiet- NO_ID: Invalid value of 2.1 found for variable DAKOTA_RC_5.  Corrected to 2.02448.
15:39:23: quiet- NO_ID: Invalid value of 1.69225 found for variable DAKOTA_RC_6.  Corrected to 2.09783.
15:39:23: quiet- NO_ID: Invalid value of 2.11046 found for variable DAKOTA_RC_7.  Corrected to 1.81004.
15:39:23: quiet- NO_ID: Invalid value of 1.81632 found for variable DAKOTA_RC_3.  Corrected to 1.64316.
15:39:23: quiet- NO_ID: Invalid value of 1.90564 found for variable DAKOTA_RC_2.  Corrected to 1.84287.
15:39:23: quiet- NO_ID: Invalid value of 1.09563 found for variable DAKOTA_RC_3.  Corrected to 1.1678.
15:39:23: quiet- NO_ID: Invalid value of 1.04799 found for variable DAKOTA_RC_3.  Corrected to 1.15375.
15:39:23: quiet- NO_ID: Invalid value of 1.06744 found for variable DAKOTA_RC_3.  Corrected to 1.21466.
15:39:23: quiet- NO_ID: Invalid value of 2.21331 found for variable DAKOTA_RC_6.  Corrected to 1.96343.
15:39:23: quiet- NO_ID: Invalid value of 1.40194 found for variable DAKOTA_RC_2.  Corrected to 1.64393.
15:39:23: quiet- NO_ID: Invalid value of 2.10051 found for variable DAKOTA_RC_4.  Corrected to 2.02406.
15:58:24: verbose- below_limit: Performed 400 total selections.
15:58:24: verbose- NO_ID: 0 of 250 population members were not selected to continue.  0 of 150 offspring were immediately rejected.
15:58:24: verbose- metric_tracker: Operating on 400 total designs and 2 "best fitness" designs.
15:58:24: verbose- metric_tracker: Max "best fitness" expanse change of 0.108% found for objective "Non-Linear Minimize obj_fn_1".
15:58:24: verbose- metric_tracker: Population density increased by 60%.
15:58:24: verbose- metric_tracker: No "best fitness" designs from the previous population are dominated by "best fitness" designs in the current population.
15:58:24: verbose- metric_tracker: Pushed metric value of 0.601081 onto the convergence stack.
15:58:24: quiet- duplicate_free: 2 generations so far.
15:58:24: quiet- duplicate_free: 400 evaluations so far.
15:58:24: verbose- duplicate_free: 400 members in population so far.
15:58:24: verbose- multi_point_parameterized_binary: 160 children created.
15:58:24: quiet- offset_normal: Produced invalid  variable representation 1.47707. Mutation performed without corrective action.
15:58:24: quiet- offset_normal: Produced invalid  variable representation 2.10696. Mutation performed without corrective action.
15:58:24: quiet- offset_normal: Produced invalid  variable representation 1.69808. Mutation performed without corrective action.
15:58:24: quiet- offset_normal: Produced invalid  variable representation -0.33776. Mutation performed without corrective action.
15:58:24: verbose- offset_normal: Performed 80 total mutations.
15:58:24: quiet- NO_ID: Invalid value of 2.19388 found for variable DAKOTA_RC_5.  Corrected to 2.07585.
15:58:24: quiet- NO_ID: Invalid value of 1.47707 found for variable DAKOTA_RC_2.  Corrected to 1.88504.
15:58:24: quiet- NO_ID: Invalid value of 12.443 found for variable DAKOTA_EP_1.  Corrected to 8.04816.
15:58:24: quiet- NO_ID: Invalid value of 2.15808 found for variable DAKOTA_RC_4.  Corrected to 1.75632.
15:58:24: quiet- NO_ID: Invalid value of 1.63565 found for variable DAKOTA_RC_7.  Corrected to 1.85621.
15:58:24: quiet- NO_ID: Invalid value of 2.15423 found for variable DAKOTA_RC_7.  Corrected to 1.8133.
15:58:24: quiet- NO_ID: Invalid value of 12.4832 found for variable DAKOTA_EP_1.  Corrected to 4.70747.
15:58:24: quiet- NO_ID: Invalid value of 1.50836 found for variable DAKOTA_RC_6.  Corrected to 1.84761.
15:58:24: quiet- NO_ID: Invalid value of 2.19068 found for variable DAKOTA_RC_6.  Corrected to 1.91307.
15:58:24: quiet- NO_ID: Invalid value of 2.18242 found for variable DAKOTA_RC_6.  Corrected to 1.8488.
15:58:24: quiet- NO_ID: Invalid value of 1.8978 found for variable DAKOTA_RC_3.  Corrected to 1.17863.
15:58:24: quiet- NO_ID: Invalid value of 1.67657 found for variable DAKOTA_RC_7.  Corrected to 2.06644.
15:58:24: quiet- NO_ID: Invalid value of 12.0569 found for variable DAKOTA_EP_1.  Corrected to 5.38577.
15:58:24: quiet- NO_ID: Invalid value of 2.10016 found for variable DAKOTA_RC_5.  Corrected to 1.79295.
15:58:24: quiet- NO_ID: Invalid value of 2.10696 found for variable DAKOTA_RC_7.  Corrected to 1.98025.
15:58:24: quiet- NO_ID: Invalid value of 1.69808 found for variable DAKOTA_RC_6.  Corrected to 1.94828.
15:58:24: quiet- NO_ID: Invalid value of 2.22983 found for variable DAKOTA_RC_6.  Corrected to 1.90685.
15:58:24: quiet- NO_ID: Invalid value of 2.11055 found for variable DAKOTA_RC_6.  Corrected to 1.70358.
15:58:24: quiet- NO_ID: Invalid value of -0.33776 found for variable DAKOTA_EP_1.  Corrected to 2.62339.
15:58:24: quiet- NO_ID: Invalid value of 1.68335 found for variable DAKOTA_RC_6.  Corrected to 1.91829.
15:58:24: quiet- NO_ID: Invalid value of 2.12959 found for variable DAKOTA_RC_1.  Corrected to 2.07374.
15:58:24: quiet- NO_ID: Invalid value of 2.15509 found for variable DAKOTA_RC_1.  Corrected to 1.72902.
15:58:24: quiet- NO_ID: Invalid value of 2.17661 found for variable DAKOTA_RC_1.  Corrected to 2.0102.
15:58:24: quiet- NO_ID: Invalid value of 2.19971 found for variable DAKOTA_RC_1.  Corrected to 1.96165.
16:29:01: verbose- below_limit: Performed 120 total selections.
16:29:01: verbose- NO_ID: 362 of 400 population members were not selected to continue.  158 of 240 offspring were immediately rejected.
16:29:01: verbose- metric_tracker: Operating on 120 total designs and 2 "best fitness" designs.
16:29:01: verbose- metric_tracker: No "best fitness" expansion or contraction occurred this generation.
16:29:01: verbose- metric_tracker: Population density decreased by 70%.
16:29:01: verbose- metric_tracker: No "best fitness" designs from the previous population are dominated by "best fitness" designs in the current population.
16:29:01: verbose- metric_tracker: Pushed metric value of 0.7 onto the convergence stack.
16:29:01: quiet- duplicate_free: 3 generations so far.
16:29:01: quiet- duplicate_free: 640 evaluations so far.
16:29:01: verbose- duplicate_free: 120 members in population so far.
16:29:01: verbose- multi_point_parameterized_binary: 48 children created.
16:29:01: verbose- offset_normal: Performed 24 total mutations.
16:29:01: quiet- NO_ID: Invalid value of 2.16125 found for variable DAKOTA_RC_5.  Corrected to 1.99098.
16:29:01: quiet- NO_ID: Invalid value of 12.2215 found for variable DAKOTA_EP_1.  Corrected to 9.23681.
16:29:01: quiet- NO_ID: Invalid value of 1.08515 found for variable DAKOTA_RC_3.  Corrected to 1.57585.
16:29:01: quiet- NO_ID: Invalid value of 1.90359 found for variable DAKOTA_RC_2.  Corrected to 1.80323.
16:29:01: quiet- NO_ID: Invalid value of 2.15877 found for variable DAKOTA_RC_7.  Corrected to 1.72056.
16:29:01: quiet- NO_ID: Invalid value of 2.14569 found for variable DAKOTA_RC_7.  Corrected to 1.95453.
16:29:01: quiet- NO_ID: Invalid value of 2.16064 found for variable DAKOTA_RC_4.  Corrected to 1.84717.
16:29:01: quiet- NO_ID: Invalid value of 1.08657 found for variable DAKOTA_RC_3.  Corrected to 1.65079.
16:40:54: verbose- below_limit: Performed 36 total selections.
16:40:54: verbose- NO_ID: 110 of 120 population members were not selected to continue.  46 of 72 offspring were immediately rejected.
16:40:54: verbose- metric_tracker: Operating on 36 total designs and 4 "best fitness" designs.
16:40:54: verbose- metric_tracker: Max "best fitness" expanse change of 169.493% found for objective "Non-Linear Minimize obj_fn_2".
16:40:54: verbose- metric_tracker: Population density decreased by 70%.
16:40:54: verbose- metric_tracker: 50% of the previous "best fitness" population is dominated by designs in the current "best fitness" population.
16:40:54: verbose- metric_tracker: Pushed metric value of 2.89493 onto the convergence stack.
16:40:54: quiet- duplicate_free: 4 generations so far.
16:40:54: quiet- duplicate_free: 712 evaluations so far.
16:40:54: verbose- duplicate_free: 36 members in population so far.
16:40:54: verbose- multi_point_parameterized_binary: 14 children created.
16:40:54: verbose- offset_normal: Performed 7 total mutations.
16:40:54: quiet- NO_ID: Invalid value of 1.01349 found for variable DAKOTA_RC_3.  Corrected to 1.11779.
16:46:47: verbose- below_limit: Performed 11 total selections.
16:46:47: verbose- NO_ID: 28 of 36 population members were not selected to continue.  18 of 21 offspring were immediately rejected.
16:46:47: verbose- metric_tracker: Operating on 11 total designs and 4 "best fitness" designs.
16:46:47: verbose- metric_tracker: No "best fitness" expansion or contraction occurred this generation.
16:46:47: verbose- metric_tracker: Population density increased by 1.27491e+17%.
16:46:47: verbose- metric_tracker: No "best fitness" designs from the previous population are dominated by "best fitness" designs in the current population.
16:46:47: verbose- metric_tracker: Pushed metric value of 1.27491e+15 onto the convergence stack.
16:46:47: quiet- duplicate_free: 5 generations so far.
16:46:47: quiet- duplicate_free: 733 evaluations so far.
16:46:47: verbose- duplicate_free: 11 members in population so far.
16:46:47: verbose- multi_point_parameterized_binary: 4 children created.
16:46:47: verbose- offset_normal: Performed 2 total mutations.
16:49:56: verbose- below_limit: Performed 12 total selections.
16:49:56: verbose- NO_ID: 4 of 11 population members were not selected to continue.  1 of 6 offspring were immediately rejected.
16:49:56: verbose- metric_tracker: Operating on 12 total designs and 6 "best fitness" designs.
16:49:56: verbose- metric_tracker: Max "best fitness" expanse change of 94.189% found for objective "Non-Linear Minimize obj_fn_2".
16:49:56: verbose- metric_tracker: Population density increased by 268.205%.
16:49:56: verbose- metric_tracker: 25% of the previous "best fitness" population is dominated by designs in the current "best fitness" population.
16:49:56: verbose- metric_tracker: Pushed metric value of 3.87395 onto the convergence stack.
16:49:56: quiet- duplicate_free: 6 generations so far.
16:49:56: quiet- duplicate_free: 739 evaluations so far.
16:49:56: verbose- duplicate_free: 12 members in population so far.
16:49:56: verbose- multi_point_parameterized_binary: 4 children created.
16:49:56: verbose- offset_normal: Performed 2 total mutations.
16:49:56: verbose- duplicate_free: flushed 1 duplicate offspring designs after application of the variational operators.
16:52:47: verbose- below_limit: Performed 16 total selections.
16:52:47: verbose- NO_ID: 0 of 12 population members were not selected to continue.  1 of 5 offspring were immediately rejected.
16:52:47: verbose- metric_tracker: Operating on 16 total designs and 8 "best fitness" designs.
16:52:47: verbose- metric_tracker: Max "best fitness" expanse change of 18.464% found for objective "Non-Linear Minimize obj_fn_1".
16:52:47: verbose- metric_tracker: Population density increased by 12.779%.
16:52:47: verbose- metric_tracker: No "best fitness" designs from the previous population are dominated by "best fitness" designs in the current population.
16:52:47: verbose- metric_tracker: Pushed metric value of 0.312426 onto the convergence stack.
16:52:47: quiet- duplicate_free: 7 generations so far.
16:52:47: quiet- duplicate_free: 744 evaluations so far.
16:52:47: verbose- duplicate_free: 16 members in population so far.
16:52:47: verbose- multi_point_parameterized_binary: 6 children created.
16:52:47: verbose- offset_normal: Performed 3 total mutations.
16:52:47: quiet- NO_ID: Invalid value of 1.46107 found for variable DAKOTA_RC_1.  Corrected to 1.88989.
16:52:47: quiet- NO_ID: Invalid value of 1.69557 found for variable DAKOTA_RC_1.  Corrected to 1.75956.
16:52:47: quiet- NO_ID: Invalid value of 1.00186 found for variable DAKOTA_RC_3.  Corrected to 1.17511.
16:52:47: quiet- NO_ID: Invalid value of 1.69386 found for variable DAKOTA_RC_4.  Corrected to 1.74479.
16:52:47: verbose- duplicate_free: flushed 1 duplicate offspring designs after application of the variational operators.
16:55:59: verbose- below_limit: Performed 18 total selections.
16:55:59: verbose- NO_ID: 2 of 16 population members were not selected to continue.  4 of 8 offspring were immediately rejected.
16:55:59: verbose- metric_tracker: Operating on 18 total designs and 9 "best fitness" designs.
16:55:59: verbose- metric_tracker: No "best fitness" expansion or contraction occurred this generation.
16:55:59: verbose- metric_tracker: Population density increased by 12.5%.
16:55:59: verbose- metric_tracker: 12.5% of the previous "best fitness" population is dominated by designs in the current "best fitness" population.
16:55:59: verbose- metric_tracker: Pushed metric value of 0.25 onto the convergence stack.
16:55:59: quiet- duplicate_free: 8 generations so far.
16:55:59: quiet- duplicate_free: 752 evaluations so far.
16:55:59: verbose- duplicate_free: 18 members in population so far.
16:55:59: verbose- multi_point_parameterized_binary: 8 children created.
16:55:59: verbose- offset_normal: Performed 4 total mutations.
17:02:58: verbose- below_limit: Performed 23 total selections.
17:02:58: verbose- NO_ID: 5 of 18 population members were not selected to continue.  2 of 12 offspring were immediately rejected.
17:02:58: verbose- metric_tracker: Operating on 23 total designs and 7 "best fitness" designs.
17:02:58: verbose- metric_tracker: Max "best fitness" expanse change of -48.167% found for objective "Non-Linear Minimize obj_fn_2".
17:02:58: verbose- metric_tracker: Population density increased by 25.541%.
17:02:58: verbose- metric_tracker: 55.556% of the previous "best fitness" population is dominated by designs in the current "best fitness" population.
17:02:58: verbose- metric_tracker: Pushed metric value of 1.29264 onto the convergence stack.
17:02:58: quiet- duplicate_free: 9 generations so far.
17:02:58: quiet- duplicate_free: 764 evaluations so far.
17:02:58: verbose- duplicate_free: 23 members in population so far.
17:02:58: verbose- multi_point_parameterized_binary: 10 children created.
17:02:58: quiet- offset_normal: Produced invalid  variable representation 1.0951. Mutation performed without corrective action.
17:02:58: quiet- offset_normal: Produced invalid  variable representation -0.19328. Mutation performed without corrective action.
17:02:58: verbose- offset_normal: Performed 5 total mutations.
17:02:58: quiet- NO_ID: Invalid value of 1.00429 found for variable DAKOTA_RC_3.  Corrected to 1.14402.
17:02:58: quiet- NO_ID: Invalid value of 1.0951 found for variable DAKOTA_RC_3.  Corrected to 1.16288.
17:02:58: quiet- NO_ID: Invalid value of -0.19328 found for variable DAKOTA_EP_1.  Corrected to 8.71536.
17:11:06: verbose- below_limit: Performed 30 total selections.
17:11:06: verbose- NO_ID: 5 of 23 population members were not selected to continue.  3 of 15 offspring were immediately rejected.
17:11:06: verbose- metric_tracker: Operating on 30 total designs and 9 "best fitness" designs.
17:11:06: verbose- metric_tracker: Max "best fitness" expanse change of -29.303% found for objective "Non-Linear Minimize obj_fn_1".
17:11:06: verbose- metric_tracker: Population density increased by 10.611%.
17:11:06: verbose- metric_tracker: 42.857% of the previous "best fitness" population is dominated by designs in the current "best fitness" population.
17:11:06: verbose- metric_tracker: Pushed metric value of 0.827716 onto the convergence stack.
17:11:06: verbose- metric_tracker: Current max percentage progress is 1.27491e+17%.
17:11:06: quiet- duplicate_free: 10 generations so far.
17:11:06: quiet- duplicate_free: 779 evaluations so far.
17:11:06: verbose- duplicate_free: 30 members in population so far.
17:11:06: verbose- multi_point_parameterized_binary: 12 children created.
17:11:06: verbose- offset_normal: Performed 6 total mutations.
17:11:06: quiet- NO_ID: Invalid value of 1.52211 found for variable DAKOTA_RC_4.  Corrected to 2.01201.
17:11:06: quiet- NO_ID: Invalid value of 2.23034 found for variable DAKOTA_RC_4.  Corrected to 1.82728.
17:11:06: quiet- NO_ID: Invalid value of 1.69428 found for variable DAKOTA_RC_4.  Corrected to 1.9988.
17:21:03: verbose- below_limit: Performed 37 total selections.
17:21:03: verbose- NO_ID: 5 of 30 population members were not selected to continue.  6 of 18 offspring were immediately rejected.
17:21:03: verbose- metric_tracker: Operating on 37 total designs and 10 "best fitness" designs.
17:21:03: verbose- metric_tracker: Max "best fitness" expanse change of 0.21% found for objective "Non-Linear Minimize obj_fn_2".
17:21:03: verbose- metric_tracker: Population density increased by 26.064%.
17:21:03: verbose- metric_tracker: 44.444% of the previous "best fitness" population is dominated by designs in the current "best fitness" population.
17:21:03: verbose- metric_tracker: Pushed metric value of 0.707182 onto the convergence stack.
17:21:03: verbose- metric_tracker: Current max percentage progress is 1.27491e+17%.
17:21:03: quiet- duplicate_free: 11 generations so far.
17:21:03: quiet- duplicate_free: 797 evaluations so far.
17:21:03: verbose- duplicate_free: 37 members in population so far.
17:21:03: verbose- multi_point_parameterized_binary: 14 children created.
17:21:03: verbose- offset_normal: Performed 7 total mutations.
17:21:03: quiet- NO_ID: Invalid value of 1.67841 found for variable DAKOTA_RC_4.  Corrected to 1.91031.
17:32:20: verbose- below_limit: Performed 42 total selections.
17:32:20: verbose- NO_ID: 11 of 37 population members were not selected to continue.  5 of 21 offspring were immediately rejected.
17:32:20: verbose- metric_tracker: Operating on 42 total designs and 14 "best fitness" designs.
17:32:20: verbose- metric_tracker: Max "best fitness" expanse change of 22.15% found for objective "Non-Linear Minimize obj_fn_1".
17:32:20: verbose- metric_tracker: Population density increased by 15.46%.
17:32:20: verbose- metric_tracker: 20% of the previous "best fitness" population is dominated by designs in the current "best fitness" population.
17:32:20: verbose- metric_tracker: Pushed metric value of 0.5761 onto the convergence stack.
17:32:20: verbose- metric_tracker: Current max percentage progress is 1.27491e+17%.
17:32:20: quiet- duplicate_free: 12 generations so far.
17:32:20: quiet- duplicate_free: 818 evaluations so far.
17:32:20: verbose- duplicate_free: 42 members in population so far.
17:32:20: verbose- multi_point_parameterized_binary: 16 children created.
17:32:20: verbose- offset_normal: Performed 8 total mutations.
17:32:20: quiet- NO_ID: Invalid value of 1.54631 found for variable DAKOTA_RC_4.  Corrected to 1.85863.
17:45:15: verbose- below_limit: Performed 47 total selections.
17:45:15: verbose- NO_ID: 12 of 42 population members were not selected to continue.  7 of 24 offspring were immediately rejected.
17:45:15: verbose- metric_tracker: Operating on 47 total designs and 15 "best fitness" designs.
17:45:15: verbose- metric_tracker: Max "best fitness" expanse change of 6.697% found for objective "Non-Linear Minimize obj_fn_3".
17:45:15: verbose- metric_tracker: Population density decreased by 29.715%.
17:45:15: verbose- metric_tracker: 50% of the previous "best fitness" population is dominated by designs in the current "best fitness" population.
17:45:15: verbose- metric_tracker: Pushed metric value of 0.864122 onto the convergence stack.
17:45:15: verbose- metric_tracker: Current max percentage progress is 1.27491e+17%.
17:45:15: quiet- duplicate_free: 13 generations so far.
17:45:15: quiet- duplicate_free: 842 evaluations so far.
17:45:15: verbose- duplicate_free: 47 members in population so far.
17:45:15: verbose- multi_point_parameterized_binary: 18 children created.
17:45:15: verbose- offset_normal: Performed 9 total mutations.
17:45:15: quiet- NO_ID: Invalid value of 1.56951 found for variable DAKOTA_RC_4.  Corrected to 1.92399.
17:45:15: quiet- NO_ID: Invalid value of 2.21498 found for variable DAKOTA_RC_4.  Corrected to 1.92771.
17:45:15: quiet- NO_ID: Invalid value of 1.69413 found for variable DAKOTA_RC_4.  Corrected to 1.92148.
17:45:15: quiet- NO_ID: Invalid value of 1.64666 found for variable DAKOTA_RC_4.  Corrected to 2.03184.
17:59:48: verbose- below_limit: Performed 47 total selections.
17:59:48: verbose- NO_ID: 13 of 47 population members were not selected to continue.  14 of 27 offspring were immediately rejected.
17:59:48: verbose- metric_tracker: Operating on 47 total designs and 17 "best fitness" designs.
17:59:48: verbose- metric_tracker: Max "best fitness" expanse change of 4.23% found for objective "Non-Linear Minimize obj_fn_1".
17:59:48: verbose- metric_tracker: Population density increased by 57.925%.
17:59:48: verbose- metric_tracker: 40% of the previous "best fitness" population is dominated by designs in the current "best fitness" population.
17:59:48: verbose- metric_tracker: Pushed metric value of 1.02155 onto the convergence stack.
17:59:48: verbose- metric_tracker: Current max percentage progress is 1.27491e+17%.
17:59:48: quiet- duplicate_free: 14 generations so far.
17:59:48: quiet- duplicate_free: 869 evaluations so far.
17:59:48: verbose- duplicate_free: 47 members in population so far.
17:59:48: verbose- multi_point_parameterized_binary: 18 children created.
17:59:48: quiet- offset_normal: Produced invalid  variable representation 1.69901. Mutation performed without corrective action.
17:59:48: quiet- offset_normal: Produced invalid  variable representation -0.466375. Mutation performed without corrective action.
17:59:48: quiet- offset_normal: Produced invalid  variable representation 1.69878. Mutation performed without corrective action.
17:59:48: verbose- offset_normal: Performed 9 total mutations.
17:59:48: quiet- NO_ID: Invalid value of 1.69901 found for variable DAKOTA_RC_1.  Corrected to 2.0755.
17:59:48: quiet- NO_ID: Invalid value of -0.466375 found for variable DAKOTA_EP_1.  Corrected to 6.30092.
17:59:48: quiet- NO_ID: Invalid value of 2.20204 found for variable DAKOTA_RC_4.  Corrected to 1.96591.
17:59:48: quiet- NO_ID: Invalid value of 1.64826 found for variable DAKOTA_RC_4.  Corrected to 2.04109.
17:59:48: quiet- NO_ID: Invalid value of 1.57293 found for variable DAKOTA_RC_4.  Corrected to 1.85964.
17:59:48: quiet- NO_ID: Invalid value of 1.67877 found for variable DAKOTA_RC_4.  Corrected to 1.92427.
17:59:48: quiet- NO_ID: Invalid value of 1.69878 found for variable DAKOTA_RC_6.  Corrected to 1.93229.
18:14:11: verbose- below_limit: Performed 55 total selections.
18:14:11: verbose- NO_ID: 9 of 47 population members were not selected to continue.  10 of 27 offspring were immediately rejected.
18:14:11: verbose- metric_tracker: Operating on 55 total designs and 13 "best fitness" designs.
18:14:11: verbose- metric_tracker: No "best fitness" expansion or contraction occurred this generation.
18:14:11: verbose- metric_tracker: Population density increased by 63.001%.
18:14:11: verbose- metric_tracker: 41.176% of the previous "best fitness" population is dominated by designs in the current "best fitness" population.
18:14:11: verbose- metric_tracker: Pushed metric value of 1.04178 onto the convergence stack.
18:14:11: verbose- metric_tracker: Current max percentage progress is 387.395%.
18:14:11: quiet- duplicate_free: 15 generations so far.
18:14:11: quiet- duplicate_free: 896 evaluations so far.
18:14:11: verbose- duplicate_free: 55 members in population so far.
18:14:11: verbose- multi_point_parameterized_binary: 22 children created.
18:14:11: quiet- offset_normal: Produced invalid  variable representation 1.69988. Mutation performed without corrective action.
18:14:11: verbose- offset_normal: Performed 11 total mutations.
18:14:11: quiet- NO_ID: Invalid value of 1.69988 found for variable DAKOTA_RC_6.  Corrected to 1.99149.
18:32:55: verbose- below_limit: Performed 58 total selections.
18:32:55: verbose- NO_ID: 17 of 55 population members were not selected to continue.  13 of 33 offspring were immediately rejected.
18:32:55: verbose- metric_tracker: Operating on 58 total designs and 18 "best fitness" designs.
18:32:55: verbose- metric_tracker: Max "best fitness" expanse change of 3.691% found for objective "Non-Linear Minimize obj_fn_3".
18:32:55: verbose- metric_tracker: Population density increased by 1.701%.
18:32:55: verbose- metric_tracker: 7.692% of the previous "best fitness" population is dominated by designs in the current "best fitness" population.
18:32:55: verbose- metric_tracker: Pushed metric value of 0.130841 onto the convergence stack.
18:32:55: verbose- metric_tracker: Current max percentage progress is 129.264%.
18:32:55: quiet- duplicate_free: 16 generations so far.
18:32:55: quiet- duplicate_free: 929 evaluations so far.
18:32:55: verbose- duplicate_free: 58 members in population so far.
18:32:55: verbose- multi_point_parameterized_binary: 24 children created.
18:32:55: quiet- offset_normal: Produced invalid  variable representation 2.10736. Mutation performed without corrective action.
18:32:55: verbose- offset_normal: Performed 12 total mutations.
18:32:55: quiet- NO_ID: Invalid value of 2.10736 found for variable DAKOTA_RC_4.  Corrected to 1.92799.
18:32:55: quiet- NO_ID: Invalid value of 1.67841 found for variable DAKOTA_RC_4.  Corrected to 1.73097.
18:53:09: verbose- below_limit: Performed 70 total selections.
18:53:09: verbose- NO_ID: 9 of 58 population members were not selected to continue.  15 of 36 offspring were immediately rejected.
18:53:09: verbose- metric_tracker: Operating on 70 total designs and 18 "best fitness" designs.
18:53:09: verbose- metric_tracker: Max "best fitness" expanse change of 8.343% found for objective "Non-Linear Minimize obj_fn_2".
18:53:09: verbose- metric_tracker: Population density increased by 5.688%.
18:53:09: verbose- metric_tracker: 55.556% of the previous "best fitness" population is dominated by designs in the current "best fitness" population.
18:53:09: verbose- metric_tracker: Pushed metric value of 0.695866 onto the convergence stack.
18:53:09: verbose- metric_tracker: Current max percentage progress is 129.264%.
18:53:09: quiet- duplicate_free: 17 generations so far.
18:53:09: quiet- duplicate_free: 965 evaluations so far.
18:53:09: verbose- duplicate_free: 70 members in population so far.
18:53:09: verbose- multi_point_parameterized_binary: 28 children created.
18:53:09: quiet- offset_normal: Produced invalid  variable representation 1.69219. Mutation performed without corrective action.
18:53:09: verbose- offset_normal: Performed 14 total mutations.
18:53:09: quiet- NO_ID: Invalid value of 1.69219 found for variable DAKOTA_RC_1.  Corrected to 1.86645.
18:53:09: quiet- NO_ID: Invalid value of 2.22866 found for variable DAKOTA_RC_4.  Corrected to 1.84194.
18:53:09: quiet- NO_ID: Invalid value of 1.48816 found for variable DAKOTA_RC_2.  Corrected to 1.77317.
18:53:09: quiet- NO_ID: Invalid value of 1.47769 found for variable DAKOTA_RC_4.  Corrected to 1.78082.
18:53:09: verbose- duplicate_free: flushed 1 duplicate offspring designs after application of the variational operators.
18:53:09: verbose- duplicate_free: flushed 1 offspring designs that duplicate existing population members.
19:17:08: verbose- below_limit: Performed 81 total selections.
19:17:08: verbose- NO_ID: 13 of 70 population members were not selected to continue.  16 of 40 offspring were immediately rejected.
19:17:08: verbose- metric_tracker: Operating on 81 total designs and 24 "best fitness" designs.
19:17:08: verbose- metric_tracker: Max "best fitness" expanse change of 1.711% found for objective "Non-Linear Minimize obj_fn_2".
19:17:08: verbose- metric_tracker: Population density increased by 13.768%.
19:17:08: verbose- metric_tracker: No "best fitness" designs from the previous population are dominated by "best fitness" designs in the current population.
19:17:08: verbose- metric_tracker: Pushed metric value of 0.154787 onto the convergence stack.
19:17:08: verbose- metric_tracker: Current max percentage progress is 129.264%.
19:17:08: quiet- duplicate_free: 18 generations so far.
19:17:08: quiet- duplicate_free: 1005 evaluations so far.
19:17:08: verbose- duplicate_free: 81 members in population so far.
19:17:08: verbose- multi_point_parameterized_binary: 32 children created.
19:17:08: quiet- offset_normal: Produced invalid  variable representation 1.69308. Mutation performed without corrective action.
19:17:08: verbose- offset_normal: Performed 16 total mutations.
19:17:08: quiet- NO_ID: Invalid value of 2.22829 found for variable DAKOTA_RC_4.  Corrected to 1.77414.
19:17:08: quiet- NO_ID: Invalid value of 1.67124 found for variable DAKOTA_RC_4.  Corrected to 2.04026.
19:17:08: quiet- NO_ID: Invalid value of 1.66543 found for variable DAKOTA_RC_4.  Corrected to 1.90487.
19:17:08: quiet- NO_ID: Invalid value of 1.68967 found for variable DAKOTA_RC_4.  Corrected to 1.86671.
19:17:08: quiet- NO_ID: Invalid value of 1.68006 found for variable DAKOTA_RC_4.  Corrected to 1.77174.
19:17:08: quiet- NO_ID: Invalid value of 1.69308 found for variable DAKOTA_RC_4.  Corrected to 1.71287.
19:17:08: quiet- NO_ID: Invalid value of 1.68748 found for variable DAKOTA_RC_4.  Corrected to 1.85584.
19:17:08: quiet- NO_ID: Invalid value of 1.54719 found for variable DAKOTA_RC_4.  Corrected to 1.92161.
19:48:15: verbose- below_limit: Performed 85 total selections.
19:48:15: verbose- NO_ID: 28 of 81 population members were not selected to continue.  16 of 48 offspring were immediately rejected.
19:48:15: verbose- metric_tracker: Operating on 85 total designs and 22 "best fitness" designs.
19:48:15: verbose- metric_tracker: Max "best fitness" expanse change of 34.47% found for objective "Non-Linear Minimize obj_fn_1".
19:48:15: verbose- metric_tracker: Population density decreased by 9.389%.
19:48:15: verbose- metric_tracker: 37.5% of the previous "best fitness" population is dominated by designs in the current "best fitness" population.
19:48:15: verbose- metric_tracker: Pushed metric value of 0.813593 onto the convergence stack.
19:48:15: verbose- metric_tracker: Current max percentage progress is 104.178%.
19:48:15: quiet- duplicate_free: 19 generations so far.
19:48:15: quiet- duplicate_free: 1053 evaluations so far.
19:48:15: verbose- duplicate_free: 85 members in population so far.
19:48:15: verbose- multi_point_parameterized_binary: 34 children created.
19:48:15: verbose- offset_normal: Performed 17 total mutations.
19:48:15: quiet- NO_ID: Invalid value of 1.5472 found for variable DAKOTA_RC_4.  Corrected to 2.04807.
19:48:15: quiet- NO_ID: Invalid value of 2.11799 found for variable DAKOTA_RC_4.  Corrected to 2.03716.
19:48:15: quiet- NO_ID: Invalid value of 2.22838 found for variable DAKOTA_RC_4.  Corrected to 2.04083.
19:48:15: quiet- NO_ID: Invalid value of 2.18668 found for variable DAKOTA_RC_4.  Corrected to 1.73501.
19:48:15: quiet- NO_ID: Invalid value of 2.11859 found for variable DAKOTA_RC_4.  Corrected to 1.82321.
20:20:48: verbose- below_limit: Performed 94 total selections.
20:20:48: verbose- NO_ID: 21 of 85 population members were not selected to continue.  21 of 51 offspring were immediately rejected.
20:20:48: verbose- metric_tracker: Operating on 94 total designs and 27 "best fitness" designs.
20:20:48: verbose- metric_tracker: Max "best fitness" expanse change of 58.928% found for objective "Non-Linear Minimize obj_fn_3".
20:20:48: verbose- metric_tracker: Population density increased by 2.944%.
20:20:48: verbose- metric_tracker: 22.727% of the previous "best fitness" population is dominated by designs in the current "best fitness" population.
20:20:48: verbose- metric_tracker: Pushed metric value of 0.845996 onto the convergence stack.
20:20:48: verbose- metric_tracker: Current max percentage progress is 104.178%.
20:20:48: quiet- duplicate_free: 20 generations so far.
20:20:48: quiet- duplicate_free: 1104 evaluations so far.
20:20:48: verbose- duplicate_free: 94 members in population so far.
20:20:48: verbose- multi_point_parameterized_binary: 38 children created.
20:20:48: quiet- offset_normal: Produced invalid  variable representation 1.6869. Mutation performed without corrective action.
20:20:48: verbose- offset_normal: Performed 19 total mutations.
20:20:48: quiet- NO_ID: Invalid value of 1.54746 found for variable DAKOTA_RC_4.  Corrected to 1.89783.
20:20:48: quiet- NO_ID: Invalid value of 1.68135 found for variable DAKOTA_RC_4.  Corrected to 1.88037.
20:20:48: quiet- NO_ID: Invalid value of 1.53491 found for variable DAKOTA_RC_4.  Corrected to 2.09567.
20:20:48: quiet- NO_ID: Invalid value of 2.23071 found for variable DAKOTA_RC_4.  Corrected to 2.06341.
20:20:48: quiet- NO_ID: Invalid value of 2.21739 found for variable DAKOTA_RC_4.  Corrected to 1.89389.
20:20:48: quiet- NO_ID: Invalid value of 1.69696 found for variable DAKOTA_RC_4.  Corrected to 2.03091.
20:20:48: quiet- NO_ID: Invalid value of 1.52378 found for variable DAKOTA_RC_4.  Corrected to 2.05816.
20:20:48: quiet- NO_ID: Invalid value of 2.1141 found for variable DAKOTA_RC_4.  Corrected to 2.05836.
20:20:48: quiet- NO_ID: Invalid value of 1.6869 found for variable DAKOTA_RC_4.  Corrected to 1.9158.
20:20:48: quiet- NO_ID: Invalid value of 1.68762 found for variable DAKOTA_RC_4.  Corrected to 1.73174.
20:57:52: verbose- below_limit: Performed 93 total selections.
20:57:52: verbose- NO_ID: 33 of 94 population members were not selected to continue.  25 of 57 offspring were immediately rejected.
20:57:52: verbose- metric_tracker: Operating on 93 total designs and 13 "best fitness" designs.
20:57:52: verbose- metric_tracker: Max "best fitness" expanse change of -83.042% found for objective "Non-Linear Minimize obj_fn_1".
20:57:52: verbose- metric_tracker: Population density decreased by 21.53%.
20:57:52: verbose- metric_tracker: 77.778% of the previous "best fitness" population is dominated by designs in the current "best fitness" population.
20:57:52: verbose- metric_tracker: Pushed metric value of 1.8235 onto the convergence stack.
20:57:52: verbose- metric_tracker: Current max percentage progress is 182.35%.
20:57:52: quiet- duplicate_free: 21 generations so far.
20:57:52: quiet- duplicate_free: 1161 evaluations so far.
20:57:52: verbose- duplicate_free: 93 members in population so far.
20:57:52: verbose- multi_point_parameterized_binary: 38 children created.
20:57:52: quiet- offset_normal: Produced invalid  variable representation -0.0692022. Mutation performed without corrective action.
20:57:52: quiet- offset_normal: Produced invalid  variable representation -0.1599. Mutation performed without corrective action.
20:57:52: verbose- offset_normal: Performed 19 total mutations.
20:57:52: quiet- NO_ID: Invalid value of 1.60657 found for variable DAKOTA_RC_1.  Corrected to 1.78449.
20:57:52: quiet- NO_ID: Invalid value of 1.64973 found for variable DAKOTA_RC_4.  Corrected to 2.02747.
20:57:52: quiet- NO_ID: Invalid value of 2.21088 found for variable DAKOTA_RC_4.  Corrected to 1.82975.
20:57:52: quiet- NO_ID: Invalid value of -0.0692022 found for variable DAKOTA_EP_2.  Corrected to 2.46574.
20:57:52: quiet- NO_ID: Invalid value of 2.10067 found for variable DAKOTA_RC_4.  Corrected to 1.77818.
20:57:52: quiet- NO_ID: Invalid value of 1.58308 found for variable DAKOTA_RC_4.  Corrected to 1.86141.
20:57:52: quiet- NO_ID: Invalid value of 1.57293 found for variable DAKOTA_RC_4.  Corrected to 1.85315.
20:57:52: quiet- NO_ID: Invalid value of 1.67793 found for variable DAKOTA_RC_4.  Corrected to 1.96901.
20:57:52: quiet- NO_ID: Invalid value of -0.1599 found for variable DAKOTA_EP_1.  Corrected to 0.891268.
21:33:10: verbose- below_limit: Performed 81 total selections.
21:33:10: verbose- NO_ID: 41 of 93 population members were not selected to continue.  28 of 57 offspring were immediately rejected.
21:33:10: verbose- metric_tracker: Operating on 81 total designs and 10 "best fitness" designs.
21:33:10: verbose- metric_tracker: Max "best fitness" expanse change of -20.437% found for objective "Non-Linear Minimize obj_fn_1".
21:33:10: verbose- metric_tracker: Population density decreased by 17.208%.
21:33:10: verbose- metric_tracker: 46.154% of the previous "best fitness" population is dominated by designs in the current "best fitness" population.
21:33:10: verbose- metric_tracker: Pushed metric value of 0.837992 onto the convergence stack.
21:33:10: verbose- metric_tracker: Current max percentage progress is 182.35%.
21:33:10: quiet- duplicate_free: 22 generations so far.
21:33:10: quiet- duplicate_free: 1218 evaluations so far.
21:33:10: verbose- duplicate_free: 81 members in population so far.
21:33:10: verbose- multi_point_parameterized_binary: 32 children created.
21:33:10: quiet- offset_normal: Produced invalid  variable representation -0.382792. Mutation performed without corrective action.
21:33:10: verbose- offset_normal: Performed 16 total mutations.
21:33:10: quiet- NO_ID: Invalid value of 2.22816 found for variable DAKOTA_RC_4.  Corrected to 1.70445.
21:33:10: quiet- NO_ID: Invalid value of 1.67943 found for variable DAKOTA_RC_4.  Corrected to 1.70161.
21:33:10: quiet- NO_ID: Invalid value of 1.5586 found for variable DAKOTA_RC_4.  Corrected to 1.91471.
21:33:10: quiet- NO_ID: Invalid value of 1.69428 found for variable DAKOTA_RC_4.  Corrected to 2.02894.
21:33:10: quiet- NO_ID: Invalid value of -0.382792 found for variable DAKOTA_EP_1.  Corrected to 10.6279.
22:03:10: verbose- below_limit: Performed 84 total selections.
22:03:10: verbose- NO_ID: 24 of 81 population members were not selected to continue.  21 of 48 offspring were immediately rejected.
22:03:10: verbose- metric_tracker: Operating on 84 total designs and 9 "best fitness" designs.
22:03:10: verbose- metric_tracker: No "best fitness" expansion or contraction occurred this generation.
22:03:10: verbose- metric_tracker: Population density increased by 0.933%.
22:03:10: verbose- metric_tracker: 60% of the previous "best fitness" population is dominated by designs in the current "best fitness" population.
22:03:10: verbose- metric_tracker: Pushed metric value of 0.609328 onto the convergence stack.
22:03:10: verbose- metric_tracker: Current max percentage progress is 182.35%.
22:03:10: quiet- duplicate_free: 23 generations so far.
22:03:10: quiet- duplicate_free: 1266 evaluations so far.
22:03:10: verbose- duplicate_free: 84 members in population so far.
22:03:10: verbose- multi_point_parameterized_binary: 34 children created.
22:03:10: quiet- offset_normal: Produced invalid  variable representation 1.08736. Mutation performed without corrective action.
22:03:10: verbose- offset_normal: Performed 17 total mutations.
22:03:10: quiet- NO_ID: Invalid value of 1.47464 found for variable DAKOTA_RC_4.  Corrected to 1.98404.
22:03:10: quiet- NO_ID: Invalid value of 1.58457 found for variable DAKOTA_RC_4.  Corrected to 2.06979.
22:03:10: quiet- NO_ID: Invalid value of 1.57393 found for variable DAKOTA_RC_4.  Corrected to 1.9077.
22:03:10: quiet- NO_ID: Invalid value of 1.68967 found for variable DAKOTA_RC_4.  Corrected to 1.8384.
22:03:10: quiet- NO_ID: Invalid value of 1.68148 found for variable DAKOTA_RC_4.  Corrected to 1.93129.
22:03:10: quiet- NO_ID: Invalid value of 1.08736 found for variable DAKOTA_RC_3.  Corrected to 1.54653.
22:32:09: verbose- below_limit: Performed 66 total selections.
22:32:09: verbose- NO_ID: 43 of 84 population members were not selected to continue.  26 of 51 offspring were immediately rejected.
22:32:09: verbose- metric_tracker: Operating on 66 total designs and 9 "best fitness" designs.
22:32:09: verbose- metric_tracker: No "best fitness" expansion or contraction occurred this generation.
22:32:09: verbose- metric_tracker: Population density increased by 257.76%.
22:32:09: verbose- metric_tracker: 44.444% of the previous "best fitness" population is dominated by designs in the current "best fitness" population.
22:32:09: verbose- metric_tracker: Pushed metric value of 3.02204 onto the convergence stack.
22:32:09: verbose- metric_tracker: Current max percentage progress is 302.204%.
22:32:09: quiet- duplicate_free: 24 generations so far.
22:32:09: quiet- duplicate_free: 1317 evaluations so far.
22:32:09: verbose- duplicate_free: 66 members in population so far.
22:32:09: verbose- multi_point_parameterized_binary: 26 children created.
22:32:09: verbose- offset_normal: Performed 13 total mutations.
22:32:09: quiet- NO_ID: Invalid value of 1.68762 found for variable DAKOTA_RC_4.  Corrected to 1.9513.
22:32:09: quiet- NO_ID: Invalid value of 1.57498 found for variable DAKOTA_RC_4.  Corrected to 1.78117.
22:32:09: quiet- NO_ID: Invalid value of 2.22829 found for variable DAKOTA_RC_4.  Corrected to 1.81064.
22:32:09: quiet- NO_ID: Invalid value of 1.55732 found for variable DAKOTA_RC_4.  Corrected to 1.85681.
22:32:09: quiet- NO_ID: Invalid value of 1.6057 found for variable DAKOTA_RC_4.  Corrected to 2.03271.
22:53:14: verbose- below_limit: Performed 78 total selections.
22:53:14: verbose- NO_ID: 11 of 66 population members were not selected to continue.  16 of 39 offspring were immediately rejected.
22:53:14: verbose- metric_tracker: Operating on 78 total designs and 10 "best fitness" designs.
22:53:14: verbose- metric_tracker: No "best fitness" expansion or contraction occurred this generation.
22:53:14: verbose- metric_tracker: Population density increased by 32.37%.
22:53:14: verbose- metric_tracker: 22.222% of the previous "best fitness" population is dominated by designs in the current "best fitness" population.
22:53:14: verbose- metric_tracker: Pushed metric value of 0.545925 onto the convergence stack.
22:53:14: verbose- metric_tracker: Current max percentage progress is 302.204%.
22:53:14: quiet- duplicate_free: 25 generations so far.
22:53:14: quiet- duplicate_free: 1356 evaluations so far.
22:53:14: verbose- duplicate_free: 78 members in population so far.
22:53:14: verbose- multi_point_parameterized_binary: 32 children created.
22:53:14: verbose- offset_normal: Performed 16 total mutations.
22:53:14: quiet- NO_ID: Invalid value of 1.54017 found for variable DAKOTA_RC_4.  Corrected to 1.89364.
22:53:14: quiet- NO_ID: Invalid value of 1.57748 found for variable DAKOTA_RC_4.  Corrected to 1.75325.
22:53:14: quiet- NO_ID: Invalid value of 1.57805 found for variable DAKOTA_RC_4.  Corrected to 1.87069.
22:53:14: quiet- NO_ID: Invalid value of 1.6779 found for variable DAKOTA_RC_4.  Corrected to 2.04864.
22:53:14: quiet- NO_ID: Invalid value of 2.23012 found for variable DAKOTA_RC_4.  Corrected to 2.05195.
22:53:14: quiet- NO_ID: Invalid value of 1.6953 found for variable DAKOTA_RC_4.  Corrected to 1.82044.
22:53:14: quiet- NO_ID: Invalid value of 1.67791 found for variable DAKOTA_RC_4.  Corrected to 1.92066.
22:53:14: quiet- NO_ID: Invalid value of 1.6057 found for variable DAKOTA_RC_4.  Corrected to 1.99562.
23:21:01: verbose- below_limit: Performed 89 total selections.
23:21:01: verbose- NO_ID: 16 of 78 population members were not selected to continue.  21 of 48 offspring were immediately rejected.
23:21:01: verbose- metric_tracker: Operating on 89 total designs and 12 "best fitness" designs.
23:21:01: verbose- metric_tracker: Max "best fitness" expanse change of 392.832% found for objective "Non-Linear Minimize obj_fn_1".
23:21:01: verbose- metric_tracker: Population density decreased by 81.209%.
23:21:01: verbose- metric_tracker: 40% of the previous "best fitness" population is dominated by designs in the current "best fitness" population.
23:21:01: verbose- metric_tracker: Pushed metric value of 5.14041 onto the convergence stack.
23:21:01: verbose- metric_tracker: Current max percentage progress is 514.041%.
23:21:01: quiet- duplicate_free: 26 generations so far.
23:21:01: quiet- duplicate_free: 1404 evaluations so far.
23:21:01: verbose- duplicate_free: 89 members in population so far.
23:21:01: verbose- multi_point_parameterized_binary: 36 children created.
23:21:01: verbose- offset_normal: Performed 18 total mutations.
23:21:01: quiet- NO_ID: Invalid value of 1.661 found for variable DAKOTA_RC_4.  Corrected to 1.81733.
23:21:01: quiet- NO_ID: Invalid value of 1.66253 found for variable DAKOTA_RC_4.  Corrected to 1.92562.
23:21:01: quiet- NO_ID: Invalid value of 2.20058 found for variable DAKOTA_RC_5.  Corrected to 1.83981.
23:21:01: quiet- NO_ID: Invalid value of 1.69172 found for variable DAKOTA_RC_4.  Corrected to 2.08436.
23:21:01: quiet- NO_ID: Invalid value of 1.58321 found for variable DAKOTA_RC_4.  Corrected to 1.91455.
23:21:01: quiet- NO_ID: Invalid value of 1.69991 found for variable DAKOTA_RC_4.  Corrected to 1.8961.
23:52:35: verbose- below_limit: Performed 83 total selections.
23:52:35: verbose- NO_ID: 34 of 89 population members were not selected to continue.  26 of 54 offspring were immediately rejected.
23:52:35: verbose- metric_tracker: Operating on 83 total designs and 8 "best fitness" designs.
23:52:35: verbose- metric_tracker: Max "best fitness" expanse change of 4.078% found for objective "Non-Linear Minimize obj_fn_2".
23:52:35: verbose- metric_tracker: Population density decreased by 7.724%.
23:52:35: verbose- metric_tracker: 58.333% of the previous "best fitness" population is dominated by designs in the current "best fitness" population.
23:52:35: verbose- metric_tracker: Pushed metric value of 0.70136 onto the convergence stack.
23:52:35: verbose- metric_tracker: Current max percentage progress is 514.041%.
23:52:35: quiet- duplicate_free: 27 generations so far.
23:52:35: quiet- duplicate_free: 1458 evaluations so far.
23:52:35: verbose- duplicate_free: 83 members in population so far.
23:52:35: verbose- multi_point_parameterized_binary: 34 children created.
23:52:35: quiet- offset_normal: Produced invalid  variable representation 1.69853. Mutation performed without corrective action.
23:52:35: quiet- offset_normal: Produced invalid  variable representation -0.379475. Mutation performed without corrective action.
23:52:35: verbose- offset_normal: Performed 17 total mutations.
23:52:35: quiet- NO_ID: Invalid value of 1.67738 found for variable DAKOTA_RC_4.  Corrected to 1.7344.
23:52:35: quiet- NO_ID: Invalid value of 1.55655 found for variable DAKOTA_RC_4.  Corrected to 1.94965.
23:52:35: quiet- NO_ID: Invalid value of 1.66202 found for variable DAKOTA_RC_4.  Corrected to 1.85802.
23:52:35: quiet- NO_ID: Invalid value of 1.69799 found for variable DAKOTA_RC_4.  Corrected to 1.74147.
23:52:35: quiet- NO_ID: Invalid value of 2.23136 found for variable DAKOTA_RC_4.  Corrected to 1.74.
23:52:35: quiet- NO_ID: Invalid value of 1.67223 found for variable DAKOTA_RC_4.  Corrected to 1.7292.
23:52:35: quiet- NO_ID: Invalid value of 1.69853 found for variable DAKOTA_RC_4.  Corrected to 2.09549.
23:52:35: quiet- NO_ID: Invalid value of -0.379475 found for variable DAKOTA_EP_2.  Corrected to 5.39127.
00:20:57: verbose- below_limit: Performed 72 total selections.
00:20:57: verbose- NO_ID: 36 of 83 population members were not selected to continue.  26 of 51 offspring were immediately rejected.
00:20:57: verbose- metric_tracker: Operating on 72 total designs and 14 "best fitness" designs.
00:20:57: verbose- metric_tracker: Max "best fitness" expanse change of 14.323% found for objective "Non-Linear Minimize obj_fn_3".
00:20:57: verbose- metric_tracker: Population density decreased by 2.301%.
00:20:57: verbose- metric_tracker: 12.5% of the previous "best fitness" population is dominated by designs in the current "best fitness" population.
00:20:57: verbose- metric_tracker: Pushed metric value of 0.291247 onto the convergence stack.
00:20:57: verbose- metric_tracker: Current max percentage progress is 514.041%.
00:20:57: quiet- duplicate_free: 28 generations so far.
00:20:57: quiet- duplicate_free: 1509 evaluations so far.
00:20:57: verbose- duplicate_free: 72 members in population so far.
00:20:57: verbose- multi_point_parameterized_binary: 28 children created.
00:20:57: verbose- offset_normal: Performed 14 total mutations.
00:20:57: quiet- NO_ID: Invalid value of 1.44852 found for variable DAKOTA_RC_4.  Corrected to 1.88074.
00:20:57: quiet- NO_ID: Invalid value of 1.67642 found for variable DAKOTA_RC_4.  Corrected to 1.70978.
00:20:57: quiet- NO_ID: Invalid value of 1.69939 found for variable DAKOTA_RC_4.  Corrected to 2.0726.
00:20:57: quiet- NO_ID: Invalid value of 1.43645 found for variable DAKOTA_RC_2.  Corrected to 1.75796.
00:20:57: quiet- NO_ID: Invalid value of 1.59189 found for variable DAKOTA_RC_4.  Corrected to 1.9613.
00:43:03: verbose- below_limit: Performed 68 total selections.
00:43:03: verbose- NO_ID: 21 of 72 population members were not selected to continue.  25 of 42 offspring were immediately rejected.
00:43:03: verbose- metric_tracker: Operating on 68 total designs and 12 "best fitness" designs.
00:43:03: verbose- metric_tracker: No "best fitness" expansion or contraction occurred this generation.
00:43:03: verbose- metric_tracker: Population density decreased by 5.556%.
00:43:03: verbose- metric_tracker: 35.714% of the previous "best fitness" population is dominated by designs in the current "best fitness" population.
00:43:03: verbose- metric_tracker: Pushed metric value of 0.412698 onto the convergence stack.
00:43:03: verbose- metric_tracker: Current max percentage progress is 514.041%.
00:43:03: quiet- duplicate_free: 29 generations so far.
00:43:03: quiet- duplicate_free: 1551 evaluations so far.
00:43:03: verbose- duplicate_free: 68 members in population so far.
00:43:03: verbose- multi_point_parameterized_binary: 28 children created.
00:43:03: verbose- offset_normal: Performed 14 total mutations.
00:43:03: quiet- NO_ID: Invalid value of 1.66098 found for variable DAKOTA_RC_4.  Corrected to 1.77524.
00:43:03: quiet- NO_ID: Invalid value of 2.20135 found for variable DAKOTA_RC_5.  Corrected to 1.97333.
00:43:03: quiet- NO_ID: Invalid value of 1.90205 found for variable DAKOTA_RC_2.  Corrected to 1.63576.
01:06:18: verbose- below_limit: Performed 82 total selections.
01:06:18: verbose- NO_ID: 10 of 68 population members were not selected to continue.  18 of 42 offspring were immediately rejected.
01:06:18: verbose- metric_tracker: Operating on 82 total designs and 15 "best fitness" designs.
01:06:18: verbose- metric_tracker: No "best fitness" expansion or contraction occurred this generation.
01:06:18: verbose- metric_tracker: Population density increased by 33.676%.
01:06:18: verbose- metric_tracker: No "best fitness" designs from the previous population are dominated by "best fitness" designs in the current population.
01:06:18: verbose- metric_tracker: Pushed metric value of 0.336763 onto the convergence stack.
01:06:18: verbose- metric_tracker: Current max percentage progress is 514.041%.
01:06:18: quiet- duplicate_free: 30 generations so far.
01:06:18: quiet- duplicate_free: 1593 evaluations so far.
01:06:18: verbose- duplicate_free: 82 members in population so far.
01:06:18: verbose- multi_point_parameterized_binary: 32 children created.
01:06:18: verbose- offset_normal: Performed 16 total mutations.
01:06:18: quiet- NO_ID: Invalid value of 1.64564 found for variable DAKOTA_RC_4.  Corrected to 2.01199.
01:06:18: quiet- NO_ID: Invalid value of 1.69583 found for variable DAKOTA_RC_4.  Corrected to 1.76208.
01:06:18: verbose- duplicate_free: flushed 1 duplicate offspring designs after application of the variational operators.
01:06:18: verbose- duplicate_free: flushed 1 offspring designs that duplicate existing population members.
01:30:45: verbose- below_limit: Performed 82 total selections.
01:30:45: verbose- NO_ID: 22 of 82 population members were not selected to continue.  24 of 46 offspring were immediately rejected.
01:30:45: verbose- metric_tracker: Operating on 82 total designs and 18 "best fitness" designs.
01:30:45: verbose- metric_tracker: Max "best fitness" expanse change of 4.799% found for objective "Non-Linear Minimize obj_fn_3".
01:30:45: verbose- metric_tracker: Population density decreased by 5.787%.
01:30:45: verbose- metric_tracker: 13.333% of the previous "best fitness" population is dominated by designs in the current "best fitness" population.
01:30:45: verbose- metric_tracker: Pushed metric value of 0.239194 onto the convergence stack.
01:30:45: verbose- metric_tracker: Current max percentage progress is 514.041%.
01:30:45: quiet- duplicate_free: 31 generations so far.
01:30:45: quiet- duplicate_free: 1639 evaluations so far.
01:30:45: verbose- duplicate_free: 82 members in population so far.
01:30:45: verbose- multi_point_parameterized_binary: 32 children created.
01:30:45: verbose- offset_normal: Performed 16 total mutations.
01:58:20: verbose- below_limit: Performed 75 total selections.
01:58:20: verbose- NO_ID: 34 of 82 population members were not selected to continue.  21 of 48 offspring were immediately rejected.
01:58:20: verbose- metric_tracker: Operating on 75 total designs and 12 "best fitness" designs.
01:58:20: verbose- metric_tracker: Max "best fitness" expanse change of -15.095% found for objective "Non-Linear Minimize obj_fn_2".
01:58:20: verbose- metric_tracker: Population density increased by 10.733%.
01:58:20: verbose- metric_tracker: 66.667% of the previous "best fitness" population is dominated by designs in the current "best fitness" population.
01:58:20: verbose- metric_tracker: Pushed metric value of 0.924947 onto the convergence stack.
01:58:20: verbose- metric_tracker: Current max percentage progress is 514.041%.
01:58:20: quiet- duplicate_free: 32 generations so far.
01:58:20: quiet- duplicate_free: 1687 evaluations so far.
01:58:20: verbose- duplicate_free: 75 members in population so far.
01:58:20: verbose- multi_point_parameterized_binary: 30 children created.
01:58:20: quiet- offset_normal: Produced invalid  variable representation 1.68523. Mutation performed without corrective action.
01:58:20: quiet- offset_normal: Produced invalid  variable representation -0.564914. Mutation performed without corrective action.
01:58:20: verbose- offset_normal: Performed 15 total mutations.
01:58:20: quiet- NO_ID: Invalid value of 1.68523 found for variable DAKOTA_RC_4.  Corrected to 1.7845.
01:58:20: quiet- NO_ID: Invalid value of 1.64151 found for variable DAKOTA_RC_4.  Corrected to 1.91194.
01:58:20: quiet- NO_ID: Invalid value of 1.49878 found for variable DAKOTA_RC_2.  Corrected to 1.56126.
01:58:20: quiet- NO_ID: Invalid value of 1.64561 found for variable DAKOTA_RC_4.  Corrected to 1.9621.
01:58:20: quiet- NO_ID: Invalid value of -0.564914 found for variable DAKOTA_EP_1.  Corrected to 11.6019.
01:58:20: quiet- NO_ID: Invalid value of 1.57536 found for variable DAKOTA_RC_4.  Corrected to 2.01819.
02:23:25: verbose- below_limit: Performed 66 total selections.
02:23:25: verbose- NO_ID: 25 of 75 population members were not selected to continue.  29 of 45 offspring were immediately rejected.
02:23:25: verbose- metric_tracker: Operating on 66 total designs and 9 "best fitness" designs.
02:23:25: verbose- metric_tracker: No "best fitness" expansion or contraction occurred this generation.
02:23:25: verbose- metric_tracker: Population density decreased by 12%.
02:23:25: verbose- metric_tracker: 50% of the previous "best fitness" population is dominated by designs in the current "best fitness" population.
02:23:25: verbose- metric_tracker: Pushed metric value of 0.62 onto the convergence stack.
02:23:25: verbose- metric_tracker: Current max percentage progress is 514.041%.
02:23:25: quiet- duplicate_free: 33 generations so far.
02:23:25: quiet- duplicate_free: 1732 evaluations so far.
02:23:25: verbose- duplicate_free: 66 members in population so far.
02:23:25: verbose- multi_point_parameterized_binary: 26 children created.
02:23:25: verbose- offset_normal: Performed 13 total mutations.
02:23:25: quiet- NO_ID: Invalid value of 1.69427 found for variable DAKOTA_RC_4.  Corrected to 1.98521.
02:23:25: quiet- NO_ID: Invalid value of 1.90327 found for variable DAKOTA_RC_2.  Corrected to 1.78384.
02:41:26: verbose- below_limit: Performed 61 total selections.
02:41:26: verbose- NO_ID: 23 of 66 population members were not selected to continue.  21 of 39 offspring were immediately rejected.
02:41:26: verbose- metric_tracker: Operating on 61 total designs and 12 "best fitness" designs.
02:41:26: verbose- metric_tracker: No "best fitness" expansion or contraction occurred this generation.
02:41:26: verbose- metric_tracker: Population density decreased by 14.403%.
02:41:26: verbose- metric_tracker: 11.111% of the previous "best fitness" population is dominated by designs in the current "best fitness" population.
02:41:26: verbose- metric_tracker: Pushed metric value of 0.255145 onto the convergence stack.
02:41:26: verbose- metric_tracker: Current max percentage progress is 514.041%.
02:41:26: quiet- duplicate_free: 34 generations so far.
02:41:26: quiet- duplicate_free: 1771 evaluations so far.
02:41:26: verbose- duplicate_free: 61 members in population so far.
02:41:26: verbose- multi_point_parameterized_binary: 24 children created.
02:41:26: quiet- offset_normal: Produced invalid  variable representation 1.69208. Mutation performed without corrective action.
02:41:26: verbose- offset_normal: Performed 12 total mutations.
02:41:26: quiet- NO_ID: Invalid value of 1.69171 found for variable DAKOTA_RC_4.  Corrected to 1.96407.
02:41:26: quiet- NO_ID: Invalid value of 1.69208 found for variable DAKOTA_RC_4.  Corrected to 1.97186.
02:41:26: quiet- NO_ID: Invalid value of 1.44902 found for variable DAKOTA_RC_4.  Corrected to 2.05785.
02:41:26: quiet- NO_ID: Invalid value of 1.68966 found for variable DAKOTA_RC_4.  Corrected to 2.0282.
02:41:26: quiet- NO_ID: Invalid value of 1.57495 found for variable DAKOTA_RC_4.  Corrected to 1.74591.
02:41:26: quiet- NO_ID: Invalid value of 1.44595 found for variable DAKOTA_RC_4.  Corrected to 1.74915.
02:41:26: quiet- NO_ID: Invalid value of 1.68966 found for variable DAKOTA_RC_4.  Corrected to 1.8874.
02:41:26: verbose- duplicate_free: flushed 1 duplicate offspring designs after application of the variational operators.
02:56:58: verbose- below_limit: Performed 63 total selections.
02:56:58: verbose- NO_ID: 13 of 61 population members were not selected to continue.  20 of 35 offspring were immediately rejected.
02:56:58: verbose- metric_tracker: Operating on 63 total designs and 14 "best fitness" designs.
02:56:58: verbose- metric_tracker: No "best fitness" expansion or contraction occurred this generation.
02:56:58: verbose- metric_tracker: Population density increased by 1.85%.
02:56:58: verbose- metric_tracker: No "best fitness" designs from the previous population are dominated by "best fitness" designs in the current population.
02:56:58: verbose- metric_tracker: Pushed metric value of 0.0184972 onto the convergence stack.
02:56:58: verbose- metric_tracker: Current max percentage progress is 514.041%.
02:56:58: quiet- duplicate_free: 35 generations so far.
02:56:58: quiet- duplicate_free: 1806 evaluations so far.
02:56:58: verbose- duplicate_free: 63 members in population so far.
02:56:58: verbose- multi_point_parameterized_binary: 26 children created.
02:56:58: verbose- offset_normal: Performed 13 total mutations.
03:18:53: verbose- below_limit: Performed 65 total selections.
03:18:53: verbose- NO_ID: 22 of 63 population members were not selected to continue.  15 of 39 offspring were immediately rejected.
03:18:53: verbose- metric_tracker: Operating on 65 total designs and 20 "best fitness" designs.
03:18:53: verbose- metric_tracker: Max "best fitness" expanse change of 13.472% found for objective "Non-Linear Minimize obj_fn_3".
03:18:53: verbose- metric_tracker: Population density increased by 30.337%.
03:18:53: verbose- metric_tracker: 42.857% of the previous "best fitness" population is dominated by designs in the current "best fitness" population.
03:18:53: verbose- metric_tracker: Pushed metric value of 0.866661 onto the convergence stack.
03:18:53: verbose- metric_tracker: Current max percentage progress is 92.495%.
03:18:53: verbose- metric_tracker: Convergence attained.
03:18:53: quiet- duplicate_free: 36 generations so far.
03:18:53: quiet- duplicate_free: 1845 evaluations so far.
03:18:53: verbose- duplicate_free: 65 members in population so far.
03:18:53: verbose- NO_ID: Reclaimed 0 optimal designs from the discards.
03:18:53: quiet- NO_ID: Reclaimed 0 optimal designs that had been selected out.
03:18:53: verbose- NO_ID: Flushed 45 dominated designs from the population.
03:18:53: quiet- NO_ID: Ran 36 total generations.
03:18:53: quiet- NO_ID: Final population size = 20
03:18:53: verbose- NO_ID: Wrote designs file ".//finaldata1.dat".
03:18:53: verbose- NO_ID: Wrote designs file ".//discards.dat".
03:18:53: quiet- JEGA Front End: NO_ID execution took 15.07 seconds.
03:18:53: quiet- JEGA Front End: Execution took 15.07 seconds.
03:18:53: verbose- NO_ID: algorithm execution completed. 20 solutions found. Passing them back to DAKOTA.
03:18:53: quiet- NO_ID: find optimum completed and all results have been passed back to DAKOTA.


03:18:53: quiet- NO_ID: goodbye!


