JEGA Genetic Algorithm Optimization Software v2.7.0
Run started Wed Jun 12 22:53:08 2019

Global Log initialized using "verbose" as default level.
Global Log logging to file JEGAGlobal.log
Global Log logging to console window
22:53:08: quiet- JEGA Front End: Random seed = 1560484388
22:53:08: verbose- Design Target: Design variable DAKOTA_RC_1 added.  1 design variables now in target.
22:53:08: verbose- Design Target: Design variable DAKOTA_RC_2 added.  2 design variables now in target.
22:53:08: verbose- Design Target: Design variable DAKOTA_RC_3 added.  3 design variables now in target.
22:53:08: verbose- Design Target: Design variable DAKOTA_RC_4 added.  4 design variables now in target.
22:53:08: verbose- Design Target: Design variable DAKOTA_RC_5 added.  5 design variables now in target.
22:53:08: verbose- Design Target: Design variable DAKOTA_RC_6 added.  6 design variables now in target.
22:53:08: verbose- Design Target: Design variable DAKOTA_RC_7 added.  7 design variables now in target.
22:53:08: verbose- Design Target: Design variable DAKOTA_RC_8 added.  8 design variables now in target.
22:53:08: verbose- Design Target: Design variable DAKOTA_RC_9 added.  9 design variables now in target.
22:53:08: verbose- Design Target: Design variable DAKOTA_EP_1 added.  10 design variables now in target.
22:53:08: verbose- Design Target: Objective Non-Linear Minimize obj_fn_1 added.  1 objectives now in target.
22:53:08: verbose- Design Target: Objective Non-Linear Minimize obj_fn_2 added.  2 objectives now in target.
22:53:08: verbose- Design Target: Objective Non-Linear Minimize obj_fn_3 added.  3 objectives now in target.
22:53:08: verbose- JEGA Front End: Creating a MOGA
22:53:08: debug-  Matching Group: Trying "Domination Count Operator Group".
22:53:08: verbose- Domination Count Operator Group: Contains Converger "metric_tracker".
22:53:08: verbose- Domination Count Operator Group: Contains Crosser "multi_point_parameterized_binary".
22:53:08: verbose- Domination Count Operator Group: Contains FitnessAssessor "domination_count".
22:53:08: verbose- Domination Count Operator Group: Contains Initializer "unique_random".
22:53:08: verbose- Domination Count Operator Group: Contains MainLoop "duplicate_free".
22:53:08: verbose- Domination Count Operator Group: Contains Mutator "offset_normal".
22:53:08: verbose- Domination Count Operator Group: Contains Selector "below_limit".
22:53:08: verbose- Domination Count Operator Group: Contains PostProcessor "null_postprocessor".
22:53:08: verbose- Domination Count Operator Group: Contains NichePressureApplicator "null_niching".
22:53:08: debug-  Matching Group: "Domination Count Operator Group" match succeeded.
22:53:08: quiet- : Matched new set to a group that is not the current group.  Adopting the new group.
22:53:08: verbose- Domination Count Operator Group: Contains Converger "metric_tracker".
22:53:08: verbose- Domination Count Operator Group: Contains Crosser "multi_point_parameterized_binary".
22:53:08: verbose- Domination Count Operator Group: Contains FitnessAssessor "domination_count".
22:53:08: verbose- Domination Count Operator Group: Contains Initializer "unique_random".
22:53:08: verbose- Domination Count Operator Group: Contains MainLoop "duplicate_free".
22:53:08: verbose- Domination Count Operator Group: Contains Mutator "offset_normal".
22:53:08: verbose- Domination Count Operator Group: Contains Selector "below_limit".
22:53:08: verbose- Domination Count Operator Group: Contains PostProcessor "null_postprocessor".
22:53:08: verbose- Domination Count Operator Group: Contains NichePressureApplicator "null_niching".
22:53:08: verbose- NO_ID: The name of this GA is now NO_ID
22:53:08: verbose- NO_ID: The print each population flag is now set to 0
22:53:08: verbose- NO_ID: The print final data flag is now set to 1
22:53:08: verbose- NO_ID: The print discards flag is now set to 1
22:53:08: verbose- NO_ID: The name of the file to which final data will be written is now finaldata1.dat
22:53:08: verbose- NO_ID: The data directory is now set to ./
22:53:08: verbose- metric_tracker: Number of generations tracked now = 10
22:53:08: verbose- metric_tracker: Max allowable % change now = 1
22:53:08: verbose- metric_tracker: Maximum allowable generations now = 100
22:53:08: verbose- metric_tracker: Maximum allowable evaluations now = 20000
22:53:08: quiet- Error encountered while retrieving parameter named "method.max_time" of type "d" from parameter database reading: Parameter not found for tag: method.max_time
22:53:08: verbose- metric_tracker: The maximum allowable amount of time was not found in the parameter database.  Using the current value of 1.79769e+308
22:53:08: verbose- metric_tracker: Maximum allowable time now = 1.79769e+308 seconds 
22:53:08: quiet- Error encountered while retrieving parameter named "method.jega.num_cross_points" of type "St6vectorIiSaIiEE" from parameter database reading: Parameter not found for tag: method.jega.num_cross_points
22:53:08: verbose- multi_point_parameterized_binary: The number of crossover points for each variable were not found in the parameter database.  Checking for a single value.
22:53:08: verbose- multi_point_parameterized_binary: Number of crossover points now = 2
22:53:08: verbose- multi_point_parameterized_binary: Crossover rate now = 0.4
22:53:08: verbose- multi_point_parameterized_binary: Number of crossover points for variable "DAKOTA_RC_1" now = 2.
22:53:08: verbose- multi_point_parameterized_binary: Number of crossover points for variable "DAKOTA_RC_2" now = 2.
22:53:08: verbose- multi_point_parameterized_binary: Number of crossover points for variable "DAKOTA_RC_3" now = 2.
22:53:08: verbose- multi_point_parameterized_binary: Number of crossover points for variable "DAKOTA_RC_4" now = 2.
22:53:08: verbose- multi_point_parameterized_binary: Number of crossover points for variable "DAKOTA_RC_5" now = 2.
22:53:08: verbose- multi_point_parameterized_binary: Number of crossover points for variable "DAKOTA_RC_6" now = 2.
22:53:08: verbose- multi_point_parameterized_binary: Number of crossover points for variable "DAKOTA_RC_7" now = 2.
22:53:08: verbose- multi_point_parameterized_binary: Number of crossover points for variable "DAKOTA_RC_8" now = 2.
22:53:08: verbose- multi_point_parameterized_binary: Number of crossover points for variable "DAKOTA_RC_9" now = 2.
22:53:08: verbose- multi_point_parameterized_binary: Number of crossover points for variable "DAKOTA_EP_1" now = 2.
22:53:08: verbose- DAKOTA JEGA Evaluator: Maximum allowable evaluations now = 20000
22:53:08: verbose- DAKOTA JEGA Evaluator: The evaluation concurrency is now 1
22:53:08: verbose- unique_random: Desired initial population size now = 250
22:53:08: verbose- null_niching: Niched design caching now set to true.
22:53:08: quiet- Error encountered while retrieving parameter named "method.jega.max_niche_cache_size" of type "m" from parameter database reading: Parameter not found for tag: method.jega.max_niche_cache_size
22:53:08: verbose- null_niching: The max niche cache size value was not found in the parameter database.  Using the current value of 1
22:53:08: verbose- null_niching: Niched design caching max size now set to 18446744073709551615.
22:53:08: verbose- offset_normal: Offset range now = 0.05
22:53:08: verbose- offset_normal: Mutation rate now = 0.2
22:53:08: verbose- below_limit: Limiting value now = 6
22:53:08: verbose- below_limit: Shrinkage percentage now = 0.3
22:53:08: verbose- below_limit: Minimum selections now = 2
22:53:08: verbose- NO_ID: About to perform algorithm execution.
22:53:08: verbose- unique_random: 250 unique random designs created.
03:34:03: verbose- below_limit: Performed 75 total selections.
03:34:03: verbose- NO_ID: 175 of 250 population members were not selected to continue.  0 of 0 offspring were immediately rejected.
03:34:03: verbose- metric_tracker: Operating on 75 total designs and 9 "best fitness" designs.
03:34:03: verbose- metric_tracker: Pushed metric value of 0 onto the convergence stack.
03:34:03: quiet- duplicate_free: 1 generation so far.
03:34:03: quiet- duplicate_free: 250 evaluations so far.
03:34:03: verbose- duplicate_free: 75 members in population so far.
03:34:03: verbose- multi_point_parameterized_binary: 30 children created.
03:34:03: quiet- offset_normal: Produced invalid  variable representation 2.00505. Mutation performed without corrective action.
03:34:03: verbose- offset_normal: Performed 15 total mutations.
03:34:03: quiet- NO_ID: Invalid value of 1.93701 found for variable DAKOTA_RC_1.  Corrected to 2.20097.
03:34:03: quiet- NO_ID: Invalid value of 2.00045 found for variable DAKOTA_RC_7.  Corrected to 1.91016.
03:34:03: quiet- NO_ID: Invalid value of 2.44156 found for variable DAKOTA_RC_9.  Corrected to 2.03022.
03:34:03: quiet- NO_ID: Invalid value of 2.41348 found for variable DAKOTA_RC_9.  Corrected to 2.01433.
03:34:03: quiet- NO_ID: Invalid value of 1.66931 found for variable DAKOTA_RC_3.  Corrected to 1.20566.
03:34:03: quiet- NO_ID: Invalid value of 2.00505 found for variable DAKOTA_RC_7.  Corrected to 1.83491.
03:34:03: quiet- NO_ID: Invalid value of 1.95817 found for variable DAKOTA_RC_9.  Corrected to 2.3755.
03:34:03: quiet- NO_ID: Invalid value of 16.307 found for variable DAKOTA_EP_1.  Corrected to 11.4712.
03:34:03: quiet- NO_ID: Invalid value of 2.2068 found for variable DAKOTA_RC_6.  Corrected to 1.91603.
03:34:03: quiet- NO_ID: Invalid value of 2.43904 found for variable DAKOTA_RC_1.  Corrected to 2.22093.
03:34:03: verbose- duplicate_free: flushed 1 duplicate offspring designs after application of the variational operators.
04:53:43: verbose- below_limit: Performed 38 total selections.
04:53:43: verbose- NO_ID: 52 of 75 population members were not selected to continue.  29 of 44 offspring were immediately rejected.
04:53:43: verbose- metric_tracker: Operating on 38 total designs and 12 "best fitness" designs.
04:53:43: verbose- metric_tracker: Max "best fitness" expanse change of -87.798% found for objective "Non-Linear Minimize obj_fn_1".
04:53:43: verbose- metric_tracker: Population density increased by 481.352%.
04:53:43: verbose- metric_tracker: 22.222% of the previous "best fitness" population is dominated by designs in the current "best fitness" population.
04:53:43: verbose- metric_tracker: Pushed metric value of 5.91373 onto the convergence stack.
04:53:43: quiet- duplicate_free: 2 generations so far.
04:53:43: quiet- duplicate_free: 294 evaluations so far.
04:53:43: verbose- duplicate_free: 38 members in population so far.
04:53:43: verbose- multi_point_parameterized_binary: 16 children created.
04:53:43: quiet- offset_normal: Produced invalid  variable representation 1.98384. Mutation performed without corrective action.
04:53:43: verbose- offset_normal: Performed 8 total mutations.
04:53:43: quiet- NO_ID: Invalid value of 1.96383 found for variable DAKOTA_RC_1.  Corrected to 2.02482.
04:53:43: quiet- NO_ID: Invalid value of 2.42986 found for variable DAKOTA_RC_8.  Corrected to 2.32233.
04:53:43: quiet- NO_ID: Invalid value of 1.9683 found for variable DAKOTA_RC_1.  Corrected to 2.21041.
04:53:43: quiet- NO_ID: Invalid value of 1.75714 found for variable DAKOTA_RC_7.  Corrected to 1.85652.
04:53:43: quiet- NO_ID: Invalid value of 2.20767 found for variable DAKOTA_RC_6.  Corrected to 1.93491.
04:53:43: quiet- NO_ID: Invalid value of 1.60948 found for variable DAKOTA_RC_3.  Corrected to 1.4976.
04:53:43: quiet- NO_ID: Invalid value of 1.58583 found for variable DAKOTA_RC_4.  Corrected to 1.94873.
04:53:43: quiet- NO_ID: Invalid value of 1.98384 found for variable DAKOTA_RC_9.  Corrected to 2.04147.
05:35:54: verbose- below_limit: Performed 30 total selections.
05:35:54: verbose- NO_ID: 18 of 38 population members were not selected to continue.  14 of 24 offspring were immediately rejected.
05:35:54: verbose- metric_tracker: Operating on 30 total designs and 15 "best fitness" designs.
05:35:54: verbose- metric_tracker: Max "best fitness" expanse change of -97.542% found for objective "Non-Linear Minimize obj_fn_3".
05:35:54: verbose- metric_tracker: Population density decreased by 21.079%.
05:35:54: verbose- metric_tracker: 25% of the previous "best fitness" population is dominated by designs in the current "best fitness" population.
05:35:54: verbose- metric_tracker: Pushed metric value of 1.43622 onto the convergence stack.
05:35:54: quiet- duplicate_free: 3 generations so far.
05:35:54: quiet- duplicate_free: 318 evaluations so far.
05:35:54: verbose- duplicate_free: 30 members in population so far.
05:35:54: verbose- multi_point_parameterized_binary: 12 children created.
05:35:54: verbose- offset_normal: Performed 6 total mutations.
05:35:54: quiet- NO_ID: Invalid value of 1.95841 found for variable DAKOTA_RC_1.  Corrected to 2.21865.
05:35:54: quiet- NO_ID: Invalid value of 1.96379 found for variable DAKOTA_RC_1.  Corrected to 2.1839.
05:35:54: quiet- NO_ID: Invalid value of 1.98936 found for variable DAKOTA_RC_9.  Corrected to 2.27469.
05:35:54: quiet- NO_ID: Invalid value of 1.68927 found for variable DAKOTA_RC_3.  Corrected to 1.3229.
05:35:54: quiet- NO_ID: Invalid value of 2.42117 found for variable DAKOTA_RC_1.  Corrected to 2.26549.
05:35:54: quiet- NO_ID: Invalid value of 2.45337 found for variable DAKOTA_RC_1.  Corrected to 2.26518.
06:12:38: verbose- below_limit: Performed 45 total selections.
06:12:38: verbose- NO_ID: 1 of 30 population members were not selected to continue.  2 of 18 offspring were immediately rejected.
06:12:38: verbose- metric_tracker: Operating on 45 total designs and 18 "best fitness" designs.
06:12:38: verbose- metric_tracker: Max "best fitness" expanse change of 0.645% found for objective "Non-Linear Minimize obj_fn_2".
06:12:38: verbose- metric_tracker: Population density increased by 49.824%.
06:12:38: verbose- metric_tracker: 13.333% of the previous "best fitness" population is dominated by designs in the current "best fitness" population.
06:12:38: verbose- metric_tracker: Pushed metric value of 0.638023 onto the convergence stack.
06:12:38: quiet- duplicate_free: 4 generations so far.
06:12:38: quiet- duplicate_free: 336 evaluations so far.
06:12:38: verbose- duplicate_free: 45 members in population so far.
06:12:38: verbose- multi_point_parameterized_binary: 18 children created.
06:12:38: verbose- offset_normal: Performed 9 total mutations.
06:12:38: quiet- NO_ID: Invalid value of 2.44559 found for variable DAKOTA_RC_9.  Corrected to 2.24525.
06:12:38: quiet- NO_ID: Invalid value of 16.2966 found for variable DAKOTA_EP_1.  Corrected to 7.7308.
06:12:38: quiet- NO_ID: Invalid value of 0.773374 found for variable DAKOTA_RC_3.  Corrected to 1.06257.
07:03:49: verbose- below_limit: Performed 60 total selections.
07:03:49: verbose- NO_ID: 4 of 45 population members were not selected to continue.  8 of 27 offspring were immediately rejected.
07:03:49: verbose- metric_tracker: Operating on 60 total designs and 25 "best fitness" designs.
07:03:49: verbose- metric_tracker: Max "best fitness" expanse change of 0.836% found for objective "Non-Linear Minimize obj_fn_2".
07:03:49: verbose- metric_tracker: Population density increased by 1174%.
07:03:49: verbose- metric_tracker: 5.556% of the previous "best fitness" population is dominated by designs in the current "best fitness" population.
07:03:49: verbose- metric_tracker: Pushed metric value of 11.8039 onto the convergence stack.
07:03:49: quiet- duplicate_free: 5 generations so far.
07:03:49: quiet- duplicate_free: 363 evaluations so far.
07:03:49: verbose- duplicate_free: 60 members in population so far.
07:03:49: verbose- multi_point_parameterized_binary: 24 children created.
07:03:49: quiet- offset_normal: Produced invalid  variable representation 2.40846. Mutation performed without corrective action.
07:03:49: verbose- offset_normal: Performed 12 total mutations.
07:03:49: quiet- NO_ID: Invalid value of 1.57088 found for variable DAKOTA_RC_2.  Corrected to 1.97827.
07:03:49: quiet- NO_ID: Invalid value of 2.20594 found for variable DAKOTA_RC_6.  Corrected to 2.19199.
07:03:49: quiet- NO_ID: Invalid value of 2.04223 found for variable DAKOTA_RC_2.  Corrected to 1.91641.
07:03:49: quiet- NO_ID: Invalid value of 2.41942 found for variable DAKOTA_RC_9.  Corrected to 2.26244.
07:03:49: quiet- NO_ID: Invalid value of 2.40846 found for variable DAKOTA_RC_9.  Corrected to 2.38522.
07:03:49: quiet- NO_ID: Invalid value of 2.40343 found for variable DAKOTA_RC_9.  Corrected to 2.15146.
07:03:49: quiet- NO_ID: Invalid value of 2.21087 found for variable DAKOTA_RC_4.  Corrected to 1.98791.
08:12:56: verbose- below_limit: Performed 68 total selections.
08:12:56: verbose- NO_ID: 8 of 60 population members were not selected to continue.  20 of 36 offspring were immediately rejected.
08:12:56: verbose- metric_tracker: Operating on 68 total designs and 24 "best fitness" designs.
08:12:56: verbose- metric_tracker: Max "best fitness" expanse change of 0.781% found for objective "Non-Linear Minimize obj_fn_3".
08:12:56: verbose- metric_tracker: Population density increased by 821.262%.
08:12:56: verbose- metric_tracker: 44% of the previous "best fitness" population is dominated by designs in the current "best fitness" population.
08:12:56: verbose- metric_tracker: Pushed metric value of 8.66043 onto the convergence stack.
08:12:56: quiet- duplicate_free: 6 generations so far.
08:12:56: quiet- duplicate_free: 399 evaluations so far.
08:12:56: verbose- duplicate_free: 68 members in population so far.
08:12:56: verbose- multi_point_parameterized_binary: 28 children created.
08:12:56: verbose- offset_normal: Performed 14 total mutations.
08:12:56: quiet- NO_ID: Invalid value of 1.57088 found for variable DAKOTA_RC_2.  Corrected to 1.90422.
08:12:56: quiet- NO_ID: Invalid value of 2.00042 found for variable DAKOTA_RC_7.  Corrected to 1.88013.
08:12:56: quiet- NO_ID: Invalid value of 2.04223 found for variable DAKOTA_RC_2.  Corrected to 1.85434.
08:12:56: quiet- NO_ID: Invalid value of 2.38207 found for variable DAKOTA_RC_6.  Corrected to 1.81522.
08:12:56: quiet- NO_ID: Invalid value of 2.31244 found for variable DAKOTA_RC_6.  Corrected to 2.11934.
08:12:56: quiet- NO_ID: Invalid value of 2.26614 found for variable DAKOTA_RC_4.  Corrected to 1.94999.
08:12:56: quiet- NO_ID: Invalid value of 1.79498 found for variable DAKOTA_RC_7.  Corrected to 1.9291.
08:12:56: quiet- NO_ID: Invalid value of 1.57429 found for variable DAKOTA_RC_4.  Corrected to 1.73622.
08:12:56: quiet- NO_ID: Invalid value of 1.795 found for variable DAKOTA_RC_7.  Corrected to 1.93082.
08:12:56: quiet- NO_ID: Invalid value of 1.79497 found for variable DAKOTA_RC_7.  Corrected to 1.81419.
08:12:56: verbose- duplicate_free: flushed 1 duplicate offspring designs after application of the variational operators.
09:22:58: verbose- below_limit: Performed 87 total selections.
09:22:58: verbose- NO_ID: 4 of 68 population members were not selected to continue.  18 of 41 offspring were immediately rejected.
09:22:58: verbose- metric_tracker: Operating on 87 total designs and 31 "best fitness" designs.
09:22:58: verbose- metric_tracker: No "best fitness" expansion or contraction occurred this generation.
09:22:58: verbose- metric_tracker: Population density decreased by 61.353%.
09:22:58: verbose- metric_tracker: 8.333% of the previous "best fitness" population is dominated by designs in the current "best fitness" population.
09:22:58: verbose- metric_tracker: Pushed metric value of 0.69686 onto the convergence stack.
09:22:58: quiet- duplicate_free: 7 generations so far.
09:22:58: quiet- duplicate_free: 440 evaluations so far.
09:22:58: verbose- duplicate_free: 87 members in population so far.
09:22:58: verbose- multi_point_parameterized_binary: 34 children created.
09:22:58: quiet- offset_normal: Produced invalid  variable representation 1.99653. Mutation performed without corrective action.
09:22:58: verbose- offset_normal: Performed 17 total mutations.
09:22:58: quiet- NO_ID: Invalid value of 1.5639 found for variable DAKOTA_RC_4.  Corrected to 1.74526.
09:22:58: quiet- NO_ID: Invalid value of 2.24127 found for variable DAKOTA_RC_6.  Corrected to 2.10196.
09:22:58: quiet- NO_ID: Invalid value of 1.57439 found for variable DAKOTA_RC_4.  Corrected to 1.87157.
09:22:58: quiet- NO_ID: Invalid value of 1.96203 found for variable DAKOTA_RC_8.  Corrected to 2.31595.
09:22:58: quiet- NO_ID: Invalid value of 2.4137 found for variable DAKOTA_RC_8.  Corrected to 2.16004.
09:22:58: quiet- NO_ID: Invalid value of 12.9422 found for variable DAKOTA_EP_1.  Corrected to 3.88963.
09:22:58: quiet- NO_ID: Invalid value of 2.41373 found for variable DAKOTA_RC_8.  Corrected to 2.23831.
09:22:58: quiet- NO_ID: Invalid value of 1.74546 found for variable DAKOTA_RC_3.  Corrected to 1.24563.
09:22:58: quiet- NO_ID: Invalid value of 2.41576 found for variable DAKOTA_RC_4.  Corrected to 2.19748.
09:22:58: quiet- NO_ID: Invalid value of 2.20058 found for variable DAKOTA_RC_5.  Corrected to 1.60794.
09:22:58: quiet- NO_ID: Invalid value of 2.42306 found for variable DAKOTA_RC_9.  Corrected to 2.06901.
09:22:58: quiet- NO_ID: Invalid value of 2.28618 found for variable DAKOTA_RC_5.  Corrected to 2.06185.
09:22:58: quiet- NO_ID: Invalid value of 1.99977 found for variable DAKOTA_RC_9.  Corrected to 2.27724.
09:22:58: quiet- NO_ID: Invalid value of 1.99653 found for variable DAKOTA_RC_9.  Corrected to 2.01645.
09:22:58: quiet- NO_ID: Invalid value of 1.98358 found for variable DAKOTA_RC_9.  Corrected to 2.22559.
10:48:19: verbose- below_limit: Performed 94 total selections.
10:48:19: verbose- NO_ID: 19 of 87 population members were not selected to continue.  25 of 51 offspring were immediately rejected.
10:48:19: verbose- metric_tracker: Operating on 94 total designs and 37 "best fitness" designs.
10:48:19: verbose- metric_tracker: Max "best fitness" expanse change of 3329.65% found for objective "Non-Linear Minimize obj_fn_3".
10:48:19: verbose- metric_tracker: Population density decreased by 80.866%.
10:48:19: verbose- metric_tracker: 25.806% of the previous "best fitness" population is dominated by designs in the current "best fitness" population.
10:48:19: verbose- metric_tracker: Pushed metric value of 34.3632 onto the convergence stack.
10:48:19: quiet- duplicate_free: 8 generations so far.
10:48:19: quiet- duplicate_free: 491 evaluations so far.
10:48:19: verbose- duplicate_free: 94 members in population so far.
10:48:19: verbose- multi_point_parameterized_binary: 38 children created.
10:48:19: verbose- offset_normal: Performed 19 total mutations.
10:48:19: quiet- NO_ID: Invalid value of 1.9624 found for variable DAKOTA_RC_1.  Corrected to 2.34249.
10:48:19: quiet- NO_ID: Invalid value of 1.74039 found for variable DAKOTA_RC_3.  Corrected to 1.09917.
10:48:19: quiet- NO_ID: Invalid value of 2.41423 found for variable DAKOTA_RC_9.  Corrected to 2.08373.
10:48:19: quiet- NO_ID: Invalid value of 1.58277 found for variable DAKOTA_RC_4.  Corrected to 2.11302.
10:48:19: quiet- NO_ID: Invalid value of 2.30425 found for variable DAKOTA_RC_6.  Corrected to 2.16508.
10:48:19: quiet- NO_ID: Invalid value of 2.44103 found for variable DAKOTA_RC_9.  Corrected to 2.12804.
10:48:19: quiet- NO_ID: Invalid value of 1.79495 found for variable DAKOTA_RC_7.  Corrected to 1.81502.
10:48:19: quiet- NO_ID: Invalid value of 2.20365 found for variable DAKOTA_RC_5.  Corrected to 1.9248.
10:48:19: quiet- NO_ID: Invalid value of 2.49179 found for variable DAKOTA_RC_4.  Corrected to 1.63991.
10:48:19: quiet- NO_ID: Invalid value of 2.25751 found for variable DAKOTA_RC_5.  Corrected to 1.82911.
10:48:19: quiet- NO_ID: Invalid value of 2.42259 found for variable DAKOTA_RC_1.  Corrected to 2.25212.
10:48:19: verbose- duplicate_free: flushed 1 duplicate offspring designs after application of the variational operators.
12:20:07: verbose- below_limit: Performed 104 total selections.
12:20:07: verbose- NO_ID: 15 of 94 population members were not selected to continue.  31 of 56 offspring were immediately rejected.
12:20:07: verbose- metric_tracker: Operating on 104 total designs and 46 "best fitness" designs.
12:20:07: verbose- metric_tracker: No "best fitness" expansion or contraction occurred this generation.
12:20:07: verbose- metric_tracker: Population density increased by 48.622%.
12:20:07: verbose- metric_tracker: 10.811% of the previous "best fitness" population is dominated by designs in the current "best fitness" population.
12:20:07: verbose- metric_tracker: Pushed metric value of 0.594331 onto the convergence stack.
12:20:07: quiet- duplicate_free: 9 generations so far.
12:20:07: quiet- duplicate_free: 547 evaluations so far.
12:20:07: verbose- duplicate_free: 104 members in population so far.
12:20:07: verbose- multi_point_parameterized_binary: 42 children created.
12:20:07: verbose- offset_normal: Performed 21 total mutations.
12:20:07: quiet- NO_ID: Invalid value of 1.55498 found for variable DAKOTA_RC_4.  Corrected to 1.9632.
12:20:07: quiet- NO_ID: Invalid value of 1.93649 found for variable DAKOTA_RC_9.  Corrected to 2.39844.
12:20:07: quiet- NO_ID: Invalid value of 2.43982 found for variable DAKOTA_RC_8.  Corrected to 2.14698.
12:20:07: quiet- NO_ID: Invalid value of 2.03501 found for variable DAKOTA_RC_2.  Corrected to 1.6722.
12:20:07: quiet- NO_ID: Invalid value of 2.24869 found for variable DAKOTA_RC_6.  Corrected to 1.86864.
12:20:07: quiet- NO_ID: Invalid value of 2.45543 found for variable DAKOTA_RC_8.  Corrected to 2.3042.
12:20:07: quiet- NO_ID: Invalid value of 2.42343 found for variable DAKOTA_RC_8.  Corrected to 2.33912.
12:20:07: quiet- NO_ID: Invalid value of 13.0096 found for variable DAKOTA_EP_1.  Corrected to 0.97063.
12:20:07: quiet- NO_ID: Invalid value of 1.56567 found for variable DAKOTA_RC_5.  Corrected to 2.13601.
12:20:07: quiet- NO_ID: Invalid value of 2.27669 found for variable DAKOTA_RC_5.  Corrected to 1.90365.
12:20:07: quiet- NO_ID: Invalid value of 2.41533 found for variable DAKOTA_RC_9.  Corrected to 2.37446.
12:20:07: quiet- NO_ID: Invalid value of 1.7449 found for variable DAKOTA_RC_7.  Corrected to 1.81703.
12:20:07: quiet- NO_ID: Invalid value of 12.1023 found for variable DAKOTA_EP_1.  Corrected to 9.55533.
12:20:07: quiet- NO_ID: Invalid value of 2.20487 found for variable DAKOTA_RC_5.  Corrected to 1.89282.
12:20:07: quiet- NO_ID: Invalid value of 2.20706 found for variable DAKOTA_RC_5.  Corrected to 2.04806.
12:20:07: quiet- NO_ID: Invalid value of 2.42468 found for variable DAKOTA_RC_9.  Corrected to 2.14859.
12:20:07: quiet- NO_ID: Invalid value of 1.5709 found for variable DAKOTA_RC_2.  Corrected to 1.89961.
12:20:07: quiet- NO_ID: Invalid value of 2.42011 found for variable DAKOTA_RC_1.  Corrected to 2.1242.
12:20:07: quiet- NO_ID: Invalid value of 2.53661 found for variable DAKOTA_RC_4.  Corrected to 2.03156.
12:20:07: quiet- NO_ID: Invalid value of 2.24823 found for variable DAKOTA_RC_5.  Corrected to 1.63639.
12:20:07: quiet- NO_ID: Invalid value of 2.45403 found for variable DAKOTA_RC_1.  Corrected to 2.38635.
14:24:53: verbose- below_limit: Performed 124 total selections.
14:24:53: verbose- NO_ID: 9 of 104 population members were not selected to continue.  34 of 63 offspring were immediately rejected.
14:24:53: verbose- metric_tracker: Operating on 124 total designs and 48 "best fitness" designs.
14:24:53: verbose- metric_tracker: No "best fitness" expansion or contraction occurred this generation.
14:24:53: verbose- metric_tracker: Population density increased by 19.231%.
14:24:53: verbose- metric_tracker: 19.565% of the previous "best fitness" population is dominated by designs in the current "best fitness" population.
14:24:53: verbose- metric_tracker: Pushed metric value of 0.38796 onto the convergence stack.
14:24:53: verbose- metric_tracker: Current max percentage progress is 3436.32%.
14:24:53: quiet- duplicate_free: 10 generations so far.
14:24:53: quiet- duplicate_free: 610 evaluations so far.
14:24:53: verbose- duplicate_free: 124 members in population so far.
14:24:53: verbose- multi_point_parameterized_binary: 50 children created.
14:24:53: verbose- offset_normal: Performed 25 total mutations.
14:24:53: quiet- NO_ID: Invalid value of 2.24125 found for variable DAKOTA_RC_6.  Corrected to 2.03288.
14:24:53: quiet- NO_ID: Invalid value of 2.30078 found for variable DAKOTA_RC_6.  Corrected to 1.8992.
14:24:53: quiet- NO_ID: Invalid value of 1.57437 found for variable DAKOTA_RC_5.  Corrected to 2.19403.
14:24:53: quiet- NO_ID: Invalid value of 1.7564 found for variable DAKOTA_RC_7.  Corrected to 1.86535.
14:24:53: quiet- NO_ID: Invalid value of 2.28693 found for variable DAKOTA_RC_5.  Corrected to 1.80122.
14:24:53: quiet- NO_ID: Invalid value of 2.41487 found for variable DAKOTA_RC_9.  Corrected to 2.0918.
14:24:53: quiet- NO_ID: Invalid value of 1.71957 found for variable DAKOTA_RC_3.  Corrected to 0.846913.
14:24:53: quiet- NO_ID: Invalid value of 12.1606 found for variable DAKOTA_EP_1.  Corrected to 10.088.
14:24:53: quiet- NO_ID: Invalid value of 2.24603 found for variable DAKOTA_RC_4.  Corrected to 1.84376.
14:24:53: quiet- NO_ID: Invalid value of 2.32346 found for variable DAKOTA_RC_5.  Corrected to 1.87815.
14:24:53: quiet- NO_ID: Invalid value of 2.24218 found for variable DAKOTA_RC_5.  Corrected to 2.1418.
14:24:53: quiet- NO_ID: Invalid value of 2.5252 found for variable DAKOTA_RC_4.  Corrected to 1.71585.
16:43:38: verbose- below_limit: Performed 149 total selections.
16:43:38: verbose- NO_ID: 14 of 124 population members were not selected to continue.  36 of 75 offspring were immediately rejected.
16:43:38: verbose- metric_tracker: Operating on 149 total designs and 57 "best fitness" designs.
16:43:38: verbose- metric_tracker: No "best fitness" expansion or contraction occurred this generation.
16:43:38: verbose- metric_tracker: Population density increased by 20.161%.
16:43:38: verbose- metric_tracker: 10.417% of the previous "best fitness" population is dominated by designs in the current "best fitness" population.
16:43:38: verbose- metric_tracker: Pushed metric value of 0.30578 onto the convergence stack.
16:43:38: verbose- metric_tracker: Current max percentage progress is 3436.32%.
16:43:38: quiet- duplicate_free: 11 generations so far.
16:43:38: quiet- duplicate_free: 685 evaluations so far.
16:43:38: verbose- duplicate_free: 149 members in population so far.
16:43:38: verbose- multi_point_parameterized_binary: 60 children created.
16:43:38: verbose- offset_normal: Performed 30 total mutations.
16:43:38: quiet- NO_ID: Invalid value of 1.96149 found for variable DAKOTA_RC_1.  Corrected to 2.35939.
16:43:38: quiet- NO_ID: Invalid value of 1.94775 found for variable DAKOTA_RC_9.  Corrected to 2.2238.
16:43:38: quiet- NO_ID: Invalid value of 2.21311 found for variable DAKOTA_RC_6.  Corrected to 2.17592.
16:43:38: quiet- NO_ID: Invalid value of 1.75382 found for variable DAKOTA_RC_3.  Corrected to 1.28446.
16:43:38: quiet- NO_ID: Invalid value of 2.25522 found for variable DAKOTA_RC_6.  Corrected to 1.83301.
16:43:38: quiet- NO_ID: Invalid value of 2.43527 found for variable DAKOTA_RC_8.  Corrected to 2.31216.
16:43:38: quiet- NO_ID: Invalid value of 0.778797 found for variable DAKOTA_RC_3.  Corrected to 1.56361.
16:43:38: quiet- NO_ID: Invalid value of 1.57854 found for variable DAKOTA_RC_2.  Corrected to 1.73561.
16:43:38: quiet- NO_ID: Invalid value of 2.54088 found for variable DAKOTA_RC_5.  Corrected to 1.97499.
16:43:38: quiet- NO_ID: Invalid value of 1.61741 found for variable DAKOTA_RC_3.  Corrected to 0.979099.
16:43:38: quiet- NO_ID: Invalid value of 1.5634 found for variable DAKOTA_RC_5.  Corrected to 1.86565.
16:43:38: quiet- NO_ID: Invalid value of 2.4289 found for variable DAKOTA_RC_8.  Corrected to 2.34719.
16:43:38: quiet- NO_ID: Invalid value of 1.79476 found for variable DAKOTA_RC_7.  Corrected to 1.96695.
16:43:38: quiet- NO_ID: Invalid value of 2.24119 found for variable DAKOTA_RC_4.  Corrected to 1.955.
16:43:38: quiet- NO_ID: Invalid value of 2.4525 found for variable DAKOTA_RC_1.  Corrected to 2.23398.
16:43:38: quiet- NO_ID: Invalid value of 2.453 found for variable DAKOTA_RC_1.  Corrected to 2.23867.
16:43:38: quiet- NO_ID: Invalid value of 2.32346 found for variable DAKOTA_RC_5.  Corrected to 1.801.
19:26:59: verbose- below_limit: Performed 178 total selections.
19:26:59: verbose- NO_ID: 18 of 149 population members were not selected to continue.  43 of 90 offspring were immediately rejected.
19:26:59: verbose- metric_tracker: Operating on 178 total designs and 74 "best fitness" designs.
19:26:59: verbose- metric_tracker: No "best fitness" expansion or contraction occurred this generation.
19:26:59: verbose- metric_tracker: Population density increased by 19.463%.
19:26:59: verbose- metric_tracker: 5.263% of the previous "best fitness" population is dominated by designs in the current "best fitness" population.
19:26:59: verbose- metric_tracker: Pushed metric value of 0.247262 onto the convergence stack.
19:26:59: verbose- metric_tracker: Current max percentage progress is 3436.32%.
19:26:59: quiet- duplicate_free: 12 generations so far.
19:26:59: quiet- duplicate_free: 775 evaluations so far.
19:26:59: verbose- duplicate_free: 178 members in population so far.
19:26:59: verbose- multi_point_parameterized_binary: 72 children created.
19:26:59: quiet- offset_normal: Produced invalid  variable representation 1.60917. Mutation performed without corrective action.
19:26:59: quiet- offset_normal: Produced invalid  variable representation 1.56839. Mutation performed without corrective action.
19:26:59: quiet- offset_normal: Produced invalid  variable representation 1.59745. Mutation performed without corrective action.
19:26:59: quiet- offset_normal: Produced invalid  variable representation 2.40889. Mutation performed without corrective action.
19:26:59: quiet- offset_normal: Produced invalid  variable representation 1.57207. Mutation performed without corrective action.
19:26:59: verbose- offset_normal: Performed 36 total mutations.
19:26:59: quiet- NO_ID: Invalid value of 1.96263 found for variable DAKOTA_RC_1.  Corrected to 2.21583.
19:26:59: quiet- NO_ID: Invalid value of 2.43415 found for variable DAKOTA_RC_8.  Corrected to 2.18335.
19:26:59: quiet- NO_ID: Invalid value of 2.3022 found for variable DAKOTA_RC_6.  Corrected to 1.80554.
19:26:59: quiet- NO_ID: Invalid value of 1.97528 found for variable DAKOTA_RC_8.  Corrected to 2.22167.
19:26:59: quiet- NO_ID: Invalid value of 12.507 found for variable DAKOTA_EP_1.  Corrected to 9.32788.
19:26:59: quiet- NO_ID: Invalid value of 1.60917 found for variable DAKOTA_RC_3.  Corrected to 1.21344.
19:26:59: quiet- NO_ID: Invalid value of 2.23908 found for variable DAKOTA_RC_6.  Corrected to 1.85397.
19:26:59: quiet- NO_ID: Invalid value of 2.41972 found for variable DAKOTA_RC_8.  Corrected to 2.17381.
19:26:59: quiet- NO_ID: Invalid value of 1.56839 found for variable DAKOTA_RC_5.  Corrected to 2.05369.
19:26:59: quiet- NO_ID: Invalid value of 1.59745 found for variable DAKOTA_RC_5.  Corrected to 1.65247.
19:26:59: quiet- NO_ID: Invalid value of 1.59286 found for variable DAKOTA_RC_5.  Corrected to 2.14587.
19:26:59: quiet- NO_ID: Invalid value of 2.23516 found for variable DAKOTA_RC_6.  Corrected to 2.17786.
19:26:59: quiet- NO_ID: Invalid value of 1.57816 found for variable DAKOTA_RC_4.  Corrected to 1.68389.
19:26:59: quiet- NO_ID: Invalid value of 12.1023 found for variable DAKOTA_EP_1.  Corrected to 6.80392.
19:26:59: quiet- NO_ID: Invalid value of 2.30425 found for variable DAKOTA_RC_6.  Corrected to 2.0073.
19:26:59: quiet- NO_ID: Invalid value of 2.40889 found for variable DAKOTA_RC_8.  Corrected to 2.21937.
19:26:59: quiet- NO_ID: Invalid value of 2.43006 found for variable DAKOTA_RC_8.  Corrected to 2.19899.
19:26:59: quiet- NO_ID: Invalid value of 1.71515 found for variable DAKOTA_RC_3.  Corrected to 1.30455.
19:26:59: quiet- NO_ID: Invalid value of 2.20877 found for variable DAKOTA_RC_5.  Corrected to 1.73658.
19:26:59: quiet- NO_ID: Invalid value of 2.27618 found for variable DAKOTA_RC_5.  Corrected to 1.90947.
19:26:59: quiet- NO_ID: Invalid value of 16.2966 found for variable DAKOTA_EP_1.  Corrected to 7.23871.
19:26:59: quiet- NO_ID: Invalid value of 2.4216 found for variable DAKOTA_RC_8.  Corrected to 2.22579.
19:26:59: quiet- NO_ID: Invalid value of 1.57207 found for variable DAKOTA_RC_2.  Corrected to 1.67182.
19:26:59: quiet- NO_ID: Invalid value of 1.55872 found for variable DAKOTA_RC_2.  Corrected to 1.94327.
19:26:59: quiet- NO_ID: Invalid value of 0.793869 found for variable DAKOTA_RC_3.  Corrected to 0.937932.
19:26:59: quiet- NO_ID: Invalid value of 2.50318 found for variable DAKOTA_RC_4.  Corrected to 2.08439.
19:26:59: quiet- NO_ID: Invalid value of 1.75893 found for variable DAKOTA_RC_7.  Corrected to 1.88869.
19:26:59: quiet- NO_ID: Invalid value of 2.27061 found for variable DAKOTA_RC_4.  Corrected to 2.13904.
19:26:59: quiet- NO_ID: Invalid value of 12.142 found for variable DAKOTA_EP_1.  Corrected to 2.60496.
19:26:59: quiet- NO_ID: Invalid value of 2.52726 found for variable DAKOTA_RC_4.  Corrected to 1.99756.
19:26:59: quiet- NO_ID: Invalid value of 2.21361 found for variable DAKOTA_RC_5.  Corrected to 1.91956.
19:26:59: quiet- NO_ID: Invalid value of 1.96203 found for variable DAKOTA_RC_8.  Corrected to 2.30266.
19:26:59: quiet- NO_ID: Invalid value of 2.45305 found for variable DAKOTA_RC_1.  Corrected to 2.0484.
19:26:59: quiet- NO_ID: Invalid value of 12.0302 found for variable DAKOTA_EP_1.  Corrected to 6.55728.
19:26:59: quiet- NO_ID: Invalid value of 2.45334 found for variable DAKOTA_RC_1.  Corrected to 2.12433.
19:26:59: verbose- duplicate_free: flushed 1 duplicate offspring designs after application of the variational operators.
19:26:59: verbose- duplicate_free: flushed 1 offspring designs that duplicate existing population members.
22:14:07: verbose- below_limit: Performed 212 total selections.
22:14:07: verbose- NO_ID: 19 of 178 population members were not selected to continue.  53 of 106 offspring were immediately rejected.
22:14:07: verbose- metric_tracker: Operating on 212 total designs and 74 "best fitness" designs.
22:14:07: verbose- metric_tracker: Max "best fitness" expanse change of -27.689% found for objective "Non-Linear Minimize obj_fn_1".
22:14:07: verbose- metric_tracker: Population density increased by 19.101%.
22:14:07: verbose- metric_tracker: 24.324% of the previous "best fitness" population is dominated by designs in the current "best fitness" population.
22:14:07: verbose- metric_tracker: Pushed metric value of 0.711149 onto the convergence stack.
22:14:07: verbose- metric_tracker: Current max percentage progress is 3436.32%.
22:14:07: quiet- duplicate_free: 13 generations so far.
22:14:07: quiet- duplicate_free: 881 evaluations so far.
22:14:07: verbose- duplicate_free: 212 members in population so far.
22:14:07: verbose- multi_point_parameterized_binary: 84 children created.
22:14:07: quiet- offset_normal: Produced invalid  variable representation 1.60347. Mutation performed without corrective action.
22:14:07: verbose- offset_normal: Performed 42 total mutations.
22:14:07: quiet- NO_ID: Invalid value of 1.96558 found for variable DAKOTA_RC_1.  Corrected to 2.05051.
22:14:07: quiet- NO_ID: Invalid value of 1.97103 found for variable DAKOTA_RC_1.  Corrected to 2.07769.
22:14:07: quiet- NO_ID: Invalid value of 1.55536 found for variable DAKOTA_RC_5.  Corrected to 1.907.
22:14:07: quiet- NO_ID: Invalid value of 2.43175 found for variable DAKOTA_RC_8.  Corrected to 2.286.
22:14:07: quiet- NO_ID: Invalid value of 2.04393 found for variable DAKOTA_RC_2.  Corrected to 1.74603.
22:14:07: quiet- NO_ID: Invalid value of 1.57097 found for variable DAKOTA_RC_4.  Corrected to 1.82787.
22:14:07: quiet- NO_ID: Invalid value of 2.24018 found for variable DAKOTA_RC_6.  Corrected to 2.16708.
22:14:07: quiet- NO_ID: Invalid value of 1.60347 found for variable DAKOTA_RC_3.  Corrected to 1.09665.
22:14:07: quiet- NO_ID: Invalid value of 16.6616 found for variable DAKOTA_EP_1.  Corrected to 10.1959.
22:14:07: quiet- NO_ID: Invalid value of 2.30073 found for variable DAKOTA_RC_6.  Corrected to 1.90691.
22:14:07: quiet- NO_ID: Invalid value of 13.2538 found for variable DAKOTA_EP_1.  Corrected to 5.94854.
22:14:07: quiet- NO_ID: Invalid value of 2.43006 found for variable DAKOTA_RC_8.  Corrected to 2.06965.
22:14:07: quiet- NO_ID: Invalid value of 1.96311 found for variable DAKOTA_RC_8.  Corrected to 2.14143.
22:14:07: quiet- NO_ID: Invalid value of 2.42316 found for variable DAKOTA_RC_9.  Corrected to 2.28512.
22:14:07: quiet- NO_ID: Invalid value of 1.55862 found for variable DAKOTA_RC_2.  Corrected to 1.77275.
22:14:07: quiet- NO_ID: Invalid value of 2.47541 found for variable DAKOTA_RC_4.  Corrected to 1.76982.
22:14:07: quiet- NO_ID: Invalid value of 12.1023 found for variable DAKOTA_EP_1.  Corrected to 8.7377.
22:14:07: quiet- NO_ID: Invalid value of 2.27245 found for variable DAKOTA_RC_5.  Corrected to 2.04921.
22:14:07: quiet- NO_ID: Invalid value of 2.42789 found for variable DAKOTA_RC_8.  Corrected to 2.04971.
22:14:07: quiet- NO_ID: Invalid value of 1.74118 found for variable DAKOTA_RC_3.  Corrected to 1.16126.
22:14:07: quiet- NO_ID: Invalid value of 1.76541 found for variable DAKOTA_RC_7.  Corrected to 1.99246.
22:14:07: quiet- NO_ID: Invalid value of 12.4594 found for variable DAKOTA_EP_1.  Corrected to 2.8902.
22:14:07: quiet- NO_ID: Invalid value of 2.45287 found for variable DAKOTA_RC_8.  Corrected to 2.30777.
22:14:07: quiet- NO_ID: Invalid value of 1.5471 found for variable DAKOTA_RC_2.  Corrected to 1.88977.
22:14:07: quiet- NO_ID: Invalid value of 2.24873 found for variable DAKOTA_RC_4.  Corrected to 1.90005.
22:14:07: quiet- NO_ID: Invalid value of 2.30403 found for variable DAKOTA_RC_4.  Corrected to 2.11791.
22:14:07: quiet- NO_ID: Invalid value of 2.4306 found for variable DAKOTA_RC_8.  Corrected to 2.33758.
22:14:07: quiet- NO_ID: Invalid value of 2.43661 found for variable DAKOTA_RC_1.  Corrected to 2.36569.
22:14:07: quiet- NO_ID: Invalid value of 2.45249 found for variable DAKOTA_RC_1.  Corrected to 2.21366.
22:14:07: quiet- NO_ID: Invalid value of 1.78968 found for variable DAKOTA_RC_7.  Corrected to 1.9239.
22:14:07: quiet- NO_ID: Invalid value of 2.45575 found for variable DAKOTA_RC_1.  Corrected to 2.22358.
01:50:13: verbose- below_limit: Performed 257 total selections.
01:50:13: verbose- NO_ID: 16 of 212 population members were not selected to continue.  65 of 126 offspring were immediately rejected.
01:50:13: verbose- metric_tracker: Operating on 257 total designs and 80 "best fitness" designs.
01:50:13: verbose- metric_tracker: Max "best fitness" expanse change of 38.836% found for objective "Non-Linear Minimize obj_fn_3".
01:50:13: verbose- metric_tracker: Population density decreased by 29.512%.
01:50:13: verbose- metric_tracker: 16.216% of the previous "best fitness" population is dominated by designs in the current "best fitness" population.
01:50:13: verbose- metric_tracker: Pushed metric value of 0.845642 onto the convergence stack.
01:50:13: verbose- metric_tracker: Current max percentage progress is 3436.32%.
01:50:13: quiet- duplicate_free: 14 generations so far.
01:50:13: quiet- duplicate_free: 1007 evaluations so far.
01:50:13: verbose- duplicate_free: 257 members in population so far.
01:50:13: verbose- multi_point_parameterized_binary: 102 children created.
01:50:13: verbose- offset_normal: Performed 51 total mutations.
01:50:13: quiet- NO_ID: Invalid value of 2.30322 found for variable DAKOTA_RC_6.  Corrected to 1.96162.
01:50:13: quiet- NO_ID: Invalid value of 2.30497 found for variable DAKOTA_RC_6.  Corrected to 1.90057.
01:50:13: quiet- NO_ID: Invalid value of 2.30514 found for variable DAKOTA_RC_6.  Corrected to 2.13219.
01:50:13: quiet- NO_ID: Invalid value of 2.45543 found for variable DAKOTA_RC_8.  Corrected to 2.10519.
01:50:13: quiet- NO_ID: Invalid value of 12.1674 found for variable DAKOTA_EP_1.  Corrected to 1.11889.
01:50:13: quiet- NO_ID: Invalid value of 16.0935 found for variable DAKOTA_EP_1.  Corrected to 0.083444.
01:50:13: quiet- NO_ID: Invalid value of 1.71957 found for variable DAKOTA_RC_3.  Corrected to 1.08794.
01:50:13: quiet- NO_ID: Invalid value of 2.30322 found for variable DAKOTA_RC_6.  Corrected to 1.93965.
01:50:13: quiet- NO_ID: Invalid value of 2.27212 found for variable DAKOTA_RC_6.  Corrected to 1.88323.
01:50:13: quiet- NO_ID: Invalid value of 2.04391 found for variable DAKOTA_RC_2.  Corrected to 1.75127.
01:50:13: quiet- NO_ID: Invalid value of 2.30329 found for variable DAKOTA_RC_6.  Corrected to 2.17532.
01:50:13: quiet- NO_ID: Invalid value of 1.55305 found for variable DAKOTA_RC_4.  Corrected to 2.02325.
01:50:13: quiet- NO_ID: Invalid value of 1.93883 found for variable DAKOTA_RC_9.  Corrected to 2.15462.
01:50:13: quiet- NO_ID: Invalid value of 2.28307 found for variable DAKOTA_RC_5.  Corrected to 2.00443.
01:50:13: quiet- NO_ID: Invalid value of 2.45105 found for variable DAKOTA_RC_8.  Corrected to 2.18053.
01:50:13: quiet- NO_ID: Invalid value of 12.1822 found for variable DAKOTA_EP_1.  Corrected to 9.29237.
01:50:13: quiet- NO_ID: Invalid value of 12.1568 found for variable DAKOTA_EP_1.  Corrected to 4.61656.
01:50:13: quiet- NO_ID: Invalid value of 1.5743 found for variable DAKOTA_RC_4.  Corrected to 2.02149.
01:50:13: quiet- NO_ID: Invalid value of 16.689 found for variable DAKOTA_EP_1.  Corrected to 3.18072.
01:50:13: quiet- NO_ID: Invalid value of 1.56604 found for variable DAKOTA_RC_5.  Corrected to 1.97773.
01:50:13: quiet- NO_ID: Invalid value of 2.27237 found for variable DAKOTA_RC_4.  Corrected to 1.9413.
01:50:13: quiet- NO_ID: Invalid value of 2.21491 found for variable DAKOTA_RC_5.  Corrected to 2.00032.
01:50:13: quiet- NO_ID: Invalid value of 1.73143 found for variable DAKOTA_RC_3.  Corrected to 1.59459.
01:50:13: quiet- NO_ID: Invalid value of 2.30491 found for variable DAKOTA_RC_4.  Corrected to 1.64374.
01:50:13: quiet- NO_ID: Invalid value of 2.04391 found for variable DAKOTA_RC_2.  Corrected to 1.76504.
01:50:13: quiet- NO_ID: Invalid value of 2.25751 found for variable DAKOTA_RC_5.  Corrected to 1.95801.
01:50:13: quiet- NO_ID: Invalid value of 2.41943 found for variable DAKOTA_RC_9.  Corrected to 2.01592.
01:50:13: quiet- NO_ID: Invalid value of 2.42048 found for variable DAKOTA_RC_1.  Corrected to 2.33668.
01:50:13: quiet- NO_ID: Invalid value of 2.45301 found for variable DAKOTA_RC_1.  Corrected to 2.3743.
01:50:13: quiet- NO_ID: Invalid value of 2.45311 found for variable DAKOTA_RC_1.  Corrected to 2.34222.
01:50:13: quiet- NO_ID: Invalid value of 2.45352 found for variable DAKOTA_RC_1.  Corrected to 2.2446.
01:50:13: verbose- duplicate_free: flushed 1 duplicate offspring designs after application of the variational operators.
01:50:13: verbose- duplicate_free: flushed 1 offspring designs that duplicate existing population members.
05:57:06: verbose- below_limit: Performed 299 total selections.
05:57:06: verbose- NO_ID: 24 of 257 population members were not selected to continue.  85 of 151 offspring were immediately rejected.
05:57:06: verbose- metric_tracker: Operating on 299 total designs and 102 "best fitness" designs.
05:57:06: verbose- metric_tracker: Max "best fitness" expanse change of 0.007% found for objective "Non-Linear Minimize obj_fn_2".
05:57:06: verbose- metric_tracker: Population density increased by 60.789%.
05:57:06: verbose- metric_tracker: 6.25% of the previous "best fitness" population is dominated by designs in the current "best fitness" population.
05:57:06: verbose- metric_tracker: Pushed metric value of 0.670454 onto the convergence stack.
05:57:06: verbose- metric_tracker: Current max percentage progress is 3436.32%.
05:57:06: quiet- duplicate_free: 15 generations so far.
05:57:06: quiet- duplicate_free: 1158 evaluations so far.
05:57:06: verbose- duplicate_free: 299 members in population so far.
05:57:06: verbose- multi_point_parameterized_binary: 120 children created.
05:57:06: quiet- offset_normal: Produced invalid  variable representation 2.21856. Mutation performed without corrective action.
05:57:06: verbose- offset_normal: Performed 60 total mutations.
05:57:06: quiet- NO_ID: Invalid value of 1.77125 found for variable DAKOTA_RC_3.  Corrected to 0.987142.
05:57:06: quiet- NO_ID: Invalid value of 2.20594 found for variable DAKOTA_RC_6.  Corrected to 1.97552.
05:57:06: quiet- NO_ID: Invalid value of 1.54629 found for variable DAKOTA_RC_2.  Corrected to 1.61645.
05:57:06: quiet- NO_ID: Invalid value of 2.25599 found for variable DAKOTA_RC_6.  Corrected to 1.9481.
05:57:06: quiet- NO_ID: Invalid value of 2.41426 found for variable DAKOTA_RC_9.  Corrected to 2.18388.
05:57:06: quiet- NO_ID: Invalid value of 2.03096 found for variable DAKOTA_RC_2.  Corrected to 1.62871.
05:57:06: quiet- NO_ID: Invalid value of 1.96165 found for variable DAKOTA_RC_9.  Corrected to 2.16302.
05:57:06: quiet- NO_ID: Invalid value of 1.59186 found for variable DAKOTA_RC_2.  Corrected to 1.78564.
05:57:06: quiet- NO_ID: Invalid value of 2.42881 found for variable DAKOTA_RC_8.  Corrected to 2.0395.
05:57:06: quiet- NO_ID: Invalid value of 16.641 found for variable DAKOTA_EP_1.  Corrected to 7.56814.
05:57:06: quiet- NO_ID: Invalid value of 1.55307 found for variable DAKOTA_RC_4.  Corrected to 1.89696.
05:57:06: quiet- NO_ID: Invalid value of 12.1617 found for variable DAKOTA_EP_1.  Corrected to 7.52565.
05:57:06: quiet- NO_ID: Invalid value of 1.5857 found for variable DAKOTA_RC_4.  Corrected to 2.19938.
05:57:06: quiet- NO_ID: Invalid value of 2.31716 found for variable DAKOTA_RC_6.  Corrected to 2.19277.
05:57:06: quiet- NO_ID: Invalid value of 2.03457 found for variable DAKOTA_RC_2.  Corrected to 1.90878.
05:57:06: quiet- NO_ID: Invalid value of 2.03373 found for variable DAKOTA_RC_2.  Corrected to 1.86352.
05:57:06: quiet- NO_ID: Invalid value of 1.55946 found for variable DAKOTA_RC_2.  Corrected to 1.62965.
05:57:06: quiet- NO_ID: Invalid value of 12.1023 found for variable DAKOTA_EP_1.  Corrected to 2.87225.
05:57:06: quiet- NO_ID: Invalid value of 1.79501 found for variable DAKOTA_RC_7.  Corrected to 1.90978.
05:57:06: quiet- NO_ID: Invalid value of 1.95971 found for variable DAKOTA_RC_9.  Corrected to 2.31073.
05:57:06: quiet- NO_ID: Invalid value of 12.2314 found for variable DAKOTA_EP_1.  Corrected to 3.64246.
05:57:06: quiet- NO_ID: Invalid value of 1.55773 found for variable DAKOTA_RC_4.  Corrected to 1.8483.
05:57:06: quiet- NO_ID: Invalid value of 1.5743 found for variable DAKOTA_RC_4.  Corrected to 1.64862.
05:57:06: quiet- NO_ID: Invalid value of 12.1023 found for variable DAKOTA_EP_1.  Corrected to 0.647802.
05:57:06: quiet- NO_ID: Invalid value of 1.79583 found for variable DAKOTA_RC_7.  Corrected to 1.85472.
05:57:06: quiet- NO_ID: Invalid value of 12.1617 found for variable DAKOTA_EP_1.  Corrected to 0.976181.
05:57:06: quiet- NO_ID: Invalid value of 2.44906 found for variable DAKOTA_RC_5.  Corrected to 2.17264.
05:57:06: quiet- NO_ID: Invalid value of 2.21856 found for variable DAKOTA_RC_5.  Corrected to 1.75616.
05:57:06: quiet- NO_ID: Invalid value of 1.76989 found for variable DAKOTA_RC_3.  Corrected to 0.933518.
05:57:06: quiet- NO_ID: Invalid value of 2.27163 found for variable DAKOTA_RC_4.  Corrected to 1.92269.
05:57:06: quiet- NO_ID: Invalid value of 2.32346 found for variable DAKOTA_RC_5.  Corrected to 1.74603.
05:57:06: quiet- NO_ID: Invalid value of 2.26151 found for variable DAKOTA_RC_5.  Corrected to 1.84049.
05:57:06: quiet- NO_ID: Invalid value of 2.49179 found for variable DAKOTA_RC_4.  Corrected to 2.18597.
05:57:06: quiet- NO_ID: Invalid value of 2.49821 found for variable DAKOTA_RC_4.  Corrected to 1.7707.
05:57:06: quiet- NO_ID: Invalid value of 2.04391 found for variable DAKOTA_RC_2.  Corrected to 1.90843.
05:57:06: quiet- NO_ID: Invalid value of 2.46297 found for variable DAKOTA_RC_4.  Corrected to 1.8618.
05:57:06: quiet- NO_ID: Invalid value of 1.57628 found for variable DAKOTA_RC_2.  Corrected to 1.74251.
05:57:06: quiet- NO_ID: Invalid value of 2.44545 found for variable DAKOTA_RC_1.  Corrected to 2.07144.
05:57:06: quiet- NO_ID: Invalid value of 1.79581 found for variable DAKOTA_RC_7.  Corrected to 1.98009.
