  2.8199083901425730E-05 obj_fn_1
  2.8447837381526299E-05 obj_fn_2
  3.2952076423752100E-03 obj_fn_3
  2.4727784327464581E-05 obj_fn_4
  9.9555940297014183E-03 obj_fn_5
  1.5679219019062653E-03 obj_fn_6
  2.8195956639087425E-03 obj_fn_7
  1.1648006108768536E-03 obj_fn_8
  1.1983816909851357E-03 obj_fn_9
  3.1070056544107747E-05 obj_fn_10
  1.3822132016504821E-01 obj_fn_11
  3.2129863951258913E-02 obj_fn_12
  1.4940130007346231E-01 obj_fn_13
  1.1935289983181310E-03 obj_fn_14
  8.4212745619509262E-03 obj_fn_15
  2.9813302217036129E-02 obj_fn_16
  6.2610990236383834E-02 obj_fn_17
  1.4171051900027858E-02 obj_fn_18
  2.6515570589476112E-03 obj_fn_19
  9.2420445044416058E-02 obj_fn_20
