  5.0872903467742312E-04 obj_fn_1
  7.5247389764918470E-03 obj_fn_2
  2.7180172055941204E-03 obj_fn_3
  4.1956257455630636E-05 obj_fn_4
  5.0061947390099993E-03 obj_fn_5
  1.2551340156713546E-03 obj_fn_6
  2.6577324187596990E-04 obj_fn_7
  7.8678407718410781E-03 obj_fn_8
  2.4691429487386559E-03 obj_fn_9
  4.1994063037144860E-03 obj_fn_10
  1.4136702456300226E-04 obj_fn_11
  4.5605358115615591E-04 obj_fn_12
  2.2336613104184519E-03 obj_fn_13
  1.3544881118808933E-03 obj_fn_14
  1.0953249305225440E-03 obj_fn_15
  3.1978501884071578E-03 obj_fn_16
  3.2067255620618900E-05 obj_fn_17
  5.8145956133865669E-03 obj_fn_18
  2.8133871370417147E+01 obj_fn_19
  3.9356444657897309E-03 obj_fn_20
  9.6129032258064143E-02 obj_fn_21
  8.7193329136618336E-01 obj_fn_22
  1.1782188560173852E-02 obj_fn_23
  4.4322585526505188E-03 obj_fn_24
  3.3407839858910798E-01 obj_fn_25
