JEGA Genetic Algorithm Optimization Software v2.7.0
Run started Thu Jun 13 17:52:24 2019

Global Log initialized using "verbose" as default level.
Global Log logging to file JEGAGlobal.log
Global Log logging to console window
17:52:24: quiet- JEGA Front End: Random seed = 1560522744
17:52:24: verbose- Design Target: Design variable DAKOTA_RC_1 added.  1 design variables now in target.
17:52:24: verbose- Design Target: Design variable DAKOTA_RC_2 added.  2 design variables now in target.
17:52:24: verbose- Design Target: Design variable DAKOTA_RC_3 added.  3 design variables now in target.
17:52:24: verbose- Design Target: Design variable DAKOTA_RC_4 added.  4 design variables now in target.
17:52:24: verbose- Design Target: Design variable DAKOTA_RC_5 added.  5 design variables now in target.
17:52:24: verbose- Design Target: Design variable DAKOTA_RC_6 added.  6 design variables now in target.
17:52:24: verbose- Design Target: Design variable DAKOTA_RC_7 added.  7 design variables now in target.
17:52:24: verbose- Design Target: Design variable DAKOTA_RC_8 added.  8 design variables now in target.
17:52:24: verbose- Design Target: Design variable DAKOTA_RC_9 added.  9 design variables now in target.
17:52:24: verbose- Design Target: Design variable DAKOTA_EP_1 added.  10 design variables now in target.
17:52:24: verbose- Design Target: Design variable DAKOTA_EP_2 added.  11 design variables now in target.
17:52:24: verbose- Design Target: Design variable DAKOTA_EP_3 added.  12 design variables now in target.
17:52:24: verbose- Design Target: Objective Non-Linear Minimize obj_fn_1 added.  1 objectives now in target.
17:52:24: verbose- Design Target: Objective Non-Linear Minimize obj_fn_2 added.  2 objectives now in target.
17:52:24: verbose- Design Target: Objective Non-Linear Minimize obj_fn_3 added.  3 objectives now in target.
17:52:24: verbose- JEGA Front End: Creating a MOGA
17:52:24: debug-  Matching Group: Trying "Domination Count Operator Group".
17:52:24: verbose- Domination Count Operator Group: Contains Converger "metric_tracker".
17:52:24: verbose- Domination Count Operator Group: Contains Crosser "multi_point_parameterized_binary".
17:52:24: verbose- Domination Count Operator Group: Contains FitnessAssessor "domination_count".
17:52:24: verbose- Domination Count Operator Group: Contains Initializer "unique_random".
17:52:24: verbose- Domination Count Operator Group: Contains MainLoop "duplicate_free".
17:52:24: verbose- Domination Count Operator Group: Contains Mutator "offset_normal".
17:52:24: verbose- Domination Count Operator Group: Contains Selector "below_limit".
17:52:24: verbose- Domination Count Operator Group: Contains PostProcessor "null_postprocessor".
17:52:24: verbose- Domination Count Operator Group: Contains NichePressureApplicator "null_niching".
17:52:24: debug-  Matching Group: "Domination Count Operator Group" match succeeded.
17:52:24: quiet- : Matched new set to a group that is not the current group.  Adopting the new group.
17:52:24: verbose- Domination Count Operator Group: Contains Converger "metric_tracker".
17:52:24: verbose- Domination Count Operator Group: Contains Crosser "multi_point_parameterized_binary".
17:52:24: verbose- Domination Count Operator Group: Contains FitnessAssessor "domination_count".
17:52:24: verbose- Domination Count Operator Group: Contains Initializer "unique_random".
17:52:24: verbose- Domination Count Operator Group: Contains MainLoop "duplicate_free".
17:52:24: verbose- Domination Count Operator Group: Contains Mutator "offset_normal".
17:52:24: verbose- Domination Count Operator Group: Contains Selector "below_limit".
17:52:24: verbose- Domination Count Operator Group: Contains PostProcessor "null_postprocessor".
17:52:24: verbose- Domination Count Operator Group: Contains NichePressureApplicator "null_niching".
17:52:24: verbose- NO_ID: The name of this GA is now NO_ID
17:52:24: verbose- NO_ID: The print each population flag is now set to 0
17:52:24: verbose- NO_ID: The print final data flag is now set to 1
17:52:24: verbose- NO_ID: The print discards flag is now set to 1
17:52:24: verbose- NO_ID: The name of the file to which final data will be written is now finaldata1.dat
17:52:24: verbose- NO_ID: The data directory is now set to ./
17:52:24: verbose- metric_tracker: Number of generations tracked now = 10
17:52:24: verbose- metric_tracker: Max allowable % change now = 1
17:52:24: verbose- metric_tracker: Maximum allowable generations now = 100
17:52:24: verbose- metric_tracker: Maximum allowable evaluations now = 20000
17:52:24: quiet- Error encountered while retrieving parameter named "method.max_time" of type "d" from parameter database reading: Parameter not found for tag: method.max_time
17:52:24: verbose- metric_tracker: The maximum allowable amount of time was not found in the parameter database.  Using the current value of 1.79769e+308
17:52:24: verbose- metric_tracker: Maximum allowable time now = 1.79769e+308 seconds 
17:52:24: quiet- Error encountered while retrieving parameter named "method.jega.num_cross_points" of type "St6vectorIiSaIiEE" from parameter database reading: Parameter not found for tag: method.jega.num_cross_points
17:52:24: verbose- multi_point_parameterized_binary: The number of crossover points for each variable were not found in the parameter database.  Checking for a single value.
17:52:24: verbose- multi_point_parameterized_binary: Number of crossover points now = 2
17:52:24: verbose- multi_point_parameterized_binary: Crossover rate now = 0.4
17:52:24: verbose- multi_point_parameterized_binary: Number of crossover points for variable "DAKOTA_RC_1" now = 2.
17:52:24: verbose- multi_point_parameterized_binary: Number of crossover points for variable "DAKOTA_RC_2" now = 2.
17:52:24: verbose- multi_point_parameterized_binary: Number of crossover points for variable "DAKOTA_RC_3" now = 2.
17:52:24: verbose- multi_point_parameterized_binary: Number of crossover points for variable "DAKOTA_RC_4" now = 2.
17:52:24: verbose- multi_point_parameterized_binary: Number of crossover points for variable "DAKOTA_RC_5" now = 2.
17:52:24: verbose- multi_point_parameterized_binary: Number of crossover points for variable "DAKOTA_RC_6" now = 2.
17:52:24: verbose- multi_point_parameterized_binary: Number of crossover points for variable "DAKOTA_RC_7" now = 2.
17:52:24: verbose- multi_point_parameterized_binary: Number of crossover points for variable "DAKOTA_RC_8" now = 2.
17:52:24: verbose- multi_point_parameterized_binary: Number of crossover points for variable "DAKOTA_RC_9" now = 2.
17:52:24: verbose- multi_point_parameterized_binary: Number of crossover points for variable "DAKOTA_EP_1" now = 2.
17:52:24: verbose- multi_point_parameterized_binary: Number of crossover points for variable "DAKOTA_EP_2" now = 2.
17:52:24: verbose- multi_point_parameterized_binary: Number of crossover points for variable "DAKOTA_EP_3" now = 2.
17:52:24: verbose- DAKOTA JEGA Evaluator: Maximum allowable evaluations now = 20000
17:52:24: verbose- DAKOTA JEGA Evaluator: The evaluation concurrency is now 1
17:52:24: verbose- unique_random: Desired initial population size now = 250
17:52:24: verbose- null_niching: Niched design caching now set to true.
17:52:24: quiet- Error encountered while retrieving parameter named "method.jega.max_niche_cache_size" of type "m" from parameter database reading: Parameter not found for tag: method.jega.max_niche_cache_size
17:52:24: verbose- null_niching: The max niche cache size value was not found in the parameter database.  Using the current value of 1
17:52:24: verbose- null_niching: Niched design caching max size now set to 18446744073709551615.
17:52:24: verbose- offset_normal: Offset range now = 0.05
17:52:24: verbose- offset_normal: Mutation rate now = 0.2
17:52:24: verbose- below_limit: Limiting value now = 6
17:52:24: verbose- below_limit: Shrinkage percentage now = 0.3
17:52:24: verbose- below_limit: Minimum selections now = 2
17:52:24: verbose- NO_ID: About to perform algorithm execution.
17:52:24: verbose- unique_random: 250 unique random designs created.
21:31:10: verbose- below_limit: Performed 75 total selections.
21:31:10: verbose- NO_ID: 175 of 250 population members were not selected to continue.  0 of 0 offspring were immediately rejected.
21:31:10: verbose- metric_tracker: Operating on 75 total designs and 27 "best fitness" designs.
21:31:10: verbose- metric_tracker: Pushed metric value of 0 onto the convergence stack.
21:31:10: quiet- duplicate_free: 1 generation so far.
21:31:10: quiet- duplicate_free: 250 evaluations so far.
21:31:10: verbose- duplicate_free: 75 members in population so far.
21:31:10: verbose- multi_point_parameterized_binary: 30 children created.
21:31:10: verbose- offset_normal: Performed 15 total mutations.
21:31:10: quiet- NO_ID: Invalid value of 2.10772 found for variable DAKOTA_RC_1.  Corrected to 2.30555.
21:31:10: quiet- NO_ID: Invalid value of 1.51187 found for variable DAKOTA_RC_3.  Corrected to 1.83174.
21:31:10: quiet- NO_ID: Invalid value of 1.95675 found for variable DAKOTA_RC_4.  Corrected to 2.22888.
21:31:10: quiet- NO_ID: Invalid value of 1.9995 found for variable DAKOTA_RC_9.  Corrected to 2.54351.
21:31:10: quiet- NO_ID: Invalid value of 1.68383 found for variable DAKOTA_RC_4.  Corrected to 2.40608.
21:31:10: quiet- NO_ID: Invalid value of 1.54709 found for variable DAKOTA_RC_2.  Corrected to 1.68346.
21:31:10: quiet- NO_ID: Invalid value of 2.70511 found for variable DAKOTA_RC_5.  Corrected to 2.47942.
21:31:10: quiet- NO_ID: Invalid value of 1.98431 found for variable DAKOTA_RC_5.  Corrected to 2.12036.
21:31:10: quiet- NO_ID: Invalid value of 1.89098 found for variable DAKOTA_RC_8.  Corrected to 2.17179.
22:17:21: verbose- below_limit: Performed 67 total selections.
22:17:21: verbose- NO_ID: 29 of 75 population members were not selected to continue.  24 of 45 offspring were immediately rejected.
22:17:21: verbose- metric_tracker: Operating on 67 total designs and 32 "best fitness" designs.
22:17:21: verbose- metric_tracker: No "best fitness" expansion or contraction occurred this generation.
22:17:21: verbose- metric_tracker: Population density decreased by 10.667%.
22:17:21: verbose- metric_tracker: 22.222% of the previous "best fitness" population is dominated by designs in the current "best fitness" population.
22:17:21: verbose- metric_tracker: Pushed metric value of 0.328889 onto the convergence stack.
22:17:21: quiet- duplicate_free: 2 generations so far.
22:17:21: quiet- duplicate_free: 295 evaluations so far.
22:17:21: verbose- duplicate_free: 67 members in population so far.
22:17:21: verbose- multi_point_parameterized_binary: 26 children created.
22:17:21: quiet- offset_normal: Produced invalid  variable representation 2.11298. Mutation performed without corrective action.
22:17:21: verbose- offset_normal: Performed 13 total mutations.
22:17:21: quiet- NO_ID: Invalid value of 1.75138 found for variable DAKOTA_RC_9.  Corrected to 2.04507.
22:17:21: quiet- NO_ID: Invalid value of 1.7346 found for variable DAKOTA_RC_6.  Corrected to 2.45297.
22:17:21: quiet- NO_ID: Invalid value of 12.1211 found for variable DAKOTA_EP_3.  Corrected to 1.66422.
22:17:21: quiet- NO_ID: Invalid value of 2.11298 found for variable DAKOTA_RC_2.  Corrected to 1.71387.
22:17:21: quiet- NO_ID: Invalid value of 1.46586 found for variable DAKOTA_RC_3.  Corrected to 2.27237.
22:54:13: verbose- below_limit: Performed 90 total selections.
22:54:13: verbose- NO_ID: 5 of 67 population members were not selected to continue.  11 of 39 offspring were immediately rejected.
22:54:13: verbose- metric_tracker: Operating on 90 total designs and 43 "best fitness" designs.
22:54:13: verbose- metric_tracker: Max "best fitness" expanse change of 0.817% found for objective "Non-Linear Minimize obj_fn_1".
22:54:13: verbose- metric_tracker: Population density increased by 34.298%.
22:54:13: verbose- metric_tracker: 15.625% of the previous "best fitness" population is dominated by designs in the current "best fitness" population.
22:54:13: verbose- metric_tracker: Pushed metric value of 0.507396 onto the convergence stack.
22:54:13: quiet- duplicate_free: 3 generations so far.
22:54:13: quiet- duplicate_free: 334 evaluations so far.
22:54:13: verbose- duplicate_free: 90 members in population so far.
22:54:13: verbose- multi_point_parameterized_binary: 36 children created.
22:54:13: verbose- offset_normal: Performed 18 total mutations.
22:54:13: quiet- NO_ID: Invalid value of 1.99766 found for variable DAKOTA_RC_1.  Corrected to 2.64551.
22:54:13: quiet- NO_ID: Invalid value of 2.19812 found for variable DAKOTA_RC_1.  Corrected to 2.41845.
22:54:13: quiet- NO_ID: Invalid value of 12.2147 found for variable DAKOTA_EP_3.  Corrected to 5.29963.
22:54:13: quiet- NO_ID: Invalid value of 1.94694 found for variable DAKOTA_RC_5.  Corrected to 2.32263.
22:54:13: quiet- NO_ID: Invalid value of 1.99877 found for variable DAKOTA_RC_7.  Corrected to 2.01232.
22:54:13: quiet- NO_ID: Invalid value of 2.70643 found for variable DAKOTA_RC_1.  Corrected to 2.20453.
23:48:22: verbose- below_limit: Performed 118 total selections.
23:48:22: verbose- NO_ID: 10 of 90 population members were not selected to continue.  16 of 54 offspring were immediately rejected.
23:48:22: verbose- metric_tracker: Operating on 118 total designs and 48 "best fitness" designs.
23:48:22: verbose- metric_tracker: Max "best fitness" expanse change of 3.137% found for objective "Non-Linear Minimize obj_fn_1".
23:48:22: verbose- metric_tracker: Population density increased by 31.111%.
23:48:22: verbose- metric_tracker: 27.907% of the previous "best fitness" population is dominated by designs in the current "best fitness" population.
23:48:22: verbose- metric_tracker: Pushed metric value of 0.621554 onto the convergence stack.
23:48:22: quiet- duplicate_free: 4 generations so far.
23:48:22: quiet- duplicate_free: 388 evaluations so far.
23:48:22: verbose- duplicate_free: 118 members in population so far.
23:48:22: verbose- multi_point_parameterized_binary: 48 children created.
23:48:22: quiet- offset_normal: Produced invalid  variable representation -0.331991. Mutation performed without corrective action.
23:48:22: verbose- offset_normal: Performed 24 total mutations.
23:48:22: quiet- NO_ID: Invalid value of 2.0355 found for variable DAKOTA_RC_1.  Corrected to 2.49719.
23:48:22: quiet- NO_ID: Invalid value of 2.71121 found for variable DAKOTA_RC_5.  Corrected to 2.59178.
23:48:22: quiet- NO_ID: Invalid value of 2.7131 found for variable DAKOTA_RC_6.  Corrected to 2.30875.
23:48:22: quiet- NO_ID: Invalid value of 1.75142 found for variable DAKOTA_RC_9.  Corrected to 2.65588.
23:48:22: quiet- NO_ID: Invalid value of 1.59858 found for variable DAKOTA_RC_3.  Corrected to 2.02213.
23:48:22: quiet- NO_ID: Invalid value of 1.93661 found for variable DAKOTA_RC_5.  Corrected to 2.34015.
23:48:22: quiet- NO_ID: Invalid value of 12.2793 found for variable DAKOTA_EP_1.  Corrected to 11.6793.
23:48:22: quiet- NO_ID: Invalid value of 1.74696 found for variable DAKOTA_RC_8.  Corrected to 2.61497.
23:48:22: quiet- NO_ID: Invalid value of 1.86058 found for variable DAKOTA_RC_6.  Corrected to 2.069.
23:48:22: quiet- NO_ID: Invalid value of 2.7178 found for variable DAKOTA_RC_6.  Corrected to 2.29357.
23:48:22: quiet- NO_ID: Invalid value of -0.331991 found for variable DAKOTA_EP_2.  Corrected to 7.64859.
23:48:22: quiet- NO_ID: Invalid value of 1.80733 found for variable DAKOTA_RC_8.  Corrected to 2.1227.
23:48:22: quiet- NO_ID: Invalid value of 2.74665 found for variable DAKOTA_RC_1.  Corrected to 2.40869.
01:03:47: verbose- below_limit: Performed 147 total selections.
01:03:47: verbose- NO_ID: 15 of 118 population members were not selected to continue.  28 of 72 offspring were immediately rejected.
01:03:47: verbose- metric_tracker: Operating on 147 total designs and 54 "best fitness" designs.
01:03:47: verbose- metric_tracker: Max "best fitness" expanse change of -37.998% found for objective "Non-Linear Minimize obj_fn_2".
01:03:47: verbose- metric_tracker: Population density increased by 18.802%.
01:03:47: verbose- metric_tracker: 20.833% of the previous "best fitness" population is dominated by designs in the current "best fitness" population.
01:03:47: verbose- metric_tracker: Pushed metric value of 0.776336 onto the convergence stack.
01:03:47: quiet- duplicate_free: 5 generations so far.
01:03:47: quiet- duplicate_free: 460 evaluations so far.
01:03:47: verbose- duplicate_free: 147 members in population so far.
01:03:47: verbose- multi_point_parameterized_binary: 58 children created.
01:03:47: verbose- offset_normal: Performed 29 total mutations.
01:03:47: quiet- NO_ID: Invalid value of 2.13457 found for variable DAKOTA_RC_1.  Corrected to 2.67107.
01:03:47: quiet- NO_ID: Invalid value of 2.18174 found for variable DAKOTA_RC_1.  Corrected to 2.47566.
01:03:47: quiet- NO_ID: Invalid value of 15.1186 found for variable DAKOTA_EP_2.  Corrected to 1.98897.
01:03:47: quiet- NO_ID: Invalid value of 2.70244 found for variable DAKOTA_RC_4.  Corrected to 2.37872.
01:03:47: quiet- NO_ID: Invalid value of 1.79772 found for variable DAKOTA_RC_7.  Corrected to 2.09903.
01:03:47: quiet- NO_ID: Invalid value of 1.93955 found for variable DAKOTA_RC_7.  Corrected to 2.1364.
01:03:47: quiet- NO_ID: Invalid value of 1.77761 found for variable DAKOTA_RC_5.  Corrected to 2.354.
01:03:47: quiet- NO_ID: Invalid value of 1.80877 found for variable DAKOTA_RC_8.  Corrected to 2.54079.
01:03:47: quiet- NO_ID: Invalid value of 1.76339 found for variable DAKOTA_RC_8.  Corrected to 2.43758.
01:03:47: quiet- NO_ID: Invalid value of 1.94679 found for variable DAKOTA_RC_7.  Corrected to 2.14189.
01:03:47: quiet- NO_ID: Invalid value of 2.76554 found for variable DAKOTA_RC_1.  Corrected to 2.42948.
02:38:19: verbose- below_limit: Performed 186 total selections.
02:38:19: verbose- NO_ID: 20 of 147 population members were not selected to continue.  28 of 87 offspring were immediately rejected.
02:38:19: verbose- metric_tracker: Operating on 186 total designs and 54 "best fitness" designs.
02:38:19: verbose- metric_tracker: Max "best fitness" expanse change of 0.02% found for objective "Non-Linear Minimize obj_fn_3".
02:38:19: verbose- metric_tracker: Population density increased by 27.909%.
02:38:19: verbose- metric_tracker: 29.63% of the previous "best fitness" population is dominated by designs in the current "best fitness" population.
02:38:19: verbose- metric_tracker: Pushed metric value of 0.57559 onto the convergence stack.
02:38:19: quiet- duplicate_free: 6 generations so far.
02:38:19: quiet- duplicate_free: 547 evaluations so far.
02:38:19: verbose- duplicate_free: 186 members in population so far.
02:38:19: verbose- multi_point_parameterized_binary: 74 children created.
02:38:19: verbose- offset_normal: Performed 37 total mutations.
02:38:19: quiet- NO_ID: Invalid value of 2.11329 found for variable DAKOTA_RC_1.  Corrected to 2.3889.
02:38:19: quiet- NO_ID: Invalid value of 2.11475 found for variable DAKOTA_RC_1.  Corrected to 2.64574.
02:38:19: quiet- NO_ID: Invalid value of 2.13092 found for variable DAKOTA_RC_1.  Corrected to 2.53434.
02:38:19: quiet- NO_ID: Invalid value of 1.61828 found for variable DAKOTA_RC_3.  Corrected to 2.24751.
02:38:19: quiet- NO_ID: Invalid value of 2.71117 found for variable DAKOTA_RC_5.  Corrected to 2.06795.
02:38:19: quiet- NO_ID: Invalid value of 1.79846 found for variable DAKOTA_RC_7.  Corrected to 2.14032.
02:38:19: quiet- NO_ID: Invalid value of 1.73183 found for variable DAKOTA_RC_6.  Corrected to 2.38711.
02:38:19: quiet- NO_ID: Invalid value of 1.7761 found for variable DAKOTA_RC_8.  Corrected to 2.48509.
02:38:19: quiet- NO_ID: Invalid value of 1.68374 found for variable DAKOTA_RC_3.  Corrected to 2.32243.
02:38:19: quiet- NO_ID: Invalid value of 2.71697 found for variable DAKOTA_RC_6.  Corrected to 2.12527.
02:38:19: quiet- NO_ID: Invalid value of 1.4449 found for variable DAKOTA_RC_3.  Corrected to 2.17253.
02:38:19: quiet- NO_ID: Invalid value of 1.98923 found for variable DAKOTA_RC_8.  Corrected to 2.30766.
02:38:19: quiet- NO_ID: Invalid value of 1.50838 found for variable DAKOTA_RC_3.  Corrected to 2.36943.
02:38:19: quiet- NO_ID: Invalid value of 1.93683 found for variable DAKOTA_RC_6.  Corrected to 2.31764.
02:38:19: quiet- NO_ID: Invalid value of 1.99584 found for variable DAKOTA_RC_5.  Corrected to 2.33051.
02:38:19: quiet- NO_ID: Invalid value of 1.99228 found for variable DAKOTA_RC_9.  Corrected to 2.18438.
02:38:19: quiet- NO_ID: Invalid value of 13.2786 found for variable DAKOTA_EP_2.  Corrected to 8.54816.
02:38:19: quiet- NO_ID: Invalid value of 2.72788 found for variable DAKOTA_RC_1.  Corrected to 2.48575.
02:38:19: quiet- NO_ID: Invalid value of 2.74597 found for variable DAKOTA_RC_1.  Corrected to 2.61195.
02:38:19: quiet- NO_ID: Invalid value of 2.75122 found for variable DAKOTA_RC_1.  Corrected to 2.39556.
02:38:19: quiet- NO_ID: Invalid value of 2.76068 found for variable DAKOTA_RC_1.  Corrected to 2.69848.
02:38:19: quiet- NO_ID: Invalid value of 2.77047 found for variable DAKOTA_RC_1.  Corrected to 2.68788.
04:38:46: verbose- below_limit: Performed 221 total selections.
04:38:46: verbose- NO_ID: 32 of 186 population members were not selected to continue.  44 of 111 offspring were immediately rejected.
04:38:46: verbose- metric_tracker: Operating on 221 total designs and 55 "best fitness" designs.
04:38:46: verbose- metric_tracker: Max "best fitness" expanse change of -24.571% found for objective "Non-Linear Minimize obj_fn_3".
04:38:46: verbose- metric_tracker: Population density increased by 10.42%.
04:38:46: verbose- metric_tracker: 38.889% of the previous "best fitness" population is dominated by designs in the current "best fitness" population.
04:38:46: verbose- metric_tracker: Pushed metric value of 0.738797 onto the convergence stack.
04:38:46: quiet- duplicate_free: 7 generations so far.
04:38:46: quiet- duplicate_free: 658 evaluations so far.
04:38:46: verbose- duplicate_free: 221 members in population so far.
04:38:46: verbose- multi_point_parameterized_binary: 88 children created.
04:38:46: quiet- offset_normal: Produced invalid  variable representation 1.9638. Mutation performed without corrective action.
04:38:46: quiet- offset_normal: Produced invalid  variable representation 2.72723. Mutation performed without corrective action.
04:38:46: quiet- offset_normal: Produced invalid  variable representation 1.78409. Mutation performed without corrective action.
04:38:46: verbose- offset_normal: Performed 44 total mutations.
04:38:46: quiet- NO_ID: Invalid value of 2.04059 found for variable DAKOTA_RC_1.  Corrected to 2.4394.
04:38:46: quiet- NO_ID: Invalid value of 2.09588 found for variable DAKOTA_RC_1.  Corrected to 2.53376.
04:38:46: quiet- NO_ID: Invalid value of 2.17419 found for variable DAKOTA_RC_1.  Corrected to 2.53953.
04:38:46: quiet- NO_ID: Invalid value of 1.69347 found for variable DAKOTA_RC_3.  Corrected to 1.85449.
04:38:46: quiet- NO_ID: Invalid value of 2.18677 found for variable DAKOTA_RC_1.  Corrected to 2.34702.
04:38:46: quiet- NO_ID: Invalid value of 1.76509 found for variable DAKOTA_RC_9.  Corrected to 2.06866.
04:38:46: quiet- NO_ID: Invalid value of 1.99583 found for variable DAKOTA_RC_7.  Corrected to 2.27899.
04:38:46: quiet- NO_ID: Invalid value of 1.59588 found for variable DAKOTA_RC_3.  Corrected to 2.01772.
04:38:46: quiet- NO_ID: Invalid value of 15.813 found for variable DAKOTA_EP_2.  Corrected to 1.58066.
04:38:46: quiet- NO_ID: Invalid value of 1.9723 found for variable DAKOTA_RC_5.  Corrected to 2.43878.
04:38:46: quiet- NO_ID: Invalid value of 1.96078 found for variable DAKOTA_RC_5.  Corrected to 2.06653.
04:38:46: quiet- NO_ID: Invalid value of 1.9638 found for variable DAKOTA_RC_8.  Corrected to 2.57646.
04:38:46: quiet- NO_ID: Invalid value of 2.70158 found for variable DAKOTA_RC_7.  Corrected to 2.33851.
04:38:46: quiet- NO_ID: Invalid value of 1.98895 found for variable DAKOTA_RC_9.  Corrected to 2.49835.
04:38:46: quiet- NO_ID: Invalid value of 2.7145 found for variable DAKOTA_RC_8.  Corrected to 2.04788.
04:38:46: quiet- NO_ID: Invalid value of 2.72723 found for variable DAKOTA_RC_8.  Corrected to 2.56583.
04:38:46: quiet- NO_ID: Invalid value of 2.71104 found for variable DAKOTA_RC_4.  Corrected to 2.08278.
04:38:46: quiet- NO_ID: Invalid value of 2.70981 found for variable DAKOTA_RC_5.  Corrected to 2.22568.
04:38:46: quiet- NO_ID: Invalid value of 1.78409 found for variable DAKOTA_RC_3.  Corrected to 2.1623.
04:38:46: quiet- NO_ID: Invalid value of 1.8721 found for variable DAKOTA_RC_9.  Corrected to 2.09898.
04:38:46: quiet- NO_ID: Invalid value of 13.9916 found for variable DAKOTA_EP_2.  Corrected to 7.19864.
04:38:46: quiet- NO_ID: Invalid value of 12.9488 found for variable DAKOTA_EP_1.  Corrected to 3.57202.
04:38:46: quiet- NO_ID: Invalid value of 13.924 found for variable DAKOTA_EP_2.  Corrected to 11.1552.
04:38:46: quiet- NO_ID: Invalid value of 1.95797 found for variable DAKOTA_RC_5.  Corrected to 2.04779.
04:38:46: quiet- NO_ID: Invalid value of 14.9443 found for variable DAKOTA_EP_2.  Corrected to 7.59921.
04:38:46: quiet- NO_ID: Invalid value of 1.59099 found for variable DAKOTA_RC_2.  Corrected to 2.08749.
04:38:46: quiet- NO_ID: Invalid value of 1.95937 found for variable DAKOTA_RC_5.  Corrected to 2.37202.
04:38:46: quiet- NO_ID: Invalid value of 2.74611 found for variable DAKOTA_RC_1.  Corrected to 2.64192.
04:38:46: quiet- NO_ID: Invalid value of 2.74863 found for variable DAKOTA_RC_1.  Corrected to 2.22833.
04:38:46: quiet- NO_ID: Invalid value of 2.76894 found for variable DAKOTA_RC_1.  Corrected to 2.32195.
04:38:46: quiet- NO_ID: Invalid value of 1.55817 found for variable DAKOTA_RC_2.  Corrected to 1.96218.
07:01:09: verbose- below_limit: Performed 271 total selections.
07:01:09: verbose- NO_ID: 22 of 221 population members were not selected to continue.  60 of 132 offspring were immediately rejected.
07:01:09: verbose- metric_tracker: Operating on 271 total designs and 62 "best fitness" designs.
07:01:09: verbose- metric_tracker: No "best fitness" expansion or contraction occurred this generation.
07:01:09: verbose- metric_tracker: Population density increased by 6.915%.
07:01:09: verbose- metric_tracker: 20% of the previous "best fitness" population is dominated by designs in the current "best fitness" population.
07:01:09: verbose- metric_tracker: Pushed metric value of 0.26915 onto the convergence stack.
07:01:09: quiet- duplicate_free: 8 generations so far.
07:01:09: quiet- duplicate_free: 790 evaluations so far.
07:01:09: verbose- duplicate_free: 271 members in population so far.
07:01:09: verbose- multi_point_parameterized_binary: 108 children created.
07:01:09: quiet- offset_normal: Produced invalid  variable representation 1.9632. Mutation performed without corrective action.
07:01:09: quiet- offset_normal: Produced invalid  variable representation 1.98978. Mutation performed without corrective action.
07:01:09: quiet- offset_normal: Produced invalid  variable representation -0.351611. Mutation performed without corrective action.
07:01:09: verbose- offset_normal: Performed 54 total mutations.
07:01:09: quiet- NO_ID: Invalid value of 2.1996 found for variable DAKOTA_RC_1.  Corrected to 2.2362.
07:01:09: quiet- NO_ID: Invalid value of 1.95742 found for variable DAKOTA_RC_5.  Corrected to 2.39585.
07:01:09: quiet- NO_ID: Invalid value of 2.70729 found for variable DAKOTA_RC_8.  Corrected to 2.25509.
07:01:09: quiet- NO_ID: Invalid value of 2.71181 found for variable DAKOTA_RC_5.  Corrected to 2.44125.
07:01:09: quiet- NO_ID: Invalid value of 2.70084 found for variable DAKOTA_RC_9.  Corrected to 2.45424.
07:01:09: quiet- NO_ID: Invalid value of 2.71167 found for variable DAKOTA_RC_6.  Corrected to 2.4656.
07:01:09: quiet- NO_ID: Invalid value of 1.74069 found for variable DAKOTA_RC_8.  Corrected to 2.10544.
07:01:09: quiet- NO_ID: Invalid value of 1.5947 found for variable DAKOTA_RC_2.  Corrected to 1.92383.
07:01:09: quiet- NO_ID: Invalid value of 1.75036 found for variable DAKOTA_RC_3.  Corrected to 2.11215.
07:01:09: quiet- NO_ID: Invalid value of 1.99938 found for variable DAKOTA_RC_8.  Corrected to 2.27505.
07:01:09: quiet- NO_ID: Invalid value of 1.74835 found for variable DAKOTA_RC_8.  Corrected to 2.46763.
07:01:09: quiet- NO_ID: Invalid value of 1.76912 found for variable DAKOTA_RC_9.  Corrected to 2.58452.
07:01:09: quiet- NO_ID: Invalid value of 1.73189 found for variable DAKOTA_RC_9.  Corrected to 2.23917.
07:01:09: quiet- NO_ID: Invalid value of 2.71063 found for variable DAKOTA_RC_6.  Corrected to 2.69017.
07:01:09: quiet- NO_ID: Invalid value of 1.9632 found for variable DAKOTA_RC_8.  Corrected to 2.43047.
07:01:09: quiet- NO_ID: Invalid value of 2.71743 found for variable DAKOTA_RC_6.  Corrected to 2.01164.
07:01:09: quiet- NO_ID: Invalid value of 1.78976 found for variable DAKOTA_RC_8.  Corrected to 2.39681.
07:01:09: quiet- NO_ID: Invalid value of 1.99971 found for variable DAKOTA_RC_8.  Corrected to 2.37714.
07:01:09: quiet- NO_ID: Invalid value of 1.98978 found for variable DAKOTA_RC_8.  Corrected to 2.42741.
07:01:09: quiet- NO_ID: Invalid value of 1.9582 found for variable DAKOTA_RC_5.  Corrected to 2.56717.
07:01:09: quiet- NO_ID: Invalid value of -0.351611 found for variable DAKOTA_EP_3.  Corrected to 2.28354.
07:01:09: quiet- NO_ID: Invalid value of 2.70489 found for variable DAKOTA_RC_5.  Corrected to 2.02166.
07:01:09: quiet- NO_ID: Invalid value of 1.93242 found for variable DAKOTA_RC_5.  Corrected to 2.30066.
07:01:09: quiet- NO_ID: Invalid value of 1.77708 found for variable DAKOTA_RC_5.  Corrected to 2.015.
07:01:09: quiet- NO_ID: Invalid value of 2.73608 found for variable DAKOTA_RC_1.  Corrected to 2.27894.
09:58:51: verbose- below_limit: Performed 316 total selections.
09:58:51: verbose- NO_ID: 49 of 271 population members were not selected to continue.  68 of 162 offspring were immediately rejected.
09:58:51: verbose- metric_tracker: Operating on 316 total designs and 76 "best fitness" designs.
09:58:51: verbose- metric_tracker: Max "best fitness" expanse change of -3.379% found for objective "Non-Linear Minimize obj_fn_1".
09:58:51: verbose- metric_tracker: Population density increased by 27.196%.
09:58:51: verbose- metric_tracker: 16.129% of the previous "best fitness" population is dominated by designs in the current "best fitness" population.
09:58:51: verbose- metric_tracker: Pushed metric value of 0.467041 onto the convergence stack.
09:58:51: quiet- duplicate_free: 9 generations so far.
09:58:51: quiet- duplicate_free: 952 evaluations so far.
09:58:51: verbose- duplicate_free: 316 members in population so far.
09:58:51: verbose- multi_point_parameterized_binary: 126 children created.
09:58:51: verbose- offset_normal: Performed 63 total mutations.
09:58:51: quiet- NO_ID: Invalid value of 2.15401 found for variable DAKOTA_RC_1.  Corrected to 2.20315.
09:58:51: quiet- NO_ID: Invalid value of 2.16936 found for variable DAKOTA_RC_1.  Corrected to 2.59225.
09:58:51: quiet- NO_ID: Invalid value of 2.19311 found for variable DAKOTA_RC_1.  Corrected to 2.33022.
09:58:51: quiet- NO_ID: Invalid value of 2.70896 found for variable DAKOTA_RC_5.  Corrected to 2.32165.
09:58:51: quiet- NO_ID: Invalid value of 1.88211 found for variable DAKOTA_RC_8.  Corrected to 2.15002.
09:58:51: quiet- NO_ID: Invalid value of 1.97795 found for variable DAKOTA_RC_7.  Corrected to 2.35673.
09:58:51: quiet- NO_ID: Invalid value of 1.95797 found for variable DAKOTA_RC_5.  Corrected to 2.02156.
09:58:51: quiet- NO_ID: Invalid value of 1.95795 found for variable DAKOTA_RC_5.  Corrected to 2.44171.
09:58:51: quiet- NO_ID: Invalid value of 1.96023 found for variable DAKOTA_RC_7.  Corrected to 2.5839.
09:58:51: quiet- NO_ID: Invalid value of 1.76525 found for variable DAKOTA_RC_8.  Corrected to 2.18129.
09:58:51: quiet- NO_ID: Invalid value of 1.77382 found for variable DAKOTA_RC_3.  Corrected to 2.32741.
09:58:51: quiet- NO_ID: Invalid value of 1.96216 found for variable DAKOTA_RC_9.  Corrected to 2.236.
09:58:51: quiet- NO_ID: Invalid value of 2.7184 found for variable DAKOTA_RC_6.  Corrected to 2.54201.
09:58:51: quiet- NO_ID: Invalid value of 1.81613 found for variable DAKOTA_RC_8.  Corrected to 2.22401.
09:58:51: quiet- NO_ID: Invalid value of 1.77047 found for variable DAKOTA_RC_3.  Corrected to 1.87734.
09:58:51: quiet- NO_ID: Invalid value of 1.94202 found for variable DAKOTA_RC_5.  Corrected to 2.30063.
09:58:51: quiet- NO_ID: Invalid value of 1.98624 found for variable DAKOTA_RC_8.  Corrected to 2.18294.
09:58:51: quiet- NO_ID: Invalid value of 1.59094 found for variable DAKOTA_RC_2.  Corrected to 1.71096.
09:58:51: quiet- NO_ID: Invalid value of 2.71589 found for variable DAKOTA_RC_9.  Corrected to 2.12523.
09:58:51: quiet- NO_ID: Invalid value of 1.96679 found for variable DAKOTA_RC_5.  Corrected to 2.62752.
09:58:51: quiet- NO_ID: Invalid value of 1.97154 found for variable DAKOTA_RC_9.  Corrected to 2.04174.
09:58:51: quiet- NO_ID: Invalid value of 2.70099 found for variable DAKOTA_RC_1.  Corrected to 2.32501.
09:58:51: quiet- NO_ID: Invalid value of 2.70722 found for variable DAKOTA_RC_1.  Corrected to 2.60259.
09:58:51: quiet- NO_ID: Invalid value of 2.76038 found for variable DAKOTA_RC_1.  Corrected to 2.31977.
09:58:51: verbose- duplicate_free: flushed 1 duplicate offspring designs after application of the variational operators.
