JEGA Genetic Algorithm Optimization Software v2.7.0
Run started Tue Jun 11 09:52:12 2019

Global Log initialized using "verbose" as default level.
Global Log logging to file JEGAGlobal.log
Global Log logging to console window
09:52:12: quiet- JEGA Front End: Random seed = 1560361132
09:52:12: verbose- Design Target: Design variable DAKOTA_RC_1 added.  1 design variables now in target.
09:52:12: verbose- Design Target: Design variable DAKOTA_RC_2 added.  2 design variables now in target.
09:52:12: verbose- Design Target: Design variable DAKOTA_RC_3 added.  3 design variables now in target.
09:52:12: verbose- Design Target: Design variable DAKOTA_RC_4 added.  4 design variables now in target.
09:52:12: verbose- Design Target: Design variable DAKOTA_RC_5 added.  5 design variables now in target.
09:52:12: verbose- Design Target: Design variable DAKOTA_RC_6 added.  6 design variables now in target.
09:52:12: verbose- Design Target: Design variable DAKOTA_RC_7 added.  7 design variables now in target.
09:52:12: verbose- Design Target: Design variable DAKOTA_RC_8 added.  8 design variables now in target.
09:52:12: verbose- Design Target: Design variable DAKOTA_RC_9 added.  9 design variables now in target.
09:52:12: verbose- Design Target: Design variable DAKOTA_EP_1 added.  10 design variables now in target.
09:52:12: verbose- Design Target: Design variable DAKOTA_EP_2 added.  11 design variables now in target.
09:52:12: verbose- Design Target: Design variable DAKOTA_EP_3 added.  12 design variables now in target.
09:52:12: verbose- Design Target: Objective Non-Linear Minimize obj_fn_1 added.  1 objectives now in target.
09:52:12: verbose- Design Target: Objective Non-Linear Minimize obj_fn_2 added.  2 objectives now in target.
09:52:12: verbose- Design Target: Objective Non-Linear Minimize obj_fn_3 added.  3 objectives now in target.
09:52:12: verbose- JEGA Front End: Creating a MOGA
09:52:12: debug-  Matching Group: Trying "Domination Count Operator Group".
09:52:12: verbose- Domination Count Operator Group: Contains Converger "metric_tracker".
09:52:12: verbose- Domination Count Operator Group: Contains Crosser "multi_point_parameterized_binary".
09:52:12: verbose- Domination Count Operator Group: Contains FitnessAssessor "domination_count".
09:52:12: verbose- Domination Count Operator Group: Contains Initializer "unique_random".
09:52:12: verbose- Domination Count Operator Group: Contains MainLoop "duplicate_free".
09:52:12: verbose- Domination Count Operator Group: Contains Mutator "offset_normal".
09:52:12: verbose- Domination Count Operator Group: Contains Selector "below_limit".
09:52:12: verbose- Domination Count Operator Group: Contains PostProcessor "null_postprocessor".
09:52:12: verbose- Domination Count Operator Group: Contains NichePressureApplicator "null_niching".
09:52:12: debug-  Matching Group: "Domination Count Operator Group" match succeeded.
09:52:12: quiet- : Matched new set to a group that is not the current group.  Adopting the new group.
09:52:12: verbose- Domination Count Operator Group: Contains Converger "metric_tracker".
09:52:12: verbose- Domination Count Operator Group: Contains Crosser "multi_point_parameterized_binary".
09:52:12: verbose- Domination Count Operator Group: Contains FitnessAssessor "domination_count".
09:52:12: verbose- Domination Count Operator Group: Contains Initializer "unique_random".
09:52:12: verbose- Domination Count Operator Group: Contains MainLoop "duplicate_free".
09:52:12: verbose- Domination Count Operator Group: Contains Mutator "offset_normal".
09:52:12: verbose- Domination Count Operator Group: Contains Selector "below_limit".
09:52:12: verbose- Domination Count Operator Group: Contains PostProcessor "null_postprocessor".
09:52:12: verbose- Domination Count Operator Group: Contains NichePressureApplicator "null_niching".
09:52:12: verbose- NO_ID: The name of this GA is now NO_ID
09:52:12: verbose- NO_ID: The print each population flag is now set to 0
09:52:12: verbose- NO_ID: The print final data flag is now set to 1
09:52:12: verbose- NO_ID: The print discards flag is now set to 1
09:52:12: verbose- NO_ID: The name of the file to which final data will be written is now finaldata1.dat
09:52:12: verbose- NO_ID: The data directory is now set to ./
09:52:12: verbose- metric_tracker: Number of generations tracked now = 10
09:52:12: verbose- metric_tracker: Max allowable % change now = 1
09:52:12: verbose- metric_tracker: Maximum allowable generations now = 100
09:52:12: verbose- metric_tracker: Maximum allowable evaluations now = 20000
09:52:12: quiet- Error encountered while retrieving parameter named "method.max_time" of type "d" from parameter database reading: Parameter not found for tag: method.max_time
09:52:12: verbose- metric_tracker: The maximum allowable amount of time was not found in the parameter database.  Using the current value of 1.79769e+308
09:52:12: verbose- metric_tracker: Maximum allowable time now = 1.79769e+308 seconds 
09:52:12: quiet- Error encountered while retrieving parameter named "method.jega.num_cross_points" of type "St6vectorIiSaIiEE" from parameter database reading: Parameter not found for tag: method.jega.num_cross_points
09:52:12: verbose- multi_point_parameterized_binary: The number of crossover points for each variable were not found in the parameter database.  Checking for a single value.
09:52:12: verbose- multi_point_parameterized_binary: Number of crossover points now = 2
09:52:12: verbose- multi_point_parameterized_binary: Crossover rate now = 0.4
09:52:12: verbose- multi_point_parameterized_binary: Number of crossover points for variable "DAKOTA_RC_1" now = 2.
09:52:12: verbose- multi_point_parameterized_binary: Number of crossover points for variable "DAKOTA_RC_2" now = 2.
09:52:12: verbose- multi_point_parameterized_binary: Number of crossover points for variable "DAKOTA_RC_3" now = 2.
09:52:12: verbose- multi_point_parameterized_binary: Number of crossover points for variable "DAKOTA_RC_4" now = 2.
09:52:12: verbose- multi_point_parameterized_binary: Number of crossover points for variable "DAKOTA_RC_5" now = 2.
09:52:12: verbose- multi_point_parameterized_binary: Number of crossover points for variable "DAKOTA_RC_6" now = 2.
09:52:12: verbose- multi_point_parameterized_binary: Number of crossover points for variable "DAKOTA_RC_7" now = 2.
09:52:12: verbose- multi_point_parameterized_binary: Number of crossover points for variable "DAKOTA_RC_8" now = 2.
09:52:12: verbose- multi_point_parameterized_binary: Number of crossover points for variable "DAKOTA_RC_9" now = 2.
09:52:12: verbose- multi_point_parameterized_binary: Number of crossover points for variable "DAKOTA_EP_1" now = 2.
09:52:12: verbose- multi_point_parameterized_binary: Number of crossover points for variable "DAKOTA_EP_2" now = 2.
09:52:12: verbose- multi_point_parameterized_binary: Number of crossover points for variable "DAKOTA_EP_3" now = 2.
09:52:12: verbose- DAKOTA JEGA Evaluator: Maximum allowable evaluations now = 20000
09:52:12: verbose- DAKOTA JEGA Evaluator: The evaluation concurrency is now 1
09:52:12: verbose- unique_random: Desired initial population size now = 250
09:52:12: verbose- null_niching: Niched design caching now set to true.
09:52:12: quiet- Error encountered while retrieving parameter named "method.jega.max_niche_cache_size" of type "m" from parameter database reading: Parameter not found for tag: method.jega.max_niche_cache_size
09:52:12: verbose- null_niching: The max niche cache size value was not found in the parameter database.  Using the current value of 1
09:52:12: verbose- null_niching: Niched design caching max size now set to 18446744073709551615.
09:52:12: verbose- offset_normal: Offset range now = 0.05
09:52:12: verbose- offset_normal: Mutation rate now = 0.2
09:52:12: verbose- below_limit: Limiting value now = 6
09:52:12: verbose- below_limit: Shrinkage percentage now = 0.3
09:52:12: verbose- below_limit: Minimum selections now = 2
09:52:12: verbose- NO_ID: About to perform algorithm execution.
09:52:12: verbose- unique_random: 250 unique random designs created.
16:14:32: verbose- below_limit: Performed 75 total selections.
16:14:32: verbose- NO_ID: 175 of 250 population members were not selected to continue.  0 of 0 offspring were immediately rejected.
16:14:32: verbose- metric_tracker: Operating on 75 total designs and 11 "best fitness" designs.
16:14:32: verbose- metric_tracker: Pushed metric value of 0 onto the convergence stack.
16:14:32: quiet- duplicate_free: 1 generation so far.
16:14:32: quiet- duplicate_free: 250 evaluations so far.
16:14:32: verbose- duplicate_free: 75 members in population so far.
16:14:32: verbose- multi_point_parameterized_binary: 30 children created.
16:14:32: verbose- offset_normal: Performed 15 total mutations.
16:14:32: quiet- NO_ID: Invalid value of 2.01783 found for variable DAKOTA_RC_2.  Corrected to 1.53789.
16:14:32: quiet- NO_ID: Invalid value of 1.82698 found for variable DAKOTA_RC_7.  Corrected to 2.13198.
16:14:32: quiet- NO_ID: Invalid value of 2.61862 found for variable DAKOTA_RC_7.  Corrected to 2.47621.
16:14:32: quiet- NO_ID: Invalid value of 2.46049 found for variable DAKOTA_RC_4.  Corrected to 2.12792.
16:14:32: quiet- NO_ID: Invalid value of 1.77489 found for variable DAKOTA_RC_5.  Corrected to 1.82331.
16:14:32: quiet- NO_ID: Invalid value of 2.14733 found for variable DAKOTA_RC_3.  Corrected to 2.09761.
16:14:32: quiet- NO_ID: Invalid value of 1.79647 found for variable DAKOTA_RC_5.  Corrected to 1.85582.
16:14:32: quiet- NO_ID: Invalid value of 2.06997 found for variable DAKOTA_RC_2.  Corrected to 1.76976.
16:14:32: quiet- NO_ID: Invalid value of 2.62101 found for variable DAKOTA_RC_7.  Corrected to 2.42926.
16:14:32: quiet- NO_ID: Invalid value of 1.40961 found for variable DAKOTA_RC_2.  Corrected to 1.61437.
17:43:07: verbose- below_limit: Performed 49 total selections.
17:43:07: verbose- NO_ID: 42 of 75 population members were not selected to continue.  29 of 45 offspring were immediately rejected.
17:43:07: verbose- metric_tracker: Operating on 49 total designs and 16 "best fitness" designs.
17:43:07: verbose- metric_tracker: Max "best fitness" expanse change of 19.178% found for objective "Non-Linear Minimize obj_fn_1".
17:43:07: verbose- metric_tracker: Population density decreased by 34.774%.
17:43:07: verbose- metric_tracker: 9.091% of the previous "best fitness" population is dominated by designs in the current "best fitness" population.
17:43:07: verbose- metric_tracker: Pushed metric value of 0.630432 onto the convergence stack.
17:43:07: quiet- duplicate_free: 2 generations so far.
17:43:07: quiet- duplicate_free: 295 evaluations so far.
17:43:07: verbose- duplicate_free: 49 members in population so far.
17:43:07: verbose- multi_point_parameterized_binary: 20 children created.
17:43:07: verbose- offset_normal: Performed 10 total mutations.
17:43:07: quiet- NO_ID: Invalid value of 1.47264 found for variable DAKOTA_RC_8.  Corrected to 1.82373.
17:43:07: quiet- NO_ID: Invalid value of 2.15258 found for variable DAKOTA_RC_9.  Corrected to 1.99164.
17:43:07: quiet- NO_ID: Invalid value of 2.64997 found for variable DAKOTA_RC_7.  Corrected to 2.15411.
17:43:07: quiet- NO_ID: Invalid value of 1.54144 found for variable DAKOTA_RC_4.  Corrected to 1.82107.
17:43:07: quiet- NO_ID: Invalid value of 2.22583 found for variable DAKOTA_RC_8.  Corrected to 1.76709.
17:43:07: quiet- NO_ID: Invalid value of 2.02289 found for variable DAKOTA_RC_2.  Corrected to 1.94317.
18:47:57: verbose- below_limit: Performed 60 total selections.
18:47:57: verbose- NO_ID: 9 of 49 population members were not selected to continue.  10 of 30 offspring were immediately rejected.
18:47:57: verbose- metric_tracker: Operating on 60 total designs and 25 "best fitness" designs.
18:47:57: verbose- metric_tracker: Max "best fitness" expanse change of 0.018% found for objective "Non-Linear Minimize obj_fn_3".
18:47:57: verbose- metric_tracker: Population density increased by 22.417%.
18:47:57: verbose- metric_tracker: 6.25% of the previous "best fitness" population is dominated by designs in the current "best fitness" population.
18:47:57: verbose- metric_tracker: Pushed metric value of 0.28685 onto the convergence stack.
18:47:57: quiet- duplicate_free: 3 generations so far.
18:47:57: quiet- duplicate_free: 325 evaluations so far.
18:47:57: verbose- duplicate_free: 60 members in population so far.
18:47:57: verbose- multi_point_parameterized_binary: 24 children created.
18:47:57: quiet- offset_normal: Produced invalid  variable representation 1.9911. Mutation performed without corrective action.
18:47:57: verbose- offset_normal: Performed 12 total mutations.
18:47:57: quiet- NO_ID: Invalid value of 1.95739 found for variable DAKOTA_RC_1.  Corrected to 2.37891.
18:47:57: quiet- NO_ID: Invalid value of 1.94677 found for variable DAKOTA_RC_6.  Corrected to 2.46348.
18:47:57: quiet- NO_ID: Invalid value of 1.95739 found for variable DAKOTA_RC_1.  Corrected to 2.3322.
18:47:57: quiet- NO_ID: Invalid value of 1.4995 found for variable DAKOTA_RC_2.  Corrected to 1.60626.
18:47:57: quiet- NO_ID: Invalid value of 1.9911 found for variable DAKOTA_RC_1.  Corrected to 2.15492.
18:47:57: quiet- NO_ID: Invalid value of 2.21811 found for variable DAKOTA_RC_8.  Corrected to 1.86225.
18:47:57: quiet- NO_ID: Invalid value of 1.77173 found for variable DAKOTA_RC_4.  Corrected to 2.20247.
18:47:57: quiet- NO_ID: Invalid value of 1.66638 found for variable DAKOTA_RC_5.  Corrected to 2.00646.
18:47:57: quiet- NO_ID: Invalid value of 1.51081 found for variable DAKOTA_RC_8.  Corrected to 1.96056.
18:47:57: quiet- NO_ID: Invalid value of 1.42785 found for variable DAKOTA_RC_4.  Corrected to 2.20509.
18:47:57: quiet- NO_ID: Invalid value of 1.71552 found for variable DAKOTA_RC_5.  Corrected to 2.11822.
18:47:57: quiet- NO_ID: Invalid value of 1.57698 found for variable DAKOTA_RC_3.  Corrected to 1.89861.
18:47:57: quiet- NO_ID: Invalid value of 2.71229 found for variable DAKOTA_RC_6.  Corrected to 2.58676.
18:47:57: quiet- NO_ID: Invalid value of 1.95675 found for variable DAKOTA_RC_7.  Corrected to 2.54878.
18:47:57: quiet- NO_ID: Invalid value of 1.73191 found for variable DAKOTA_RC_5.  Corrected to 2.25383.
18:47:57: verbose- duplicate_free: flushed 1 duplicate offspring designs after application of the variational operators.
19:43:51: verbose- below_limit: Performed 75 total selections.
19:43:51: verbose- NO_ID: 3 of 60 population members were not selected to continue.  17 of 35 offspring were immediately rejected.
19:43:51: verbose- metric_tracker: Operating on 75 total designs and 16 "best fitness" designs.
19:43:51: verbose- metric_tracker: Max "best fitness" expanse change of 0.003% found for objective "Non-Linear Minimize obj_fn_3".
19:43:51: verbose- metric_tracker: Population density increased by 23.855%.
19:43:51: verbose- metric_tracker: 44% of the previous "best fitness" population is dominated by designs in the current "best fitness" population.
19:43:51: verbose- metric_tracker: Pushed metric value of 0.67858 onto the convergence stack.
19:43:51: quiet- duplicate_free: 4 generations so far.
19:43:51: quiet- duplicate_free: 360 evaluations so far.
19:43:51: verbose- duplicate_free: 75 members in population so far.
19:43:51: verbose- multi_point_parameterized_binary: 30 children created.
19:43:51: verbose- offset_normal: Performed 15 total mutations.
19:43:51: quiet- NO_ID: Invalid value of 1.96973 found for variable DAKOTA_RC_7.  Corrected to 2.56127.
19:43:51: quiet- NO_ID: Invalid value of 1.9864 found for variable DAKOTA_RC_6.  Corrected to 2.34948.
19:43:51: quiet- NO_ID: Invalid value of 2.71743 found for variable DAKOTA_RC_7.  Corrected to 2.40008.
19:43:51: quiet- NO_ID: Invalid value of 13.2415 found for variable DAKOTA_EP_2.  Corrected to 11.4989.
19:43:51: quiet- NO_ID: Invalid value of 2.2773 found for variable DAKOTA_RC_3.  Corrected to 1.9236.
19:43:51: quiet- NO_ID: Invalid value of 2.62463 found for variable DAKOTA_RC_7.  Corrected to 2.16583.
19:43:51: quiet- NO_ID: Invalid value of 1.9601 found for variable DAKOTA_RC_6.  Corrected to 2.11013.
19:43:51: quiet- NO_ID: Invalid value of 2.62846 found for variable DAKOTA_RC_6.  Corrected to 2.0415.
19:43:51: quiet- NO_ID: Invalid value of 2.57785 found for variable DAKOTA_RC_1.  Corrected to 2.30352.
19:43:51: quiet- NO_ID: Invalid value of 2.02903 found for variable DAKOTA_RC_2.  Corrected to 1.98664.
19:43:51: quiet- NO_ID: Invalid value of 1.5737 found for variable DAKOTA_RC_3.  Corrected to 1.99221.
20:54:05: verbose- below_limit: Performed 94 total selections.
20:54:05: verbose- NO_ID: 11 of 75 population members were not selected to continue.  15 of 45 offspring were immediately rejected.
20:54:05: verbose- metric_tracker: Operating on 94 total designs and 21 "best fitness" designs.
20:54:05: verbose- metric_tracker: Max "best fitness" expanse change of -97.768% found for objective "Non-Linear Minimize obj_fn_3".
20:54:05: verbose- metric_tracker: Population density increased by 24.366%.
20:54:05: verbose- metric_tracker: 31.25% of the previous "best fitness" population is dominated by designs in the current "best fitness" population.
20:54:05: verbose- metric_tracker: Pushed metric value of 1.53384 onto the convergence stack.
20:54:05: quiet- duplicate_free: 5 generations so far.
20:54:05: quiet- duplicate_free: 405 evaluations so far.
20:54:05: verbose- duplicate_free: 94 members in population so far.
20:54:05: verbose- multi_point_parameterized_binary: 38 children created.
20:54:05: verbose- offset_normal: Performed 19 total mutations.
20:54:05: quiet- NO_ID: Invalid value of 2.63188 found for variable DAKOTA_RC_6.  Corrected to 2.11974.
20:54:05: quiet- NO_ID: Invalid value of 1.69173 found for variable DAKOTA_RC_8.  Corrected to 2.0089.
20:54:05: quiet- NO_ID: Invalid value of 1.41271 found for variable DAKOTA_RC_2.  Corrected to 1.84752.
20:54:05: quiet- NO_ID: Invalid value of 13.6221 found for variable DAKOTA_EP_2.  Corrected to 9.22619.
20:54:05: quiet- NO_ID: Invalid value of 2.19281 found for variable DAKOTA_RC_9.  Corrected to 1.74111.
20:54:05: quiet- NO_ID: Invalid value of 12.0892 found for variable DAKOTA_EP_1.  Corrected to 6.2672.
20:54:05: quiet- NO_ID: Invalid value of 12.0841 found for variable DAKOTA_EP_1.  Corrected to 11.6967.
20:54:05: quiet- NO_ID: Invalid value of 1.47579 found for variable DAKOTA_RC_2.  Corrected to 1.67242.
20:54:05: quiet- NO_ID: Invalid value of 1.71225 found for variable DAKOTA_RC_5.  Corrected to 2.20234.
20:54:05: quiet- NO_ID: Invalid value of 1.82591 found for variable DAKOTA_RC_6.  Corrected to 2.0281.
20:54:05: quiet- NO_ID: Invalid value of 1.57386 found for variable DAKOTA_RC_3.  Corrected to 1.92987.
20:54:05: quiet- NO_ID: Invalid value of 1.57621 found for variable DAKOTA_RC_3.  Corrected to 1.73083.
20:54:05: quiet- NO_ID: Invalid value of 1.76371 found for variable DAKOTA_RC_5.  Corrected to 2.19554.
20:54:05: quiet- NO_ID: Invalid value of 1.69103 found for variable DAKOTA_RC_8.  Corrected to 2.04737.
20:54:05: quiet- NO_ID: Invalid value of 1.35508 found for variable DAKOTA_RC_5.  Corrected to 1.86803.
20:54:05: quiet- NO_ID: Invalid value of 1.57737 found for variable DAKOTA_RC_8.  Corrected to 1.83803.
20:54:05: quiet- NO_ID: Invalid value of 2.70373 found for variable DAKOTA_RC_7.  Corrected to 2.30371.
20:54:05: quiet- NO_ID: Invalid value of 1.59721 found for variable DAKOTA_RC_3.  Corrected to 1.76585.
20:54:05: quiet- NO_ID: Invalid value of 2.16235 found for variable DAKOTA_RC_3.  Corrected to 1.81765.
20:54:05: quiet- NO_ID: Invalid value of 2.16254 found for variable DAKOTA_RC_8.  Corrected to 1.86107.
20:54:05: quiet- NO_ID: Invalid value of 2.03184 found for variable DAKOTA_RC_2.  Corrected to 1.77534.
20:54:05: quiet- NO_ID: Invalid value of 1.6772 found for variable DAKOTA_RC_9.  Corrected to 1.76585.
20:54:05: quiet- NO_ID: Invalid value of 2.03206 found for variable DAKOTA_RC_2.  Corrected to 1.82347.
20:54:05: quiet- NO_ID: Invalid value of 1.98747 found for variable DAKOTA_RC_6.  Corrected to 2.53031.
20:54:05: quiet- NO_ID: Invalid value of 2.53823 found for variable DAKOTA_RC_1.  Corrected to 2.15554.
20:54:05: quiet- NO_ID: Invalid value of 2.58634 found for variable DAKOTA_RC_1.  Corrected to 2.20639.
22:24:10: verbose- below_limit: Performed 115 total selections.
22:24:10: verbose- NO_ID: 7 of 94 population members were not selected to continue.  29 of 57 offspring were immediately rejected.
22:24:10: verbose- metric_tracker: Operating on 115 total designs and 32 "best fitness" designs.
22:24:10: verbose- metric_tracker: Max "best fitness" expanse change of 60.323% found for objective "Non-Linear Minimize obj_fn_3".
22:24:10: verbose- metric_tracker: Population density increased by 22.328%.
22:24:10: verbose- metric_tracker: No "best fitness" designs from the previous population are dominated by "best fitness" designs in the current population.
22:24:10: verbose- metric_tracker: Pushed metric value of 0.826511 onto the convergence stack.
22:24:10: quiet- duplicate_free: 6 generations so far.
22:24:10: quiet- duplicate_free: 462 evaluations so far.
22:24:10: verbose- duplicate_free: 115 members in population so far.
22:24:10: verbose- multi_point_parameterized_binary: 46 children created.
22:24:10: verbose- offset_normal: Performed 23 total mutations.
22:24:10: quiet- NO_ID: Invalid value of 1.93707 found for variable DAKOTA_RC_1.  Corrected to 2.02626.
22:24:10: quiet- NO_ID: Invalid value of 1.57946 found for variable DAKOTA_RC_3.  Corrected to 1.81901.
22:24:10: quiet- NO_ID: Invalid value of 1.96008 found for variable DAKOTA_RC_6.  Corrected to 2.039.
22:24:10: quiet- NO_ID: Invalid value of 2.22717 found for variable DAKOTA_RC_9.  Corrected to 1.84773.
22:24:10: quiet- NO_ID: Invalid value of 1.78049 found for variable DAKOTA_RC_5.  Corrected to 2.04714.
22:24:10: quiet- NO_ID: Invalid value of 2.22483 found for variable DAKOTA_RC_8.  Corrected to 1.7703.
22:24:10: quiet- NO_ID: Invalid value of 2.61272 found for variable DAKOTA_RC_7.  Corrected to 2.11376.
22:24:10: quiet- NO_ID: Invalid value of 1.76369 found for variable DAKOTA_RC_5.  Corrected to 2.00242.
22:24:10: quiet- NO_ID: Invalid value of 1.98927 found for variable DAKOTA_RC_6.  Corrected to 2.15211.
22:24:10: quiet- NO_ID: Invalid value of 2.6519 found for variable DAKOTA_RC_7.  Corrected to 2.02956.
22:24:10: quiet- NO_ID: Invalid value of 1.59092 found for variable DAKOTA_RC_5.  Corrected to 1.88227.
22:24:10: quiet- NO_ID: Invalid value of 1.68868 found for variable DAKOTA_RC_8.  Corrected to 1.77442.
22:24:10: quiet- NO_ID: Invalid value of 2.10063 found for variable DAKOTA_RC_8.  Corrected to 1.87986.
22:24:10: quiet- NO_ID: Invalid value of 2.60404 found for variable DAKOTA_RC_6.  Corrected to 2.54776.
22:24:10: quiet- NO_ID: Invalid value of 2.00489 found for variable DAKOTA_RC_2.  Corrected to 1.86916.
22:24:10: quiet- NO_ID: Invalid value of 1.98986 found for variable DAKOTA_RC_6.  Corrected to 2.43919.
22:24:10: quiet- NO_ID: Invalid value of 2.03134 found for variable DAKOTA_RC_2.  Corrected to 1.74473.
22:24:10: quiet- NO_ID: Invalid value of 2.63456 found for variable DAKOTA_RC_6.  Corrected to 2.53529.
22:24:10: quiet- NO_ID: Invalid value of 2.62306 found for variable DAKOTA_RC_7.  Corrected to 2.57532.
22:24:10: verbose- duplicate_free: flushed 1 duplicate offspring designs after application of the variational operators.
22:24:10: verbose- duplicate_free: flushed 1 offspring designs that duplicate existing population members.
00:13:42: verbose- below_limit: Performed 116 total selections.
00:13:42: verbose- NO_ID: 27 of 115 population members were not selected to continue.  39 of 67 offspring were immediately rejected.
00:13:42: verbose- metric_tracker: Operating on 116 total designs and 37 "best fitness" designs.
00:13:42: verbose- metric_tracker: Max "best fitness" expanse change of 19.624% found for objective "Non-Linear Minimize obj_fn_2".
00:13:42: verbose- metric_tracker: Population density increased by 0.851%.
00:13:42: verbose- metric_tracker: 21.875% of the previous "best fitness" population is dominated by designs in the current "best fitness" population.
00:13:42: verbose- metric_tracker: Pushed metric value of 0.423508 onto the convergence stack.
00:13:42: quiet- duplicate_free: 7 generations so far.
00:13:42: quiet- duplicate_free: 529 evaluations so far.
00:13:42: verbose- duplicate_free: 116 members in population so far.
00:13:42: verbose- multi_point_parameterized_binary: 46 children created.
00:13:42: verbose- offset_normal: Performed 23 total mutations.
00:13:42: quiet- NO_ID: Invalid value of 1.94334 found for variable DAKOTA_RC_1.  Corrected to 2.11601.
00:13:42: quiet- NO_ID: Invalid value of 1.94425 found for variable DAKOTA_RC_1.  Corrected to 2.39935.
00:13:42: quiet- NO_ID: Invalid value of 1.88489 found for variable DAKOTA_RC_7.  Corrected to 2.24658.
00:13:42: quiet- NO_ID: Invalid value of 1.95973 found for variable DAKOTA_RC_1.  Corrected to 2.15742.
00:13:42: quiet- NO_ID: Invalid value of 2.10065 found for variable DAKOTA_RC_8.  Corrected to 1.76063.
00:13:42: quiet- NO_ID: Invalid value of 12.0842 found for variable DAKOTA_EP_1.  Corrected to 1.33841.
00:13:42: quiet- NO_ID: Invalid value of 1.47266 found for variable DAKOTA_RC_2.  Corrected to 1.68661.
00:13:42: quiet- NO_ID: Invalid value of 1.63411 found for variable DAKOTA_RC_5.  Corrected to 2.1395.
00:13:42: quiet- NO_ID: Invalid value of 1.93237 found for variable DAKOTA_RC_7.  Corrected to 2.57246.
00:13:42: quiet- NO_ID: Invalid value of 2.03715 found for variable DAKOTA_RC_2.  Corrected to 1.70862.
00:13:42: quiet- NO_ID: Invalid value of 1.98933 found for variable DAKOTA_RC_6.  Corrected to 2.08531.
00:13:42: quiet- NO_ID: Invalid value of 2.13411 found for variable DAKOTA_RC_8.  Corrected to 1.72495.
00:13:42: quiet- NO_ID: Invalid value of 1.58381 found for variable DAKOTA_RC_3.  Corrected to 1.9404.
00:13:42: quiet- NO_ID: Invalid value of 1.66371 found for variable DAKOTA_RC_8.  Corrected to 1.71476.
00:13:42: quiet- NO_ID: Invalid value of 1.59336 found for variable DAKOTA_RC_3.  Corrected to 1.6453.
00:13:42: quiet- NO_ID: Invalid value of 1.59938 found for variable DAKOTA_RC_8.  Corrected to 2.03143.
00:13:42: quiet- NO_ID: Invalid value of 2.2945 found for variable DAKOTA_RC_3.  Corrected to 1.66691.
00:13:42: quiet- NO_ID: Invalid value of 2.6519 found for variable DAKOTA_RC_7.  Corrected to 2.01484.
00:13:42: quiet- NO_ID: Invalid value of 2.62871 found for variable DAKOTA_RC_6.  Corrected to 2.05637.
00:13:42: quiet- NO_ID: Invalid value of 2.03108 found for variable DAKOTA_RC_2.  Corrected to 1.53453.
02:04:34: verbose- below_limit: Performed 130 total selections.
02:04:34: verbose- NO_ID: 16 of 116 population members were not selected to continue.  39 of 69 offspring were immediately rejected.
02:04:34: verbose- metric_tracker: Operating on 130 total designs and 37 "best fitness" designs.
02:04:34: verbose- metric_tracker: Max "best fitness" expanse change of -7.378% found for objective "Non-Linear Minimize obj_fn_1".
02:04:34: verbose- metric_tracker: Population density increased by 12.065%.
02:04:34: verbose- metric_tracker: 27.027% of the previous "best fitness" population is dominated by designs in the current "best fitness" population.
02:04:34: verbose- metric_tracker: Pushed metric value of 0.464707 onto the convergence stack.
02:04:34: quiet- duplicate_free: 8 generations so far.
02:04:34: quiet- duplicate_free: 598 evaluations so far.
02:04:34: verbose- duplicate_free: 130 members in population so far.
02:04:34: verbose- multi_point_parameterized_binary: 52 children created.
02:04:34: verbose- offset_normal: Performed 26 total mutations.
02:04:34: quiet- NO_ID: Invalid value of 1.94092 found for variable DAKOTA_RC_1.  Corrected to 2.41052.
02:04:34: quiet- NO_ID: Invalid value of 1.62183 found for variable DAKOTA_RC_5.  Corrected to 2.22459.
02:04:34: quiet- NO_ID: Invalid value of 1.74293 found for variable DAKOTA_RC_4.  Corrected to 2.05104.
02:04:34: quiet- NO_ID: Invalid value of 15.769 found for variable DAKOTA_EP_1.  Corrected to 11.0298.
02:04:34: quiet- NO_ID: Invalid value of 2.17331 found for variable DAKOTA_RC_8.  Corrected to 1.86173.
02:04:34: quiet- NO_ID: Invalid value of 1.98946 found for variable DAKOTA_RC_6.  Corrected to 2.59963.
02:04:34: quiet- NO_ID: Invalid value of 1.77498 found for variable DAKOTA_RC_5.  Corrected to 1.92888.
02:04:34: quiet- NO_ID: Invalid value of 1.56747 found for variable DAKOTA_RC_3.  Corrected to 2.06502.
02:04:34: quiet- NO_ID: Invalid value of 1.69922 found for variable DAKOTA_RC_8.  Corrected to 1.82417.
02:04:34: quiet- NO_ID: Invalid value of 2.63955 found for variable DAKOTA_RC_6.  Corrected to 2.39182.
02:04:34: quiet- NO_ID: Invalid value of 1.67739 found for variable DAKOTA_RC_5.  Corrected to 1.89754.
02:04:34: quiet- NO_ID: Invalid value of 1.57902 found for variable DAKOTA_RC_3.  Corrected to 1.65164.
02:04:34: quiet- NO_ID: Invalid value of 2.614 found for variable DAKOTA_RC_6.  Corrected to 2.04472.
02:04:34: quiet- NO_ID: Invalid value of 12.2732 found for variable DAKOTA_EP_2.  Corrected to 11.1191.
02:04:34: quiet- NO_ID: Invalid value of 14.8066 found for variable DAKOTA_EP_2.  Corrected to 5.78244.
02:04:34: quiet- NO_ID: Invalid value of 2.50905 found for variable DAKOTA_RC_1.  Corrected to 2.49833.
02:04:34: quiet- NO_ID: Invalid value of 2.58739 found for variable DAKOTA_RC_1.  Corrected to 2.37405.
03:59:25: verbose- below_limit: Performed 139 total selections.
03:59:25: verbose- NO_ID: 22 of 130 population members were not selected to continue.  47 of 78 offspring were immediately rejected.
03:59:25: verbose- metric_tracker: Operating on 139 total designs and 41 "best fitness" designs.
03:59:25: verbose- metric_tracker: No "best fitness" expansion or contraction occurred this generation.
03:59:25: verbose- metric_tracker: Population density increased by 16204.9%.
03:59:25: verbose- metric_tracker: 8.108% of the previous "best fitness" population is dominated by designs in the current "best fitness" population.
03:59:25: verbose- metric_tracker: Pushed metric value of 162.13 onto the convergence stack.
03:59:25: quiet- duplicate_free: 9 generations so far.
03:59:25: quiet- duplicate_free: 676 evaluations so far.
03:59:25: verbose- duplicate_free: 139 members in population so far.
03:59:25: verbose- multi_point_parameterized_binary: 56 children created.
03:59:25: quiet- offset_normal: Produced invalid  variable representation 1.9933. Mutation performed without corrective action.
03:59:25: verbose- offset_normal: Performed 28 total mutations.
03:59:25: quiet- NO_ID: Invalid value of 1.94125 found for variable DAKOTA_RC_1.  Corrected to 2.46419.
03:59:25: quiet- NO_ID: Invalid value of 1.9933 found for variable DAKOTA_RC_1.  Corrected to 2.05642.
03:59:25: quiet- NO_ID: Invalid value of 1.77446 found for variable DAKOTA_RC_7.  Corrected to 2.38945.
03:59:25: quiet- NO_ID: Invalid value of 1.73411 found for variable DAKOTA_RC_7.  Corrected to 2.34446.
03:59:25: quiet- NO_ID: Invalid value of 2.18851 found for variable DAKOTA_RC_9.  Corrected to 1.70328.
03:59:25: quiet- NO_ID: Invalid value of 1.59719 found for variable DAKOTA_RC_3.  Corrected to 1.82715.
03:59:25: quiet- NO_ID: Invalid value of 2.70404 found for variable DAKOTA_RC_7.  Corrected to 2.55158.
03:59:25: quiet- NO_ID: Invalid value of 1.49973 found for variable DAKOTA_RC_2.  Corrected to 1.91486.
03:59:25: quiet- NO_ID: Invalid value of 1.92234 found for variable DAKOTA_RC_6.  Corrected to 2.36723.
03:59:25: quiet- NO_ID: Invalid value of 2.68299 found for variable DAKOTA_RC_7.  Corrected to 2.3811.
03:59:25: quiet- NO_ID: Invalid value of 1.49684 found for variable DAKOTA_RC_2.  Corrected to 1.83077.
03:59:25: quiet- NO_ID: Invalid value of 1.69257 found for variable DAKOTA_RC_8.  Corrected to 2.06403.
03:59:25: quiet- NO_ID: Invalid value of 1.56757 found for variable DAKOTA_RC_3.  Corrected to 2.01492.
03:59:25: quiet- NO_ID: Invalid value of 2.64318 found for variable DAKOTA_RC_6.  Corrected to 2.34527.
03:59:25: quiet- NO_ID: Invalid value of 1.42147 found for variable DAKOTA_RC_5.  Corrected to 2.16812.
03:59:25: quiet- NO_ID: Invalid value of 2.64267 found for variable DAKOTA_RC_6.  Corrected to 2.50665.
03:59:25: quiet- NO_ID: Invalid value of 2.60619 found for variable DAKOTA_RC_6.  Corrected to 2.08422.
03:59:25: quiet- NO_ID: Invalid value of 2.70878 found for variable DAKOTA_RC_6.  Corrected to 2.55533.
03:59:25: quiet- NO_ID: Invalid value of 2.02504 found for variable DAKOTA_RC_2.  Corrected to 1.87539.
03:59:25: quiet- NO_ID: Invalid value of 2.65018 found for variable DAKOTA_RC_7.  Corrected to 2.38644.
03:59:25: quiet- NO_ID: Invalid value of 1.55084 found for variable DAKOTA_RC_3.  Corrected to 1.64133.
03:59:25: quiet- NO_ID: Invalid value of 1.75553 found for variable DAKOTA_RC_4.  Corrected to 2.13063.
06:09:04: verbose- below_limit: Performed 151 total selections.
06:09:04: verbose- NO_ID: 29 of 139 population members were not selected to continue.  43 of 84 offspring were immediately rejected.
06:09:04: verbose- metric_tracker: Operating on 151 total designs and 46 "best fitness" designs.
06:09:04: verbose- metric_tracker: Max "best fitness" expanse change of 77.842% found for objective "Non-Linear Minimize obj_fn_2".
06:09:04: verbose- metric_tracker: Population density decreased by 4.371%.
06:09:04: verbose- metric_tracker: 21.951% of the previous "best fitness" population is dominated by designs in the current "best fitness" population.
06:09:04: verbose- metric_tracker: Pushed metric value of 1.04164 onto the convergence stack.
06:09:04: verbose- metric_tracker: Current max percentage progress is 16213%.
06:09:04: quiet- duplicate_free: 10 generations so far.
06:09:04: quiet- duplicate_free: 760 evaluations so far.
06:09:04: verbose- duplicate_free: 151 members in population so far.
06:09:04: verbose- multi_point_parameterized_binary: 60 children created.
06:09:04: quiet- offset_normal: Produced invalid  variable representation 2.03086. Mutation performed without corrective action.
06:09:04: verbose- offset_normal: Performed 30 total mutations.
06:09:04: quiet- NO_ID: Invalid value of 1.9413 found for variable DAKOTA_RC_1.  Corrected to 2.47986.
06:09:04: quiet- NO_ID: Invalid value of 1.9573 found for variable DAKOTA_RC_1.  Corrected to 2.35658.
06:09:04: quiet- NO_ID: Invalid value of 1.9977 found for variable DAKOTA_RC_1.  Corrected to 2.06815.
06:09:04: quiet- NO_ID: Invalid value of 2.68981 found for variable DAKOTA_RC_6.  Corrected to 2.1743.
06:09:04: quiet- NO_ID: Invalid value of 12.2911 found for variable DAKOTA_EP_3.  Corrected to 5.30914.
06:09:04: quiet- NO_ID: Invalid value of 2.16734 found for variable DAKOTA_RC_8.  Corrected to 1.92704.
06:09:04: quiet- NO_ID: Invalid value of 2.16431 found for variable DAKOTA_RC_9.  Corrected to 1.71575.
06:09:04: quiet- NO_ID: Invalid value of 1.99903 found for variable DAKOTA_RC_6.  Corrected to 2.25733.
06:09:04: quiet- NO_ID: Invalid value of 2.0297 found for variable DAKOTA_RC_2.  Corrected to 1.62559.
06:09:04: quiet- NO_ID: Invalid value of 1.79673 found for variable DAKOTA_RC_5.  Corrected to 1.96811.
06:09:04: quiet- NO_ID: Invalid value of 1.41025 found for variable DAKOTA_RC_2.  Corrected to 1.65614.
06:09:04: quiet- NO_ID: Invalid value of 1.59931 found for variable DAKOTA_RC_5.  Corrected to 1.95385.
06:09:04: quiet- NO_ID: Invalid value of 2.64472 found for variable DAKOTA_RC_6.  Corrected to 2.4322.
06:09:04: quiet- NO_ID: Invalid value of 2.03086 found for variable DAKOTA_RC_2.  Corrected to 1.78001.
06:09:04: quiet- NO_ID: Invalid value of 2.63442 found for variable DAKOTA_RC_6.  Corrected to 2.52989.
06:09:04: quiet- NO_ID: Invalid value of 1.75529 found for variable DAKOTA_RC_5.  Corrected to 1.94692.
06:09:04: quiet- NO_ID: Invalid value of 1.97222 found for variable DAKOTA_RC_7.  Corrected to 2.34528.
06:09:04: quiet- NO_ID: Invalid value of 2.11735 found for variable DAKOTA_RC_3.  Corrected to 1.97497.
06:09:04: quiet- NO_ID: Invalid value of 2.12554 found for variable DAKOTA_RC_3.  Corrected to 1.89504.
06:09:04: quiet- NO_ID: Invalid value of 1.95143 found for variable DAKOTA_RC_7.  Corrected to 2.1041.
06:09:04: quiet- NO_ID: Invalid value of 2.63833 found for variable DAKOTA_RC_7.  Corrected to 2.48961.
06:09:04: quiet- NO_ID: Invalid value of 1.92238 found for variable DAKOTA_RC_6.  Corrected to 2.04193.
06:09:04: quiet- NO_ID: Invalid value of 2.03677 found for variable DAKOTA_RC_2.  Corrected to 1.52562.
06:09:04: quiet- NO_ID: Invalid value of 2.57985 found for variable DAKOTA_RC_1.  Corrected to 2.49991.
06:09:04: verbose- duplicate_free: flushed 1 offspring designs that duplicate existing population members.
08:35:08: verbose- below_limit: Performed 152 total selections.
08:35:08: verbose- NO_ID: 37 of 151 population members were not selected to continue.  51 of 89 offspring were immediately rejected.
08:35:08: verbose- metric_tracker: Operating on 152 total designs and 49 "best fitness" designs.
08:35:08: verbose- metric_tracker: No "best fitness" expansion or contraction occurred this generation.
08:35:08: verbose- metric_tracker: Population density increased by 0.662%.
08:35:08: verbose- metric_tracker: 17.391% of the previous "best fitness" population is dominated by designs in the current "best fitness" population.
08:35:08: verbose- metric_tracker: Pushed metric value of 0.180536 onto the convergence stack.
08:35:08: verbose- metric_tracker: Current max percentage progress is 16213%.
08:35:08: quiet- duplicate_free: 11 generations so far.
08:35:08: quiet- duplicate_free: 849 evaluations so far.
08:35:08: verbose- duplicate_free: 152 members in population so far.
08:35:08: verbose- multi_point_parameterized_binary: 60 children created.
08:35:08: quiet- offset_normal: Produced invalid  variable representation 2.51565. Mutation performed without corrective action.
08:35:08: verbose- offset_normal: Performed 30 total mutations.
08:35:08: quiet- NO_ID: Invalid value of 1.63603 found for variable DAKOTA_RC_8.  Corrected to 1.98786.
08:35:08: quiet- NO_ID: Invalid value of 2.63791 found for variable DAKOTA_RC_7.  Corrected to 2.4747.
08:35:08: quiet- NO_ID: Invalid value of 1.97849 found for variable DAKOTA_RC_7.  Corrected to 2.48516.
08:35:08: quiet- NO_ID: Invalid value of 1.57381 found for variable DAKOTA_RC_3.  Corrected to 1.73039.
08:35:08: quiet- NO_ID: Invalid value of 1.98933 found for variable DAKOTA_RC_6.  Corrected to 2.54398.
08:35:08: quiet- NO_ID: Invalid value of 2.11013 found for variable DAKOTA_RC_9.  Corrected to 1.76603.
08:35:08: quiet- NO_ID: Invalid value of 1.66715 found for variable DAKOTA_RC_4.  Corrected to 2.12385.
08:35:08: quiet- NO_ID: Invalid value of 1.77216 found for variable DAKOTA_RC_5.  Corrected to 2.10866.
08:35:08: quiet- NO_ID: Invalid value of 1.7647 found for variable DAKOTA_RC_5.  Corrected to 2.04224.
08:35:08: quiet- NO_ID: Invalid value of 1.73839 found for variable DAKOTA_RC_5.  Corrected to 1.9966.
08:35:08: quiet- NO_ID: Invalid value of 2.13401 found for variable DAKOTA_RC_2.  Corrected to 1.84271.
08:35:08: quiet- NO_ID: Invalid value of 1.49978 found for variable DAKOTA_RC_2.  Corrected to 1.51729.
08:35:08: quiet- NO_ID: Invalid value of 2.68987 found for variable DAKOTA_RC_6.  Corrected to 2.30176.
08:35:08: quiet- NO_ID: Invalid value of 1.76241 found for variable DAKOTA_RC_5.  Corrected to 1.99382.
08:35:08: quiet- NO_ID: Invalid value of 1.79955 found for variable DAKOTA_RC_5.  Corrected to 2.19585.
08:35:08: quiet- NO_ID: Invalid value of 1.61756 found for variable DAKOTA_RC_5.  Corrected to 2.05165.
08:35:08: quiet- NO_ID: Invalid value of 2.61502 found for variable DAKOTA_RC_6.  Corrected to 2.43138.
08:35:08: quiet- NO_ID: Invalid value of 2.29545 found for variable DAKOTA_RC_3.  Corrected to 2.0095.
08:35:08: quiet- NO_ID: Invalid value of 2.63213 found for variable DAKOTA_RC_6.  Corrected to 2.23008.
08:35:08: quiet- NO_ID: Invalid value of 2.60659 found for variable DAKOTA_RC_7.  Corrected to 2.00818.
08:35:08: quiet- NO_ID: Invalid value of 2.27416 found for variable DAKOTA_RC_3.  Corrected to 2.05145.
08:35:08: quiet- NO_ID: Invalid value of 1.82098 found for variable DAKOTA_RC_6.  Corrected to 2.2162.
08:35:08: quiet- NO_ID: Invalid value of 2.12711 found for variable DAKOTA_RC_2.  Corrected to 1.89277.
08:35:08: quiet- NO_ID: Invalid value of 1.96893 found for variable DAKOTA_RC_6.  Corrected to 2.49924.
08:35:08: quiet- NO_ID: Invalid value of 2.51565 found for variable DAKOTA_RC_1.  Corrected to 2.45421.
11:02:00: verbose- below_limit: Performed 161 total selections.
11:02:00: verbose- NO_ID: 20 of 152 population members were not selected to continue.  61 of 90 offspring were immediately rejected.
11:02:00: verbose- metric_tracker: Operating on 161 total designs and 56 "best fitness" designs.
11:02:00: verbose- metric_tracker: Max "best fitness" expanse change of 0.076% found for objective "Non-Linear Minimize obj_fn_2".
11:02:00: verbose- metric_tracker: Population density increased by 20.459%.
11:02:00: verbose- metric_tracker: 2.041% of the previous "best fitness" population is dominated by designs in the current "best fitness" population.
11:02:00: verbose- metric_tracker: Pushed metric value of 0.22575 onto the convergence stack.
11:02:00: verbose- metric_tracker: Current max percentage progress is 16213%.
11:02:00: quiet- duplicate_free: 12 generations so far.
11:02:00: quiet- duplicate_free: 939 evaluations so far.
11:02:00: verbose- duplicate_free: 161 members in population so far.
11:02:00: verbose- multi_point_parameterized_binary: 64 children created.
11:02:00: verbose- offset_normal: Performed 32 total mutations.
11:02:00: quiet- NO_ID: Invalid value of 1.9409 found for variable DAKOTA_RC_1.  Corrected to 2.2074.
11:02:00: quiet- NO_ID: Invalid value of 1.96254 found for variable DAKOTA_RC_1.  Corrected to 2.19222.
11:02:00: quiet- NO_ID: Invalid value of 1.9756 found for variable DAKOTA_RC_1.  Corrected to 2.25828.
11:02:00: quiet- NO_ID: Invalid value of 1.83983 found for variable DAKOTA_RC_7.  Corrected to 2.3523.
11:02:00: quiet- NO_ID: Invalid value of 1.98827 found for variable DAKOTA_RC_1.  Corrected to 2.04362.
11:02:00: quiet- NO_ID: Invalid value of 2.12127 found for variable DAKOTA_RC_8.  Corrected to 1.90763.
11:02:00: quiet- NO_ID: Invalid value of 2.22457 found for variable DAKOTA_RC_9.  Corrected to 1.95599.
11:02:00: quiet- NO_ID: Invalid value of 1.99943 found for variable DAKOTA_RC_1.  Corrected to 2.06767.
11:02:00: quiet- NO_ID: Invalid value of 1.79895 found for variable DAKOTA_RC_4.  Corrected to 2.25248.
11:02:00: quiet- NO_ID: Invalid value of 14.6786 found for variable DAKOTA_EP_1.  Corrected to 2.84383.
11:02:00: quiet- NO_ID: Invalid value of 2.22407 found for variable DAKOTA_RC_8.  Corrected to 1.84835.
11:02:00: quiet- NO_ID: Invalid value of 2.16431 found for variable DAKOTA_RC_9.  Corrected to 1.71862.
11:02:00: quiet- NO_ID: Invalid value of 1.47483 found for variable DAKOTA_RC_2.  Corrected to 1.8691.
11:02:00: quiet- NO_ID: Invalid value of 1.54845 found for variable DAKOTA_RC_4.  Corrected to 1.88253.
11:02:00: quiet- NO_ID: Invalid value of 2.18078 found for variable DAKOTA_RC_8.  Corrected to 1.70264.
11:02:00: quiet- NO_ID: Invalid value of 1.34947 found for variable DAKOTA_RC_4.  Corrected to 1.97538.
11:02:00: quiet- NO_ID: Invalid value of 1.94066 found for variable DAKOTA_RC_6.  Corrected to 2.24484.
11:02:00: quiet- NO_ID: Invalid value of 1.66532 found for variable DAKOTA_RC_4.  Corrected to 2.12711.
11:02:00: quiet- NO_ID: Invalid value of 1.47784 found for variable DAKOTA_RC_2.  Corrected to 1.77109.
11:02:00: quiet- NO_ID: Invalid value of 2.68985 found for variable DAKOTA_RC_6.  Corrected to 2.28807.
11:02:00: quiet- NO_ID: Invalid value of 2.62496 found for variable DAKOTA_RC_7.  Corrected to 2.21182.
11:02:00: quiet- NO_ID: Invalid value of 1.76366 found for variable DAKOTA_RC_5.  Corrected to 2.34984.
11:02:00: quiet- NO_ID: Invalid value of 1.93689 found for variable DAKOTA_RC_7.  Corrected to 2.44949.
11:02:00: quiet- NO_ID: Invalid value of 1.94124 found for variable DAKOTA_RC_7.  Corrected to 2.18834.
11:02:00: quiet- NO_ID: Invalid value of 2.18004 found for variable DAKOTA_RC_3.  Corrected to 1.97054.
11:02:00: quiet- NO_ID: Invalid value of 2.65009 found for variable DAKOTA_RC_6.  Corrected to 2.38465.
11:02:00: quiet- NO_ID: Invalid value of 2.10021 found for variable DAKOTA_RC_3.  Corrected to 1.63695.
11:02:00: quiet- NO_ID: Invalid value of 1.98827 found for variable DAKOTA_RC_6.  Corrected to 2.07833.
11:02:00: quiet- NO_ID: Invalid value of 2.03241 found for variable DAKOTA_RC_2.  Corrected to 1.66157.
11:02:00: quiet- NO_ID: Invalid value of 1.98945 found for variable DAKOTA_RC_6.  Corrected to 2.57999.
11:02:00: quiet- NO_ID: Invalid value of 12.0092 found for variable DAKOTA_EP_1.  Corrected to 4.84929.
11:02:00: quiet- NO_ID: Invalid value of 2.64141 found for variable DAKOTA_RC_7.  Corrected to 2.44277.
11:02:00: quiet- NO_ID: Invalid value of 2.56135 found for variable DAKOTA_RC_1.  Corrected to 2.17554.
11:02:00: quiet- NO_ID: Invalid value of 2.67001 found for variable DAKOTA_RC_7.  Corrected to 2.5524.
13:34:14: verbose- below_limit: Performed 196 total selections.
13:34:14: verbose- NO_ID: 15 of 161 population members were not selected to continue.  46 of 96 offspring were immediately rejected.
13:34:14: verbose- metric_tracker: Operating on 196 total designs and 63 "best fitness" designs.
13:34:14: verbose- metric_tracker: No "best fitness" expansion or contraction occurred this generation.
13:34:14: verbose- metric_tracker: Population density increased by 15.496%.
13:34:14: verbose- metric_tracker: 10.714% of the previous "best fitness" population is dominated by designs in the current "best fitness" population.
13:34:14: verbose- metric_tracker: Pushed metric value of 0.262108 onto the convergence stack.
13:34:14: verbose- metric_tracker: Current max percentage progress is 16213%.
13:34:14: quiet- duplicate_free: 13 generations so far.
13:34:14: quiet- duplicate_free: 1035 evaluations so far.
13:34:14: verbose- duplicate_free: 196 members in population so far.
13:34:14: verbose- multi_point_parameterized_binary: 78 children created.
13:34:14: quiet- offset_normal: Produced invalid  variable representation 1.99649. Mutation performed without corrective action.
13:34:14: quiet- offset_normal: Produced invalid  variable representation 1.73212. Mutation performed without corrective action.
13:34:14: quiet- offset_normal: Produced invalid  variable representation 1.99364. Mutation performed without corrective action.
13:34:14: quiet- offset_normal: Produced invalid  variable representation -0.281411. Mutation performed without corrective action.
13:34:14: verbose- offset_normal: Performed 39 total mutations.
13:34:14: quiet- NO_ID: Invalid value of 1.93695 found for variable DAKOTA_RC_1.  Corrected to 2.48667.
13:34:14: quiet- NO_ID: Invalid value of 14.6788 found for variable DAKOTA_EP_1.  Corrected to 11.6871.
13:34:14: quiet- NO_ID: Invalid value of 1.94121 found for variable DAKOTA_RC_1.  Corrected to 2.00623.
13:34:14: quiet- NO_ID: Invalid value of 1.94693 found for variable DAKOTA_RC_1.  Corrected to 2.33897.
13:34:14: quiet- NO_ID: Invalid value of 1.99649 found for variable DAKOTA_RC_1.  Corrected to 2.06248.
13:34:14: quiet- NO_ID: Invalid value of 1.99942 found for variable DAKOTA_RC_1.  Corrected to 2.08482.
13:34:14: quiet- NO_ID: Invalid value of 2.16092 found for variable DAKOTA_RC_9.  Corrected to 1.73781.
13:34:14: quiet- NO_ID: Invalid value of 2.65024 found for variable DAKOTA_RC_7.  Corrected to 2.33593.
13:34:14: quiet- NO_ID: Invalid value of 12.3536 found for variable DAKOTA_EP_2.  Corrected to 4.04448.
13:34:14: quiet- NO_ID: Invalid value of 2.63451 found for variable DAKOTA_RC_6.  Corrected to 2.32725.
13:34:14: quiet- NO_ID: Invalid value of 2.62182 found for variable DAKOTA_RC_6.  Corrected to 2.59187.
13:34:14: quiet- NO_ID: Invalid value of 2.19585 found for variable DAKOTA_RC_9.  Corrected to 1.79779.
13:34:14: quiet- NO_ID: Invalid value of 1.97641 found for variable DAKOTA_RC_7.  Corrected to 2.26976.
13:34:14: quiet- NO_ID: Invalid value of 1.69363 found for variable DAKOTA_RC_8.  Corrected to 1.99381.
13:34:14: quiet- NO_ID: Invalid value of 1.73212 found for variable DAKOTA_RC_5.  Corrected to 2.14917.
13:34:14: quiet- NO_ID: Invalid value of 1.36372 found for variable DAKOTA_RC_4.  Corrected to 2.04319.
13:34:14: quiet- NO_ID: Invalid value of 13.5458 found for variable DAKOTA_EP_1.  Corrected to 9.82573.
13:34:14: quiet- NO_ID: Invalid value of 1.78046 found for variable DAKOTA_RC_5.  Corrected to 1.91641.
13:34:14: quiet- NO_ID: Invalid value of 1.99364 found for variable DAKOTA_RC_6.  Corrected to 2.40454.
13:34:14: quiet- NO_ID: Invalid value of 14.0882 found for variable DAKOTA_EP_1.  Corrected to 11.7964.
13:34:14: quiet- NO_ID: Invalid value of 2.18922 found for variable DAKOTA_RC_8.  Corrected to 1.91195.
13:34:14: quiet- NO_ID: Invalid value of 1.43483 found for variable DAKOTA_RC_2.  Corrected to 1.62735.
13:34:14: quiet- NO_ID: Invalid value of 1.93375 found for variable DAKOTA_RC_7.  Corrected to 2.15015.
13:34:14: quiet- NO_ID: Invalid value of 1.61625 found for variable DAKOTA_RC_5.  Corrected to 1.81496.
13:34:14: quiet- NO_ID: Invalid value of 1.47386 found for variable DAKOTA_RC_5.  Corrected to 2.0733.
13:34:14: quiet- NO_ID: Invalid value of 1.73654 found for variable DAKOTA_RC_5.  Corrected to 2.06737.
13:34:14: quiet- NO_ID: Invalid value of 2.6324 found for variable DAKOTA_RC_6.  Corrected to 2.15783.
13:34:14: quiet- NO_ID: Invalid value of 1.92632 found for variable DAKOTA_RC_6.  Corrected to 2.40158.
13:34:14: quiet- NO_ID: Invalid value of 1.49835 found for variable DAKOTA_RC_5.  Corrected to 1.93209.
13:34:14: quiet- NO_ID: Invalid value of -0.281411 found for variable DAKOTA_EP_3.  Corrected to 11.2788.
13:34:14: quiet- NO_ID: Invalid value of 1.9842 found for variable DAKOTA_RC_7.  Corrected to 2.1678.
13:34:14: quiet- NO_ID: Invalid value of 2.00172 found for variable DAKOTA_RC_2.  Corrected to 1.59675.
13:34:14: quiet- NO_ID: Invalid value of 2.02894 found for variable DAKOTA_RC_2.  Corrected to 1.95691.
13:34:14: quiet- NO_ID: Invalid value of 2.28119 found for variable DAKOTA_RC_3.  Corrected to 1.74606.
13:34:14: quiet- NO_ID: Invalid value of 1.98776 found for variable DAKOTA_RC_6.  Corrected to 2.52286.
16:44:05: verbose- below_limit: Performed 223 total selections.
16:44:05: verbose- NO_ID: 16 of 196 population members were not selected to continue.  74 of 117 offspring were immediately rejected.
16:44:05: verbose- metric_tracker: Operating on 223 total designs and 70 "best fitness" designs.
16:44:05: verbose- metric_tracker: Max "best fitness" expanse change of 17.918% found for objective "Non-Linear Minimize obj_fn_3".
16:44:05: verbose- metric_tracker: Population density increased by 18.939%.
16:44:05: verbose- metric_tracker: 9.524% of the previous "best fitness" population is dominated by designs in the current "best fitness" population.
16:44:05: verbose- metric_tracker: Pushed metric value of 0.463807 onto the convergence stack.
16:44:05: verbose- metric_tracker: Current max percentage progress is 16213%.
16:44:05: quiet- duplicate_free: 14 generations so far.
16:44:05: quiet- duplicate_free: 1152 evaluations so far.
16:44:05: verbose- duplicate_free: 223 members in population so far.
16:44:05: verbose- multi_point_parameterized_binary: 90 children created.
16:44:05: quiet- offset_normal: Produced invalid  variable representation 1.59926. Mutation performed without corrective action.
16:44:05: quiet- offset_normal: Produced invalid  variable representation 2.41652. Mutation performed without corrective action.
16:44:05: quiet- offset_normal: Produced invalid  variable representation 1.77746. Mutation performed without corrective action.
16:44:05: quiet- offset_normal: Produced invalid  variable representation 1.6806. Mutation performed without corrective action.
16:44:05: quiet- offset_normal: Produced invalid  variable representation 2.01835. Mutation performed without corrective action.
16:44:05: verbose- offset_normal: Performed 45 total mutations.
16:44:05: quiet- NO_ID: Invalid value of 1.93925 found for variable DAKOTA_RC_1.  Corrected to 2.37002.
16:44:05: quiet- NO_ID: Invalid value of 1.95743 found for variable DAKOTA_RC_1.  Corrected to 2.04094.
16:44:05: quiet- NO_ID: Invalid value of 1.96178 found for variable DAKOTA_RC_1.  Corrected to 2.03912.
16:44:05: quiet- NO_ID: Invalid value of 1.94159 found for variable DAKOTA_RC_7.  Corrected to 2.11962.
16:44:05: quiet- NO_ID: Invalid value of 1.55723 found for variable DAKOTA_RC_5.  Corrected to 2.19778.
16:44:05: quiet- NO_ID: Invalid value of 1.93296 found for variable DAKOTA_RC_7.  Corrected to 2.28271.
16:44:05: quiet- NO_ID: Invalid value of 1.59926 found for variable DAKOTA_RC_3.  Corrected to 1.74493.
16:44:05: quiet- NO_ID: Invalid value of 1.35641 found for variable DAKOTA_RC_5.  Corrected to 1.82788.
16:44:05: quiet- NO_ID: Invalid value of 1.9777 found for variable DAKOTA_RC_6.  Corrected to 2.21222.
16:44:05: quiet- NO_ID: Invalid value of 2.15874 found for variable DAKOTA_RC_9.  Corrected to 1.86626.
16:44:05: quiet- NO_ID: Invalid value of 1.62619 found for variable DAKOTA_RC_4.  Corrected to 2.02579.
16:44:05: quiet- NO_ID: Invalid value of 1.98264 found for variable DAKOTA_RC_6.  Corrected to 2.01056.
16:44:05: quiet- NO_ID: Invalid value of 2.41652 found for variable DAKOTA_RC_5.  Corrected to 1.85662.
16:44:05: quiet- NO_ID: Invalid value of 1.98278 found for variable DAKOTA_RC_6.  Corrected to 2.18066.
16:44:05: quiet- NO_ID: Invalid value of 1.97281 found for variable DAKOTA_RC_7.  Corrected to 2.17552.
16:44:05: quiet- NO_ID: Invalid value of 2.6064 found for variable DAKOTA_RC_6.  Corrected to 2.55918.
16:44:05: quiet- NO_ID: Invalid value of 2.22725 found for variable DAKOTA_RC_9.  Corrected to 1.82777.
16:44:05: quiet- NO_ID: Invalid value of 13.8047 found for variable DAKOTA_EP_1.  Corrected to 4.98798.
16:44:05: quiet- NO_ID: Invalid value of 1.65073 found for variable DAKOTA_RC_5.  Corrected to 1.93582.
16:44:05: quiet- NO_ID: Invalid value of 1.94435 found for variable DAKOTA_RC_6.  Corrected to 2.15877.
16:44:05: quiet- NO_ID: Invalid value of 2.60853 found for variable DAKOTA_RC_6.  Corrected to 2.10686.
16:44:05: quiet- NO_ID: Invalid value of 1.34592 found for variable DAKOTA_RC_5.  Corrected to 2.20515.
16:44:05: quiet- NO_ID: Invalid value of 2.6942 found for variable DAKOTA_RC_7.  Corrected to 2.44832.
16:44:05: quiet- NO_ID: Invalid value of 1.88446 found for variable DAKOTA_RC_6.  Corrected to 2.25266.
16:44:05: quiet- NO_ID: Invalid value of 2.70304 found for variable DAKOTA_RC_7.  Corrected to 2.1335.
16:44:05: quiet- NO_ID: Invalid value of 2.62642 found for variable DAKOTA_RC_7.  Corrected to 2.01656.
16:44:05: quiet- NO_ID: Invalid value of 1.77746 found for variable DAKOTA_RC_5.  Corrected to 1.81518.
16:44:05: quiet- NO_ID: Invalid value of 2.00171 found for variable DAKOTA_RC_2.  Corrected to 1.69902.
16:44:05: quiet- NO_ID: Invalid value of 2.65024 found for variable DAKOTA_RC_7.  Corrected to 2.32305.
16:44:05: quiet- NO_ID: Invalid value of 1.6806 found for variable DAKOTA_RC_9.  Corrected to 1.94592.
16:44:05: quiet- NO_ID: Invalid value of 2.01835 found for variable DAKOTA_RC_2.  Corrected to 1.92585.
16:44:05: quiet- NO_ID: Invalid value of 1.68783 found for variable DAKOTA_RC_9.  Corrected to 1.81138.
16:44:05: quiet- NO_ID: Invalid value of 2.50222 found for variable DAKOTA_RC_1.  Corrected to 2.34834.
20:24:29: verbose- below_limit: Performed 228 total selections.
20:24:29: verbose- NO_ID: 42 of 223 population members were not selected to continue.  88 of 135 offspring were immediately rejected.
20:24:29: verbose- metric_tracker: Operating on 228 total designs and 68 "best fitness" designs.
20:24:29: verbose- metric_tracker: No "best fitness" expansion or contraction occurred this generation.
20:24:29: verbose- metric_tracker: Population density increased by 2.242%.
20:24:29: verbose- metric_tracker: 22.857% of the previous "best fitness" population is dominated by designs in the current "best fitness" population.
20:24:29: verbose- metric_tracker: Pushed metric value of 0.250993 onto the convergence stack.
20:24:29: verbose- metric_tracker: Current max percentage progress is 16213%.
20:24:29: quiet- duplicate_free: 15 generations so far.
20:24:29: quiet- duplicate_free: 1287 evaluations so far.
20:24:29: verbose- duplicate_free: 228 members in population so far.
20:24:29: verbose- multi_point_parameterized_binary: 92 children created.
20:24:29: quiet- offset_normal: Produced invalid  variable representation 1.98212. Mutation performed without corrective action.
20:24:29: verbose- offset_normal: Performed 46 total mutations.
20:24:29: quiet- NO_ID: Invalid value of 1.93688 found for variable DAKOTA_RC_1.  Corrected to 2.36675.
20:24:29: quiet- NO_ID: Invalid value of 1.96178 found for variable DAKOTA_RC_1.  Corrected to 2.19254.
20:24:29: quiet- NO_ID: Invalid value of 1.98212 found for variable DAKOTA_RC_1.  Corrected to 2.25619.
20:24:29: quiet- NO_ID: Invalid value of 1.9977 found for variable DAKOTA_RC_1.  Corrected to 2.15058.
20:24:29: quiet- NO_ID: Invalid value of 1.40251 found for variable DAKOTA_RC_2.  Corrected to 1.93262.
20:24:29: quiet- NO_ID: Invalid value of 1.99906 found for variable DAKOTA_RC_6.  Corrected to 2.11545.
20:24:29: quiet- NO_ID: Invalid value of 1.57562 found for variable DAKOTA_RC_3.  Corrected to 1.94232.
20:24:29: quiet- NO_ID: Invalid value of 1.93728 found for variable DAKOTA_RC_7.  Corrected to 2.48878.
20:24:29: quiet- NO_ID: Invalid value of 12.583 found for variable DAKOTA_EP_2.  Corrected to 10.5649.
20:24:29: quiet- NO_ID: Invalid value of 1.59124 found for variable DAKOTA_RC_3.  Corrected to 1.73319.
20:24:29: quiet- NO_ID: Invalid value of 1.42602 found for variable DAKOTA_RC_2.  Corrected to 1.80193.
20:24:29: quiet- NO_ID: Invalid value of 1.47643 found for variable DAKOTA_RC_4.  Corrected to 2.10222.
20:24:29: quiet- NO_ID: Invalid value of 2.70332 found for variable DAKOTA_RC_7.  Corrected to 2.56961.
20:24:29: quiet- NO_ID: Invalid value of 1.72532 found for variable DAKOTA_RC_6.  Corrected to 2.21341.
20:24:29: quiet- NO_ID: Invalid value of 1.42133 found for variable DAKOTA_RC_2.  Corrected to 1.85771.
20:24:29: quiet- NO_ID: Invalid value of 1.36251 found for variable DAKOTA_RC_4.  Corrected to 2.12696.
20:24:29: quiet- NO_ID: Invalid value of 2.70484 found for variable DAKOTA_RC_7.  Corrected to 2.42723.
20:24:29: quiet- NO_ID: Invalid value of 1.62385 found for variable DAKOTA_RC_4.  Corrected to 1.84166.
20:24:29: quiet- NO_ID: Invalid value of 2.11017 found for variable DAKOTA_RC_9.  Corrected to 1.94842.
20:24:29: quiet- NO_ID: Invalid value of 1.78913 found for variable DAKOTA_RC_5.  Corrected to 2.14771.
20:24:29: quiet- NO_ID: Invalid value of 1.42275 found for variable DAKOTA_RC_2.  Corrected to 1.80607.
20:24:29: quiet- NO_ID: Invalid value of 2.70345 found for variable DAKOTA_RC_7.  Corrected to 2.41256.
20:24:29: quiet- NO_ID: Invalid value of 2.1634 found for variable DAKOTA_RC_2.  Corrected to 1.75207.
20:24:29: quiet- NO_ID: Invalid value of 2.63511 found for variable DAKOTA_RC_6.  Corrected to 2.24292.
20:24:29: quiet- NO_ID: Invalid value of 2.69074 found for variable DAKOTA_RC_7.  Corrected to 2.32249.
20:24:29: quiet- NO_ID: Invalid value of 2.16267 found for variable DAKOTA_RC_3.  Corrected to 1.99039.
20:24:29: quiet- NO_ID: Invalid value of 2.63791 found for variable DAKOTA_RC_7.  Corrected to 2.59672.
20:24:29: quiet- NO_ID: Invalid value of 2.02753 found for variable DAKOTA_RC_2.  Corrected to 1.71093.
20:24:29: quiet- NO_ID: Invalid value of 1.99188 found for variable DAKOTA_RC_6.  Corrected to 2.05374.
20:24:29: quiet- NO_ID: Invalid value of 2.16387 found for variable DAKOTA_RC_2.  Corrected to 1.61905.
20:24:29: quiet- NO_ID: Invalid value of 2.16807 found for variable DAKOTA_RC_2.  Corrected to 1.9007.
20:24:29: quiet- NO_ID: Invalid value of 2.14192 found for variable DAKOTA_RC_3.  Corrected to 2.01153.
20:24:29: quiet- NO_ID: Invalid value of 1.99351 found for variable DAKOTA_RC_6.  Corrected to 2.3739.
00:01:51: verbose- below_limit: Performed 261 total selections.
00:01:51: verbose- NO_ID: 17 of 228 population members were not selected to continue.  88 of 138 offspring were immediately rejected.
00:01:51: verbose- metric_tracker: Operating on 261 total designs and 64 "best fitness" designs.
00:01:51: verbose- metric_tracker: No "best fitness" expansion or contraction occurred this generation.
00:01:51: verbose- metric_tracker: Population density increased by 36.855%.
00:01:51: verbose- metric_tracker: 26.471% of the previous "best fitness" population is dominated by designs in the current "best fitness" population.
00:01:51: verbose- metric_tracker: Pushed metric value of 0.633252 onto the convergence stack.
00:01:51: verbose- metric_tracker: Current max percentage progress is 16213%.
00:01:51: quiet- duplicate_free: 16 generations so far.
00:01:51: quiet- duplicate_free: 1425 evaluations so far.
00:01:51: verbose- duplicate_free: 261 members in population so far.
00:01:51: verbose- multi_point_parameterized_binary: 104 children created.
00:01:51: quiet- offset_normal: Produced invalid  variable representation 2.10132. Mutation performed without corrective action.
00:01:51: quiet- offset_normal: Produced invalid  variable representation 2.10387. Mutation performed without corrective action.
00:01:51: verbose- offset_normal: Performed 52 total mutations.
00:01:51: quiet- NO_ID: Invalid value of 1.93886 found for variable DAKOTA_RC_1.  Corrected to 2.2276.
00:01:51: quiet- NO_ID: Invalid value of 1.94191 found for variable DAKOTA_RC_1.  Corrected to 2.30701.
00:01:51: quiet- NO_ID: Invalid value of 1.97066 found for variable DAKOTA_RC_1.  Corrected to 2.02914.
00:01:51: quiet- NO_ID: Invalid value of 1.57671 found for variable DAKOTA_RC_3.  Corrected to 1.96012.
00:01:51: quiet- NO_ID: Invalid value of 1.93648 found for variable DAKOTA_RC_7.  Corrected to 2.02185.
00:01:51: quiet- NO_ID: Invalid value of 2.60544 found for variable DAKOTA_RC_6.  Corrected to 2.36446.
00:01:51: quiet- NO_ID: Invalid value of 2.6243 found for variable DAKOTA_RC_6.  Corrected to 2.36645.
00:01:51: quiet- NO_ID: Invalid value of 2.70877 found for variable DAKOTA_RC_6.  Corrected to 2.34373.
00:01:51: quiet- NO_ID: Invalid value of 2.19844 found for variable DAKOTA_RC_8.  Corrected to 1.95839.
00:01:51: quiet- NO_ID: Invalid value of 2.15034 found for variable DAKOTA_RC_9.  Corrected to 1.9075.
00:01:51: quiet- NO_ID: Invalid value of 1.98623 found for variable DAKOTA_RC_7.  Corrected to 2.39253.
00:01:51: quiet- NO_ID: Invalid value of 1.93698 found for variable DAKOTA_RC_7.  Corrected to 2.00531.
00:01:51: quiet- NO_ID: Invalid value of 13.777 found for variable DAKOTA_EP_1.  Corrected to 8.72185.
00:01:51: quiet- NO_ID: Invalid value of 12.0854 found for variable DAKOTA_EP_1.  Corrected to 4.81696.
00:01:51: quiet- NO_ID: Invalid value of 1.42865 found for variable DAKOTA_RC_4.  Corrected to 2.10071.
00:01:51: quiet- NO_ID: Invalid value of 1.69179 found for variable DAKOTA_RC_4.  Corrected to 2.33197.
00:01:51: quiet- NO_ID: Invalid value of 1.42313 found for variable DAKOTA_RC_2.  Corrected to 1.87345.
00:01:51: quiet- NO_ID: Invalid value of 2.03189 found for variable DAKOTA_RC_2.  Corrected to 1.96997.
00:01:51: quiet- NO_ID: Invalid value of 1.93708 found for variable DAKOTA_RC_7.  Corrected to 2.06538.
00:01:51: quiet- NO_ID: Invalid value of 2.68376 found for variable DAKOTA_RC_7.  Corrected to 2.03878.
00:01:51: quiet- NO_ID: Invalid value of 2.11876 found for variable DAKOTA_RC_8.  Corrected to 1.85955.
00:01:51: quiet- NO_ID: Invalid value of 2.15039 found for variable DAKOTA_RC_3.  Corrected to 1.72507.
00:01:51: quiet- NO_ID: Invalid value of 2.66955 found for variable DAKOTA_RC_6.  Corrected to 2.37576.
00:01:51: quiet- NO_ID: Invalid value of 1.78049 found for variable DAKOTA_RC_5.  Corrected to 2.11342.
00:01:51: quiet- NO_ID: Invalid value of 1.79343 found for variable DAKOTA_RC_5.  Corrected to 2.18033.
00:01:51: quiet- NO_ID: Invalid value of 1.78242 found for variable DAKOTA_RC_5.  Corrected to 1.97152.
00:01:51: quiet- NO_ID: Invalid value of 2.10132 found for variable DAKOTA_RC_3.  Corrected to 1.70176.
00:01:51: quiet- NO_ID: Invalid value of 2.10387 found for variable DAKOTA_RC_3.  Corrected to 2.03484.
00:01:51: quiet- NO_ID: Invalid value of 2.02465 found for variable DAKOTA_RC_2.  Corrected to 1.54237.
00:01:51: quiet- NO_ID: Invalid value of 1.97612 found for variable DAKOTA_RC_6.  Corrected to 2.53449.
00:01:51: quiet- NO_ID: Invalid value of 2.14196 found for variable DAKOTA_RC_3.  Corrected to 2.08586.
00:01:51: quiet- NO_ID: Invalid value of 2.14192 found for variable DAKOTA_RC_3.  Corrected to 1.86997.
00:01:51: quiet- NO_ID: Invalid value of 1.99923 found for variable DAKOTA_RC_6.  Corrected to 2.3029.
04:16:07: verbose- below_limit: Performed 297 total selections.
04:16:07: verbose- NO_ID: 17 of 261 population members were not selected to continue.  103 of 156 offspring were immediately rejected.
04:16:07: verbose- metric_tracker: Operating on 297 total designs and 65 "best fitness" designs.
04:16:07: verbose- metric_tracker: No "best fitness" expansion or contraction occurred this generation.
04:16:07: verbose- metric_tracker: Population density increased by 13.793%.
04:16:07: verbose- metric_tracker: 17.188% of the previous "best fitness" population is dominated by designs in the current "best fitness" population.
04:16:07: verbose- metric_tracker: Pushed metric value of 0.309806 onto the convergence stack.
04:16:07: verbose- metric_tracker: Current max percentage progress is 16213%.
04:16:07: quiet- duplicate_free: 17 generations so far.
04:16:07: quiet- duplicate_free: 1581 evaluations so far.
04:16:07: verbose- duplicate_free: 297 members in population so far.
04:16:07: verbose- multi_point_parameterized_binary: 118 children created.
04:16:07: quiet- offset_normal: Produced invalid  variable representation 2.10051. Mutation performed without corrective action.
04:16:07: quiet- offset_normal: Produced invalid  variable representation 2.40643. Mutation performed without corrective action.
04:16:07: quiet- offset_normal: Produced invalid  variable representation 12.3443. Mutation performed without corrective action.
04:16:07: quiet- offset_normal: Produced invalid  variable representation 1.78248. Mutation performed without corrective action.
04:16:07: quiet- offset_normal: Produced invalid  variable representation 2.10365. Mutation performed without corrective action.
04:16:07: verbose- offset_normal: Performed 59 total mutations.
04:16:07: quiet- NO_ID: Invalid value of 1.73026 found for variable DAKOTA_RC_6.  Corrected to 2.14684.
04:16:07: quiet- NO_ID: Invalid value of 2.03284 found for variable DAKOTA_RC_2.  Corrected to 1.54602.
04:16:07: quiet- NO_ID: Invalid value of 1.72887 found for variable DAKOTA_RC_6.  Corrected to 2.29181.
04:16:07: quiet- NO_ID: Invalid value of 1.72201 found for variable DAKOTA_RC_5.  Corrected to 1.81814.
04:16:07: quiet- NO_ID: Invalid value of 2.63859 found for variable DAKOTA_RC_6.  Corrected to 2.48285.
04:16:07: quiet- NO_ID: Invalid value of 2.18899 found for variable DAKOTA_RC_8.  Corrected to 1.81041.
04:16:07: quiet- NO_ID: Invalid value of 14.7945 found for variable DAKOTA_EP_1.  Corrected to 10.1617.
04:16:07: quiet- NO_ID: Invalid value of 1.76546 found for variable DAKOTA_RC_4.  Corrected to 1.92896.
04:16:07: quiet- NO_ID: Invalid value of 2.13399 found for variable DAKOTA_RC_9.  Corrected to 1.71118.
04:16:07: quiet- NO_ID: Invalid value of 2.10005 found for variable DAKOTA_RC_9.  Corrected to 1.78113.
04:16:07: quiet- NO_ID: Invalid value of 2.10051 found for variable DAKOTA_RC_9.  Corrected to 1.98205.
04:16:07: quiet- NO_ID: Invalid value of 1.78049 found for variable DAKOTA_RC_5.  Corrected to 1.85095.
04:16:07: quiet- NO_ID: Invalid value of 2.70872 found for variable DAKOTA_RC_7.  Corrected to 2.45762.
04:16:07: quiet- NO_ID: Invalid value of 1.73895 found for variable DAKOTA_RC_4.  Corrected to 2.0664.
04:16:07: quiet- NO_ID: Invalid value of 2.18782 found for variable DAKOTA_RC_8.  Corrected to 1.91032.
04:16:07: quiet- NO_ID: Invalid value of 1.93977 found for variable DAKOTA_RC_7.  Corrected to 2.03228.
04:16:07: quiet- NO_ID: Invalid value of 1.93698 found for variable DAKOTA_RC_7.  Corrected to 2.29318.
04:16:07: quiet- NO_ID: Invalid value of 1.79908 found for variable DAKOTA_RC_4.  Corrected to 1.83223.
04:16:07: quiet- NO_ID: Invalid value of 1.93506 found for variable DAKOTA_RC_6.  Corrected to 2.11362.
04:16:07: quiet- NO_ID: Invalid value of 2.40643 found for variable DAKOTA_RC_5.  Corrected to 2.20012.
04:16:07: quiet- NO_ID: Invalid value of 2.10988 found for variable DAKOTA_RC_9.  Corrected to 1.84186.
04:16:07: quiet- NO_ID: Invalid value of 1.6337 found for variable DAKOTA_RC_4.  Corrected to 2.20236.
04:16:07: quiet- NO_ID: Invalid value of 2.22711 found for variable DAKOTA_RC_8.  Corrected to 1.80244.
04:16:07: quiet- NO_ID: Invalid value of 2.63698 found for variable DAKOTA_RC_6.  Corrected to 2.37122.
04:16:07: quiet- NO_ID: Invalid value of 1.99023 found for variable DAKOTA_RC_7.  Corrected to 2.00796.
04:16:07: quiet- NO_ID: Invalid value of 1.93553 found for variable DAKOTA_RC_6.  Corrected to 2.07229.
04:16:07: quiet- NO_ID: Invalid value of 1.99894 found for variable DAKOTA_RC_7.  Corrected to 2.34087.
04:16:07: quiet- NO_ID: Invalid value of 2.62332 found for variable DAKOTA_RC_6.  Corrected to 2.23593.
04:16:07: quiet- NO_ID: Invalid value of 1.93734 found for variable DAKOTA_RC_7.  Corrected to 2.56789.
04:16:07: quiet- NO_ID: Invalid value of 1.57127 found for variable DAKOTA_RC_3.  Corrected to 2.03112.
04:16:07: quiet- NO_ID: Invalid value of 1.78248 found for variable DAKOTA_RC_5.  Corrected to 2.09553.
04:16:07: quiet- NO_ID: Invalid value of 12.3443 found for variable DAKOTA_EP_2.  Corrected to 2.29465.
04:16:07: quiet- NO_ID: Invalid value of 2.68985 found for variable DAKOTA_RC_6.  Corrected to 2.57256.
04:16:07: quiet- NO_ID: Invalid value of 1.79955 found for variable DAKOTA_RC_5.  Corrected to 2.38734.
04:16:07: quiet- NO_ID: Invalid value of 2.03714 found for variable DAKOTA_RC_2.  Corrected to 1.61073.
04:16:07: quiet- NO_ID: Invalid value of 1.36826 found for variable DAKOTA_RC_5.  Corrected to 2.25541.
04:16:07: quiet- NO_ID: Invalid value of 1.72201 found for variable DAKOTA_RC_5.  Corrected to 1.95295.
04:16:07: quiet- NO_ID: Invalid value of 1.94194 found for variable DAKOTA_RC_6.  Corrected to 2.04096.
04:16:07: quiet- NO_ID: Invalid value of 2.10365 found for variable DAKOTA_RC_8.  Corrected to 2.08958.
04:16:07: quiet- NO_ID: Invalid value of 2.14087 found for variable DAKOTA_RC_3.  Corrected to 1.74144.
04:16:07: quiet- NO_ID: Invalid value of 2.61909 found for variable DAKOTA_RC_7.  Corrected to 2.16266.
04:16:07: quiet- NO_ID: Invalid value of 2.63256 found for variable DAKOTA_RC_6.  Corrected to 2.40744.
04:16:07: quiet- NO_ID: Invalid value of 1.9511 found for variable DAKOTA_RC_6.  Corrected to 2.22068.
04:16:07: quiet- NO_ID: Invalid value of 1.98944 found for variable DAKOTA_RC_6.  Corrected to 2.02028.
04:16:07: quiet- NO_ID: Invalid value of 2.03189 found for variable DAKOTA_RC_2.  Corrected to 1.56153.
04:16:07: quiet- NO_ID: Invalid value of 1.67028 found for variable DAKOTA_RC_9.  Corrected to 2.05744.
04:16:07: quiet- NO_ID: Invalid value of 1.94069 found for variable DAKOTA_RC_6.  Corrected to 2.05257.
04:16:07: quiet- NO_ID: Invalid value of 1.93726 found for variable DAKOTA_RC_7.  Corrected to 2.36702.
04:16:07: quiet- NO_ID: Invalid value of 12.0835 found for variable DAKOTA_EP_1.  Corrected to 11.3679.
04:16:07: quiet- NO_ID: Invalid value of 2.6899 found for variable DAKOTA_RC_6.  Corrected to 2.16618.
04:16:07: quiet- NO_ID: Invalid value of 1.57314 found for variable DAKOTA_RC_9.  Corrected to 1.81143.
04:16:07: quiet- NO_ID: Invalid value of 2.63025 found for variable DAKOTA_RC_6.  Corrected to 2.18118.
04:16:07: quiet- NO_ID: Invalid value of 2.50041 found for variable DAKOTA_RC_1.  Corrected to 2.47379.
08:57:35: verbose- below_limit: Performed 317 total selections.
08:57:35: verbose- NO_ID: 41 of 297 population members were not selected to continue.  116 of 177 offspring were immediately rejected.
08:57:35: verbose- metric_tracker: Operating on 317 total designs and 82 "best fitness" designs.
08:57:35: verbose- metric_tracker: Max "best fitness" expanse change of 0.008% found for objective "Non-Linear Minimize obj_fn_3".
08:57:35: verbose- metric_tracker: Population density increased by 0.532%.
08:57:35: verbose- metric_tracker: 3.077% of the previous "best fitness" population is dominated by designs in the current "best fitness" population.
08:57:35: verbose- metric_tracker: Pushed metric value of 0.0361734 onto the convergence stack.
08:57:35: verbose- metric_tracker: Current max percentage progress is 16213%.
08:57:35: quiet- duplicate_free: 18 generations so far.
08:57:35: quiet- duplicate_free: 1758 evaluations so far.
08:57:35: verbose- duplicate_free: 317 members in population so far.
08:57:35: verbose- multi_point_parameterized_binary: 126 children created.
08:57:35: quiet- offset_normal: Produced invalid  variable representation 1.96271. Mutation performed without corrective action.
08:57:35: verbose- offset_normal: Performed 63 total mutations.
08:57:35: quiet- NO_ID: Invalid value of 1.93679 found for variable DAKOTA_RC_1.  Corrected to 2.03507.
08:57:35: quiet- NO_ID: Invalid value of 1.93685 found for variable DAKOTA_RC_1.  Corrected to 2.46681.
08:57:35: quiet- NO_ID: Invalid value of 1.93799 found for variable DAKOTA_RC_1.  Corrected to 2.08123.
08:57:35: quiet- NO_ID: Invalid value of 1.57502 found for variable DAKOTA_RC_3.  Corrected to 1.87504.
08:57:35: quiet- NO_ID: Invalid value of 1.94066 found for variable DAKOTA_RC_1.  Corrected to 2.17972.
08:57:35: quiet- NO_ID: Invalid value of 2.10006 found for variable DAKOTA_RC_9.  Corrected to 1.95649.
08:57:35: quiet- NO_ID: Invalid value of 1.94298 found for variable DAKOTA_RC_1.  Corrected to 2.32442.
08:57:35: quiet- NO_ID: Invalid value of 1.94602 found for variable DAKOTA_RC_1.  Corrected to 2.37988.
08:57:35: quiet- NO_ID: Invalid value of 1.96271 found for variable DAKOTA_RC_1.  Corrected to 2.10041.
08:57:35: quiet- NO_ID: Invalid value of 1.99943 found for variable DAKOTA_RC_1.  Corrected to 2.23588.
08:57:35: quiet- NO_ID: Invalid value of 1.95298 found for variable DAKOTA_RC_6.  Corrected to 2.13723.
08:57:35: quiet- NO_ID: Invalid value of 1.99943 found for variable DAKOTA_RC_1.  Corrected to 2.2929.
08:57:35: quiet- NO_ID: Invalid value of 1.42042 found for variable DAKOTA_RC_4.  Corrected to 1.88607.
08:57:35: quiet- NO_ID: Invalid value of 1.99944 found for variable DAKOTA_RC_1.  Corrected to 2.08342.
08:57:35: quiet- NO_ID: Invalid value of 1.99947 found for variable DAKOTA_RC_1.  Corrected to 2.16645.
08:57:35: quiet- NO_ID: Invalid value of 12.6157 found for variable DAKOTA_EP_2.  Corrected to 2.14766.
08:57:35: quiet- NO_ID: Invalid value of 1.99961 found for variable DAKOTA_RC_1.  Corrected to 2.15458.
08:57:35: quiet- NO_ID: Invalid value of 1.44206 found for variable DAKOTA_RC_2.  Corrected to 1.52656.
08:57:35: quiet- NO_ID: Invalid value of 2.65089 found for variable DAKOTA_RC_6.  Corrected to 2.24313.
08:57:35: quiet- NO_ID: Invalid value of 2.02384 found for variable DAKOTA_RC_2.  Corrected to 1.70592.
08:57:35: quiet- NO_ID: Invalid value of 2.6502 found for variable DAKOTA_RC_7.  Corrected to 2.52623.
08:57:35: quiet- NO_ID: Invalid value of 1.93238 found for variable DAKOTA_RC_7.  Corrected to 2.13728.
08:57:35: quiet- NO_ID: Invalid value of 2.67642 found for variable DAKOTA_RC_6.  Corrected to 2.24315.
08:57:35: quiet- NO_ID: Invalid value of 2.65035 found for variable DAKOTA_RC_7.  Corrected to 2.17027.
08:57:35: quiet- NO_ID: Invalid value of 1.98614 found for variable DAKOTA_RC_7.  Corrected to 2.05422.
08:57:35: quiet- NO_ID: Invalid value of 2.6784 found for variable DAKOTA_RC_7.  Corrected to 2.07856.
08:57:35: quiet- NO_ID: Invalid value of 2.11014 found for variable DAKOTA_RC_9.  Corrected to 1.92411.
08:57:35: quiet- NO_ID: Invalid value of 1.95337 found for variable DAKOTA_RC_7.  Corrected to 2.14211.
08:57:35: quiet- NO_ID: Invalid value of 1.94825 found for variable DAKOTA_RC_7.  Corrected to 2.494.
08:57:35: quiet- NO_ID: Invalid value of 2.15611 found for variable DAKOTA_RC_9.  Corrected to 1.74424.
08:57:35: quiet- NO_ID: Invalid value of 1.95184 found for variable DAKOTA_RC_7.  Corrected to 2.2876.
08:57:35: quiet- NO_ID: Invalid value of 1.46618 found for variable DAKOTA_RC_5.  Corrected to 2.33608.
08:57:35: quiet- NO_ID: Invalid value of 2.03715 found for variable DAKOTA_RC_2.  Corrected to 1.52211.
08:57:35: quiet- NO_ID: Invalid value of 1.79876 found for variable DAKOTA_RC_5.  Corrected to 2.18508.
08:57:35: quiet- NO_ID: Invalid value of 1.77313 found for variable DAKOTA_RC_5.  Corrected to 2.06613.
08:57:35: quiet- NO_ID: Invalid value of 2.16265 found for variable DAKOTA_RC_8.  Corrected to 1.86146.
08:57:35: quiet- NO_ID: Invalid value of 2.12562 found for variable DAKOTA_RC_3.  Corrected to 1.74151.
08:57:35: quiet- NO_ID: Invalid value of 2.62896 found for variable DAKOTA_RC_6.  Corrected to 2.05544.
08:57:35: quiet- NO_ID: Invalid value of 2.16428 found for variable DAKOTA_RC_9.  Corrected to 1.76536.
08:57:35: quiet- NO_ID: Invalid value of 1.77231 found for variable DAKOTA_RC_5.  Corrected to 2.09031.
08:57:35: quiet- NO_ID: Invalid value of 2.60547 found for variable DAKOTA_RC_6.  Corrected to 2.33849.
08:57:35: quiet- NO_ID: Invalid value of 1.68411 found for variable DAKOTA_RC_5.  Corrected to 2.03528.
08:57:35: quiet- NO_ID: Invalid value of 1.95966 found for variable DAKOTA_RC_7.  Corrected to 2.04179.
08:57:35: quiet- NO_ID: Invalid value of 2.1644 found for variable DAKOTA_RC_3.  Corrected to 1.9538.
08:57:35: quiet- NO_ID: Invalid value of 1.93708 found for variable DAKOTA_RC_7.  Corrected to 2.33538.
08:57:35: quiet- NO_ID: Invalid value of 1.94888 found for variable DAKOTA_RC_6.  Corrected to 2.24153.
08:57:35: quiet- NO_ID: Invalid value of 12.7299 found for variable DAKOTA_EP_1.  Corrected to 10.6388.
08:57:35: quiet- NO_ID: Invalid value of 2.16445 found for variable DAKOTA_RC_3.  Corrected to 2.03406.
08:57:35: quiet- NO_ID: Invalid value of 2.10014 found for variable DAKOTA_RC_3.  Corrected to 1.82784.
08:57:35: quiet- NO_ID: Invalid value of 2.1522 found for variable DAKOTA_RC_2.  Corrected to 1.6459.
08:57:35: quiet- NO_ID: Invalid value of 2.50001 found for variable DAKOTA_RC_1.  Corrected to 2.13998.
08:57:35: quiet- NO_ID: Invalid value of 1.36169 found for variable DAKOTA_RC_4.  Corrected to 1.99964.
08:57:35: quiet- NO_ID: Invalid value of 2.54904 found for variable DAKOTA_RC_1.  Corrected to 2.2603.
08:57:35: quiet- NO_ID: Invalid value of 1.6997 found for variable DAKOTA_RC_9.  Corrected to 1.97408.
08:57:35: verbose- duplicate_free: flushed 1 duplicate offspring designs after application of the variational operators.
08:57:35: verbose- duplicate_free: flushed 1 offspring designs that duplicate existing population members.
13:53:57: verbose- below_limit: Performed 317 total selections.
13:53:57: verbose- NO_ID: 55 of 317 population members were not selected to continue.  132 of 187 offspring were immediately rejected.
13:53:57: verbose- metric_tracker: Operating on 317 total designs and 80 "best fitness" designs.
13:53:57: verbose- metric_tracker: No "best fitness" expansion or contraction occurred this generation.
13:53:57: verbose- metric_tracker: Population density did not change this generation.
13:53:57: verbose- metric_tracker: 21.951% of the previous "best fitness" population is dominated by designs in the current "best fitness" population.
13:53:57: verbose- metric_tracker: Pushed metric value of 0.219512 onto the convergence stack.
13:53:57: verbose- metric_tracker: Current max percentage progress is 104.164%.
13:53:57: quiet- duplicate_free: 19 generations so far.
13:53:57: quiet- duplicate_free: 1945 evaluations so far.
13:53:57: verbose- duplicate_free: 317 members in population so far.
13:53:57: verbose- multi_point_parameterized_binary: 126 children created.
13:53:57: quiet- offset_normal: Produced invalid  variable representation 1.7895. Mutation performed without corrective action.
13:53:57: quiet- offset_normal: Produced invalid  variable representation 2.6047. Mutation performed without corrective action.
13:53:57: verbose- offset_normal: Performed 63 total mutations.
13:53:57: quiet- NO_ID: Invalid value of 1.93689 found for variable DAKOTA_RC_1.  Corrected to 2.33068.
13:53:57: quiet- NO_ID: Invalid value of 1.96655 found for variable DAKOTA_RC_1.  Corrected to 2.08492.
13:53:57: quiet- NO_ID: Invalid value of 1.99825 found for variable DAKOTA_RC_1.  Corrected to 2.01633.
13:53:57: quiet- NO_ID: Invalid value of 1.99879 found for variable DAKOTA_RC_1.  Corrected to 2.47967.
13:53:57: quiet- NO_ID: Invalid value of 1.99945 found for variable DAKOTA_RC_1.  Corrected to 2.24468.
13:53:57: quiet- NO_ID: Invalid value of 1.46324 found for variable DAKOTA_RC_4.  Corrected to 2.3184.
13:53:57: quiet- NO_ID: Invalid value of 1.57581 found for variable DAKOTA_RC_3.  Corrected to 1.62998.
13:53:57: quiet- NO_ID: Invalid value of 2.60939 found for variable DAKOTA_RC_6.  Corrected to 2.35613.
13:53:57: quiet- NO_ID: Invalid value of 1.93238 found for variable DAKOTA_RC_7.  Corrected to 2.12192.
13:53:57: quiet- NO_ID: Invalid value of 2.61821 found for variable DAKOTA_RC_6.  Corrected to 2.4035.
13:53:57: quiet- NO_ID: Invalid value of 13.5393 found for variable DAKOTA_EP_1.  Corrected to 4.98792.
13:53:57: quiet- NO_ID: Invalid value of 2.68991 found for variable DAKOTA_RC_6.  Corrected to 2.29004.
13:53:57: quiet- NO_ID: Invalid value of 1.59824 found for variable DAKOTA_RC_3.  Corrected to 1.6848.
13:53:57: quiet- NO_ID: Invalid value of 1.73883 found for variable DAKOTA_RC_4.  Corrected to 2.38431.
13:53:57: quiet- NO_ID: Invalid value of 1.72665 found for variable DAKOTA_RC_6.  Corrected to 2.31343.
13:53:57: quiet- NO_ID: Invalid value of 1.94318 found for variable DAKOTA_RC_6.  Corrected to 2.54748.
13:53:57: quiet- NO_ID: Invalid value of 1.74286 found for variable DAKOTA_RC_6.  Corrected to 2.18683.
13:53:57: quiet- NO_ID: Invalid value of 12.8938 found for variable DAKOTA_EP_1.  Corrected to 6.05805.
13:53:57: quiet- NO_ID: Invalid value of 13.4221 found for variable DAKOTA_EP_1.  Corrected to 2.17744.
13:53:57: quiet- NO_ID: Invalid value of 1.78049 found for variable DAKOTA_RC_5.  Corrected to 2.24039.
13:53:57: quiet- NO_ID: Invalid value of 1.42056 found for variable DAKOTA_RC_2.  Corrected to 1.67612.
13:53:57: quiet- NO_ID: Invalid value of 1.41787 found for variable DAKOTA_RC_2.  Corrected to 1.97138.
13:53:57: quiet- NO_ID: Invalid value of 1.37233 found for variable DAKOTA_RC_4.  Corrected to 1.99931.
13:53:57: quiet- NO_ID: Invalid value of 2.22404 found for variable DAKOTA_RC_8.  Corrected to 1.92526.
13:53:57: quiet- NO_ID: Invalid value of 14.6786 found for variable DAKOTA_EP_1.  Corrected to 7.99056.
13:53:57: quiet- NO_ID: Invalid value of 1.73304 found for variable DAKOTA_RC_6.  Corrected to 2.31962.
13:53:57: quiet- NO_ID: Invalid value of 1.55006 found for variable DAKOTA_RC_3.  Corrected to 2.01075.
13:53:57: quiet- NO_ID: Invalid value of 1.76473 found for variable DAKOTA_RC_4.  Corrected to 1.84875.
13:53:57: quiet- NO_ID: Invalid value of 2.60695 found for variable DAKOTA_RC_7.  Corrected to 2.32214.
13:53:57: quiet- NO_ID: Invalid value of 1.78031 found for variable DAKOTA_RC_4.  Corrected to 2.2473.
13:53:57: quiet- NO_ID: Invalid value of 1.45626 found for variable DAKOTA_RC_2.  Corrected to 1.76016.
13:53:57: quiet- NO_ID: Invalid value of 1.549 found for variable DAKOTA_RC_3.  Corrected to 1.69913.
13:53:57: quiet- NO_ID: Invalid value of 2.60498 found for variable DAKOTA_RC_7.  Corrected to 2.5492.
13:53:57: quiet- NO_ID: Invalid value of 1.7895 found for variable DAKOTA_RC_5.  Corrected to 2.13179.
13:53:57: quiet- NO_ID: Invalid value of 1.73783 found for variable DAKOTA_RC_5.  Corrected to 1.89456.
13:53:57: quiet- NO_ID: Invalid value of 1.78052 found for variable DAKOTA_RC_5.  Corrected to 2.04281.
13:53:57: quiet- NO_ID: Invalid value of 1.44721 found for variable DAKOTA_RC_5.  Corrected to 2.05019.
13:53:57: quiet- NO_ID: Invalid value of 1.89379 found for variable DAKOTA_RC_7.  Corrected to 2.13053.
13:53:57: quiet- NO_ID: Invalid value of 1.77013 found for variable DAKOTA_RC_5.  Corrected to 2.39894.
13:53:57: quiet- NO_ID: Invalid value of 2.1633 found for variable DAKOTA_RC_2.  Corrected to 1.81009.
13:53:57: quiet- NO_ID: Invalid value of 1.95127 found for variable DAKOTA_RC_6.  Corrected to 2.53403.
13:53:57: quiet- NO_ID: Invalid value of 1.97785 found for variable DAKOTA_RC_7.  Corrected to 2.24834.
13:53:57: quiet- NO_ID: Invalid value of 2.29575 found for variable DAKOTA_RC_3.  Corrected to 1.65179.
13:53:57: quiet- NO_ID: Invalid value of 2.11151 found for variable DAKOTA_RC_2.  Corrected to 1.52983.
13:53:57: quiet- NO_ID: Invalid value of 1.84472 found for variable DAKOTA_RC_6.  Corrected to 2.23265.
13:53:57: quiet- NO_ID: Invalid value of 2.27146 found for variable DAKOTA_RC_3.  Corrected to 1.91299.
13:53:57: quiet- NO_ID: Invalid value of 2.6047 found for variable DAKOTA_RC_6.  Corrected to 2.58328.
13:53:57: quiet- NO_ID: Invalid value of 2.69093 found for variable DAKOTA_RC_7.  Corrected to 2.41947.
13:53:57: quiet- NO_ID: Invalid value of 2.03715 found for variable DAKOTA_RC_2.  Corrected to 1.56541.
13:53:57: quiet- NO_ID: Invalid value of 2.16296 found for variable DAKOTA_RC_2.  Corrected to 1.57679.
13:53:57: quiet- NO_ID: Invalid value of 2.00296 found for variable DAKOTA_RC_2.  Corrected to 1.71656.
13:53:57: quiet- NO_ID: Invalid value of 2.29554 found for variable DAKOTA_RC_3.  Corrected to 1.84153.
13:53:57: quiet- NO_ID: Invalid value of 1.9701 found for variable DAKOTA_RC_7.  Corrected to 2.05781.
13:53:57: quiet- NO_ID: Invalid value of 13.5133 found for variable DAKOTA_EP_1.  Corrected to 9.18356.
13:53:57: quiet- NO_ID: Invalid value of 1.95727 found for variable DAKOTA_RC_7.  Corrected to 2.02771.
13:53:57: quiet- NO_ID: Invalid value of 2.15332 found for variable DAKOTA_RC_3.  Corrected to 1.98112.
13:53:57: quiet- NO_ID: Invalid value of 1.71293 found for variable DAKOTA_RC_6.  Corrected to 2.1788.
13:53:57: quiet- NO_ID: Invalid value of 1.98846 found for variable DAKOTA_RC_6.  Corrected to 2.52062.
13:53:57: quiet- NO_ID: Invalid value of 2.50401 found for variable DAKOTA_RC_1.  Corrected to 2.42174.
13:53:57: quiet- NO_ID: Invalid value of 1.63925 found for variable DAKOTA_RC_9.  Corrected to 2.03396.
18:53:40: verbose- below_limit: Performed 328 total selections.
18:53:40: verbose- NO_ID: 51 of 317 population members were not selected to continue.  127 of 189 offspring were immediately rejected.
18:53:40: verbose- metric_tracker: Operating on 328 total designs and 89 "best fitness" designs.
18:53:40: verbose- metric_tracker: Max "best fitness" expanse change of -70.389% found for objective "Non-Linear Minimize obj_fn_2".
18:53:40: verbose- metric_tracker: Population density increased by 12.025%.
18:53:40: verbose- metric_tracker: 11.25% of the previous "best fitness" population is dominated by designs in the current "best fitness" population.
18:53:40: verbose- metric_tracker: Pushed metric value of 0.936641 onto the convergence stack.
18:53:40: verbose- metric_tracker: Current max percentage progress is 93.664%.
18:53:40: verbose- metric_tracker: Convergence attained.
18:53:40: quiet- duplicate_free: 20 generations so far.
18:53:40: quiet- duplicate_free: 2134 evaluations so far.
18:53:40: verbose- duplicate_free: 328 members in population so far.
18:53:40: verbose- NO_ID: Reclaimed 0 optimal designs from the discards.
18:53:40: quiet- NO_ID: Reclaimed 0 optimal designs that had been selected out.
18:53:40: verbose- NO_ID: Flushed 239 dominated designs from the population.
18:53:40: quiet- NO_ID: Ran 20 total generations.
18:53:40: quiet- NO_ID: Final population size = 89
18:53:40: verbose- NO_ID: Wrote designs file ".//finaldata1.dat".
18:53:40: verbose- NO_ID: Wrote designs file ".//discards.dat".
18:53:40: quiet- JEGA Front End: NO_ID execution took 28.73 seconds.
18:53:40: quiet- JEGA Front End: Execution took 28.73 seconds.
18:53:40: verbose- NO_ID: algorithm execution completed. 89 solutions found. Passing them back to DAKOTA.
18:53:40: quiet- NO_ID: find optimum completed and all results have been passed back to DAKOTA.


18:53:40: quiet- NO_ID: goodbye!


