JEGA Genetic Algorithm Optimization Software v2.7.0
Run started Mon Jun 17 16:05:17 2019

Global Log initialized using "verbose" as default level.
Global Log logging to file JEGAGlobal.log
Global Log logging to console window
16:05:17: quiet- JEGA Front End: Random seed = 1560881917
16:05:17: verbose- Design Target: Design variable DAKOTA_RC_1 added.  1 design variables now in target.
16:05:17: verbose- Design Target: Design variable DAKOTA_RC_2 added.  2 design variables now in target.
16:05:17: verbose- Design Target: Design variable DAKOTA_RC_3 added.  3 design variables now in target.
16:05:17: verbose- Design Target: Design variable DAKOTA_RC_4 added.  4 design variables now in target.
16:05:17: verbose- Design Target: Design variable DAKOTA_RC_5 added.  5 design variables now in target.
16:05:17: verbose- Design Target: Design variable DAKOTA_RC_6 added.  6 design variables now in target.
16:05:17: verbose- Design Target: Design variable DAKOTA_RC_7 added.  7 design variables now in target.
16:05:17: verbose- Design Target: Design variable DAKOTA_RC_8 added.  8 design variables now in target.
16:05:17: verbose- Design Target: Design variable DAKOTA_RC_9 added.  9 design variables now in target.
16:05:17: verbose- Design Target: Design variable DAKOTA_EP_1 added.  10 design variables now in target.
16:05:17: verbose- Design Target: Design variable DAKOTA_EP_2 added.  11 design variables now in target.
16:05:17: verbose- Design Target: Objective Non-Linear Minimize obj_fn_1 added.  1 objectives now in target.
16:05:17: verbose- Design Target: Objective Non-Linear Minimize obj_fn_2 added.  2 objectives now in target.
16:05:17: verbose- Design Target: Objective Non-Linear Minimize obj_fn_3 added.  3 objectives now in target.
16:05:17: verbose- JEGA Front End: Creating a MOGA
16:05:17: debug-  Matching Group: Trying "Domination Count Operator Group".
16:05:17: verbose- Domination Count Operator Group: Contains Converger "metric_tracker".
16:05:17: verbose- Domination Count Operator Group: Contains Crosser "multi_point_parameterized_binary".
16:05:17: verbose- Domination Count Operator Group: Contains FitnessAssessor "domination_count".
16:05:17: verbose- Domination Count Operator Group: Contains Initializer "unique_random".
16:05:17: verbose- Domination Count Operator Group: Contains MainLoop "duplicate_free".
16:05:17: verbose- Domination Count Operator Group: Contains Mutator "offset_normal".
16:05:17: verbose- Domination Count Operator Group: Contains Selector "below_limit".
16:05:17: verbose- Domination Count Operator Group: Contains PostProcessor "null_postprocessor".
16:05:17: verbose- Domination Count Operator Group: Contains NichePressureApplicator "null_niching".
16:05:17: debug-  Matching Group: "Domination Count Operator Group" match succeeded.
16:05:17: quiet- : Matched new set to a group that is not the current group.  Adopting the new group.
16:05:17: verbose- Domination Count Operator Group: Contains Converger "metric_tracker".
16:05:17: verbose- Domination Count Operator Group: Contains Crosser "multi_point_parameterized_binary".
16:05:17: verbose- Domination Count Operator Group: Contains FitnessAssessor "domination_count".
16:05:17: verbose- Domination Count Operator Group: Contains Initializer "unique_random".
16:05:17: verbose- Domination Count Operator Group: Contains MainLoop "duplicate_free".
16:05:17: verbose- Domination Count Operator Group: Contains Mutator "offset_normal".
16:05:17: verbose- Domination Count Operator Group: Contains Selector "below_limit".
16:05:17: verbose- Domination Count Operator Group: Contains PostProcessor "null_postprocessor".
16:05:17: verbose- Domination Count Operator Group: Contains NichePressureApplicator "null_niching".
16:05:17: verbose- NO_ID: The name of this GA is now NO_ID
16:05:17: verbose- NO_ID: The print each population flag is now set to 0
16:05:17: verbose- NO_ID: The print final data flag is now set to 1
16:05:17: verbose- NO_ID: The print discards flag is now set to 1
16:05:17: verbose- NO_ID: The name of the file to which final data will be written is now finaldata1.dat
16:05:17: verbose- NO_ID: The data directory is now set to ./
16:05:17: verbose- metric_tracker: Number of generations tracked now = 10
16:05:17: verbose- metric_tracker: Max allowable % change now = 1
16:05:17: verbose- metric_tracker: Maximum allowable generations now = 100
16:05:17: verbose- metric_tracker: Maximum allowable evaluations now = 20000
16:05:17: quiet- Error encountered while retrieving parameter named "method.max_time" of type "d" from parameter database reading: Parameter not found for tag: method.max_time
16:05:17: verbose- metric_tracker: The maximum allowable amount of time was not found in the parameter database.  Using the current value of 1.79769e+308
16:05:17: verbose- metric_tracker: Maximum allowable time now = 1.79769e+308 seconds 
16:05:17: quiet- Error encountered while retrieving parameter named "method.jega.num_cross_points" of type "St6vectorIiSaIiEE" from parameter database reading: Parameter not found for tag: method.jega.num_cross_points
16:05:17: verbose- multi_point_parameterized_binary: The number of crossover points for each variable were not found in the parameter database.  Checking for a single value.
16:05:17: verbose- multi_point_parameterized_binary: Number of crossover points now = 2
16:05:17: verbose- multi_point_parameterized_binary: Crossover rate now = 0.4
16:05:17: verbose- multi_point_parameterized_binary: Number of crossover points for variable "DAKOTA_RC_1" now = 2.
16:05:17: verbose- multi_point_parameterized_binary: Number of crossover points for variable "DAKOTA_RC_2" now = 2.
16:05:17: verbose- multi_point_parameterized_binary: Number of crossover points for variable "DAKOTA_RC_3" now = 2.
16:05:17: verbose- multi_point_parameterized_binary: Number of crossover points for variable "DAKOTA_RC_4" now = 2.
16:05:17: verbose- multi_point_parameterized_binary: Number of crossover points for variable "DAKOTA_RC_5" now = 2.
16:05:17: verbose- multi_point_parameterized_binary: Number of crossover points for variable "DAKOTA_RC_6" now = 2.
16:05:17: verbose- multi_point_parameterized_binary: Number of crossover points for variable "DAKOTA_RC_7" now = 2.
16:05:17: verbose- multi_point_parameterized_binary: Number of crossover points for variable "DAKOTA_RC_8" now = 2.
16:05:17: verbose- multi_point_parameterized_binary: Number of crossover points for variable "DAKOTA_RC_9" now = 2.
16:05:17: verbose- multi_point_parameterized_binary: Number of crossover points for variable "DAKOTA_EP_1" now = 2.
16:05:17: verbose- multi_point_parameterized_binary: Number of crossover points for variable "DAKOTA_EP_2" now = 2.
16:05:17: verbose- DAKOTA JEGA Evaluator: Maximum allowable evaluations now = 20000
16:05:17: verbose- DAKOTA JEGA Evaluator: The evaluation concurrency is now 1
16:05:17: verbose- unique_random: Desired initial population size now = 250
16:05:17: verbose- null_niching: Niched design caching now set to true.
16:05:17: quiet- Error encountered while retrieving parameter named "method.jega.max_niche_cache_size" of type "m" from parameter database reading: Parameter not found for tag: method.jega.max_niche_cache_size
16:05:17: verbose- null_niching: The max niche cache size value was not found in the parameter database.  Using the current value of 1
16:05:17: verbose- null_niching: Niched design caching max size now set to 18446744073709551615.
16:05:17: verbose- offset_normal: Offset range now = 0.05
16:05:17: verbose- offset_normal: Mutation rate now = 0.2
16:05:17: verbose- below_limit: Limiting value now = 6
16:05:17: verbose- below_limit: Shrinkage percentage now = 0.3
16:05:17: verbose- below_limit: Minimum selections now = 2
16:05:17: verbose- NO_ID: About to perform algorithm execution.
16:05:17: verbose- unique_random: 250 unique random designs created.
19:17:15: verbose- below_limit: Performed 75 total selections.
19:17:15: verbose- NO_ID: 175 of 250 population members were not selected to continue.  0 of 0 offspring were immediately rejected.
19:17:15: verbose- metric_tracker: Operating on 75 total designs and 10 "best fitness" designs.
19:17:15: verbose- metric_tracker: Pushed metric value of 0 onto the convergence stack.
19:17:15: quiet- duplicate_free: 1 generation so far.
19:17:15: quiet- duplicate_free: 250 evaluations so far.
19:17:15: verbose- duplicate_free: 75 members in population so far.
19:17:15: verbose- multi_point_parameterized_binary: 30 children created.
19:17:15: quiet- offset_normal: Produced invalid  variable representation 2.60683. Mutation performed without corrective action.
19:17:15: quiet- offset_normal: Produced invalid  variable representation 1.79606. Mutation performed without corrective action.
19:17:15: verbose- offset_normal: Performed 15 total mutations.
19:17:15: quiet- NO_ID: Invalid value of 2.60683 found for variable DAKOTA_RC_7.  Corrected to 2.46877.
19:17:15: quiet- NO_ID: Invalid value of 1.77512 found for variable DAKOTA_RC_4.  Corrected to 2.18697.
19:17:15: quiet- NO_ID: Invalid value of 1.75731 found for variable DAKOTA_RC_6.  Corrected to 2.09607.
19:17:15: quiet- NO_ID: Invalid value of 1.59922 found for variable DAKOTA_RC_2.  Corrected to 2.04927.
19:17:15: quiet- NO_ID: Invalid value of 12.5614 found for variable DAKOTA_EP_1.  Corrected to 2.68807.
19:17:15: quiet- NO_ID: Invalid value of 1.57472 found for variable DAKOTA_RC_2.  Corrected to 1.60579.
19:17:15: quiet- NO_ID: Invalid value of 2.65325 found for variable DAKOTA_RC_7.  Corrected to 2.10027.
19:17:15: quiet- NO_ID: Invalid value of 2.63311 found for variable DAKOTA_RC_6.  Corrected to 2.43163.
19:17:15: quiet- NO_ID: Invalid value of 16.7106 found for variable DAKOTA_EP_1.  Corrected to 10.0553.
19:17:15: quiet- NO_ID: Invalid value of 1.95737 found for variable DAKOTA_RC_9.  Corrected to 2.55606.
19:17:15: quiet- NO_ID: Invalid value of 2.15834 found for variable DAKOTA_RC_2.  Corrected to 2.04803.
19:17:15: quiet- NO_ID: Invalid value of 1.77345 found for variable DAKOTA_RC_7.  Corrected to 2.36394.
19:17:15: quiet- NO_ID: Invalid value of 1.79606 found for variable DAKOTA_RC_5.  Corrected to 2.28653.
19:17:15: quiet- NO_ID: Invalid value of 2.12579 found for variable DAKOTA_RC_3.  Corrected to 1.77581.
19:17:15: quiet- NO_ID: Invalid value of 0.900363 found for variable DAKOTA_RC_3.  Corrected to 1.26741.
20:36:14: verbose- below_limit: Performed 37 total selections.
20:36:14: verbose- NO_ID: 49 of 75 population members were not selected to continue.  34 of 45 offspring were immediately rejected.
20:36:14: verbose- metric_tracker: Operating on 37 total designs and 16 "best fitness" designs.
20:36:14: verbose- metric_tracker: Max "best fitness" expanse change of 2.751% found for objective "Non-Linear Minimize obj_fn_1".
20:36:14: verbose- metric_tracker: Population density increased by 8.63056e+12%.
20:36:14: verbose- metric_tracker: No "best fitness" designs from the previous population are dominated by "best fitness" designs in the current population.
20:36:14: verbose- metric_tracker: Pushed metric value of 8.63056e+10 onto the convergence stack.
20:36:14: quiet- duplicate_free: 2 generations so far.
20:36:14: quiet- duplicate_free: 295 evaluations so far.
20:36:14: verbose- duplicate_free: 37 members in population so far.
20:36:14: verbose- multi_point_parameterized_binary: 14 children created.
20:36:14: verbose- offset_normal: Performed 7 total mutations.
20:36:14: quiet- NO_ID: Invalid value of 2.64616 found for variable DAKOTA_RC_7.  Corrected to 2.03248.
20:36:14: quiet- NO_ID: Invalid value of 2.65866 found for variable DAKOTA_RC_7.  Corrected to 2.37001.
20:36:14: quiet- NO_ID: Invalid value of 1.95919 found for variable DAKOTA_RC_7.  Corrected to 2.40744.
20:36:14: quiet- NO_ID: Invalid value of 1.9592 found for variable DAKOTA_RC_7.  Corrected to 2.31717.
21:26:25: verbose- below_limit: Performed 50 total selections.
21:26:25: verbose- NO_ID: 3 of 37 population members were not selected to continue.  5 of 21 offspring were immediately rejected.
21:26:25: verbose- metric_tracker: Operating on 50 total designs and 21 "best fitness" designs.
21:26:25: verbose- metric_tracker: Max "best fitness" expanse change of -21.352% found for objective "Non-Linear Minimize obj_fn_2".
21:26:25: verbose- metric_tracker: Population density increased by 129.096%.
21:26:25: verbose- metric_tracker: 6.25% of the previous "best fitness" population is dominated by designs in the current "best fitness" population.
21:26:25: verbose- metric_tracker: Pushed metric value of 1.56698 onto the convergence stack.
21:26:25: quiet- duplicate_free: 3 generations so far.
21:26:25: quiet- duplicate_free: 316 evaluations so far.
21:26:25: verbose- duplicate_free: 50 members in population so far.
21:26:25: verbose- multi_point_parameterized_binary: 20 children created.
21:26:25: quiet- offset_normal: Produced invalid  variable representation 1.78935. Mutation performed without corrective action.
21:26:25: verbose- offset_normal: Performed 10 total mutations.
21:26:25: quiet- NO_ID: Invalid value of 2.09972 found for variable DAKOTA_RC_1.  Corrected to 2.40344.
21:26:25: quiet- NO_ID: Invalid value of 1.99928 found for variable DAKOTA_RC_7.  Corrected to 2.34703.
21:26:25: quiet- NO_ID: Invalid value of 1.79547 found for variable DAKOTA_RC_5.  Corrected to 2.3582.
21:26:25: quiet- NO_ID: Invalid value of 1.78935 found for variable DAKOTA_RC_5.  Corrected to 2.21495.
21:26:25: quiet- NO_ID: Invalid value of 2.66969 found for variable DAKOTA_RC_7.  Corrected to 2.11382.
21:26:25: quiet- NO_ID: Invalid value of 1.55911 found for variable DAKOTA_RC_2.  Corrected to 1.96569.
21:26:25: quiet- NO_ID: Invalid value of 1.961 found for variable DAKOTA_RC_7.  Corrected to 2.44599.
21:26:25: verbose- duplicate_free: flushed 2 duplicate offspring designs after application of the variational operators.
22:30:52: verbose- below_limit: Performed 56 total selections.
22:30:52: verbose- NO_ID: 9 of 50 population members were not selected to continue.  13 of 28 offspring were immediately rejected.
22:30:52: verbose- metric_tracker: Operating on 56 total designs and 25 "best fitness" designs.
22:30:52: verbose- metric_tracker: Max "best fitness" expanse change of 5.934% found for objective "Non-Linear Minimize obj_fn_1".
22:30:52: verbose- metric_tracker: Population density increased by 5.726%.
22:30:52: verbose- metric_tracker: 28.571% of the previous "best fitness" population is dominated by designs in the current "best fitness" population.
22:30:52: verbose- metric_tracker: Pushed metric value of 0.402316 onto the convergence stack.
22:30:52: quiet- duplicate_free: 4 generations so far.
22:30:52: quiet- duplicate_free: 344 evaluations so far.
22:30:52: verbose- duplicate_free: 56 members in population so far.
22:30:52: verbose- multi_point_parameterized_binary: 22 children created.
22:30:52: verbose- offset_normal: Performed 11 total mutations.
22:30:52: quiet- NO_ID: Invalid value of 1.92288 found for variable DAKOTA_RC_9.  Corrected to 2.36026.
22:30:52: quiet- NO_ID: Invalid value of 2.65062 found for variable DAKOTA_RC_9.  Corrected to 2.37717.
22:30:52: quiet- NO_ID: Invalid value of 1.94445 found for variable DAKOTA_RC_7.  Corrected to 2.3316.
22:30:52: quiet- NO_ID: Invalid value of 2.66985 found for variable DAKOTA_RC_7.  Corrected to 2.3744.
22:30:52: quiet- NO_ID: Invalid value of 2.68172 found for variable DAKOTA_RC_7.  Corrected to 2.35994.
22:30:52: quiet- NO_ID: Invalid value of 1.68393 found for variable DAKOTA_RC_5.  Corrected to 2.26125.
22:30:52: quiet- NO_ID: Invalid value of 1.91988 found for variable DAKOTA_RC_7.  Corrected to 2.19723.
22:30:52: quiet- NO_ID: Invalid value of 1.72692 found for variable DAKOTA_RC_9.  Corrected to 2.21943.
23:38:09: verbose- below_limit: Performed 66 total selections.
23:38:09: verbose- NO_ID: 10 of 56 population members were not selected to continue.  13 of 33 offspring were immediately rejected.
23:38:09: verbose- metric_tracker: Operating on 66 total designs and 30 "best fitness" designs.
23:38:09: verbose- metric_tracker: Max "best fitness" expanse change of -5.6% found for objective "Non-Linear Minimize obj_fn_1".
23:38:09: verbose- metric_tracker: Population density increased by 17.754%.
23:38:09: verbose- metric_tracker: 12% of the previous "best fitness" population is dominated by designs in the current "best fitness" population.
23:38:09: verbose- metric_tracker: Pushed metric value of 0.353536 onto the convergence stack.
23:38:09: quiet- duplicate_free: 5 generations so far.
23:38:09: quiet- duplicate_free: 377 evaluations so far.
23:38:09: verbose- duplicate_free: 66 members in population so far.
23:38:09: verbose- multi_point_parameterized_binary: 26 children created.
23:38:09: quiet- offset_normal: Produced invalid  variable representation 2.06975. Mutation performed without corrective action.
23:38:09: quiet- offset_normal: Produced invalid  variable representation 2.62878. Mutation performed without corrective action.
23:38:09: verbose- offset_normal: Performed 13 total mutations.
23:38:09: quiet- NO_ID: Invalid value of 2.06975 found for variable DAKOTA_RC_1.  Corrected to 2.52508.
23:38:09: quiet- NO_ID: Invalid value of 2.09864 found for variable DAKOTA_RC_1.  Corrected to 2.13498.
23:38:09: quiet- NO_ID: Invalid value of 1.69743 found for variable DAKOTA_RC_5.  Corrected to 2.22928.
23:38:09: quiet- NO_ID: Invalid value of 2.62878 found for variable DAKOTA_RC_6.  Corrected to 2.58196.
23:38:09: quiet- NO_ID: Invalid value of 2.69567 found for variable DAKOTA_RC_9.  Corrected to 2.55228.
23:38:09: quiet- NO_ID: Invalid value of 1.74204 found for variable DAKOTA_RC_6.  Corrected to 2.01721.
23:38:09: quiet- NO_ID: Invalid value of 2.61273 found for variable DAKOTA_RC_8.  Corrected to 2.09308.
23:38:09: quiet- NO_ID: Invalid value of 1.96084 found for variable DAKOTA_RC_7.  Corrected to 2.09825.
01:09:40: verbose- below_limit: Performed 91 total selections.
01:09:40: verbose- NO_ID: 2 of 66 population members were not selected to continue.  12 of 39 offspring were immediately rejected.
01:09:40: verbose- metric_tracker: Operating on 91 total designs and 40 "best fitness" designs.
01:09:40: verbose- metric_tracker: Max "best fitness" expanse change of 1.855% found for objective "Non-Linear Minimize obj_fn_3".
01:09:40: verbose- metric_tracker: Population density increased by 36.788%.
01:09:40: verbose- metric_tracker: 6.667% of the previous "best fitness" population is dominated by designs in the current "best fitness" population.
01:09:40: verbose- metric_tracker: Pushed metric value of 0.453099 onto the convergence stack.
01:09:40: quiet- duplicate_free: 6 generations so far.
01:09:40: quiet- duplicate_free: 416 evaluations so far.
01:09:40: verbose- duplicate_free: 91 members in population so far.
01:09:40: verbose- multi_point_parameterized_binary: 36 children created.
01:09:40: verbose- offset_normal: Performed 18 total mutations.
01:09:40: quiet- NO_ID: Invalid value of 2.71807 found for variable DAKOTA_RC_6.  Corrected to 2.21762.
01:09:40: quiet- NO_ID: Invalid value of 2.6557 found for variable DAKOTA_RC_9.  Corrected to 2.48365.
01:09:40: quiet- NO_ID: Invalid value of 14.3005 found for variable DAKOTA_EP_1.  Corrected to 10.045.
01:09:40: quiet- NO_ID: Invalid value of 1.78281 found for variable DAKOTA_RC_4.  Corrected to 2.36927.
01:09:40: quiet- NO_ID: Invalid value of 12.3049 found for variable DAKOTA_EP_2.  Corrected to 9.6705.
01:09:40: quiet- NO_ID: Invalid value of 2.7089 found for variable DAKOTA_RC_9.  Corrected to 2.43858.
01:09:40: quiet- NO_ID: Invalid value of 1.85124 found for variable DAKOTA_RC_9.  Corrected to 2.26428.
01:09:40: quiet- NO_ID: Invalid value of 14.4071 found for variable DAKOTA_EP_1.  Corrected to 8.15304.
01:09:40: quiet- NO_ID: Invalid value of 1.74367 found for variable DAKOTA_RC_9.  Corrected to 2.11223.
01:09:40: quiet- NO_ID: Invalid value of 2.65924 found for variable DAKOTA_RC_8.  Corrected to 2.56262.
01:09:40: quiet- NO_ID: Invalid value of 2.67619 found for variable DAKOTA_RC_9.  Corrected to 2.19696.
01:09:40: quiet- NO_ID: Invalid value of 1.68673 found for variable DAKOTA_RC_4.  Corrected to 1.84865.
01:09:40: quiet- NO_ID: Invalid value of 2.67958 found for variable DAKOTA_RC_8.  Corrected to 2.29354.
03:20:16: verbose- below_limit: Performed 105 total selections.
03:20:16: verbose- NO_ID: 22 of 91 population members were not selected to continue.  18 of 54 offspring were immediately rejected.
03:20:16: verbose- metric_tracker: Operating on 105 total designs and 35 "best fitness" designs.
03:20:16: verbose- metric_tracker: No "best fitness" expansion or contraction occurred this generation.
03:20:16: verbose- metric_tracker: Population density increased by 23.769%.
03:20:16: verbose- metric_tracker: 35% of the previous "best fitness" population is dominated by designs in the current "best fitness" population.
03:20:16: verbose- metric_tracker: Pushed metric value of 0.587693 onto the convergence stack.
03:20:16: quiet- duplicate_free: 7 generations so far.
03:20:16: quiet- duplicate_free: 470 evaluations so far.
03:20:16: verbose- duplicate_free: 105 members in population so far.
03:20:16: verbose- multi_point_parameterized_binary: 42 children created.
03:20:16: verbose- offset_normal: Performed 21 total mutations.
03:20:16: quiet- NO_ID: Invalid value of 2.71338 found for variable DAKOTA_RC_8.  Corrected to 2.04999.
03:20:16: quiet- NO_ID: Invalid value of 1.6894 found for variable DAKOTA_RC_4.  Corrected to 2.38356.
03:20:16: quiet- NO_ID: Invalid value of 1.97933 found for variable DAKOTA_RC_7.  Corrected to 2.23274.
03:20:16: quiet- NO_ID: Invalid value of 1.65774 found for variable DAKOTA_RC_5.  Corrected to 1.87351.
03:20:16: quiet- NO_ID: Invalid value of 12.1849 found for variable DAKOTA_EP_1.  Corrected to 1.22068.
03:20:16: quiet- NO_ID: Invalid value of 2.65406 found for variable DAKOTA_RC_7.  Corrected to 2.40023.
03:20:16: quiet- NO_ID: Invalid value of 1.74246 found for variable DAKOTA_RC_4.  Corrected to 1.91276.
03:20:16: quiet- NO_ID: Invalid value of 2.71286 found for variable DAKOTA_RC_8.  Corrected to 2.41919.
03:20:16: quiet- NO_ID: Invalid value of 1.61154 found for variable DAKOTA_RC_4.  Corrected to 2.31275.
03:20:16: quiet- NO_ID: Invalid value of 14.3005 found for variable DAKOTA_EP_1.  Corrected to 7.00443.
03:20:16: quiet- NO_ID: Invalid value of 1.67566 found for variable DAKOTA_RC_4.  Corrected to 1.93517.
03:20:16: quiet- NO_ID: Invalid value of 2.68077 found for variable DAKOTA_RC_8.  Corrected to 2.05775.
03:20:16: quiet- NO_ID: Invalid value of 2.66868 found for variable DAKOTA_RC_7.  Corrected to 2.30195.
03:20:16: quiet- NO_ID: Invalid value of 1.54621 found for variable DAKOTA_RC_2.  Corrected to 1.918.
03:20:16: quiet- NO_ID: Invalid value of 1.75889 found for variable DAKOTA_RC_8.  Corrected to 2.28106.
03:20:16: quiet- NO_ID: Invalid value of 1.95562 found for variable DAKOTA_RC_9.  Corrected to 2.08441.
05:48:41: verbose- below_limit: Performed 140 total selections.
05:48:41: verbose- NO_ID: 9 of 105 population members were not selected to continue.  19 of 63 offspring were immediately rejected.
05:48:41: verbose- metric_tracker: Operating on 140 total designs and 43 "best fitness" designs.
05:48:41: verbose- metric_tracker: Max "best fitness" expanse change of -62.776% found for objective "Non-Linear Minimize obj_fn_2".
05:48:41: verbose- metric_tracker: Population density increased by 57.702%.
05:48:41: verbose- metric_tracker: 17.143% of the previous "best fitness" population is dominated by designs in the current "best fitness" population.
05:48:41: verbose- metric_tracker: Pushed metric value of 1.3762 onto the convergence stack.
05:48:41: quiet- duplicate_free: 8 generations so far.
05:48:41: quiet- duplicate_free: 533 evaluations so far.
05:48:41: verbose- duplicate_free: 140 members in population so far.
05:48:41: verbose- multi_point_parameterized_binary: 56 children created.
05:48:41: quiet- offset_normal: Produced invalid  variable representation 1.9858. Mutation performed without corrective action.
05:48:41: verbose- offset_normal: Performed 28 total mutations.
05:48:41: quiet- NO_ID: Invalid value of 2.68686 found for variable DAKOTA_RC_6.  Corrected to 2.28658.
05:48:41: quiet- NO_ID: Invalid value of 2.65015 found for variable DAKOTA_RC_9.  Corrected to 2.48353.
05:48:41: quiet- NO_ID: Invalid value of 14.1691 found for variable DAKOTA_EP_1.  Corrected to 9.21737.
05:48:41: quiet- NO_ID: Invalid value of 2.65722 found for variable DAKOTA_RC_9.  Corrected to 2.56628.
05:48:41: quiet- NO_ID: Invalid value of 2.60314 found for variable DAKOTA_RC_7.  Corrected to 2.389.
05:48:41: quiet- NO_ID: Invalid value of 1.77604 found for variable DAKOTA_RC_5.  Corrected to 2.21805.
05:48:41: quiet- NO_ID: Invalid value of 2.64547 found for variable DAKOTA_RC_8.  Corrected to 2.54125.
05:48:41: quiet- NO_ID: Invalid value of 2.68075 found for variable DAKOTA_RC_8.  Corrected to 2.19832.
05:48:41: quiet- NO_ID: Invalid value of 0.899845 found for variable DAKOTA_RC_3.  Corrected to 1.72795.
05:48:41: quiet- NO_ID: Invalid value of 2.65438 found for variable DAKOTA_RC_6.  Corrected to 2.21149.
05:48:41: quiet- NO_ID: Invalid value of 1.77425 found for variable DAKOTA_RC_6.  Corrected to 2.35071.
05:48:41: quiet- NO_ID: Invalid value of 2.70684 found for variable DAKOTA_RC_8.  Corrected to 2.0628.
05:48:41: quiet- NO_ID: Invalid value of 1.9858 found for variable DAKOTA_RC_8.  Corrected to 2.06972.
05:48:41: quiet- NO_ID: Invalid value of 2.6296 found for variable DAKOTA_RC_9.  Corrected to 2.02486.
05:48:41: quiet- NO_ID: Invalid value of 1.97943 found for variable DAKOTA_RC_7.  Corrected to 2.46411.
05:48:41: quiet- NO_ID: Invalid value of 1.3953 found for variable DAKOTA_RC_5.  Corrected to 1.85233.
05:48:41: quiet- NO_ID: Invalid value of 2.71328 found for variable DAKOTA_RC_8.  Corrected to 2.06518.
05:48:41: quiet- NO_ID: Invalid value of 1.99966 found for variable DAKOTA_RC_7.  Corrected to 2.19958.
05:48:41: quiet- NO_ID: Invalid value of 2.71312 found for variable DAKOTA_RC_8.  Corrected to 2.09142.
05:48:41: quiet- NO_ID: Invalid value of 1.1635 found for variable DAKOTA_RC_3.  Corrected to 1.51295.
05:48:41: quiet- NO_ID: Invalid value of 1.68094 found for variable DAKOTA_RC_8.  Corrected to 2.53261.
05:48:41: quiet- NO_ID: Invalid value of 1.92796 found for variable DAKOTA_RC_9.  Corrected to 2.07076.
05:48:41: quiet- NO_ID: Invalid value of 1.92683 found for variable DAKOTA_RC_8.  Corrected to 2.15971.
05:48:41: quiet- NO_ID: Invalid value of 2.71002 found for variable DAKOTA_RC_6.  Corrected to 2.28211.
05:48:41: quiet- NO_ID: Invalid value of 1.81535 found for variable DAKOTA_RC_9.  Corrected to 2.14103.
05:48:41: quiet- NO_ID: Invalid value of 1.92683 found for variable DAKOTA_RC_8.  Corrected to 2.35941.
05:48:41: quiet- NO_ID: Invalid value of 2.61289 found for variable DAKOTA_RC_1.  Corrected to 2.16202.
05:48:41: quiet- NO_ID: Invalid value of 1.92254 found for variable DAKOTA_RC_9.  Corrected to 2.17614.
08:41:09: verbose- below_limit: Performed 169 total selections.
08:41:09: verbose- NO_ID: 18 of 140 population members were not selected to continue.  37 of 84 offspring were immediately rejected.
08:41:09: verbose- metric_tracker: Operating on 169 total designs and 31 "best fitness" designs.
08:41:09: verbose- metric_tracker: Max "best fitness" expanse change of 177.846% found for objective "Non-Linear Minimize obj_fn_2".
08:41:09: verbose- metric_tracker: Population density increased by 17.668%.
08:41:09: verbose- metric_tracker: 69.767% of the previous "best fitness" population is dominated by designs in the current "best fitness" population.
08:41:09: verbose- metric_tracker: Pushed metric value of 2.65281 onto the convergence stack.
08:41:09: quiet- duplicate_free: 9 generations so far.
08:41:09: quiet- duplicate_free: 617 evaluations so far.
08:41:09: verbose- duplicate_free: 169 members in population so far.
08:41:09: verbose- multi_point_parameterized_binary: 68 children created.
08:41:09: verbose- offset_normal: Performed 34 total mutations.
08:41:09: quiet- NO_ID: Invalid value of 1.69723 found for variable DAKOTA_RC_5.  Corrected to 2.27113.
08:41:09: quiet- NO_ID: Invalid value of 1.7585 found for variable DAKOTA_RC_8.  Corrected to 2.25839.
08:41:09: quiet- NO_ID: Invalid value of 2.70758 found for variable DAKOTA_RC_8.  Corrected to 2.53286.
08:41:09: quiet- NO_ID: Invalid value of 1.97169 found for variable DAKOTA_RC_9.  Corrected to 2.01291.
08:41:09: quiet- NO_ID: Invalid value of 1.70247 found for variable DAKOTA_RC_5.  Corrected to 2.11484.
08:41:09: quiet- NO_ID: Invalid value of 0.971123 found for variable DAKOTA_RC_3.  Corrected to 1.29599.
08:41:09: quiet- NO_ID: Invalid value of 1.64855 found for variable DAKOTA_RC_5.  Corrected to 2.26135.
08:41:09: quiet- NO_ID: Invalid value of 2.64934 found for variable DAKOTA_RC_9.  Corrected to 2.06371.
08:41:09: quiet- NO_ID: Invalid value of 2.6695 found for variable DAKOTA_RC_7.  Corrected to 2.32394.
08:41:09: quiet- NO_ID: Invalid value of 13.6121 found for variable DAKOTA_EP_1.  Corrected to 9.5056.
08:41:09: quiet- NO_ID: Invalid value of 1.16341 found for variable DAKOTA_RC_3.  Corrected to 1.55295.
08:41:09: quiet- NO_ID: Invalid value of 1.76038 found for variable DAKOTA_RC_7.  Corrected to 2.12167.
08:41:09: quiet- NO_ID: Invalid value of 2.70738 found for variable DAKOTA_RC_8.  Corrected to 2.40654.
08:41:09: quiet- NO_ID: Invalid value of 1.56475 found for variable DAKOTA_RC_2.  Corrected to 1.96416.
08:41:09: quiet- NO_ID: Invalid value of 1.73249 found for variable DAKOTA_RC_5.  Corrected to 1.9561.
08:41:09: quiet- NO_ID: Invalid value of 1.90195 found for variable DAKOTA_RC_8.  Corrected to 2.11975.
08:41:09: quiet- NO_ID: Invalid value of 2.7135 found for variable DAKOTA_RC_8.  Corrected to 2.18812.
08:41:09: quiet- NO_ID: Invalid value of 2.68028 found for variable DAKOTA_RC_8.  Corrected to 2.01098.
08:41:09: quiet- NO_ID: Invalid value of 1.97943 found for variable DAKOTA_RC_7.  Corrected to 2.39137.
08:41:09: quiet- NO_ID: Invalid value of 2.67821 found for variable DAKOTA_RC_8.  Corrected to 2.31737.
08:41:09: quiet- NO_ID: Invalid value of 1.78849 found for variable DAKOTA_RC_5.  Corrected to 2.18267.
08:41:09: quiet- NO_ID: Invalid value of 1.97341 found for variable DAKOTA_RC_7.  Corrected to 2.02847.
12:37:10: verbose- below_limit: Performed 151 total selections.
12:37:10: verbose- NO_ID: 65 of 169 population members were not selected to continue.  55 of 102 offspring were immediately rejected.
12:37:10: verbose- metric_tracker: Operating on 151 total designs and 41 "best fitness" designs.
12:37:10: verbose- metric_tracker: No "best fitness" expansion or contraction occurred this generation.
12:37:10: verbose- metric_tracker: Population density decreased by 10.411%.
12:37:10: verbose- metric_tracker: 19.355% of the previous "best fitness" population is dominated by designs in the current "best fitness" population.
12:37:10: verbose- metric_tracker: Pushed metric value of 0.297656 onto the convergence stack.
12:37:10: verbose- metric_tracker: Current max percentage progress is 8.63056e+12%.
12:37:10: quiet- duplicate_free: 10 generations so far.
12:37:10: quiet- duplicate_free: 719 evaluations so far.
12:37:10: verbose- duplicate_free: 151 members in population so far.
12:37:10: verbose- multi_point_parameterized_binary: 60 children created.
12:37:10: quiet- offset_normal: Produced invalid  variable representation 1.77729. Mutation performed without corrective action.
12:37:10: quiet- offset_normal: Produced invalid  variable representation 1.78378. Mutation performed without corrective action.
12:37:10: verbose- offset_normal: Performed 30 total mutations.
12:37:10: quiet- NO_ID: Invalid value of 1.8409 found for variable DAKOTA_RC_9.  Corrected to 2.57112.
12:37:10: quiet- NO_ID: Invalid value of 1.76526 found for variable DAKOTA_RC_5.  Corrected to 2.22723.
12:37:10: quiet- NO_ID: Invalid value of 1.77729 found for variable DAKOTA_RC_5.  Corrected to 2.25072.
12:37:10: quiet- NO_ID: Invalid value of 1.35875 found for variable DAKOTA_RC_5.  Corrected to 2.1077.
12:37:10: quiet- NO_ID: Invalid value of 1.78378 found for variable DAKOTA_RC_5.  Corrected to 1.92522.
12:37:10: quiet- NO_ID: Invalid value of 1.88828 found for variable DAKOTA_RC_8.  Corrected to 2.22018.
12:37:10: quiet- NO_ID: Invalid value of 2.60141 found for variable DAKOTA_RC_9.  Corrected to 2.335.
12:37:10: quiet- NO_ID: Invalid value of 2.68054 found for variable DAKOTA_RC_8.  Corrected to 2.49416.
12:37:10: quiet- NO_ID: Invalid value of 2.66531 found for variable DAKOTA_RC_7.  Corrected to 2.52362.
12:37:10: quiet- NO_ID: Invalid value of 2.6224 found for variable DAKOTA_RC_9.  Corrected to 2.0494.
12:37:10: quiet- NO_ID: Invalid value of 1.64497 found for variable DAKOTA_RC_5.  Corrected to 2.19572.
12:37:10: quiet- NO_ID: Invalid value of 2.61645 found for variable DAKOTA_RC_7.  Corrected to 2.5589.
12:37:10: quiet- NO_ID: Invalid value of 2.64652 found for variable DAKOTA_RC_9.  Corrected to 2.16609.
12:37:10: quiet- NO_ID: Invalid value of 1.1635 found for variable DAKOTA_RC_3.  Corrected to 1.95946.
12:37:10: quiet- NO_ID: Invalid value of 2.14008 found for variable DAKOTA_RC_2.  Corrected to 1.98279.
12:37:10: quiet- NO_ID: Invalid value of 1.16345 found for variable DAKOTA_RC_3.  Corrected to 1.23674.
12:37:10: quiet- NO_ID: Invalid value of 0.966707 found for variable DAKOTA_RC_3.  Corrected to 1.57488.
12:37:10: quiet- NO_ID: Invalid value of 2.70685 found for variable DAKOTA_RC_8.  Corrected to 2.13726.
12:37:10: quiet- NO_ID: Invalid value of 1.36168 found for variable DAKOTA_RC_4.  Corrected to 2.16393.
12:37:10: quiet- NO_ID: Invalid value of 1.7642 found for variable DAKOTA_RC_7.  Corrected to 2.27531.
12:37:10: quiet- NO_ID: Invalid value of 2.64912 found for variable DAKOTA_RC_7.  Corrected to 2.1132.
12:37:10: quiet- NO_ID: Invalid value of 2.68504 found for variable DAKOTA_RC_8.  Corrected to 2.1111.
12:37:10: quiet- NO_ID: Invalid value of 1.90354 found for variable DAKOTA_RC_9.  Corrected to 2.53045.
12:37:10: quiet- NO_ID: Invalid value of 1.98046 found for variable DAKOTA_RC_7.  Corrected to 2.03724.
12:37:10: quiet- NO_ID: Invalid value of 1.96953 found for variable DAKOTA_RC_6.  Corrected to 2.29779.
16:08:21: verbose- below_limit: Performed 175 total selections.
16:08:21: verbose- NO_ID: 25 of 151 population members were not selected to continue.  41 of 90 offspring were immediately rejected.
16:08:21: verbose- metric_tracker: Operating on 175 total designs and 50 "best fitness" designs.
16:08:21: verbose- metric_tracker: Max "best fitness" expanse change of 4.03% found for objective "Non-Linear Minimize obj_fn_2".
16:08:21: verbose- metric_tracker: Population density increased by 9.871%.
16:08:21: verbose- metric_tracker: 2.439% of the previous "best fitness" population is dominated by designs in the current "best fitness" population.
16:08:21: verbose- metric_tracker: Pushed metric value of 0.163395 onto the convergence stack.
16:08:21: verbose- metric_tracker: Current max percentage progress is 8.63056e+12%.
16:08:21: quiet- duplicate_free: 11 generations so far.
16:08:21: quiet- duplicate_free: 809 evaluations so far.
16:08:21: verbose- duplicate_free: 175 members in population so far.
16:08:21: verbose- multi_point_parameterized_binary: 70 children created.
16:08:21: verbose- offset_normal: Performed 35 total mutations.
16:08:21: quiet- NO_ID: Invalid value of 1.99229 found for variable DAKOTA_RC_8.  Corrected to 2.28493.
16:08:21: quiet- NO_ID: Invalid value of 2.65914 found for variable DAKOTA_RC_9.  Corrected to 2.49705.
16:08:21: quiet- NO_ID: Invalid value of 2.6551 found for variable DAKOTA_RC_7.  Corrected to 2.20252.
16:08:21: quiet- NO_ID: Invalid value of 1.64516 found for variable DAKOTA_RC_5.  Corrected to 2.05817.
16:08:21: quiet- NO_ID: Invalid value of 1.76276 found for variable DAKOTA_RC_5.  Corrected to 2.17352.
16:08:21: quiet- NO_ID: Invalid value of 1.38407 found for variable DAKOTA_RC_5.  Corrected to 2.24985.
16:08:21: quiet- NO_ID: Invalid value of 1.95734 found for variable DAKOTA_RC_8.  Corrected to 2.06181.
16:08:21: quiet- NO_ID: Invalid value of 1.78836 found for variable DAKOTA_RC_5.  Corrected to 2.18021.
16:08:21: quiet- NO_ID: Invalid value of 12.1839 found for variable DAKOTA_EP_1.  Corrected to 8.27128.
16:08:21: quiet- NO_ID: Invalid value of 2.60141 found for variable DAKOTA_RC_9.  Corrected to 2.56229.
16:08:21: quiet- NO_ID: Invalid value of 1.36148 found for variable DAKOTA_RC_5.  Corrected to 2.2961.
16:08:21: quiet- NO_ID: Invalid value of 2.69923 found for variable DAKOTA_RC_8.  Corrected to 2.28324.
16:08:21: quiet- NO_ID: Invalid value of 1.77729 found for variable DAKOTA_RC_5.  Corrected to 2.30892.
16:08:21: quiet- NO_ID: Invalid value of 1.5251 found for variable DAKOTA_RC_4.  Corrected to 2.04426.
16:08:21: quiet- NO_ID: Invalid value of 1.78993 found for variable DAKOTA_RC_5.  Corrected to 2.0887.
16:08:21: quiet- NO_ID: Invalid value of 1.74266 found for variable DAKOTA_RC_4.  Corrected to 2.22077.
16:08:21: quiet- NO_ID: Invalid value of 1.6842 found for variable DAKOTA_RC_9.  Corrected to 2.33399.
16:08:21: quiet- NO_ID: Invalid value of 1.69022 found for variable DAKOTA_RC_5.  Corrected to 2.33609.
16:08:21: quiet- NO_ID: Invalid value of 1.98084 found for variable DAKOTA_RC_7.  Corrected to 2.09149.
16:08:21: quiet- NO_ID: Invalid value of 1.84272 found for variable DAKOTA_RC_9.  Corrected to 2.12957.
20:36:34: verbose- below_limit: Performed 187 total selections.
20:36:34: verbose- NO_ID: 42 of 175 population members were not selected to continue.  51 of 105 offspring were immediately rejected.
20:36:34: verbose- metric_tracker: Operating on 187 total designs and 50 "best fitness" designs.
20:36:34: verbose- metric_tracker: Max "best fitness" expanse change of 4.564% found for objective "Non-Linear Minimize obj_fn_1".
20:36:34: verbose- metric_tracker: Population density increased by 8.918%.
20:36:34: verbose- metric_tracker: 34% of the previous "best fitness" population is dominated by designs in the current "best fitness" population.
20:36:34: verbose- metric_tracker: Pushed metric value of 0.474821 onto the convergence stack.
20:36:34: verbose- metric_tracker: Current max percentage progress is 265.281%.
20:36:34: quiet- duplicate_free: 12 generations so far.
20:36:34: quiet- duplicate_free: 914 evaluations so far.
20:36:34: verbose- duplicate_free: 187 members in population so far.
20:36:34: verbose- multi_point_parameterized_binary: 74 children created.
20:36:34: quiet- offset_normal: Produced invalid  variable representation 2.61757. Mutation performed without corrective action.
20:36:34: verbose- offset_normal: Performed 37 total mutations.
20:36:34: quiet- NO_ID: Invalid value of 1.94854 found for variable DAKOTA_RC_7.  Corrected to 2.54711.
20:36:34: quiet- NO_ID: Invalid value of 1.69716 found for variable DAKOTA_RC_5.  Corrected to 2.21592.
20:36:34: quiet- NO_ID: Invalid value of 1.95889 found for variable DAKOTA_RC_7.  Corrected to 2.38204.
20:36:34: quiet- NO_ID: Invalid value of 1.90509 found for variable DAKOTA_RC_9.  Corrected to 2.11047.
20:36:34: quiet- NO_ID: Invalid value of 14.3007 found for variable DAKOTA_EP_1.  Corrected to 8.6093.
20:36:34: quiet- NO_ID: Invalid value of 1.97989 found for variable DAKOTA_RC_8.  Corrected to 2.53361.
20:36:34: quiet- NO_ID: Invalid value of 2.67202 found for variable DAKOTA_RC_7.  Corrected to 2.05266.
20:36:34: quiet- NO_ID: Invalid value of 2.62327 found for variable DAKOTA_RC_9.  Corrected to 2.21724.
20:36:34: quiet- NO_ID: Invalid value of 1.76379 found for variable DAKOTA_RC_5.  Corrected to 2.08258.
20:36:34: quiet- NO_ID: Invalid value of 1.69723 found for variable DAKOTA_RC_5.  Corrected to 2.25696.
20:36:34: quiet- NO_ID: Invalid value of 2.61766 found for variable DAKOTA_RC_7.  Corrected to 2.32664.
20:36:34: quiet- NO_ID: Invalid value of 1.64498 found for variable DAKOTA_RC_5.  Corrected to 1.83954.
20:36:34: quiet- NO_ID: Invalid value of 1.69514 found for variable DAKOTA_RC_8.  Corrected to 2.05676.
20:36:34: quiet- NO_ID: Invalid value of 2.71293 found for variable DAKOTA_RC_8.  Corrected to 2.18938.
20:36:34: quiet- NO_ID: Invalid value of 1.16609 found for variable DAKOTA_RC_3.  Corrected to 1.96472.
20:36:34: quiet- NO_ID: Invalid value of 2.65015 found for variable DAKOTA_RC_9.  Corrected to 2.49115.
20:36:34: quiet- NO_ID: Invalid value of 2.70792 found for variable DAKOTA_RC_9.  Corrected to 2.28313.
20:36:34: quiet- NO_ID: Invalid value of 1.9783 found for variable DAKOTA_RC_8.  Corrected to 2.03681.
20:36:34: quiet- NO_ID: Invalid value of 2.70076 found for variable DAKOTA_RC_8.  Corrected to 2.53796.
20:36:34: quiet- NO_ID: Invalid value of 1.99792 found for variable DAKOTA_RC_7.  Corrected to 2.22037.
20:36:34: quiet- NO_ID: Invalid value of 2.70704 found for variable DAKOTA_RC_8.  Corrected to 2.001.
20:36:34: quiet- NO_ID: Invalid value of 1.74132 found for variable DAKOTA_RC_4.  Corrected to 2.24035.
20:36:34: quiet- NO_ID: Invalid value of 2.71299 found for variable DAKOTA_RC_8.  Corrected to 2.56588.
20:36:34: quiet- NO_ID: Invalid value of 1.39721 found for variable DAKOTA_RC_5.  Corrected to 1.80745.
20:36:34: quiet- NO_ID: Invalid value of 2.71337 found for variable DAKOTA_RC_8.  Corrected to 2.32356.
20:36:34: quiet- NO_ID: Invalid value of 2.64954 found for variable DAKOTA_RC_9.  Corrected to 2.05942.
20:36:34: quiet- NO_ID: Invalid value of 1.99967 found for variable DAKOTA_RC_7.  Corrected to 2.14851.
20:36:34: quiet- NO_ID: Invalid value of 1.67605 found for variable DAKOTA_RC_4.  Corrected to 2.00214.
20:36:34: quiet- NO_ID: Invalid value of 1.72872 found for variable DAKOTA_RC_4.  Corrected to 1.82197.
20:36:34: quiet- NO_ID: Invalid value of 2.7126 found for variable DAKOTA_RC_8.  Corrected to 2.59708.
20:36:34: quiet- NO_ID: Invalid value of 1.92796 found for variable DAKOTA_RC_9.  Corrected to 2.43843.
20:36:34: quiet- NO_ID: Invalid value of 1.96586 found for variable DAKOTA_RC_9.  Corrected to 2.56908.
20:36:34: quiet- NO_ID: Invalid value of 1.94458 found for variable DAKOTA_RC_7.  Corrected to 2.413.
20:36:34: quiet- NO_ID: Invalid value of 2.61757 found for variable DAKOTA_RC_6.  Corrected to 2.22047.
00:49:11: verbose- below_limit: Performed 182 total selections.
00:49:11: verbose- NO_ID: 57 of 187 population members were not selected to continue.  59 of 111 offspring were immediately rejected.
00:49:11: verbose- metric_tracker: Operating on 182 total designs and 40 "best fitness" designs.
00:49:11: verbose- metric_tracker: Max "best fitness" expanse change of -19.104% found for objective "Non-Linear Minimize obj_fn_3".
00:49:11: verbose- metric_tracker: Population density decreased by 2.246%.
00:49:11: verbose- metric_tracker: 46% of the previous "best fitness" population is dominated by designs in the current "best fitness" population.
00:49:11: verbose- metric_tracker: Pushed metric value of 0.673499 onto the convergence stack.
00:49:11: verbose- metric_tracker: Current max percentage progress is 265.281%.
00:49:11: quiet- duplicate_free: 13 generations so far.
00:49:11: quiet- duplicate_free: 1025 evaluations so far.
00:49:11: verbose- duplicate_free: 182 members in population so far.
00:49:11: verbose- multi_point_parameterized_binary: 72 children created.
00:49:11: quiet- offset_normal: Produced invalid  variable representation 2.60932. Mutation performed without corrective action.
00:49:11: verbose- offset_normal: Performed 36 total mutations.
00:49:11: quiet- NO_ID: Invalid value of 2.09888 found for variable DAKOTA_RC_1.  Corrected to 2.29422.
00:49:11: quiet- NO_ID: Invalid value of 2.71274 found for variable DAKOTA_RC_8.  Corrected to 2.28826.
00:49:11: quiet- NO_ID: Invalid value of 1.9985 found for variable DAKOTA_RC_9.  Corrected to 2.01813.
00:49:11: quiet- NO_ID: Invalid value of 2.65469 found for variable DAKOTA_RC_7.  Corrected to 2.00745.
00:49:11: quiet- NO_ID: Invalid value of 1.74011 found for variable DAKOTA_RC_4.  Corrected to 2.0279.
00:49:11: quiet- NO_ID: Invalid value of 1.77601 found for variable DAKOTA_RC_5.  Corrected to 2.3068.
00:49:11: quiet- NO_ID: Invalid value of 1.95735 found for variable DAKOTA_RC_8.  Corrected to 2.53949.
00:49:11: quiet- NO_ID: Invalid value of 2.60932 found for variable DAKOTA_RC_6.  Corrected to 2.07968.
00:49:11: quiet- NO_ID: Invalid value of 2.71427 found for variable DAKOTA_RC_9.  Corrected to 2.21966.
00:49:11: quiet- NO_ID: Invalid value of 1.90322 found for variable DAKOTA_RC_8.  Corrected to 2.47405.
00:49:11: quiet- NO_ID: Invalid value of 2.69005 found for variable DAKOTA_RC_7.  Corrected to 2.41951.
00:49:11: quiet- NO_ID: Invalid value of 1.92356 found for variable DAKOTA_RC_9.  Corrected to 2.24873.
00:49:11: quiet- NO_ID: Invalid value of 1.9992 found for variable DAKOTA_RC_7.  Corrected to 2.22645.
00:49:11: quiet- NO_ID: Invalid value of 1.61362 found for variable DAKOTA_RC_4.  Corrected to 2.28057.
00:49:11: quiet- NO_ID: Invalid value of 2.71378 found for variable DAKOTA_RC_8.  Corrected to 2.41612.
00:49:11: quiet- NO_ID: Invalid value of 1.99745 found for variable DAKOTA_RC_7.  Corrected to 2.32319.
00:49:11: quiet- NO_ID: Invalid value of 1.71661 found for variable DAKOTA_RC_4.  Corrected to 1.89774.
00:49:11: quiet- NO_ID: Invalid value of 1.58609 found for variable DAKOTA_RC_5.  Corrected to 2.15572.
00:49:11: quiet- NO_ID: Invalid value of 1.74222 found for variable DAKOTA_RC_4.  Corrected to 1.80717.
00:49:11: quiet- NO_ID: Invalid value of 1.95927 found for variable DAKOTA_RC_7.  Corrected to 2.13157.
00:49:11: quiet- NO_ID: Invalid value of 1.17075 found for variable DAKOTA_RC_3.  Corrected to 1.62914.
04:55:59: verbose- below_limit: Performed 205 total selections.
04:55:59: verbose- NO_ID: 26 of 182 population members were not selected to continue.  59 of 108 offspring were immediately rejected.
04:55:59: verbose- metric_tracker: Operating on 205 total designs and 33 "best fitness" designs.
04:55:59: verbose- metric_tracker: Max "best fitness" expanse change of -5.369% found for objective "Non-Linear Minimize obj_fn_2".
04:55:59: verbose- metric_tracker: Population density increased by 12.891%.
04:55:59: verbose- metric_tracker: 42.5% of the previous "best fitness" population is dominated by designs in the current "best fitness" population.
04:55:59: verbose- metric_tracker: Pushed metric value of 0.607597 onto the convergence stack.
04:55:59: verbose- metric_tracker: Current max percentage progress is 265.281%.
04:55:59: quiet- duplicate_free: 14 generations so far.
04:55:59: quiet- duplicate_free: 1133 evaluations so far.
04:55:59: verbose- duplicate_free: 205 members in population so far.
04:55:59: verbose- multi_point_parameterized_binary: 82 children created.
04:55:59: quiet- offset_normal: Produced invalid  variable representation 2.40856. Mutation performed without corrective action.
04:55:59: verbose- offset_normal: Performed 41 total mutations.
04:55:59: quiet- NO_ID: Invalid value of 1.99966 found for variable DAKOTA_RC_7.  Corrected to 2.11705.
04:55:59: quiet- NO_ID: Invalid value of 1.79283 found for variable DAKOTA_RC_9.  Corrected to 2.08824.
04:55:59: quiet- NO_ID: Invalid value of 1.94588 found for variable DAKOTA_RC_7.  Corrected to 2.59691.
04:55:59: quiet- NO_ID: Invalid value of 1.76705 found for variable DAKOTA_RC_5.  Corrected to 2.39112.
04:55:59: quiet- NO_ID: Invalid value of 2.67201 found for variable DAKOTA_RC_7.  Corrected to 2.04031.
04:55:59: quiet- NO_ID: Invalid value of 2.40856 found for variable DAKOTA_RC_5.  Corrected to 2.23.
04:55:59: quiet- NO_ID: Invalid value of 2.69249 found for variable DAKOTA_RC_7.  Corrected to 2.56232.
04:55:59: quiet- NO_ID: Invalid value of 1.35099 found for variable DAKOTA_RC_4.  Corrected to 2.38302.
04:55:59: quiet- NO_ID: Invalid value of 1.9993 found for variable DAKOTA_RC_9.  Corrected to 2.38509.
04:55:59: quiet- NO_ID: Invalid value of 1.71804 found for variable DAKOTA_RC_4.  Corrected to 2.1635.
04:55:59: quiet- NO_ID: Invalid value of 12.7094 found for variable DAKOTA_EP_1.  Corrected to 3.28621.
04:55:59: quiet- NO_ID: Invalid value of 1.7762 found for variable DAKOTA_RC_5.  Corrected to 2.17835.
04:55:59: quiet- NO_ID: Invalid value of 1.99922 found for variable DAKOTA_RC_7.  Corrected to 2.28927.
04:55:59: quiet- NO_ID: Invalid value of 2.67551 found for variable DAKOTA_RC_7.  Corrected to 2.50562.
04:55:59: quiet- NO_ID: Invalid value of 2.71324 found for variable DAKOTA_RC_9.  Corrected to 2.11527.
04:55:59: quiet- NO_ID: Invalid value of 2.71159 found for variable DAKOTA_RC_7.  Corrected to 2.19111.
04:55:59: quiet- NO_ID: Invalid value of 2.69719 found for variable DAKOTA_RC_8.  Corrected to 2.4833.
04:55:59: quiet- NO_ID: Invalid value of 0.900397 found for variable DAKOTA_RC_3.  Corrected to 1.24501.
04:55:59: quiet- NO_ID: Invalid value of 1.17088 found for variable DAKOTA_RC_3.  Corrected to 1.97441.
04:55:59: quiet- NO_ID: Invalid value of 1.44015 found for variable DAKOTA_RC_4.  Corrected to 2.13375.
04:55:59: quiet- NO_ID: Invalid value of 1.75074 found for variable DAKOTA_RC_4.  Corrected to 2.10533.
04:55:59: quiet- NO_ID: Invalid value of 2.71256 found for variable DAKOTA_RC_8.  Corrected to 2.09758.
04:55:59: quiet- NO_ID: Invalid value of 2.61203 found for variable DAKOTA_RC_9.  Corrected to 2.02268.
04:55:59: quiet- NO_ID: Invalid value of 2.71286 found for variable DAKOTA_RC_8.  Corrected to 2.11789.
04:55:59: quiet- NO_ID: Invalid value of 1.76578 found for variable DAKOTA_RC_4.  Corrected to 1.93677.
04:55:59: quiet- NO_ID: Invalid value of 1.35291 found for variable DAKOTA_RC_4.  Corrected to 2.39285.
04:55:59: quiet- NO_ID: Invalid value of 0.900398 found for variable DAKOTA_RC_3.  Corrected to 1.60095.
04:55:59: quiet- NO_ID: Invalid value of 1.961 found for variable DAKOTA_RC_7.  Corrected to 2.19189.
09:32:41: verbose- below_limit: Performed 220 total selections.
09:32:41: verbose- NO_ID: 43 of 205 population members were not selected to continue.  65 of 123 offspring were immediately rejected.
09:32:41: verbose- metric_tracker: Operating on 220 total designs and 43 "best fitness" designs.
09:32:41: verbose- metric_tracker: Max "best fitness" expanse change of 1.349% found for objective "Non-Linear Minimize obj_fn_3".
09:32:41: verbose- metric_tracker: Population density increased by 7.299%.
09:32:41: verbose- metric_tracker: 12.121% of the previous "best fitness" population is dominated by designs in the current "best fitness" population.
09:32:41: verbose- metric_tracker: Pushed metric value of 0.207696 onto the convergence stack.
09:32:41: verbose- metric_tracker: Current max percentage progress is 265.281%.
09:32:41: quiet- duplicate_free: 15 generations so far.
09:32:41: quiet- duplicate_free: 1256 evaluations so far.
09:32:41: verbose- duplicate_free: 220 members in population so far.
09:32:41: verbose- multi_point_parameterized_binary: 88 children created.
09:32:41: quiet- offset_normal: Produced invalid  variable representation 2.61114. Mutation performed without corrective action.
09:32:41: quiet- offset_normal: Produced invalid  variable representation 2.64264. Mutation performed without corrective action.
09:32:41: quiet- offset_normal: Produced invalid  variable representation 1.98849. Mutation performed without corrective action.
09:32:41: verbose- offset_normal: Performed 44 total mutations.
09:32:41: quiet- NO_ID: Invalid value of 1.94768 found for variable DAKOTA_RC_7.  Corrected to 2.04164.
09:32:41: quiet- NO_ID: Invalid value of 1.37932 found for variable DAKOTA_RC_4.  Corrected to 1.8278.
09:32:41: quiet- NO_ID: Invalid value of 2.65047 found for variable DAKOTA_RC_9.  Corrected to 2.5383.
09:32:41: quiet- NO_ID: Invalid value of 1.78859 found for variable DAKOTA_RC_5.  Corrected to 2.14017.
09:32:41: quiet- NO_ID: Invalid value of 2.71782 found for variable DAKOTA_RC_6.  Corrected to 2.34895.
09:32:41: quiet- NO_ID: Invalid value of 2.61114 found for variable DAKOTA_RC_8.  Corrected to 2.05623.
09:32:41: quiet- NO_ID: Invalid value of 1.97169 found for variable DAKOTA_RC_9.  Corrected to 2.02798.
09:32:41: quiet- NO_ID: Invalid value of 13.4136 found for variable DAKOTA_EP_1.  Corrected to 3.11177.
09:32:41: quiet- NO_ID: Invalid value of 2.65015 found for variable DAKOTA_RC_9.  Corrected to 2.24286.
09:32:41: quiet- NO_ID: Invalid value of 2.64264 found for variable DAKOTA_RC_6.  Corrected to 2.23341.
09:32:41: quiet- NO_ID: Invalid value of 1.72295 found for variable DAKOTA_RC_5.  Corrected to 1.82253.
09:32:41: quiet- NO_ID: Invalid value of 2.61719 found for variable DAKOTA_RC_7.  Corrected to 2.55269.
09:32:41: quiet- NO_ID: Invalid value of 2.68199 found for variable DAKOTA_RC_7.  Corrected to 2.55243.
09:32:41: quiet- NO_ID: Invalid value of 1.98849 found for variable DAKOTA_RC_9.  Corrected to 2.33695.
09:32:41: quiet- NO_ID: Invalid value of 1.39667 found for variable DAKOTA_RC_5.  Corrected to 2.00934.
09:32:41: quiet- NO_ID: Invalid value of 2.61713 found for variable DAKOTA_RC_7.  Corrected to 2.40585.
09:32:41: quiet- NO_ID: Invalid value of 1.18656 found for variable DAKOTA_RC_3.  Corrected to 1.96034.
09:32:41: quiet- NO_ID: Invalid value of 2.71236 found for variable DAKOTA_RC_8.  Corrected to 2.00291.
09:32:41: quiet- NO_ID: Invalid value of 1.35301 found for variable DAKOTA_RC_4.  Corrected to 2.23801.
09:32:41: quiet- NO_ID: Invalid value of 1.63356 found for variable DAKOTA_RC_5.  Corrected to 2.21627.
09:32:41: quiet- NO_ID: Invalid value of 2.67702 found for variable DAKOTA_RC_8.  Corrected to 2.14935.
09:32:41: quiet- NO_ID: Invalid value of 1.36161 found for variable DAKOTA_RC_4.  Corrected to 2.14813.
09:32:41: quiet- NO_ID: Invalid value of 2.71098 found for variable DAKOTA_RC_8.  Corrected to 2.13101.
09:32:41: quiet- NO_ID: Invalid value of 1.52006 found for variable DAKOTA_RC_4.  Corrected to 2.36779.
09:32:41: quiet- NO_ID: Invalid value of 1.61981 found for variable DAKOTA_RC_4.  Corrected to 1.92465.
09:32:41: quiet- NO_ID: Invalid value of 1.9857 found for variable DAKOTA_RC_9.  Corrected to 2.59312.
09:32:41: quiet- NO_ID: Invalid value of 1.84189 found for variable DAKOTA_RC_7.  Corrected to 2.04536.
09:32:41: quiet- NO_ID: Invalid value of 1.79152 found for variable DAKOTA_RC_9.  Corrected to 2.30986.
09:32:41: quiet- NO_ID: Invalid value of 1.90714 found for variable DAKOTA_RC_9.  Corrected to 2.35695.
09:32:41: quiet- NO_ID: Invalid value of 1.99786 found for variable DAKOTA_RC_7.  Corrected to 2.1641.
14:33:05: verbose- below_limit: Performed 234 total selections.
14:33:05: verbose- NO_ID: 47 of 220 population members were not selected to continue.  71 of 132 offspring were immediately rejected.
14:33:05: verbose- metric_tracker: Operating on 234 total designs and 54 "best fitness" designs.
14:33:05: verbose- metric_tracker: No "best fitness" expansion or contraction occurred this generation.
14:33:05: verbose- metric_tracker: Population density increased by 6.046%.
14:33:05: verbose- metric_tracker: 6.977% of the previous "best fitness" population is dominated by designs in the current "best fitness" population.
14:33:05: verbose- metric_tracker: Pushed metric value of 0.130223 onto the convergence stack.
14:33:05: verbose- metric_tracker: Current max percentage progress is 265.281%.
14:33:05: quiet- duplicate_free: 16 generations so far.
14:33:05: quiet- duplicate_free: 1388 evaluations so far.
14:33:05: verbose- duplicate_free: 234 members in population so far.
14:33:05: verbose- multi_point_parameterized_binary: 94 children created.
14:33:05: verbose- offset_normal: Performed 47 total mutations.
14:33:05: quiet- NO_ID: Invalid value of 2.09669 found for variable DAKOTA_RC_1.  Corrected to 2.15021.
14:33:05: quiet- NO_ID: Invalid value of 1.69826 found for variable DAKOTA_RC_5.  Corrected to 2.21592.
14:33:05: quiet- NO_ID: Invalid value of 1.67868 found for variable DAKOTA_RC_4.  Corrected to 2.03027.
14:33:05: quiet- NO_ID: Invalid value of 2.601 found for variable DAKOTA_RC_9.  Corrected to 2.49104.
14:33:05: quiet- NO_ID: Invalid value of 1.34656 found for variable DAKOTA_RC_4.  Corrected to 1.8629.
14:33:05: quiet- NO_ID: Invalid value of 2.6696 found for variable DAKOTA_RC_7.  Corrected to 2.04147.
14:33:05: quiet- NO_ID: Invalid value of 1.96956 found for variable DAKOTA_RC_7.  Corrected to 2.44128.
14:33:05: quiet- NO_ID: Invalid value of 2.60398 found for variable DAKOTA_RC_7.  Corrected to 2.31885.
14:33:05: quiet- NO_ID: Invalid value of 2.67062 found for variable DAKOTA_RC_7.  Corrected to 2.29719.
14:33:05: quiet- NO_ID: Invalid value of 2.65406 found for variable DAKOTA_RC_7.  Corrected to 2.57739.
14:33:05: quiet- NO_ID: Invalid value of 1.98721 found for variable DAKOTA_RC_9.  Corrected to 2.54289.
14:33:05: quiet- NO_ID: Invalid value of 1.9455 found for variable DAKOTA_RC_9.  Corrected to 2.32711.
14:33:05: quiet- NO_ID: Invalid value of 1.37256 found for variable DAKOTA_RC_4.  Corrected to 1.95512.
14:33:05: quiet- NO_ID: Invalid value of 1.7421 found for variable DAKOTA_RC_4.  Corrected to 2.11283.
14:33:05: quiet- NO_ID: Invalid value of 1.61986 found for variable DAKOTA_RC_4.  Corrected to 1.93073.
14:33:05: quiet- NO_ID: Invalid value of 1.74263 found for variable DAKOTA_RC_4.  Corrected to 2.08998.
14:33:05: quiet- NO_ID: Invalid value of 1.78156 found for variable DAKOTA_RC_4.  Corrected to 1.87139.
14:33:05: quiet- NO_ID: Invalid value of 2.6271 found for variable DAKOTA_RC_8.  Corrected to 2.39925.
14:33:05: quiet- NO_ID: Invalid value of 1.9813 found for variable DAKOTA_RC_7.  Corrected to 2.44785.
14:33:05: quiet- NO_ID: Invalid value of 1.67708 found for variable DAKOTA_RC_4.  Corrected to 1.86026.
14:33:05: quiet- NO_ID: Invalid value of 1.9376 found for variable DAKOTA_RC_7.  Corrected to 2.53624.
14:33:05: quiet- NO_ID: Invalid value of 2.71441 found for variable DAKOTA_RC_9.  Corrected to 2.39347.
14:33:05: quiet- NO_ID: Invalid value of 1.37115 found for variable DAKOTA_RC_5.  Corrected to 1.94219.
14:33:05: quiet- NO_ID: Invalid value of 2.70841 found for variable DAKOTA_RC_8.  Corrected to 2.15349.
14:33:05: quiet- NO_ID: Invalid value of 2.68312 found for variable DAKOTA_RC_9.  Corrected to 2.15262.
14:33:05: quiet- NO_ID: Invalid value of 1.57479 found for variable DAKOTA_RC_5.  Corrected to 2.36738.
14:33:05: quiet- NO_ID: Invalid value of 1.62379 found for variable DAKOTA_RC_4.  Corrected to 2.3978.
14:33:05: quiet- NO_ID: Invalid value of 1.94871 found for variable DAKOTA_RC_7.  Corrected to 2.32049.
19:58:54: verbose- below_limit: Performed 226 total selections.
19:58:54: verbose- NO_ID: 74 of 234 population members were not selected to continue.  75 of 141 offspring were immediately rejected.
19:58:54: verbose- metric_tracker: Operating on 226 total designs and 65 "best fitness" designs.
19:58:54: verbose- metric_tracker: Max "best fitness" expanse change of 5.943% found for objective "Non-Linear Minimize obj_fn_2".
19:58:54: verbose- metric_tracker: Population density increased by 17.539%.
19:58:54: verbose- metric_tracker: 18.519% of the previous "best fitness" population is dominated by designs in the current "best fitness" population.
19:58:54: verbose- metric_tracker: Pushed metric value of 0.420011 onto the convergence stack.
19:58:54: verbose- metric_tracker: Current max percentage progress is 265.281%.
19:58:54: quiet- duplicate_free: 17 generations so far.
19:58:54: quiet- duplicate_free: 1529 evaluations so far.
19:58:54: verbose- duplicate_free: 226 members in population so far.
19:58:54: verbose- multi_point_parameterized_binary: 90 children created.
19:58:54: quiet- offset_normal: Produced invalid  variable representation 2.60419. Mutation performed without corrective action.
19:58:54: quiet- offset_normal: Produced invalid  variable representation 12.2237. Mutation performed without corrective action.
19:58:54: verbose- offset_normal: Performed 45 total mutations.
19:58:54: quiet- NO_ID: Invalid value of 1.91857 found for variable DAKOTA_RC_8.  Corrected to 2.17822.
19:58:54: quiet- NO_ID: Invalid value of 2.65491 found for variable DAKOTA_RC_7.  Corrected to 2.14584.
19:58:54: quiet- NO_ID: Invalid value of 1.68942 found for variable DAKOTA_RC_4.  Corrected to 2.13949.
19:58:54: quiet- NO_ID: Invalid value of 1.97812 found for variable DAKOTA_RC_7.  Corrected to 2.43198.
19:58:54: quiet- NO_ID: Invalid value of 12.6801 found for variable DAKOTA_EP_1.  Corrected to 10.0361.
19:58:54: quiet- NO_ID: Invalid value of 2.62193 found for variable DAKOTA_RC_8.  Corrected to 2.3749.
19:58:54: quiet- NO_ID: Invalid value of 16.6588 found for variable DAKOTA_EP_1.  Corrected to 5.04195.
19:58:54: quiet- NO_ID: Invalid value of 1.87372 found for variable DAKOTA_RC_9.  Corrected to 2.16023.
19:58:54: quiet- NO_ID: Invalid value of 1.62423 found for variable DAKOTA_RC_4.  Corrected to 1.90857.
19:58:54: quiet- NO_ID: Invalid value of 2.71403 found for variable DAKOTA_RC_8.  Corrected to 2.02101.
19:58:54: quiet- NO_ID: Invalid value of 1.88183 found for variable DAKOTA_RC_9.  Corrected to 2.16706.
19:58:54: quiet- NO_ID: Invalid value of 2.60419 found for variable DAKOTA_RC_6.  Corrected to 2.5234.
19:58:54: quiet- NO_ID: Invalid value of 1.60075 found for variable DAKOTA_RC_5.  Corrected to 1.81186.
19:58:54: quiet- NO_ID: Invalid value of 13.5929 found for variable DAKOTA_EP_1.  Corrected to 7.17929.
19:58:54: quiet- NO_ID: Invalid value of 1.98775 found for variable DAKOTA_RC_9.  Corrected to 2.12354.
19:58:54: quiet- NO_ID: Invalid value of 2.64723 found for variable DAKOTA_RC_9.  Corrected to 2.33155.
19:58:54: quiet- NO_ID: Invalid value of 2.71257 found for variable DAKOTA_RC_8.  Corrected to 2.00519.
19:58:54: quiet- NO_ID: Invalid value of 1.56923 found for variable DAKOTA_RC_5.  Corrected to 1.82677.
19:58:54: quiet- NO_ID: Invalid value of 2.68509 found for variable DAKOTA_RC_7.  Corrected to 2.23208.
19:58:54: quiet- NO_ID: Invalid value of 12.2237 found for variable DAKOTA_EP_2.  Corrected to 5.621.
19:58:54: quiet- NO_ID: Invalid value of 1.63968 found for variable DAKOTA_RC_4.  Corrected to 2.21811.
19:58:54: quiet- NO_ID: Invalid value of 1.7836 found for variable DAKOTA_RC_4.  Corrected to 2.12579.
19:58:54: quiet- NO_ID: Invalid value of 1.3494 found for variable DAKOTA_RC_5.  Corrected to 2.20142.
19:58:54: quiet- NO_ID: Invalid value of 1.78602 found for variable DAKOTA_RC_4.  Corrected to 2.28571.
19:58:54: quiet- NO_ID: Invalid value of 1.97822 found for variable DAKOTA_RC_7.  Corrected to 2.44204.
19:58:54: quiet- NO_ID: Invalid value of 1.90681 found for variable DAKOTA_RC_8.  Corrected to 2.37098.
19:58:54: quiet- NO_ID: Invalid value of 1.94538 found for variable DAKOTA_RC_7.  Corrected to 2.00435.
19:58:54: quiet- NO_ID: Invalid value of 2.70993 found for variable DAKOTA_RC_8.  Corrected to 2.53269.
19:58:54: quiet- NO_ID: Invalid value of 1.78207 found for variable DAKOTA_RC_4.  Corrected to 2.17113.
19:58:54: quiet- NO_ID: Invalid value of 1.35561 found for variable DAKOTA_RC_4.  Corrected to 1.89704.
19:58:54: quiet- NO_ID: Invalid value of 1.59387 found for variable DAKOTA_RC_4.  Corrected to 1.83824.
19:58:54: quiet- NO_ID: Invalid value of 1.74261 found for variable DAKOTA_RC_4.  Corrected to 2.34935.
19:58:54: quiet- NO_ID: Invalid value of 1.67118 found for variable DAKOTA_RC_5.  Corrected to 2.04287.
19:58:54: quiet- NO_ID: Invalid value of 1.16254 found for variable DAKOTA_RC_3.  Corrected to 1.76659.
19:58:54: quiet- NO_ID: Invalid value of 1.97206 found for variable DAKOTA_RC_8.  Corrected to 2.38133.
19:58:54: verbose- duplicate_free: flushed 1 duplicate offspring designs after application of the variational operators.
19:58:54: verbose- duplicate_free: flushed 1 offspring designs that duplicate existing population members.
01:22:20: verbose- below_limit: Performed 251 total selections.
01:22:20: verbose- NO_ID: 42 of 226 population members were not selected to continue.  66 of 133 offspring were immediately rejected.
01:22:20: verbose- metric_tracker: Operating on 251 total designs and 68 "best fitness" designs.
01:22:20: verbose- metric_tracker: Max "best fitness" expanse change of -0.104% found for objective "Non-Linear Minimize obj_fn_2".
01:22:20: verbose- metric_tracker: Population density increased by 8.917%.
01:22:20: verbose- metric_tracker: 32.308% of the previous "best fitness" population is dominated by designs in the current "best fitness" population.
01:22:20: verbose- metric_tracker: Pushed metric value of 0.413292 onto the convergence stack.
01:22:20: verbose- metric_tracker: Current max percentage progress is 265.281%.
01:22:20: quiet- duplicate_free: 18 generations so far.
01:22:20: quiet- duplicate_free: 1662 evaluations so far.
01:22:20: verbose- duplicate_free: 251 members in population so far.
01:22:20: verbose- multi_point_parameterized_binary: 100 children created.
01:22:20: quiet- offset_normal: Produced invalid  variable representation 2.62024. Mutation performed without corrective action.
01:22:20: verbose- offset_normal: Performed 50 total mutations.
01:22:20: quiet- NO_ID: Invalid value of 1.99874 found for variable DAKOTA_RC_7.  Corrected to 2.15477.
01:22:20: quiet- NO_ID: Invalid value of 2.6743 found for variable DAKOTA_RC_8.  Corrected to 2.27322.
01:22:20: quiet- NO_ID: Invalid value of 1.17331 found for variable DAKOTA_RC_3.  Corrected to 2.04421.
01:22:20: quiet- NO_ID: Invalid value of 1.63489 found for variable DAKOTA_RC_5.  Corrected to 2.13659.
01:22:20: quiet- NO_ID: Invalid value of 1.34682 found for variable DAKOTA_RC_4.  Corrected to 2.38622.
01:22:20: quiet- NO_ID: Invalid value of 1.68393 found for variable DAKOTA_RC_5.  Corrected to 1.99015.
01:22:20: quiet- NO_ID: Invalid value of 2.64786 found for variable DAKOTA_RC_9.  Corrected to 2.14407.
01:22:20: quiet- NO_ID: Invalid value of 15.0603 found for variable DAKOTA_EP_2.  Corrected to 5.63218.
01:22:20: quiet- NO_ID: Invalid value of 1.62343 found for variable DAKOTA_RC_4.  Corrected to 2.07651.
01:22:20: quiet- NO_ID: Invalid value of 1.76531 found for variable DAKOTA_RC_5.  Corrected to 1.94575.
01:22:20: quiet- NO_ID: Invalid value of 2.69267 found for variable DAKOTA_RC_7.  Corrected to 2.24992.
01:22:20: quiet- NO_ID: Invalid value of 1.65927 found for variable DAKOTA_RC_5.  Corrected to 1.92247.
01:22:20: quiet- NO_ID: Invalid value of 1.72555 found for variable DAKOTA_RC_5.  Corrected to 2.2634.
01:22:20: quiet- NO_ID: Invalid value of 2.70502 found for variable DAKOTA_RC_8.  Corrected to 2.0661.
01:22:20: quiet- NO_ID: Invalid value of 1.76375 found for variable DAKOTA_RC_5.  Corrected to 2.19955.
01:22:20: quiet- NO_ID: Invalid value of 2.71305 found for variable DAKOTA_RC_8.  Corrected to 2.41022.
01:22:20: quiet- NO_ID: Invalid value of 2.62024 found for variable DAKOTA_RC_6.  Corrected to 2.10121.
01:22:20: quiet- NO_ID: Invalid value of 1.76786 found for variable DAKOTA_RC_5.  Corrected to 1.89667.
01:22:20: quiet- NO_ID: Invalid value of 1.78462 found for variable DAKOTA_RC_5.  Corrected to 2.12905.
07:50:36: verbose- below_limit: Performed 281 total selections.
07:50:36: verbose- NO_ID: 38 of 251 population members were not selected to continue.  82 of 150 offspring were immediately rejected.
07:50:36: verbose- metric_tracker: Operating on 281 total designs and 54 "best fitness" designs.
07:50:36: verbose- metric_tracker: Max "best fitness" expanse change of 0.548% found for objective "Non-Linear Minimize obj_fn_2".
07:50:36: verbose- metric_tracker: Population density decreased by 7.708%.
07:50:36: verbose- metric_tracker: 45.588% of the previous "best fitness" population is dominated by designs in the current "best fitness" population.
07:50:36: verbose- metric_tracker: Pushed metric value of 0.538438 onto the convergence stack.
07:50:36: verbose- metric_tracker: Current max percentage progress is 67.35%.
07:50:36: verbose- metric_tracker: Convergence attained.
07:50:36: quiet- duplicate_free: 19 generations so far.
07:50:36: quiet- duplicate_free: 1812 evaluations so far.
07:50:36: verbose- duplicate_free: 281 members in population so far.
07:50:36: verbose- NO_ID: Reclaimed 0 optimal designs from the discards.
07:50:36: quiet- NO_ID: Reclaimed 0 optimal designs that had been selected out.
07:50:36: verbose- NO_ID: Flushed 227 dominated designs from the population.
07:50:36: quiet- NO_ID: Ran 19 total generations.
07:50:36: quiet- NO_ID: Final population size = 54
07:50:36: verbose- NO_ID: Wrote designs file ".//finaldata1.dat".
07:50:36: verbose- NO_ID: Wrote designs file ".//discards.dat".
07:50:36: quiet- JEGA Front End: NO_ID execution took 28.27 seconds.
07:50:36: quiet- JEGA Front End: Execution took 28.27 seconds.
07:50:36: verbose- NO_ID: algorithm execution completed. 54 solutions found. Passing them back to DAKOTA.
07:50:36: quiet- NO_ID: find optimum completed and all results have been passed back to DAKOTA.


07:50:36: quiet- NO_ID: goodbye!


