  9.3645436024592898E-04 obj_fn_1
  2.3750345549944343E-03 obj_fn_2
  5.6902772718420440E-04 obj_fn_3
  5.1135275250243358E-05 obj_fn_4
  6.6015310263869010E-05 obj_fn_5
  9.0516377672220343E-04 obj_fn_6
  1.5820269087225937E-03 obj_fn_7
  1.7568210656536379E-03 obj_fn_8
  4.8121261831755024E-03 obj_fn_9
  2.8892189040128925E-04 obj_fn_10
  8.7138183411922688E-03 obj_fn_11
  3.0180768397704292E-03 obj_fn_12
  7.6356847459411732E-04 obj_fn_13
  5.1279130038389238E-06 obj_fn_14
  4.0768802338645004E-03 obj_fn_15
  1.1289137450220800E+01 obj_fn_16
  5.5536402296715186E-02 obj_fn_17
  4.2727272727272954E-02 obj_fn_18
  2.1311358250319951E-02 obj_fn_19
  7.9068816500349730E-03 obj_fn_20
  3.6201078790907816E-02 obj_fn_21
